** filename: GreaterEqThan@comparators@circomlib_16.circom 
** result: NOT SURE 
** time: 7.065196 

** filename: BabyCheck@babyjub@circomlib.circom 
** result: CONSTRAINED! 
** time: 0.00023 

** filename: Num2BitsNeg@bitify@circomlib_256.circom 
** result: NOT SURE 
** time: 27.161109 

** filename: GreaterEqThan@comparators@circomlib_32.circom 
** result: NOT SURE 
** time: 7.149365 

** filename: Num2BitsNeg@bitify@circomlib_16.circom 
** result: NOT SURE 
** time: 27.171822 

** filename: Num2Bits@bitify@circomlib_1.circom 
** result: CONSTRAINED! 
** time: 0.000351 

** filename: T1@t1@circomlib.circom 
** result: NOT SURE 
** time: 6.526481 

** filename: Main@main@circomlib.circom 
** result: TIMEOUT 
** time: 30.0664701461792 

** filename: Bits2Num@bitify@circomlib_256.circom 
** result: CONSTRAINED! 
** time: 0.012155 

** filename: BabyPbk@babyjub@circomlib.circom 
** result: TIMEOUT 
** time: 30.0019211769104 

** filename: Sigma@poseidon@circomlib.circom 
** result: CONSTRAINED! 
** time: 0.000442 

** filename: EdDSAPoseidonVerifier@eddsaposeidon@circomlib.circom 
** result: CONSTRAINED! 
** time: 2.99124 

** filename: BabyAdd@babyjub@circomlib.circom 
** result: CONSTRAINED! 
** time: 8.750542 

** filename: Point2Bits_Strict@pointbits@circomlib.circom 
** result: NOT SURE 
** time: 8.48023 

** filename: Bits2Num@bitify@circomlib_32.circom 
** result: CONSTRAINED! 
** time: 0.000799 

** filename: Mux4@mux4@circomlib.circom 
** result: CONSTRAINED! 
** time: 0.010371 

** filename: GreaterThan@comparators@circomlib_32.circom 
** result: NOT SURE 
** time: 7.144108 

** filename: Point2Bits@pointbits@circomlib.circom 
** result: UNDER-CONSTRAINED! 
** time: 0.02317 

** filename: BitElementMulAny@escalarmulany@circomlib.circom 
** result: NOT SURE 
** time: 32.686675 

** filename: LessEqThan@comparators@circomlib_32.circom 
** result: NOT SURE 
** time: 7.134967 

** filename: Pedersen@pedersen@circomlib_32.circom 
** result: NOT SURE 
** time: 21.135857 

** filename: Sha256_2@sha256_2@circomlib.circom 
** result: TIMEOUT 
** time: 30.039119958877563 

** filename: AND@gates@circomlib.circom 
** result: CONSTRAINED! 
** time: 0.000207 

** filename: Num2BitsNeg@bitify@circomlib_64.circom 
** result: NOT SURE 
** time: 28.028345 

** filename: Bits2Num@bitify@circomlib_128.circom 
** result: CONSTRAINED! 
** time: 0.004473 

** filename: Num2Bits@bitify@circomlib_64.circom 
** result: NOT SURE 
** time: 5.15338 

** filename: Num2BitsNeg@bitify@circomlib_32.circom 
** result: NOT SURE 
** time: 27.276991 

** filename: GreaterEqThan@comparators@circomlib_8.circom 
** result: NOT SURE 
** time: 7.057655 

** filename: EdDSAMiMCSpongeVerifier@eddsamimcsponge@circomlib.circom 
** result: CONSTRAINED! 
** time: 3.941382 

** filename: Pedersen@pedersen@circomlib_8.circom 
** result: TIMEOUT 
** time: 64.5280179977417 

** filename: SMTVerifierLevel@smtverifierlevel@circomlib.circom 
** result: CONSTRAINED! 
** time: 0.602167 

** filename: SMTHash1@smthash_mimc@circomlib.circom 
** result: CONSTRAINED! 
** time: 0.4356 

** filename: OR@gates@circomlib.circom 
** result: CONSTRAINED! 
** time: 0.000299 

** filename: BinSum@binsum@circomlib_32_5.circom 
** result: NOT SURE 
** time: 5.184038 

** filename: NAND@gates@circomlib.circom 
** result: CONSTRAINED! 
** time: 0.000218 

** filename: Num2Bits@bitify@circomlib_254.circom 
** result: NOT SURE 
** time: 5.401169 

** filename: Pedersen@pedersen@circomlib_253.circom 
** result: TIMEOUT 
** time: 30.014358043670654 

** filename: SMTHash1@smthash_poseidon@circomlib.circom 
** result: CONSTRAINED! 
** time: 0.935369 

** filename: Num2BitsNeg@bitify@circomlib_128.circom 
** result: NOT SURE 
** time: 26.534266 

** filename: SMTHash2@smthash_mimc@circomlib.circom 
** result: CONSTRAINED! 
** time: 0.428144 

** filename: Pedersen@pedersen@circomlib_16.circom 
** result: NOT SURE 
** time: 20.517593 

** filename: Edwards2Montgomery@montgomery@circomlib.circom 
** result: UNDER-CONSTRAINED! 
** time: 2.206471 

** filename: IsEqual@comparators@circomlib.circom 
** result: NOT SURE 
** time: 0.455415 

** filename: NOR@gates@circomlib.circom 
** result: CONSTRAINED! 
** time: 0.000222 

** filename: Pedersen@pedersen_old@circomlib_254.circom 
** result: TIMEOUT 
** time: 30.03941512107849 

** filename: MontgomeryAdd@montgomery@circomlib.circom 
** result: UNDER-CONSTRAINED! 
** time: 2.518801 

** filename: BabyDbl@babyjub@circomlib.circom 
** result: CONSTRAINED! 
** time: 3.494639 

** filename: Num2Bits@bitify@circomlib_32.circom 
** result: NOT SURE 
** time: 5.085825 

** filename: SigmaPlus@sigmaplus@circomlib.circom 
** result: NOT SURE 
** time: 7.330525 

** filename: T2@t2@circomlib.circom 
** result: NOT SURE 
** time: 6.239682 

** filename: Num2Bits_strict@bitify@circomlib.circom 
** result: NOT SURE 
** time: 8.670427 

** filename: Num2BitsNeg@bitify@circomlib_253.circom 
** result: NOT SURE 
** time: 27.009944 

** filename: ForceEqualIfEnabled@comparators@circomlib.circom 
** result: CONSTRAINED! 
** time: 0.000329 

** filename: Pedersen@pedersen_old@circomlib_32.circom 
** result: NOT SURE 
** time: 22.440378 

** filename: Num2BitsNeg@bitify@circomlib_8.circom 
** result: NOT SURE 
** time: 25.496897 

** filename: MontgomeryDouble@montgomery@circomlib.circom 
** result: NOT SURE 
** time: 25.872127 

** filename: GreaterThan@comparators@circomlib_8.circom 
** result: NOT SURE 
** time: 7.05511 

** filename: Pedersen@pedersen_old@circomlib_64.circom 
** result: NOT SURE 
** time: 25.194525 

** filename: Bits2Num@bitify@circomlib_16.circom 
** result: CONSTRAINED! 
** time: 0.00037 

** filename: Num2Bits@bitify@circomlib_253.circom 
** result: NOT SURE 
** time: 5.460752 

** filename: AliasCheck@aliascheck@circomlib.circom 
** result: CONSTRAINED! 
** time: 0.027931 

** filename: Mux2@mux2@circomlib.circom 
** result: CONSTRAINED! 
** time: 0.002037 

** filename: Bits2Num@bitify@circomlib_64.circom 
** result: CONSTRAINED! 
** time: 0.001379 

** filename: Mux3@mux3@circomlib.circom 
** result: CONSTRAINED! 
** time: 0.004051 

** filename: Bits2Num@bitify@circomlib_8.circom 
** result: CONSTRAINED! 
** time: 0.000267 

** filename: Pedersen@pedersen@circomlib_64.circom 
** result: NOT SURE 
** time: 25.290188 

** filename: Pedersen@pedersen_old@circomlib_128.circom 
** result: NOT SURE 
** time: 38.213984 

** filename: Montgomery2Edwards@montgomery@circomlib.circom 
** result: UNDER-CONSTRAINED! 
** time: 0.201382 

** filename: Multiplexor2@escalarmulany@circomlib.circom 
** result: CONSTRAINED! 
** time: 0.000445 

** filename: Num2BitsNeg@bitify@circomlib_1.circom 
** result: argument 1: RecursionError: ??? 
** time: 99999999 

** filename: Bits2Num_strict@bitify@circomlib.circom 
** result: CONSTRAINED! 
** time: 1.346547 

** filename: EdDSAMiMCVerifier@eddsamimc@circomlib.circom 
** result: CONSTRAINED! 
** time: 3.157742 

** filename: Mux1@mux1@circomlib.circom 
** result: CONSTRAINED! 
** time: 0.000787 

** filename: Sign@sign@circomlib.circom 
** result: NOT SURE 
** time: 6.380185 

** filename: Bits2Num@bitify@circomlib_1.circom 
** result: CONSTRAINED! 
** time: 0.000194 

** filename: Switcher@switcher@circomlib.circom 
** result: CONSTRAINED! 
** time: 0.000353 

** filename: SMTProcessorLevel@smtprocessorlevel@circomlib.circom 
** result: CONSTRAINED! 
** time: 1.800906 

** filename: WindowMulFix@escalarmulfix@circomlib.circom 
** result: NOT SURE 
** time: 20.207166 

** filename: Window4@pedersen@circomlib.circom 
** result: NOT SURE 
** time: 20.865306 

** filename: Bits2Num@bitify@circomlib_253.circom 
** result: CONSTRAINED! 
** time: 0.011502 

** filename: Num2Bits@bitify@circomlib_16.circom 
** result: NOT SURE 
** time: 5.059404 

** filename: Pedersen@pedersen_old@circomlib_1.circom 
** result: CONSTRAINED! 
** time: 0.018924 

** filename: Pedersen@pedersen@circomlib_1.circom 
** result: NOT SURE 
** time: 5.089659 

** filename: Sigma@poseidon_old@circomlib.circom 
** result: CONSTRAINED! 
** time: 0.00044 

** filename: LessEqThan@comparators@circomlib_8.circom 
** result: NOT SURE 
** time: 7.046095 

** filename: SMTVerifierSM@smtverifiersm@circomlib.circom 
** result: CONSTRAINED! 
** time: 0.000864 

** filename: BinSub@binsub@circomlib_16.circom 
** result: NOT SURE 
** time: 5.062942 

** filename: SMTHash2@smthash_poseidon@circomlib.circom 
** result: CONSTRAINED! 
** time: 0.620912 

** filename: BinSum@binsum@circomlib_32_2.circom 
** result: NOT SURE 
** time: 5.100871 

** filename: XOR@gates@circomlib.circom 
** result: CONSTRAINED! 
** time: 0.000306 

** filename: Pedersen@pedersen_old@circomlib_253.circom 
** result: TIMEOUT 
** time: 30.00231170654297 

** filename: Bits2Point@pointbits@circomlib.circom 
** result: UNDER-CONSTRAINED! 
** time: 0.032045 

** filename: Bits2Num@bitify@circomlib_254.circom 
** result: CONSTRAINED! 
** time: 0.011552 

** filename: Pedersen@pedersen@circomlib_128.circom 
** result: NOT SURE 
** time: 32.705829 

** filename: Sha256compression@sha256compression@circomlib.circom 
** result: TIMEOUT 
** time: 30.0100998878479 

** filename: Num2BitsNeg@bitify@circomlib_254.circom 
** result: NOT SURE 
** time: 27.326627 

** filename: GreaterThan@comparators@circomlib_16.circom 
** result: NOT SURE 
** time: 7.067358 

** filename: NOT@gates@circomlib.circom 
** result: CONSTRAINED! 
** time: 0.000269 

** filename: Pedersen@pedersen@circomlib_254.circom 
** result: TIMEOUT 
** time: 30.003264904022217 

** filename: Num2Bits@bitify@circomlib_8.circom 
** result: NOT SURE 
** time: 5.049244 

** filename: Pedersen@pedersen_old@circomlib_16.circom 
** result: NOT SURE 
** time: 21.725619 

** filename: Num2Bits@bitify@circomlib_256.circom 
** result: NOT SURE 
** time: 5.493342 

** filename: IsZero@comparators@circomlib.circom 
** result: NOT SURE 
** time: 0.19658 

** filename: Pedersen@pedersen_old@circomlib_256.circom 
** result: TIMEOUT 
** time: 30.003695249557495 

** filename: LessEqThan@comparators@circomlib_16.circom 
** result: NOT SURE 
** time: 7.111211 

** filename: SMTProcessorSM@smtprocessorsm@circomlib.circom 
** result: CONSTRAINED! 
** time: 0.001082 

** filename: Bits2Point_Strict@pointbits@circomlib.circom 
** result: TIMEOUT 
** time: 30.15747833251953 

** filename: Num2Bits@bitify@circomlib_128.circom 
** result: NOT SURE 
** time: 5.244653 

** filename: Pedersen@pedersen_old@circomlib_8.circom 
** result: NOT SURE 
** time: 20.261438 

** filename: Pedersen@pedersen@circomlib_256.circom 
** result: TIMEOUT 
** time: 30.0029513835907 

** filename: GreaterThan@comparators.circom 
** result: NOT SURE 
** time: 7.089962 

** filename: Segment@pedersen.circom 
** result: NOT SURE 
** time: 21.132573 

** filename: BabyCheck@babyjub.circom 
** result: CONSTRAINED! 
** time: 0.000301 

** filename: Poseidon@poseidon.circom 
** result: CONSTRAINED! 
** time: 0.535538 

** filename: Pedersen@pedersen_old.circom 
** result: CONSTRAINED! 
** time: 0.027344 

** filename: Num2BitsNeg@bitify.circom 
** result: argument 1: RecursionError: ??? 
** time: 99999999 

** filename: SegmentMulAny@escalarmulany.circom 
** result: NOT SURE 
** time: 23.070009 

** filename: MiMCFeistel@mimcsponge.circom 
** result: CONSTRAINED! 
** time: 0.001494 

** filename: BabyAdd@babyjub.circom 
** result: CONSTRAINED! 
** time: 8.536033 

** filename: MultiAND@gates.circom 
** result: CONSTRAINED! 
** time: 0.0006 

** filename: BabyPbk@babyjub.circom 
** result: TIMEOUT 
** time: 30.002472162246704 

** filename: Multiplexer@multiplexer.circom 
** result: CONSTRAINED! 
** time: 0.004393 

** filename: Bits2Num_strict@bitify.circom 
** result: CONSTRAINED! 
** time: 1.480722 

** filename: Point2Bits_Strict@pointbits.circom 
** result: NOT SURE 
** time: 8.665876 

** filename: BinSum@binsum.circom 
** result: NOT SURE 
** time: 5.150235 

** filename: Bits2Point_Strict@pointbits.circom 
** result: TIMEOUT 
** time: 30.144908905029297 

** filename: MultiMux4@mux4.circom 
** result: CONSTRAINED! 
** time: 0.008321 

** filename: EdDSAMiMCSpongeVerifier@eddsamimcsponge.circom 
** result: CONSTRAINED! 
** time: 3.949407 

** filename: OR@gates.circom 
** result: CONSTRAINED! 
** time: 0.000221 

** filename: Mux2@mux2.circom 
** result: CONSTRAINED! 
** time: 0.002018 

** filename: Switcher@switcher.circom 
** result: CONSTRAINED! 
** time: 0.000357 

** filename: BabyDbl@babyjub.circom 
** result: CONSTRAINED! 
** time: 3.482055 

** filename: XOR@gates.circom 
** result: CONSTRAINED! 
** time: 0.000229 

** filename: EscalarProduct@multiplexer.circom 
** result: CONSTRAINED! 
** time: 0.000344 

** filename: IsEqual@comparators.circom 
** result: NOT SURE 
** time: 0.451602 

** filename: IsZero@comparators.circom 
** result: NOT SURE 
** time: 0.195737 

** filename: MontgomeryDouble@montgomery.circom 
** result: NOT SURE 
** time: 25.884625 

** filename: Mux4@mux4.circom 
** result: CONSTRAINED! 
** time: 0.010342 

** filename: EscalarMulAny@escalarmulany.circom 
** result: NOT SURE 
** time: 20.16479 

** filename: MultiMux3@mux3.circom 
** result: CONSTRAINED! 
** time: 0.003816 

** filename: Montgomery2Edwards@montgomery.circom 
** result: UNDER-CONSTRAINED! 
** time: 0.200329 

** filename: NOR@gates.circom 
** result: CONSTRAINED! 
** time: 0.000228 

** filename: BitElementMulAny@escalarmulany.circom 
** result: NOT SURE 
** time: 32.750282 

** filename: MiMCSponge@mimcsponge.circom 
** result: CONSTRAINED! 
** time: 0.007592 

** filename: GreaterEqThan@comparators.circom 
** result: NOT SURE 
** time: 7.085987 

** filename: Sign@sign.circom 
** result: NOT SURE 
** time: 6.464253 

** filename: Mux3@mux3.circom 
** result: CONSTRAINED! 
** time: 0.004964 

** filename: AND@gates.circom 
** result: CONSTRAINED! 
** time: 0.000205 

** filename: NAND@gates.circom 
** result: CONSTRAINED! 
** time: 0.000285 

** filename: ForceEqualIfEnabled@comparators.circom 
** result: CONSTRAINED! 
** time: 0.000232 

** filename: MultiMux1@mux1.circom 
** result: CONSTRAINED! 
** time: 0.000441 

** filename: EdDSAVerifier@eddsa.circom 
** result: CONSTRAINED! 
** time: 12.387435 

** filename: WindowMulFix@escalarmulfix.circom 
** result: NOT SURE 
** time: 20.23311 

** filename: Multiplexor2@escalarmulany.circom 
** result: CONSTRAINED! 
** time: 0.000346 

** filename: AliasCheck@aliascheck.circom 
** result: CONSTRAINED! 
** time: 0.033367 

** filename: NOT@gates.circom 
** result: CONSTRAINED! 
** time: 0.000184 

** filename: LessEqThan@comparators.circom 
** result: NOT SURE 
** time: 7.059699 

** filename: MontgomeryAdd@montgomery.circom 
** result: UNDER-CONSTRAINED! 
** time: 2.429802 

** filename: MiMC7@mimc.circom 
** result: CONSTRAINED! 
** time: 0.000812 

** filename: MultiMiMC7@mimc.circom 
** result: CONSTRAINED! 
** time: 0.003187 

** filename: Decoder@multiplexer.circom 
** result: UNDER-CONSTRAINED! 
** time: 0.288453 

** filename: MultiMux2@mux2.circom 
** result: CONSTRAINED! 
** time: 0.001815 

** filename: Mux1@mux1.circom 
** result: CONSTRAINED! 
** time: 0.000775 

** filename: Bits2Num@bitify.circom 
** result: CONSTRAINED! 
** time: 0.000199 

** filename: Sigma@poseidon.circom 
** result: CONSTRAINED! 
** time: 0.000328 

** filename: Window4@pedersen.circom 
** result: NOT SURE 
** time: 20.823173 

** filename: EdDSAPoseidonVerifier@eddsaposeidon.circom 
** result: CONSTRAINED! 
** time: 2.974099 

** filename: Num2Bits_strict@bitify.circom 
** result: NOT SURE 
** time: 8.624825 

** filename: CompConstant@compconstant.circom 
** result: NOT SURE 
** time: 5.723809 

** filename: BinSub@binsub.circom 
** result: NOT SURE 
** time: 5.052484 

** filename: LessThan@comparators.circom 
** result: NOT SURE 
** time: 7.042612 

** filename: SegmentMulFix@escalarmulfix.circom 
** result: NOT SURE 
** time: 115.070961 

** filename: EdDSAMiMCVerifier@eddsamimc.circom 
** result: CONSTRAINED! 
** time: 3.073007 

** filename: Pedersen@pedersen.circom 
** result: UNDER-CONSTRAINED! 
** time: 1.015451 

** filename: Edwards2Montgomery@montgomery.circom 
** result: UNDER-CONSTRAINED! 
** time: 2.191318 

** filename: Num2Bits@bitify.circom 
** result: NOT SURE 
** time: 5.173825 

