** filename: GreaterEqThan@comparators@circomlib_16.circom 
** result: NOT SURE 
** time: 0.000878 

** filename: BabyCheck@babyjub@circomlib.circom 
** result: CONSTRAINED! 
** time: 0.0003 

** filename: Num2BitsNeg@bitify@circomlib_256.circom 
** result: NOT SURE 
** time: 0.049496 

** filename: GreaterEqThan@comparators@circomlib_32.circom 
** result: NOT SURE 
** time: 0.001774 

** filename: Num2BitsNeg@bitify@circomlib_16.circom 
** result: NOT SURE 
** time: 0.001032 

** filename: Num2Bits@bitify@circomlib_1.circom 
** result: NOT SURE 
** time: 0.000257 

** filename: T1@t1@circomlib.circom 
** result: NOT SURE 
** time: 0.046532 

** filename: Main@main@circomlib.circom 
** result: TIMEOUT 
** time: 30.0554256439209 

** filename: Bits2Num@bitify@circomlib_256.circom 
** result: NOT SURE 
** time: 0.013463 

** filename: BabyPbk@babyjub@circomlib.circom 
** result: NOT SURE 
** time: 0.817171 

** filename: Sigma@poseidon@circomlib.circom 
** result: NOT SURE 
** time: 0.000304 

** filename: EdDSAPoseidonVerifier@eddsaposeidon@circomlib.circom 
** result: CONSTRAINED! 
** time: 2.974784 

** filename: BabyAdd@babyjub@circomlib.circom 
** result: NOT SURE 
** time: 0.000521 

** filename: Point2Bits_Strict@pointbits@circomlib.circom 
** result: NOT SURE 
** time: 0.522116 

** filename: Bits2Num@bitify@circomlib_32.circom 
** result: NOT SURE 
** time: 0.000631 

** filename: Mux4@mux4@circomlib.circom 
** result: NOT SURE 
** time: 0.001937 

** filename: GreaterThan@comparators@circomlib_32.circom 
** result: NOT SURE 
** time: 0.001473 

** filename: Point2Bits@pointbits@circomlib.circom 
** result: NOT SURE 
** time: 0.000504 

** filename: BitElementMulAny@escalarmulany@circomlib.circom 
** result: NOT SURE 
** time: 0.00119 

** filename: LessEqThan@comparators@circomlib_32.circom 
** result: NOT SURE 
** time: 0.001419 

** filename: Pedersen@pedersen@circomlib_32.circom 
** result: NOT SURE 
** time: 0.033306 

** filename: Sha256_2@sha256_2@circomlib.circom 
** result: TIMEOUT 
** time: 30.02807593345642 

** filename: AND@gates@circomlib.circom 
** result: NOT SURE 
** time: 0.000243 

** filename: Num2BitsNeg@bitify@circomlib_64.circom 
** result: NOT SURE 
** time: 0.006161 

** filename: Bits2Num@bitify@circomlib_128.circom 
** result: NOT SURE 
** time: 0.004022 

** filename: Num2Bits@bitify@circomlib_64.circom 
** result: NOT SURE 
** time: 0.004789 

** filename: Num2BitsNeg@bitify@circomlib_32.circom 
** result: NOT SURE 
** time: 0.002583 

** filename: GreaterEqThan@comparators@circomlib_8.circom 
** result: NOT SURE 
** time: 0.000598 

** filename: EdDSAMiMCSpongeVerifier@eddsamimcsponge@circomlib.circom 
** result: CONSTRAINED! 
** time: 3.944329 

** filename: Pedersen@pedersen@circomlib_8.circom 
** result: NOT SURE 
** time: 0.010081 

** filename: SMTVerifierLevel@smtverifierlevel@circomlib.circom 
** result: NOT SURE 
** time: 0.029332 

** filename: SMTHash1@smthash_mimc@circomlib.circom 
** result: NOT SURE 
** time: 0.02866 

** filename: OR@gates@circomlib.circom 
** result: NOT SURE 
** time: 0.000168 

** filename: BinSum@binsum@circomlib_32_5.circom 
** result: NOT SURE 
** time: 0.008922 

** filename: NAND@gates@circomlib.circom 
** result: NOT SURE 
** time: 0.000164 

** filename: Num2Bits@bitify@circomlib_254.circom 
** result: NOT SURE 
** time: 0.058601 

** filename: Pedersen@pedersen@circomlib_253.circom 
** result: NOT SURE 
** time: 0.553476 

** filename: SMTHash1@smthash_poseidon@circomlib.circom 
** result: NOT SURE 
** time: 0.033267 

** filename: Num2BitsNeg@bitify@circomlib_128.circom 
** result: NOT SURE 
** time: 0.014534 

** filename: SMTHash2@smthash_mimc@circomlib.circom 
** result: NOT SURE 
** time: 0.035728 

** filename: Pedersen@pedersen@circomlib_16.circom 
** result: NOT SURE 
** time: 0.01602 

** filename: Edwards2Montgomery@montgomery@circomlib.circom 
** result: NOT SURE 
** time: 0.000284 

** filename: IsEqual@comparators@circomlib.circom 
** result: NOT SURE 
** time: 0.000247 

** filename: NOR@gates@circomlib.circom 
** result: NOT SURE 
** time: 0.000249 

** filename: Pedersen@pedersen_old@circomlib_254.circom 
** result: NOT SURE 
** time: 0.495006 

** filename: MontgomeryAdd@montgomery@circomlib.circom 
** result: NOT SURE 
** time: 0.000367 

** filename: BabyDbl@babyjub@circomlib.circom 
** result: NOT SURE 
** time: 0.000506 

** filename: Num2Bits@bitify@circomlib_32.circom 
** result: NOT SURE 
** time: 0.00239 

** filename: SigmaPlus@sigmaplus@circomlib.circom 
** result: NOT SURE 
** time: 0.054816 

** filename: T2@t2@circomlib.circom 
** result: NOT SURE 
** time: 0.045415 

** filename: Num2Bits_strict@bitify@circomlib.circom 
** result: NOT SURE 
** time: 0.228175 

** filename: Num2BitsNeg@bitify@circomlib_253.circom 
** result: NOT SURE 
** time: 0.048539 

** filename: ForceEqualIfEnabled@comparators@circomlib.circom 
** result: CONSTRAINED! 
** time: 0.000318 

** filename: Pedersen@pedersen_old@circomlib_32.circom 
** result: NOT SURE 
** time: 0.031673 

** filename: Num2BitsNeg@bitify@circomlib_8.circom 
** result: NOT SURE 
** time: 0.000578 

** filename: MontgomeryDouble@montgomery@circomlib.circom 
** result: NOT SURE 
** time: 0.000393 

** filename: GreaterThan@comparators@circomlib_8.circom 
** result: NOT SURE 
** time: 0.000574 

** filename: Pedersen@pedersen_old@circomlib_64.circom 
** result: NOT SURE 
** time: 0.104294 

** filename: Bits2Num@bitify@circomlib_16.circom 
** result: NOT SURE 
** time: 0.000287 

** filename: Num2Bits@bitify@circomlib_253.circom 
** result: NOT SURE 
** time: 0.047788 

** filename: AliasCheck@aliascheck@circomlib.circom 
** result: CONSTRAINED! 
** time: 0.033942 

** filename: Mux2@mux2@circomlib.circom 
** result: NOT SURE 
** time: 0.000534 

** filename: Bits2Num@bitify@circomlib_64.circom 
** result: NOT SURE 
** time: 0.001436 

** filename: Mux3@mux3@circomlib.circom 
** result: NOT SURE 
** time: 0.000955 

** filename: Bits2Num@bitify@circomlib_8.circom 
** result: NOT SURE 
** time: 0.000306 

** filename: Pedersen@pedersen@circomlib_64.circom 
** result: NOT SURE 
** time: 0.08116 

** filename: Pedersen@pedersen_old@circomlib_128.circom 
** result: NOT SURE 
** time: 0.237984 

** filename: Montgomery2Edwards@montgomery@circomlib.circom 
** result: NOT SURE 
** time: 0.000202 

** filename: Multiplexor2@escalarmulany@circomlib.circom 
** result: NOT SURE 
** time: 0.000353 

** filename: Num2BitsNeg@bitify@circomlib_1.circom 
** result: NOT SURE 
** time: 0.000273 

** filename: Bits2Num_strict@bitify@circomlib.circom 
** result: NOT SURE 
** time: 0.048552 

** filename: EdDSAMiMCVerifier@eddsamimc@circomlib.circom 
** result: CONSTRAINED! 
** time: 3.256753 

** filename: Mux1@mux1@circomlib.circom 
** result: NOT SURE 
** time: 0.000281 

** filename: Sign@sign@circomlib.circom 
** result: NOT SURE 
** time: 0.029571 

** filename: Bits2Num@bitify@circomlib_1.circom 
** result: NOT SURE 
** time: 0.000142 

** filename: Switcher@switcher@circomlib.circom 
** result: NOT SURE 
** time: 0.000249 

** filename: SMTProcessorLevel@smtprocessorlevel@circomlib.circom 
** result: NOT SURE 
** time: 0.072141 

** filename: WindowMulFix@escalarmulfix@circomlib.circom 
** result: NOT SURE 
** time: 0.004029 

** filename: Window4@pedersen@circomlib.circom 
** result: NOT SURE 
** time: 0.003318 

** filename: Bits2Num@bitify@circomlib_253.circom 
** result: NOT SURE 
** time: 0.013243 

** filename: Num2Bits@bitify@circomlib_16.circom 
** result: NOT SURE 
** time: 0.000908 

** filename: Pedersen@pedersen_old@circomlib_1.circom 
** result: NOT SURE 
** time: 0.004707 

** filename: Pedersen@pedersen@circomlib_1.circom 
** result: NOT SURE 
** time: 0.003791 

** filename: Sigma@poseidon_old@circomlib.circom 
** result: NOT SURE 
** time: 0.000305 

** filename: LessEqThan@comparators@circomlib_8.circom 
** result: NOT SURE 
** time: 0.00058 

** filename: SMTVerifierSM@smtverifiersm@circomlib.circom 
** result: NOT SURE 
** time: 0.000544 

** filename: BinSub@binsub@circomlib_16.circom 
** result: NOT SURE 
** time: 0.001333 

** filename: SMTHash2@smthash_poseidon@circomlib.circom 
** result: NOT SURE 
** time: 0.021634 

** filename: BinSum@binsum@circomlib_32_2.circom 
** result: NOT SURE 
** time: 0.003882 

** filename: XOR@gates@circomlib.circom 
** result: NOT SURE 
** time: 0.000175 

** filename: Pedersen@pedersen_old@circomlib_253.circom 
** result: NOT SURE 
** time: 0.492465 

** filename: Bits2Point@pointbits@circomlib.circom 
** result: NOT SURE 
** time: 0.009453 

** filename: Bits2Num@bitify@circomlib_254.circom 
** result: NOT SURE 
** time: 0.010992 

** filename: Pedersen@pedersen@circomlib_128.circom 
** result: NOT SURE 
** time: 0.240651 

** filename: Sha256compression@sha256compression@circomlib.circom 
** result: TIMEOUT 
** time: 30.05317521095276 

** filename: Num2BitsNeg@bitify@circomlib_254.circom 
** result: NOT SURE 
** time: 0.048852 

** filename: GreaterThan@comparators@circomlib_16.circom 
** result: NOT SURE 
** time: 0.001087 

** filename: NOT@gates@circomlib.circom 
** result: NOT SURE 
** time: 0.000204 

** filename: Pedersen@pedersen@circomlib_254.circom 
** result: NOT SURE 
** time: 0.562373 

** filename: Num2Bits@bitify@circomlib_8.circom 
** result: NOT SURE 
** time: 0.000475 

** filename: Pedersen@pedersen_old@circomlib_16.circom 
** result: NOT SURE 
** time: 0.019183 

** filename: Num2Bits@bitify@circomlib_256.circom 
** result: NOT SURE 
** time: 0.048797 

** filename: IsZero@comparators@circomlib.circom 
** result: NOT SURE 
** time: 0.000264 

** filename: Pedersen@pedersen_old@circomlib_256.circom 
** result: NOT SURE 
** time: 0.690475 

** filename: LessEqThan@comparators@circomlib_16.circom 
** result: NOT SURE 
** time: 0.001112 

** filename: SMTProcessorSM@smtprocessorsm@circomlib.circom 
** result: NOT SURE 
** time: 0.000662 

** filename: Bits2Point_Strict@pointbits@circomlib.circom 
** result: NOT SURE 
** time: 0.18084 

** filename: Num2Bits@bitify@circomlib_128.circom 
** result: NOT SURE 
** time: 0.017575 

** filename: Pedersen@pedersen_old@circomlib_8.circom 
** result: NOT SURE 
** time: 0.010011 

** filename: Pedersen@pedersen@circomlib_256.circom 
** result: NOT SURE 
** time: 0.75923 

** filename: GreaterThan@comparators.circom 
** result: NOT SURE 
** time: 0.000512 

** filename: Segment@pedersen.circom 
** result: NOT SURE 
** time: 0.009728 

** filename: BabyCheck@babyjub.circom 
** result: CONSTRAINED! 
** time: 0.000295 

** filename: Poseidon@poseidon.circom 
** result: NOT SURE 
** time: 0.021571 

** filename: Pedersen@pedersen_old.circom 
** result: NOT SURE 
** time: 0.003913 

** filename: Num2BitsNeg@bitify.circom 
** result: NOT SURE 
** time: 0.000406 

** filename: SegmentMulAny@escalarmulany.circom 
** result: NOT SURE 
** time: 0.002004 

** filename: MiMCFeistel@mimcsponge.circom 
** result: NOT SURE 
** time: 0.000599 

** filename: BabyAdd@babyjub.circom 
** result: NOT SURE 
** time: 0.00039 

** filename: MultiAND@gates.circom 
** result: NOT SURE 
** time: 0.000313 

** filename: BabyPbk@babyjub.circom 
** result: NOT SURE 
** time: 0.838354 

** filename: Multiplexer@multiplexer.circom 
** result: NOT SURE 
** time: 0.00095 

** filename: Bits2Num_strict@bitify.circom 
** result: NOT SURE 
** time: 0.047824 

** filename: Point2Bits_Strict@pointbits.circom 
** result: NOT SURE 
** time: 0.640655 

** filename: BinSum@binsum.circom 
** result: NOT SURE 
** time: 0.000286 

** filename: Bits2Point_Strict@pointbits.circom 
** result: NOT SURE 
** time: 0.171587 

** filename: MultiMux4@mux4.circom 
** result: NOT SURE 
** time: 0.003069 

** filename: EdDSAMiMCSpongeVerifier@eddsamimcsponge.circom 
** result: CONSTRAINED! 
** time: 3.87818 

** filename: OR@gates.circom 
** result: NOT SURE 
** time: 0.000171 

** filename: Mux2@mux2.circom 
** result: NOT SURE 
** time: 0.000541 

** filename: Switcher@switcher.circom 
** result: NOT SURE 
** time: 0.000336 

** filename: BabyDbl@babyjub.circom 
** result: NOT SURE 
** time: 0.000508 

** filename: XOR@gates.circom 
** result: NOT SURE 
** time: 0.000248 

** filename: EscalarProduct@multiplexer.circom 
** result: NOT SURE 
** time: 0.000243 

** filename: IsEqual@comparators.circom 
** result: NOT SURE 
** time: 0.000335 

** filename: IsZero@comparators.circom 
** result: NOT SURE 
** time: 0.000187 

** filename: MontgomeryDouble@montgomery.circom 
** result: NOT SURE 
** time: 0.000398 

** filename: Mux4@mux4.circom 
** result: NOT SURE 
** time: 0.001965 

** filename: EscalarMulAny@escalarmulany.circom 
** result: NOT SURE 
** time: 0.00275 

** filename: MultiMux3@mux3.circom 
** result: NOT SURE 
** time: 0.001644 

** filename: Montgomery2Edwards@montgomery.circom 
** result: NOT SURE 
** time: 0.000283 

** filename: NOR@gates.circom 
** result: NOT SURE 
** time: 0.000251 

** filename: BitElementMulAny@escalarmulany.circom 
** result: NOT SURE 
** time: 0.000939 

** filename: MiMCSponge@mimcsponge.circom 
** result: NOT SURE 
** time: 0.001278 

** filename: GreaterEqThan@comparators.circom 
** result: NOT SURE 
** time: 0.000381 

** filename: Sign@sign.circom 
** result: NOT SURE 
** time: 0.029766 

** filename: Mux3@mux3.circom 
** result: NOT SURE 
** time: 0.000931 

** filename: AND@gates.circom 
** result: NOT SURE 
** time: 0.000156 

** filename: NAND@gates.circom 
** result: NOT SURE 
** time: 0.000166 

** filename: ForceEqualIfEnabled@comparators.circom 
** result: CONSTRAINED! 
** time: 0.000226 

** filename: MultiMux1@mux1.circom 
** result: NOT SURE 
** time: 0.000258 

** filename: EdDSAVerifier@eddsa.circom 
** result: CONSTRAINED! 
** time: 12.291783 

** filename: WindowMulFix@escalarmulfix.circom 
** result: NOT SURE 
** time: 0.004012 

** filename: Multiplexor2@escalarmulany.circom 
** result: NOT SURE 
** time: 0.000291 

** filename: AliasCheck@aliascheck.circom 
** result: CONSTRAINED! 
** time: 0.027216 

** filename: NOT@gates.circom 
** result: NOT SURE 
** time: 0.000144 

** filename: LessEqThan@comparators.circom 
** result: NOT SURE 
** time: 0.00039 

** filename: MontgomeryAdd@montgomery.circom 
** result: NOT SURE 
** time: 0.000271 

** filename: MiMC7@mimc.circom 
** result: NOT SURE 
** time: 0.000456 

** filename: MultiMiMC7@mimc.circom 
** result: NOT SURE 
** time: 0.000994 

** filename: Decoder@multiplexer.circom 
** result: NOT SURE 
** time: 0.000253 

** filename: MultiMux2@mux2.circom 
** result: NOT SURE 
** time: 0.000653 

** filename: Mux1@mux1.circom 
** result: NOT SURE 
** time: 0.000272 

** filename: Bits2Num@bitify.circom 
** result: NOT SURE 
** time: 0.000151 

** filename: Sigma@poseidon.circom 
** result: NOT SURE 
** time: 0.00022 

** filename: Window4@pedersen.circom 
** result: NOT SURE 
** time: 0.003298 

** filename: EdDSAPoseidonVerifier@eddsaposeidon.circom 
** result: CONSTRAINED! 
** time: 3.029266 

** filename: Num2Bits_strict@bitify.circom 
** result: NOT SURE 
** time: 0.231797 

** filename: CompConstant@compconstant.circom 
** result: NOT SURE 
** time: 0.029122 

** filename: BinSub@binsub.circom 
** result: NOT SURE 
** time: 0.000281 

** filename: LessThan@comparators.circom 
** result: NOT SURE 
** time: 0.000305 

** filename: SegmentMulFix@escalarmulfix.circom 
** result: NOT SURE 
** time: 0.008971 

** filename: EdDSAMiMCVerifier@eddsamimc.circom 
** result: CONSTRAINED! 
** time: 3.166282 

** filename: Pedersen@pedersen.circom 
** result: NOT SURE 
** time: 0.00374 

** filename: Edwards2Montgomery@montgomery.circom 
** result: NOT SURE 
** time: 0.000203 

** filename: Num2Bits@bitify.circom 
** result: NOT SURE 
** time: 0.000219 

