** filename: GreaterEqThan@comparators@circomlib_16.circom 
** result: CONSTRAINED! 
** time: 0.007267 

** filename: BabyCheck@babyjub@circomlib.circom 
** result: CONSTRAINED! 
** time: 0.000313 

** filename: Num2BitsNeg@bitify@circomlib_256.circom 
** result: CONSTRAINED! 
** time: 0.160499 

** filename: GreaterEqThan@comparators@circomlib_32.circom 
** result: CONSTRAINED! 
** time: 0.011894 

** filename: Num2BitsNeg@bitify@circomlib_16.circom 
** result: CONSTRAINED! 
** time: 0.004925 

** filename: Num2Bits@bitify@circomlib_1.circom 
** result: CONSTRAINED! 
** time: 0.000576 

** filename: T1@t1@circomlib.circom 
** result: CONSTRAINED! 
** time: 3.098932 

** filename: Main@main@circomlib.circom 
** result: TIMEOUT 
** time: 30.025357723236084 

** filename: Bits2Num@bitify@circomlib_256.circom 
** result: CONSTRAINED! 
** time: 0.014227 

** filename: BabyPbk@babyjub@circomlib.circom 
** result: TIMEOUT 
** time: 30.003670930862427 

** filename: Sigma@poseidon@circomlib.circom 
** result: CONSTRAINED! 
** time: 0.000633 

** filename: EdDSAPoseidonVerifier@eddsaposeidon@circomlib.circom 
** result: CONSTRAINED! 
** time: 2.954686 

** filename: BabyAdd@babyjub@circomlib.circom 
** result: CONSTRAINED! 
** time: 8.528896 

** filename: Point2Bits_Strict@pointbits@circomlib.circom 
** result: CONSTRAINED! 
** time: 16.211785 

** filename: Bits2Num@bitify@circomlib_32.circom 
** result: CONSTRAINED! 
** time: 0.000786 

** filename: Mux4@mux4@circomlib.circom 
** result: CONSTRAINED! 
** time: 0.193329 

** filename: GreaterThan@comparators@circomlib_32.circom 
** result: CONSTRAINED! 
** time: 0.012024 

** filename: Point2Bits@pointbits@circomlib.circom 
** result: UNDER-CONSTRAINED! 
** time: 0.017269 

** filename: BitElementMulAny@escalarmulany@circomlib.circom 
** result: NOT SURE 
** time: 32.761539 

** filename: LessEqThan@comparators@circomlib_32.circom 
** result: CONSTRAINED! 
** time: 0.009814 

** filename: Pedersen@pedersen@circomlib_32.circom 
** result: NOT SURE 
** time: 26.105601 

** filename: Sha256_2@sha256_2@circomlib.circom 
** result: TIMEOUT 
** time: 30.039949655532837 

** filename: AND@gates@circomlib.circom 
** result: CONSTRAINED! 
** time: 0.000474 

** filename: Num2BitsNeg@bitify@circomlib_64.circom 
** result: CONSTRAINED! 
** time: 0.019838 

** filename: Bits2Num@bitify@circomlib_128.circom 
** result: CONSTRAINED! 
** time: 0.004606 

** filename: Num2Bits@bitify@circomlib_64.circom 
** result: CONSTRAINED! 
** time: 0.01774 

** filename: Num2BitsNeg@bitify@circomlib_32.circom 
** result: CONSTRAINED! 
** time: 0.010885 

** filename: GreaterEqThan@comparators@circomlib_8.circom 
** result: CONSTRAINED! 
** time: 0.004345 

** filename: EdDSAMiMCSpongeVerifier@eddsamimcsponge@circomlib.circom 
** result: CONSTRAINED! 
** time: 4.012402 

** filename: Pedersen@pedersen@circomlib_8.circom 
** result: TIMEOUT 
** time: 65.3243670463562 

** filename: SMTVerifierLevel@smtverifierlevel@circomlib.circom 
** result: CONSTRAINED! 
** time: 24.813188 

** filename: SMTHash1@smthash_mimc@circomlib.circom 
** result: CONSTRAINED! 
** time: 7.064449 

** filename: OR@gates@circomlib.circom 
** result: CONSTRAINED! 
** time: 0.001385 

** filename: BinSum@binsum@circomlib_32_5.circom 
** result: CONSTRAINED! 
** time: 0.019574 

** filename: NAND@gates@circomlib.circom 
** result: CONSTRAINED! 
** time: 0.000455 

** filename: Num2Bits@bitify@circomlib_254.circom 
** result: CONSTRAINED! 
** time: 0.153205 

** filename: Pedersen@pedersen@circomlib_253.circom 
** result: TIMEOUT 
** time: 30.841590881347656 

** filename: SMTHash1@smthash_poseidon@circomlib.circom 
** result: TIMEOUT 
** time: 31.071274042129517 

** filename: Num2BitsNeg@bitify@circomlib_128.circom 
** result: CONSTRAINED! 
** time: 0.064681 

** filename: SMTHash2@smthash_mimc@circomlib.circom 
** result: CONSTRAINED! 
** time: 7.059641 

** filename: Pedersen@pedersen@circomlib_16.circom 
** result: NOT SURE 
** time: 22.456317 

** filename: Edwards2Montgomery@montgomery@circomlib.circom 
** result: UNDER-CONSTRAINED! 
** time: 2.207426 

** filename: IsEqual@comparators@circomlib.circom 
** result: CONSTRAINED! 
** time: 0.002479 

** filename: NOR@gates@circomlib.circom 
** result: CONSTRAINED! 
** time: 0.00106 

** filename: Pedersen@pedersen_old@circomlib_254.circom 
** result: TIMEOUT 
** time: 30.004931926727295 

** filename: MontgomeryAdd@montgomery@circomlib.circom 
** result: UNDER-CONSTRAINED! 
** time: 2.553219 

** filename: BabyDbl@babyjub@circomlib.circom 
** result: CONSTRAINED! 
** time: 3.670633 

** filename: Num2Bits@bitify@circomlib_32.circom 
** result: CONSTRAINED! 
** time: 0.00726 

** filename: SigmaPlus@sigmaplus@circomlib.circom 
** result: CONSTRAINED! 
** time: 4.064489 

** filename: T2@t2@circomlib.circom 
** result: CONSTRAINED! 
** time: 3.171971 

** filename: Num2Bits_strict@bitify@circomlib.circom 
** result: CONSTRAINED! 
** time: 3.668146 

** filename: Num2BitsNeg@bitify@circomlib_253.circom 
** result: CONSTRAINED! 
** time: 0.193156 

** filename: ForceEqualIfEnabled@comparators@circomlib.circom 
** result: CONSTRAINED! 
** time: 0.000235 

** filename: Pedersen@pedersen_old@circomlib_32.circom 
** result: NOT SURE 
** time: 25.97395 

** filename: Num2BitsNeg@bitify@circomlib_8.circom 
** result: CONSTRAINED! 
** time: 0.003897 

** filename: MontgomeryDouble@montgomery@circomlib.circom 
** result: NOT SURE 
** time: 25.958975 

** filename: GreaterThan@comparators@circomlib_8.circom 
** result: CONSTRAINED! 
** time: 0.004352 

** filename: Pedersen@pedersen_old@circomlib_64.circom 
** result: NOT SURE 
** time: 32.487741 

** filename: Bits2Num@bitify@circomlib_16.circom 
** result: CONSTRAINED! 
** time: 0.00048 

** filename: Num2Bits@bitify@circomlib_253.circom 
** result: CONSTRAINED! 
** time: 0.15632 

** filename: AliasCheck@aliascheck@circomlib.circom 
** result: CONSTRAINED! 
** time: 0.027719 

** filename: Mux2@mux2@circomlib.circom 
** result: CONSTRAINED! 
** time: 0.138861 

** filename: Bits2Num@bitify@circomlib_64.circom 
** result: CONSTRAINED! 
** time: 0.001352 

** filename: Mux3@mux3@circomlib.circom 
** result: CONSTRAINED! 
** time: 0.100232 

** filename: Bits2Num@bitify@circomlib_8.circom 
** result: CONSTRAINED! 
** time: 0.000265 

** filename: Pedersen@pedersen@circomlib_64.circom 
** result: TIMEOUT 
** time: 31.053152799606323 

** filename: Pedersen@pedersen_old@circomlib_128.circom 
** result: TIMEOUT 
** time: 42.293766498565674 

** filename: Montgomery2Edwards@montgomery@circomlib.circom 
** result: UNDER-CONSTRAINED! 
** time: 0.202809 

** filename: Multiplexor2@escalarmulany@circomlib.circom 
** result: CONSTRAINED! 
** time: 0.003557 

** filename: Num2BitsNeg@bitify@circomlib_1.circom 
** result: CONSTRAINED! 
** time: 0.003072 

** filename: Bits2Num_strict@bitify@circomlib.circom 
** result: CONSTRAINED! 
** time: 3.670504 

** filename: EdDSAMiMCVerifier@eddsamimc@circomlib.circom 
** result: CONSTRAINED! 
** time: 3.098469 

** filename: Mux1@mux1@circomlib.circom 
** result: CONSTRAINED! 
** time: 0.004596 

** filename: Sign@sign@circomlib.circom 
** result: CONSTRAINED! 
** time: 1.142279 

** filename: Bits2Num@bitify@circomlib_1.circom 
** result: CONSTRAINED! 
** time: 0.000322 

** filename: Switcher@switcher@circomlib.circom 
** result: CONSTRAINED! 
** time: 0.001274 

** filename: SMTProcessorLevel@smtprocessorlevel@circomlib.circom 
** result: TIMEOUT 
** time: 30.021035194396973 

** filename: WindowMulFix@escalarmulfix@circomlib.circom 
** result: NOT SURE 
** time: 21.313923 

** filename: Window4@pedersen@circomlib.circom 
** result: NOT SURE 
** time: 21.659786 

** filename: Bits2Num@bitify@circomlib_253.circom 
** result: CONSTRAINED! 
** time: 0.011871 

** filename: Num2Bits@bitify@circomlib_16.circom 
** result: CONSTRAINED! 
** time: 0.004028 

** filename: Pedersen@pedersen_old@circomlib_1.circom 
** result: CONSTRAINED! 
** time: 0.394141 

** filename: Pedersen@pedersen@circomlib_1.circom 
** result: NOT SURE 
** time: 5.510974 

** filename: Sigma@poseidon_old@circomlib.circom 
** result: CONSTRAINED! 
** time: 0.000628 

** filename: LessEqThan@comparators@circomlib_8.circom 
** result: CONSTRAINED! 
** time: 0.004311 

** filename: SMTVerifierSM@smtverifiersm@circomlib.circom 
** result: CONSTRAINED! 
** time: 0.040685 

** filename: BinSub@binsub@circomlib_16.circom 
** result: CONSTRAINED! 
** time: 0.004575 

** filename: SMTHash2@smthash_poseidon@circomlib.circom 
** result: CONSTRAINED! 
** time: 5.531689 

** filename: BinSum@binsum@circomlib_32_2.circom 
** result: CONSTRAINED! 
** time: 0.013596 

** filename: XOR@gates@circomlib.circom 
** result: CONSTRAINED! 
** time: 0.000969 

** filename: Pedersen@pedersen_old@circomlib_253.circom 
** result: TIMEOUT 
** time: 30.01099133491516 

** filename: Bits2Point@pointbits@circomlib.circom 
** result: UNDER-CONSTRAINED! 
** time: 0.032634 

** filename: Bits2Num@bitify@circomlib_254.circom 
** result: CONSTRAINED! 
** time: 0.014028 

** filename: Pedersen@pedersen@circomlib_128.circom 
** result: TIMEOUT 
** time: 30.00412154197693 

** filename: Sha256compression@sha256compression@circomlib.circom 
** result: TIMEOUT 
** time: 30.013699054718018 

** filename: Num2BitsNeg@bitify@circomlib_254.circom 
** result: CONSTRAINED! 
** time: 0.192599 

** filename: GreaterThan@comparators@circomlib_16.circom 
** result: CONSTRAINED! 
** time: 0.005983 

** filename: NOT@gates@circomlib.circom 
** result: CONSTRAINED! 
** time: 0.000422 

** filename: Pedersen@pedersen@circomlib_254.circom 
** result: TIMEOUT 
** time: 30.188947200775146 

** filename: Num2Bits@bitify@circomlib_8.circom 
** result: CONSTRAINED! 
** time: 0.002117 

** filename: Pedersen@pedersen_old@circomlib_16.circom 
** result: NOT SURE 
** time: 23.537039 

** filename: Num2Bits@bitify@circomlib_256.circom 
** result: CONSTRAINED! 
** time: 0.190831 

** filename: IsZero@comparators@circomlib.circom 
** result: CONSTRAINED! 
** time: 0.000793 

** filename: Pedersen@pedersen_old@circomlib_256.circom 
** result: TIMEOUT 
** time: 30.348918199539185 

** filename: LessEqThan@comparators@circomlib_16.circom 
** result: CONSTRAINED! 
** time: 0.007283 

** filename: SMTProcessorSM@smtprocessorsm@circomlib.circom 
** result: CONSTRAINED! 
** time: 0.052119 

** filename: Bits2Point_Strict@pointbits@circomlib.circom 
** result: TIMEOUT 
** time: 37.33342695236206 

** filename: Num2Bits@bitify@circomlib_128.circom 
** result: CONSTRAINED! 
** time: 0.059996 

** filename: Pedersen@pedersen_old@circomlib_8.circom 
** result: NOT SURE 
** time: 21.53294 

** filename: Pedersen@pedersen@circomlib_256.circom 
** result: TIMEOUT 
** time: 30.719924688339233 

** filename: GreaterThan@comparators.circom 
** result: CONSTRAINED! 
** time: 0.034594 

** filename: Segment@pedersen.circom 
** result: NOT SURE 
** time: 22.032268 

** filename: BabyCheck@babyjub.circom 
** result: CONSTRAINED! 
** time: 0.00022 

** filename: Poseidon@poseidon.circom 
** result: CONSTRAINED! 
** time: 5.629295 

** filename: Pedersen@pedersen_old.circom 
** result: CONSTRAINED! 
** time: 0.414829 

** filename: Num2BitsNeg@bitify.circom 
** result: CONSTRAINED! 
** time: 0.017579 

** filename: SegmentMulAny@escalarmulany.circom 
** result: NOT SURE 
** time: 23.241575 

** filename: MiMCFeistel@mimcsponge.circom 
** result: CONSTRAINED! 
** time: 0.048752 

** filename: BabyAdd@babyjub.circom 
** result: CONSTRAINED! 
** time: 8.431794 

** filename: MultiAND@gates.circom 
** result: CONSTRAINED! 
** time: 0.001387 

** filename: BabyPbk@babyjub.circom 
** result: TIMEOUT 
** time: 30.14912223815918 

** filename: Multiplexer@multiplexer.circom 
** result: CONSTRAINED! 
** time: 0.016037 

** filename: Bits2Num_strict@bitify.circom 
** result: CONSTRAINED! 
** time: 3.790244 

** filename: Point2Bits_Strict@pointbits.circom 
** result: CONSTRAINED! 
** time: 16.285688 

** filename: BinSum@binsum.circom 
** result: CONSTRAINED! 
** time: 0.001023 

** filename: Bits2Point_Strict@pointbits.circom 
** result: TIMEOUT 
** time: 37.09593653678894 

** filename: MultiMux4@mux4.circom 
** result: CONSTRAINED! 
** time: 0.213001 

** filename: EdDSAMiMCSpongeVerifier@eddsamimcsponge.circom 
** result: CONSTRAINED! 
** time: 3.894504 

** filename: OR@gates.circom 
** result: CONSTRAINED! 
** time: 0.001436 

** filename: Mux2@mux2.circom 
** result: CONSTRAINED! 
** time: 0.137286 

** filename: Switcher@switcher.circom 
** result: CONSTRAINED! 
** time: 0.001609 

** filename: BabyDbl@babyjub.circom 
** result: CONSTRAINED! 
** time: 3.677149 

** filename: XOR@gates.circom 
** result: CONSTRAINED! 
** time: 0.001255 

** filename: EscalarProduct@multiplexer.circom 
** result: CONSTRAINED! 
** time: 0.001042 

** filename: IsEqual@comparators.circom 
** result: CONSTRAINED! 
** time: 0.003065 

** filename: IsZero@comparators.circom 
** result: CONSTRAINED! 
** time: 0.000792 

** filename: MontgomeryDouble@montgomery.circom 
** result: NOT SURE 
** time: 25.9705 

** filename: Mux4@mux4.circom 
** result: CONSTRAINED! 
** time: 0.193265 

** filename: EscalarMulAny@escalarmulany.circom 
** result: TIMEOUT 
** time: 35.636128187179565 

** filename: MultiMux3@mux3.circom 
** result: CONSTRAINED! 
** time: 0.096514 

** filename: Montgomery2Edwards@montgomery.circom 
** result: UNDER-CONSTRAINED! 
** time: 0.200736 

** filename: NOR@gates.circom 
** result: CONSTRAINED! 
** time: 0.001326 

** filename: BitElementMulAny@escalarmulany.circom 
** result: NOT SURE 
** time: 32.768598 

** filename: MiMCSponge@mimcsponge.circom 
** result: CONSTRAINED! 
** time: 0.180775 

** filename: GreaterEqThan@comparators.circom 
** result: CONSTRAINED! 
** time: 0.0345 

** filename: Sign@sign.circom 
** result: CONSTRAINED! 
** time: 1.142741 

** filename: Mux3@mux3.circom 
** result: CONSTRAINED! 
** time: 0.131198 

** filename: AND@gates.circom 
** result: CONSTRAINED! 
** time: 0.000349 

** filename: NAND@gates.circom 
** result: CONSTRAINED! 
** time: 0.000451 

** filename: ForceEqualIfEnabled@comparators.circom 
** result: CONSTRAINED! 
** time: 0.000242 

** filename: MultiMux1@mux1.circom 
** result: CONSTRAINED! 
** time: 0.003401 

** filename: EdDSAVerifier@eddsa.circom 
** result: CONSTRAINED! 
** time: 12.589698 

** filename: WindowMulFix@escalarmulfix.circom 
** result: NOT SURE 
** time: 21.319215 

** filename: Multiplexor2@escalarmulany.circom 
** result: CONSTRAINED! 
** time: 0.003473 

** filename: AliasCheck@aliascheck.circom 
** result: CONSTRAINED! 
** time: 0.03373 

** filename: NOT@gates.circom 
** result: CONSTRAINED! 
** time: 0.000441 

** filename: LessEqThan@comparators.circom 
** result: CONSTRAINED! 
** time: 0.034804 

** filename: MontgomeryAdd@montgomery.circom 
** result: UNDER-CONSTRAINED! 
** time: 2.558403 

** filename: MiMC7@mimc.circom 
** result: CONSTRAINED! 
** time: 0.038179 

** filename: MultiMiMC7@mimc.circom 
** result: CONSTRAINED! 
** time: 0.240186 

** filename: Decoder@multiplexer.circom 
** result: UNDER-CONSTRAINED! 
** time: 0.265642 

** filename: MultiMux2@mux2.circom 
** result: CONSTRAINED! 
** time: 0.299587 

** filename: Mux1@mux1.circom 
** result: CONSTRAINED! 
** time: 0.004526 

** filename: Bits2Num@bitify.circom 
** result: CONSTRAINED! 
** time: 0.000542 

** filename: Sigma@poseidon.circom 
** result: CONSTRAINED! 
** time: 0.00049 

** filename: Window4@pedersen.circom 
** result: NOT SURE 
** time: 21.653495 

** filename: EdDSAPoseidonVerifier@eddsaposeidon.circom 
** result: CONSTRAINED! 
** time: 3.053095 

** filename: Num2Bits_strict@bitify.circom 
** result: CONSTRAINED! 
** time: 3.939047 

** filename: CompConstant@compconstant.circom 
** result: CONSTRAINED! 
** time: 0.291658 

** filename: BinSub@binsub.circom 
** result: CONSTRAINED! 
** time: 0.000812 

** filename: LessThan@comparators.circom 
** result: CONSTRAINED! 
** time: 0.025966 

** filename: SegmentMulFix@escalarmulfix.circom 
** result: NOT SURE 
** time: 117.27582 

** filename: EdDSAMiMCVerifier@eddsamimc.circom 
** result: CONSTRAINED! 
** time: 3.207644 

** filename: Pedersen@pedersen.circom 
** result: UNDER-CONSTRAINED! 
** time: 1.347085 

** filename: Edwards2Montgomery@montgomery.circom 
** result: UNDER-CONSTRAINED! 
** time: 2.213262 

** filename: Num2Bits@bitify.circom 
** result: CONSTRAINED! 
** time: 0.001519 

