** filename: GreaterEqThan@comparators@circomlib_16.circom 
** result: NOT SURE 
** time: 5.039521 

** filename: BabyCheck@babyjub@circomlib.circom 
** result: CONSTRAINED! 
** time: 5.022481 

** filename: Num2BitsNeg@bitify@circomlib_256.circom 
** result: NOT SURE 
** time: 5.415046 

** filename: GreaterEqThan@comparators@circomlib_32.circom 
** result: NOT SURE 
** time: 5.052599 

** filename: Num2BitsNeg@bitify@circomlib_16.circom 
** result: NOT SURE 
** time: 8.582687 

** filename: Num2Bits@bitify@circomlib_1.circom 
** result: NOT SURE 
** time: 0.025988 

** filename: T1@t1@circomlib.circom 
** result: NOT SURE 
** time: 5.853872 

** filename: Main@main@circomlib.circom 
** result: TIMEOUT 
** time: 30.074426889419556 

** filename: Bits2Num@bitify@circomlib_256.circom 
** result: NOT SURE 
** time: 5.208002 

** filename: BabyPbk@babyjub@circomlib.circom 
** result: NOT SURE 
** time: 200.485682 

** filename: Sigma@poseidon@circomlib.circom 
** result: NOT SURE 
** time: 0.037221 

** filename: EdDSAPoseidonVerifier@eddsaposeidon@circomlib.circom 
** result: CONSTRAINED! 
** time: 34.408979 

** filename: BabyAdd@babyjub@circomlib.circom 
** result: NOT SURE 
** time: 0.279396 

** filename: Point2Bits_Strict@pointbits@circomlib.circom 
** result: NOT SURE 
** time: 18.937276 

** filename: Bits2Num@bitify@circomlib_32.circom 
** result: NOT SURE 
** time: 0.111054 

** filename: Mux4@mux4@circomlib.circom 
** result: NOT SURE 
** time: 0.481387 

** filename: GreaterThan@comparators@circomlib_32.circom 
** result: NOT SURE 
** time: 5.068408 

** filename: Point2Bits@pointbits@circomlib.circom 
** result: UNDER-CONSTRAINED! 
** time: 0.016698 

** filename: BitElementMulAny@escalarmulany@circomlib.circom 
** result: NOT SURE 
** time: 5.05458 

** filename: LessEqThan@comparators@circomlib_32.circom 
** result: NOT SURE 
** time: 5.053761 

** filename: Pedersen@pedersen@circomlib_32.circom 
** result: NOT SURE 
** time: 5.980791 

** filename: Sha256_2@sha256_2@circomlib.circom 
** result: TIMEOUT 
** time: 30.065230131149292 

** filename: AND@gates@circomlib.circom 
** result: NOT SURE 
** time: 0.034526 

** filename: Num2BitsNeg@bitify@circomlib_64.circom 
** result: NOT SURE 
** time: 5.186713 

** filename: Bits2Num@bitify@circomlib_128.circom 
** result: NOT SURE 
** time: 5.09791 

** filename: Num2Bits@bitify@circomlib_64.circom 
** result: NOT SURE 
** time: 5.129669 

** filename: Num2BitsNeg@bitify@circomlib_32.circom 
** result: NOT SURE 
** time: 5.059411 

** filename: GreaterEqThan@comparators@circomlib_8.circom 
** result: NOT SURE 
** time: 5.032657 

** filename: EdDSAMiMCSpongeVerifier@eddsamimcsponge@circomlib.circom 
** result: CONSTRAINED! 
** time: 43.792093 

** filename: Pedersen@pedersen@circomlib_8.circom 
** result: NOT SURE 
** time: 6.205976 

** filename: SMTVerifierLevel@smtverifierlevel@circomlib.circom 
** result: NOT SURE 
** time: 17.754341 

** filename: SMTHash1@smthash_mimc@circomlib.circom 
** result: NOT SURE 
** time: 5.851714 

** filename: OR@gates@circomlib.circom 
** result: NOT SURE 
** time: 0.025776 

** filename: BinSum@binsum@circomlib_32_5.circom 
** result: NOT SURE 
** time: 5.150452 

** filename: NAND@gates@circomlib.circom 
** result: NOT SURE 
** time: 0.025728 

** filename: Num2Bits@bitify@circomlib_254.circom 
** result: NOT SURE 
** time: 5.410608 

** filename: Pedersen@pedersen@circomlib_253.circom 
** result: NOT SURE 
** time: 104.445976 

** filename: SMTHash1@smthash_poseidon@circomlib.circom 
** result: NOT SURE 
** time: 6.031028 

** filename: Num2BitsNeg@bitify@circomlib_128.circom 
** result: NOT SURE 
** time: 6.000685 

** filename: SMTHash2@smthash_mimc@circomlib.circom 
** result: NOT SURE 
** time: 32.627547 

** filename: Pedersen@pedersen@circomlib_16.circom 
** result: NOT SURE 
** time: 5.538745 

** filename: Edwards2Montgomery@montgomery@circomlib.circom 
** result: NOT SURE 
** time: 2.032728 

** filename: IsEqual@comparators@circomlib.circom 
** result: NOT SURE 
** time: 2.042904 

** filename: NOR@gates@circomlib.circom 
** result: NOT SURE 
** time: 0.026801 

** filename: Pedersen@pedersen_old@circomlib_254.circom 
** result: NOT SURE 
** time: 75.794787 

** filename: MontgomeryAdd@montgomery@circomlib.circom 
** result: UNDER-CONSTRAINED! 
** time: 0.52661 

** filename: BabyDbl@babyjub@circomlib.circom 
** result: NOT SURE 
** time: 0.747789 

** filename: Num2Bits@bitify@circomlib_32.circom 
** result: NOT SURE 
** time: 5.073125 

** filename: SigmaPlus@sigmaplus@circomlib.circom 
** result: NOT SURE 
** time: 6.110932 

** filename: T2@t2@circomlib.circom 
** result: NOT SURE 
** time: 5.748662 

** filename: Num2Bits_strict@bitify@circomlib.circom 
** result: NOT SURE 
** time: 6.667472 

** filename: Num2BitsNeg@bitify@circomlib_253.circom 
** result: NOT SURE 
** time: 5.364069 

** filename: ForceEqualIfEnabled@comparators@circomlib.circom 
** result: CONSTRAINED! 
** time: 0.027299 

** filename: Pedersen@pedersen_old@circomlib_32.circom 
** result: NOT SURE 
** time: 5.898271 

** filename: Num2BitsNeg@bitify@circomlib_8.circom 
** result: NOT SURE 
** time: 7.366508 

** filename: MontgomeryDouble@montgomery@circomlib.circom 
** result: NOT SURE 
** time: 7.037743 

** filename: GreaterThan@comparators@circomlib_8.circom 
** result: NOT SURE 
** time: 5.032425 

** filename: Pedersen@pedersen_old@circomlib_64.circom 
** result: NOT SURE 
** time: 7.269428 

** filename: Bits2Num@bitify@circomlib_16.circom 
** result: NOT SURE 
** time: 0.063436 

** filename: Num2Bits@bitify@circomlib_253.circom 
** result: NOT SURE 
** time: 5.373165 

** filename: AliasCheck@aliascheck@circomlib.circom 
** result: CONSTRAINED! 
** time: 5.515099 

** filename: Mux2@mux2@circomlib.circom 
** result: NOT SURE 
** time: 0.082742 

** filename: Bits2Num@bitify@circomlib_64.circom 
** result: NOT SURE 
** time: 0.63956 

** filename: Mux3@mux3@circomlib.circom 
** result: NOT SURE 
** time: 0.153528 

** filename: Bits2Num@bitify@circomlib_8.circom 
** result: NOT SURE 
** time: 0.031098 

** filename: Pedersen@pedersen@circomlib_64.circom 
** result: NOT SURE 
** time: 8.792847 

** filename: Pedersen@pedersen_old@circomlib_128.circom 
** result: NOT SURE 
** time: 20.523097 

** filename: Montgomery2Edwards@montgomery@circomlib.circom 
** result: NOT SURE 
** time: 2.039934 

** filename: Multiplexor2@escalarmulany@circomlib.circom 
** result: NOT SURE 
** time: 0.029713 

** filename: Num2BitsNeg@bitify@circomlib_1.circom 
** result: NOT SURE 
** time: 0.039037 

** filename: Bits2Num_strict@bitify@circomlib.circom 
** result: NOT SURE 
** time: 6.337909 

** filename: EdDSAMiMCVerifier@eddsamimc@circomlib.circom 
** result: CONSTRAINED! 
** time: 35.512972 

** filename: Mux1@mux1@circomlib.circom 
** result: NOT SURE 
** time: 0.034283 

** filename: Sign@sign@circomlib.circom 
** result: NOT SURE 
** time: 5.528193 

** filename: Bits2Num@bitify@circomlib_1.circom 
** result: NOT SURE 
** time: 0.024028 

** filename: Switcher@switcher@circomlib.circom 
** result: NOT SURE 
** time: 0.031651 

** filename: SMTProcessorLevel@smtprocessorlevel@circomlib.circom 
** result: NOT SURE 
** time: 7.100736 

** filename: WindowMulFix@escalarmulfix@circomlib.circom 
** result: NOT SURE 
** time: 5.102297 

** filename: Window4@pedersen@circomlib.circom 
** result: NOT SURE 
** time: 5.102491 

** filename: Bits2Num@bitify@circomlib_253.circom 
** result: NOT SURE 
** time: 5.156568 

** filename: Num2Bits@bitify@circomlib_16.circom 
** result: NOT SURE 
** time: 5.046372 

** filename: Pedersen@pedersen_old@circomlib_1.circom 
** result: NOT SURE 
** time: 5.241992 

** filename: Pedersen@pedersen@circomlib_1.circom 
** result: NOT SURE 
** time: 5.15513 

** filename: Sigma@poseidon_old@circomlib.circom 
** result: NOT SURE 
** time: 0.027171 

** filename: LessEqThan@comparators@circomlib_8.circom 
** result: NOT SURE 
** time: 5.032466 

** filename: SMTVerifierSM@smtverifiersm@circomlib.circom 
** result: NOT SURE 
** time: 0.052983 

** filename: BinSub@binsub@circomlib_16.circom 
** result: NOT SURE 
** time: 5.062475 

** filename: SMTHash2@smthash_poseidon@circomlib.circom 
** result: NOT SURE 
** time: 5.809548 

** filename: BinSum@binsum@circomlib_32_2.circom 
** result: NOT SURE 
** time: 5.122632 

** filename: XOR@gates@circomlib.circom 
** result: NOT SURE 
** time: 0.025692 

** filename: Pedersen@pedersen_old@circomlib_253.circom 
** result: NOT SURE 
** time: 78.084762 

** filename: Bits2Point@pointbits@circomlib.circom 
** result: UNDER-CONSTRAINED! 
** time: 0.031777 

** filename: Bits2Num@bitify@circomlib_254.circom 
** result: NOT SURE 
** time: 5.187374 

** filename: Pedersen@pedersen@circomlib_128.circom 
** result: NOT SURE 
** time: 27.226422 

** filename: Sha256compression@sha256compression@circomlib.circom 
** result: TIMEOUT 
** time: 30.053054571151733 

** filename: Num2BitsNeg@bitify@circomlib_254.circom 
** result: NOT SURE 
** time: 5.441408 

** filename: GreaterThan@comparators@circomlib_16.circom 
** result: NOT SURE 
** time: 5.039091 

** filename: NOT@gates@circomlib.circom 
** result: NOT SURE 
** time: 0.024581 

** filename: Pedersen@pedersen@circomlib_254.circom 
** result: NOT SURE 
** time: 106.000559 

** filename: Num2Bits@bitify@circomlib_8.circom 
** result: NOT SURE 
** time: 5.076667 

** filename: Pedersen@pedersen_old@circomlib_16.circom 
** result: NOT SURE 
** time: 6.417305 

** filename: Num2Bits@bitify@circomlib_256.circom 
** result: NOT SURE 
** time: 5.43458 

** filename: IsZero@comparators@circomlib.circom 
** result: NOT SURE 
** time: 0.03592 

** filename: Pedersen@pedersen_old@circomlib_256.circom 
** result: NOT SURE 
** time: 77.543401 

** filename: LessEqThan@comparators@circomlib_16.circom 
** result: NOT SURE 
** time: 5.039814 

** filename: SMTProcessorSM@smtprocessorsm@circomlib.circom 
** result: NOT SURE 
** time: 0.129715 

** filename: Bits2Point_Strict@pointbits@circomlib.circom 
** result: NOT SURE 
** time: 13.954652 

** filename: Num2Bits@bitify@circomlib_128.circom 
** result: NOT SURE 
** time: 5.245281 

** filename: Pedersen@pedersen_old@circomlib_8.circom 
** result: NOT SURE 
** time: 5.28353 

** filename: Pedersen@pedersen@circomlib_256.circom 
** result: NOT SURE 
** time: 104.88677 

** filename: GreaterThan@comparators.circom 
** result: NOT SURE 
** time: 5.027071 

** filename: Segment@pedersen.circom 
** result: NOT SURE 
** time: 5.893944 

** filename: BabyCheck@babyjub.circom 
** result: CONSTRAINED! 
** time: 5.023029 

** filename: Poseidon@poseidon.circom 
** result: NOT SURE 
** time: 5.674108 

** filename: Pedersen@pedersen_old.circom 
** result: NOT SURE 
** time: 15.158394 

** filename: Num2BitsNeg@bitify.circom 
** result: NOT SURE 
** time: 5.408926 

** filename: SegmentMulAny@escalarmulany.circom 
** result: NOT SURE 
** time: 5.066543 

** filename: MiMCFeistel@mimcsponge.circom 
** result: NOT SURE 
** time: 0.049066 

** filename: BabyAdd@babyjub.circom 
** result: NOT SURE 
** time: 0.224907 

** filename: MultiAND@gates.circom 
** result: NOT SURE 
** time: 0.030242 

** filename: BabyPbk@babyjub.circom 
** result: NOT SURE 
** time: 198.871994 

** filename: Multiplexer@multiplexer.circom 
** result: NOT SURE 
** time: 5.035892 

** filename: Bits2Num_strict@bitify.circom 
** result: NOT SURE 
** time: 6.22057 

** filename: Point2Bits_Strict@pointbits.circom 
** result: NOT SURE 
** time: 18.935341 

** filename: BinSum@binsum.circom 
** result: NOT SURE 
** time: 5.063228 

** filename: Bits2Point_Strict@pointbits.circom 
** result: NOT SURE 
** time: 13.915775 

** filename: MultiMux4@mux4.circom 
** result: NOT SURE 
** time: 4.786605 

** filename: EdDSAMiMCSpongeVerifier@eddsamimcsponge.circom 
** result: CONSTRAINED! 
** time: 42.788957 

** filename: OR@gates.circom 
** result: NOT SURE 
** time: 0.026289 

** filename: Mux2@mux2.circom 
** result: NOT SURE 
** time: 0.082404 

** filename: Switcher@switcher.circom 
** result: NOT SURE 
** time: 0.03157 

** filename: BabyDbl@babyjub.circom 
** result: NOT SURE 
** time: 0.747129 

** filename: XOR@gates.circom 
** result: NOT SURE 
** time: 0.025415 

** filename: EscalarProduct@multiplexer.circom 
** result: NOT SURE 
** time: 0.029169 

** filename: IsEqual@comparators.circom 
** result: NOT SURE 
** time: 2.036538 

** filename: IsZero@comparators.circom 
** result: NOT SURE 
** time: 0.026299 

** filename: MontgomeryDouble@montgomery.circom 
** result: NOT SURE 
** time: 7.038007 

** filename: Mux4@mux4.circom 
** result: NOT SURE 
** time: 0.482822 

** filename: EscalarMulAny@escalarmulany.circom 
** result: NOT SURE 
** time: 5.078479 

** filename: MultiMux3@mux3.circom 
** result: NOT SURE 
** time: 0.276278 

** filename: Montgomery2Edwards@montgomery.circom 
** result: NOT SURE 
** time: 2.033874 

** filename: NOR@gates.circom 
** result: NOT SURE 
** time: 0.026985 

** filename: BitElementMulAny@escalarmulany.circom 
** result: NOT SURE 
** time: 5.062973 

** filename: MiMCSponge@mimcsponge.circom 
** result: NOT SURE 
** time: 0.23652 

** filename: GreaterEqThan@comparators.circom 
** result: NOT SURE 
** time: 5.027511 

** filename: Sign@sign.circom 
** result: NOT SURE 
** time: 5.632857 

** filename: Mux3@mux3.circom 
** result: NOT SURE 
** time: 0.12188 

** filename: AND@gates.circom 
** result: NOT SURE 
** time: 0.024799 

** filename: NAND@gates.circom 
** result: NOT SURE 
** time: 0.025835 

** filename: ForceEqualIfEnabled@comparators.circom 
** result: CONSTRAINED! 
** time: 0.027179 

** filename: MultiMux1@mux1.circom 
** result: NOT SURE 
** time: 0.030774 

** filename: WindowMulFix@escalarmulfix.circom 
** result: NOT SURE 
** time: 5.124956 

** filename: Multiplexor2@escalarmulany.circom 
** result: NOT SURE 
** time: 0.030107 

** filename: AliasCheck@aliascheck.circom 
** result: CONSTRAINED! 
** time: 5.5081 

** filename: NOT@gates.circom 
** result: NOT SURE 
** time: 0.02446 

** filename: LessEqThan@comparators.circom 
** result: NOT SURE 
** time: 5.02712 

** filename: MontgomeryAdd@montgomery.circom 
** result: UNDER-CONSTRAINED! 
** time: 0.428983 

** filename: MiMC7@mimc.circom 
** result: NOT SURE 
** time: 5.040232 

** filename: MultiMiMC7@mimc.circom 
** result: NOT SURE 
** time: 5.05106 

** filename: Decoder@multiplexer.circom 
** result: UNDER-CONSTRAINED! 
** time: 0.032792 

** filename: MultiMux2@mux2.circom 
** result: NOT SURE 
** time: 0.102947 

** filename: Mux1@mux1.circom 
** result: NOT SURE 
** time: 0.034352 

** filename: Bits2Num@bitify.circom 
** result: NOT SURE 
** time: 0.025316 

** filename: Sigma@poseidon.circom 
** result: NOT SURE 
** time: 0.026777 

** filename: Window4@pedersen.circom 
** result: NOT SURE 
** time: 5.103361 

** filename: EdDSAPoseidonVerifier@eddsaposeidon.circom 
** result: CONSTRAINED! 
** time: 33.787241 

** filename: Num2Bits_strict@bitify.circom 
** result: NOT SURE 
** time: 6.672826 

** filename: CompConstant@compconstant.circom 
** result: NOT SURE 
** time: 6.886818 

** filename: BinSub@binsub.circom 
** result: NOT SURE 
** time: 5.329949 

** filename: LessThan@comparators.circom 
** result: NOT SURE 
** time: 5.025208 

** filename: SegmentMulFix@escalarmulfix.circom 
** result: NOT SURE 
** time: 8.852414 

** filename: EdDSAMiMCVerifier@eddsamimc.circom 
** result: CONSTRAINED! 
** time: 35.572826 

** filename: Pedersen@pedersen.circom 
** result: NOT SURE 
** time: 5.13598 

** filename: Edwards2Montgomery@montgomery.circom 
** result: NOT SURE 
** time: 2.037486 

** filename: Num2Bits@bitify.circom 
** result: NOT SURE 
** time: 5.166355 

