** filename: GreaterEqThan@comparators@circomlib_16.circom 
** result: NOT SURE 
** time: 7.063862 
    ** contribution counts: 
    ****** simple_replacement_expression: 4 
    ****** simple_replacement_expression_CONS_propogation: 2 
    ****** multi_con_to_single_uncon: 1 
    ****** bpg_time_records: {3.337860107421875e-06} 
    ****** DO_ASSUMPTION_PHASE: 1 

** filename: BabyCheck@babyjub@circomlib.circom 
** result: CONSTRAINED! 
** time: 0.000308 
    ** contribution counts: 
    ****** single_to_double: 2 
    ****** bpg_time_records: {4.76837158203125e-06} 

** filename: Num2BitsNeg@bitify@circomlib_256.circom 
** result: NOT SURE 
** time: 27.168155 
    ** contribution counts: 
    ****** simple_replacement_expression: 1 
    ****** simple_replacement_expression_CONS_propogation: 1 
    ****** multi_con_to_single_uncon: 1 
    ****** add_edge_to_assumptions: 1 
    ****** bpg_edges: 4 
    ****** bpg_nodes: 6 
    ****** bpg_time_records: {8.344650268554688e-06} 
    ****** DO_ASSUMPTION_PHASE: 1 
    ****** assumption_smt_count: 1 

** filename: GreaterEqThan@comparators@circomlib_32.circom 
** result: NOT SURE 
** time: 7.17728 
    ** contribution counts: 
    ****** simple_replacement_expression: 4 
    ****** simple_replacement_expression_CONS_propogation: 2 
    ****** multi_con_to_single_uncon: 1 
    ****** bpg_time_records: {3.0994415283203125e-06} 
    ****** DO_ASSUMPTION_PHASE: 1 

** filename: Num2BitsNeg@bitify@circomlib_16.circom 
** result: NOT SURE 
** time: 27.16392 
    ** contribution counts: 
    ****** simple_replacement_expression: 1 
    ****** simple_replacement_expression_CONS_propogation: 1 
    ****** multi_con_to_single_uncon: 1 
    ****** add_edge_to_assumptions: 1 
    ****** bpg_edges: 4 
    ****** bpg_nodes: 6 
    ****** bpg_time_records: {1.0251998901367188e-05} 
    ****** DO_ASSUMPTION_PHASE: 1 
    ****** assumption_smt_count: 1 

** filename: Num2Bits@bitify@circomlib_1.circom 
** result: CONSTRAINED! 
** time: 0.000358 
    ** contribution counts: 
    ****** single_to_double: 1 
    ****** multi_con_to_single_uncon: 1 
    ****** bpg_time_records: {4.5299530029296875e-06} 

** filename: T1@t1@circomlib.circom 
** result: NOT SURE 
** time: 6.808593 
    ** contribution counts: 
    ****** simple_replacement_expression: 640 
    ****** simple_replacement_expression_CONS_propogation: 416 
    ****** single_to_double: 416 
    ****** multi_con_to_single_uncon: 122 
    ****** bpg_time_records: {5.245208740234375e-06} 
    ****** DO_ASSUMPTION_PHASE: 1 

** filename: Main@main@circomlib.circom 
** result: TIMEOUT 
** time: 30.074129104614258 
    ** contribution counts: 

** filename: Bits2Num@bitify@circomlib_256.circom 
** result: CONSTRAINED! 
** time: 0.014478 
    ** contribution counts: 
    ****** multi_con_to_single_uncon: 1 
    ****** bpg_time_records: {6.198883056640625e-06} 

** filename: BabyPbk@babyjub@circomlib.circom 
** result: TIMEOUT 
** time: 30.002929210662842 
    ** contribution counts: 
    ****** simple_replacement_expression: 5300 
    ****** simple_replacement_expression_CONS_propogation: 1 
    ****** simple_replacement_constant: 3269 
    ****** bpg_edges: 4 
    ****** multi_con_to_single_uncon: 211 
    ****** single_to_double: 2843 

** filename: Sigma@poseidon@circomlib.circom 
** result: CONSTRAINED! 
** time: 0.000438 
    ** contribution counts: 
    ****** single_to_double: 3 
    ****** multi_con_to_single_uncon: 3 
    ****** bpg_time_records: {5.7220458984375e-06} 

** filename: EdDSAPoseidonVerifier@eddsaposeidon@circomlib.circom 
** result: CONSTRAINED! 
** time: 2.959016 
    ** contribution counts: 
    ****** bpg_time_records: {9.775161743164062e-06} 

** filename: BabyAdd@babyjub@circomlib.circom 
** result: CONSTRAINED! 
** time: 8.573152 
    ** contribution counts: 
    ****** single_to_double: 7 
    ****** multi_con_to_single_uncon: 4 
    ****** add_edge_to_assumptions: 2 
    ****** bpg_time_records: {7.152557373046875e-06} 
    ****** DO_ASSUMPTION_PHASE: 1 
    ****** assumption_smt_count: 2 
    ****** clause_learning: 1 
    ****** Assumptions_grobner_early_conflict_cons: 2 
    ****** solved_assumption_smt_count: 2 

** filename: Point2Bits_Strict@pointbits@circomlib.circom 
** result: NOT SURE 
** time: 8.474076 
    ** contribution counts: 
    ****** simple_replacement_expression: 1531 
    ****** simple_replacement_expression_CONS_propogation: 2 
    ****** simple_replacement_constant: 5 
    ****** bpg_edges: 3 
    ****** single_to_double: 2 
    ****** bpg_time_records: {8.344650268554688e-06} 
    ****** DO_ASSUMPTION_PHASE: 1 

** filename: Bits2Num@bitify@circomlib_32.circom 
** result: CONSTRAINED! 
** time: 0.00062 
    ** contribution counts: 
    ****** multi_con_to_single_uncon: 1 
    ****** bpg_time_records: {4.291534423828125e-06} 

** filename: Mux4@mux4@circomlib.circom 
** result: CONSTRAINED! 
** time: 0.010404 
    ** contribution counts: 
    ****** simple_replacement_expression: 22 
    ****** simple_replacement_expression_CONS_propogation: 21 
    ****** single_to_double: 128 
    ****** multi_con_to_single_uncon: 20 
    ****** bpg_time_records: {3.5762786865234375e-06} 

** filename: GreaterThan@comparators@circomlib_32.circom 
** result: NOT SURE 
** time: 7.141187 
    ** contribution counts: 
    ****** simple_replacement_expression: 4 
    ****** simple_replacement_expression_CONS_propogation: 2 
    ****** multi_con_to_single_uncon: 1 
    ****** bpg_time_records: {3.337860107421875e-06} 
    ****** DO_ASSUMPTION_PHASE: 1 

** filename: Point2Bits@pointbits@circomlib.circom 
** result: UNDER-CONSTRAINED! 
** time: 0.016846 
    ** contribution counts: 
    ****** bpg_time_records: {3.5762786865234375e-06} 
    ****** DO_ASSUMPTION_PHASE: 1 
    ****** NO_Assumptions_raw_SMT_UNDER: 256 

** filename: BitElementMulAny@escalarmulany@circomlib.circom 
** result: NOT SURE 
** time: 32.724157 
    ** contribution counts: 
    ****** simple_replacement_expression: 15 
    ****** simple_replacement_expression_CONS_propogation: 7 
    ****** single_to_double: 5 
    ****** multi_con_to_single_uncon: 2 
    ****** add_edge_to_assumptions: 1 
    ****** bpg_time_records: {4.5299530029296875e-06} 
    ****** DO_ASSUMPTION_PHASE: 1 
    ****** assumption_smt_count: 1 

** filename: LessEqThan@comparators@circomlib_32.circom 
** result: NOT SURE 
** time: 7.136811 
    ** contribution counts: 
    ****** simple_replacement_expression: 4 
    ****** simple_replacement_expression_CONS_propogation: 2 
    ****** multi_con_to_single_uncon: 1 
    ****** bpg_time_records: {3.337860107421875e-06} 
    ****** DO_ASSUMPTION_PHASE: 1 

** filename: Pedersen@pedersen@circomlib_32.circom 
** result: NOT SURE 
** time: 21.135226 
    ** contribution counts: 
    ****** simple_replacement_constant: 377 
    ****** bpg_edges: 12 
    ****** simple_replacement_expression: 515 
    ****** simple_replacement_expression_CONS_propogation: 176 
    ****** single_to_double: 918 
    ****** multi_con_to_single_uncon: 85 
    ****** add_edge_to_assumptions: 1 
    ****** bpg_time_records: {3.5762786865234375e-06} 
    ****** DO_ASSUMPTION_PHASE: 1 
    ****** assumption_smt_count: 1 

** filename: Sha256_2@sha256_2@circomlib.circom 
** result: TIMEOUT 
** time: 30.019439697265625 
    ** contribution counts: 

** filename: AND@gates@circomlib.circom 
** result: CONSTRAINED! 
** time: 0.00028 
    ** contribution counts: 
    ****** single_to_double: 1 
    ****** multi_con_to_single_uncon: 1 
    ****** bpg_time_records: {6.4373016357421875e-06} 

** filename: Num2BitsNeg@bitify@circomlib_64.circom 
** result: NOT SURE 
** time: 28.016117 
    ** contribution counts: 
    ****** simple_replacement_expression: 1 
    ****** simple_replacement_expression_CONS_propogation: 1 
    ****** multi_con_to_single_uncon: 1 
    ****** add_edge_to_assumptions: 1 
    ****** bpg_edges: 4 
    ****** bpg_nodes: 6 
    ****** bpg_time_records: {8.344650268554688e-06} 
    ****** DO_ASSUMPTION_PHASE: 1 
    ****** assumption_smt_count: 1 

** filename: Bits2Num@bitify@circomlib_128.circom 
** result: CONSTRAINED! 
** time: 0.004576 
    ** contribution counts: 
    ****** multi_con_to_single_uncon: 1 
    ****** bpg_time_records: {5.7220458984375e-06} 

** filename: Num2Bits@bitify@circomlib_64.circom 
** result: NOT SURE 
** time: 5.127415 
    ** contribution counts: 
    ****** bpg_time_records: {4.76837158203125e-06} 
    ****** DO_ASSUMPTION_PHASE: 1 

** filename: Num2BitsNeg@bitify@circomlib_32.circom 
** result: NOT SURE 
** time: 27.290868 
    ** contribution counts: 
    ****** simple_replacement_expression: 1 
    ****** simple_replacement_expression_CONS_propogation: 1 
    ****** multi_con_to_single_uncon: 1 
    ****** add_edge_to_assumptions: 1 
    ****** bpg_edges: 4 
    ****** bpg_nodes: 6 
    ****** bpg_time_records: {1.0251998901367188e-05} 
    ****** DO_ASSUMPTION_PHASE: 1 
    ****** assumption_smt_count: 1 

** filename: GreaterEqThan@comparators@circomlib_8.circom 
** result: NOT SURE 
** time: 7.04657 
    ** contribution counts: 
    ****** simple_replacement_expression: 4 
    ****** simple_replacement_expression_CONS_propogation: 2 
    ****** multi_con_to_single_uncon: 1 
    ****** bpg_time_records: {3.337860107421875e-06} 
    ****** DO_ASSUMPTION_PHASE: 1 

** filename: EdDSAMiMCSpongeVerifier@eddsamimcsponge@circomlib.circom 
** result: CONSTRAINED! 
** time: 3.836665 
    ** contribution counts: 
    ****** bpg_time_records: {1.0251998901367188e-05} 

** filename: Pedersen@pedersen@circomlib_8.circom 
** result: TIMEOUT 
** time: 64.49906778335571 
    ** contribution counts: 
    ****** simple_replacement_constant: 93 
    ****** bpg_edges: 4 
    ****** simple_replacement_expression: 127 
    ****** simple_replacement_expression_CONS_propogation: 44 
    ****** single_to_double: 225 
    ****** multi_con_to_single_uncon: 19 
    ****** add_edge_to_assumptions: 1 
    ****** bpg_time_records: {5.4836273193359375e-06} 
    ****** DO_ASSUMPTION_PHASE: 1 
    ****** assumption_smt_count: 1 

** filename: SMTVerifierLevel@smtverifierlevel@circomlib.circom 
** result: CONSTRAINED! 
** time: 0.601959 
    ** contribution counts: 
    ****** single_to_double: 1285 
    ****** simple_replacement_expression: 12 
    ****** simple_replacement_expression_CONS_propogation: 3 
    ****** multi_con_to_single_uncon: 737 
    ****** simple_replacement_constant: 3 
    ****** bpg_edges: 1 
    ****** bpg_time_records: {5.9604644775390625e-06} 

** filename: SMTHash1@smthash_mimc@circomlib.circom 
** result: CONSTRAINED! 
** time: 0.52228 
    ** contribution counts: 
    ****** simple_replacement_expression: 7 
    ****** simple_replacement_expression_CONS_propogation: 4 
    ****** simple_replacement_constant: 3 
    ****** bpg_edges: 1 
    ****** single_to_double: 1278 
    ****** multi_con_to_single_uncon: 732 
    ****** bpg_time_records: {5.4836273193359375e-06} 

** filename: OR@gates@circomlib.circom 
** result: CONSTRAINED! 
** time: 0.000315 
    ** contribution counts: 
    ****** single_to_double: 1 
    ****** multi_con_to_single_uncon: 1 
    ****** bpg_time_records: {6.4373016357421875e-06} 

** filename: BinSum@binsum@circomlib_32_5.circom 
** result: NOT SURE 
** time: 5.18655 
    ** contribution counts: 
    ****** bpg_time_records: {6.4373016357421875e-06} 
    ****** DO_ASSUMPTION_PHASE: 1 

** filename: NAND@gates@circomlib.circom 
** result: CONSTRAINED! 
** time: 0.000207 
    ** contribution counts: 
    ****** single_to_double: 1 
    ****** multi_con_to_single_uncon: 1 
    ****** bpg_time_records: {6.198883056640625e-06} 

** filename: Num2Bits@bitify@circomlib_254.circom 
** result: NOT SURE 
** time: 5.529846 
    ** contribution counts: 
    ****** bpg_time_records: {8.344650268554688e-06} 
    ****** DO_ASSUMPTION_PHASE: 1 

** filename: Pedersen@pedersen@circomlib_253.circom 
** result: TIMEOUT 
** time: 30.024150371551514 
    ** contribution counts: 
    ****** simple_replacement_constant: 2304 
    ****** bpg_edges: 51 
    ****** simple_replacement_expression: 3338 
    ****** simple_replacement_expression_CONS_propogation: 1142 
    ****** single_to_double: 5828 
    ****** multi_con_to_single_uncon: 537 
    ****** add_edge_to_assumptions: 1 

** filename: SMTHash1@smthash_poseidon@circomlib.circom 
** result: CONSTRAINED! 
** time: 0.994712 
    ** contribution counts: 
    ****** simple_replacement_expression: 408 
    ****** simple_replacement_expression_CONS_propogation: 6 
    ****** simple_replacement_constant: 11 
    ****** bpg_edges: 2 
    ****** single_to_double: 354 
    ****** multi_con_to_single_uncon: 562 
    ****** bpg_time_records: {7.867813110351562e-06} 

** filename: Num2BitsNeg@bitify@circomlib_128.circom 
** result: NOT SURE 
** time: 26.449836 
    ** contribution counts: 
    ****** simple_replacement_expression: 1 
    ****** simple_replacement_expression_CONS_propogation: 1 
    ****** multi_con_to_single_uncon: 1 
    ****** add_edge_to_assumptions: 1 
    ****** bpg_edges: 4 
    ****** bpg_nodes: 6 
    ****** bpg_time_records: {8.58306884765625e-06} 
    ****** DO_ASSUMPTION_PHASE: 1 
    ****** assumption_smt_count: 1 

** filename: SMTHash2@smthash_mimc@circomlib.circom 
** result: CONSTRAINED! 
** time: 0.434497 
    ** contribution counts: 
    ****** simple_replacement_expression: 7 
    ****** simple_replacement_expression_CONS_propogation: 4 
    ****** simple_replacement_constant: 3 
    ****** bpg_edges: 1 
    ****** single_to_double: 1278 
    ****** multi_con_to_single_uncon: 732 
    ****** bpg_time_records: {3.337860107421875e-06} 

** filename: Pedersen@pedersen@circomlib_16.circom 
** result: NOT SURE 
** time: 20.439355 
    ** contribution counts: 
    ****** simple_replacement_constant: 185 
    ****** bpg_edges: 4 
    ****** simple_replacement_expression: 259 
    ****** simple_replacement_expression_CONS_propogation: 88 
    ****** single_to_double: 454 
    ****** multi_con_to_single_uncon: 47 
    ****** add_edge_to_assumptions: 1 
    ****** bpg_time_records: {3.337860107421875e-06} 
    ****** DO_ASSUMPTION_PHASE: 1 
    ****** assumption_smt_count: 1 

** filename: Edwards2Montgomery@montgomery@circomlib.circom 
** result: UNDER-CONSTRAINED! 
** time: 2.193702 
    ** contribution counts: 
    ****** add_edge_to_assumptions: 2 
    ****** bpg_time_records: {4.291534423828125e-06, 5.9604644775390625e-06} 
    ****** DO_ASSUMPTION_PHASE: 1 
    ****** assumption_smt_count: 2 
    ****** clause_learning: 1 
    ****** Assumptions_grobner_early_conflict_cons: 1 
    ****** solved_assumption_smt_count: 1 
    ****** single_to_double: 1 
    ****** multi_con_to_single_uncon: 1 
    ****** Assumptions_via_grobner_UNDER: 1 
    ****** unsolved_assumption_smt_count: 1 

** filename: IsEqual@comparators@circomlib.circom 
** result: NOT SURE 
** time: 0.454712 
    ** contribution counts: 
    ****** multi_con_to_single_uncon: 2 
    ****** simple_replacement_expression: 1 
    ****** add_edge_to_assumptions: 1 
    ****** bpg_edges: 4 
    ****** bpg_nodes: 6 
    ****** bpg_time_records: {7.867813110351562e-06} 
    ****** DO_ASSUMPTION_PHASE: 1 
    ****** assumption_smt_count: 1 
    ****** clause_learning: 1 

** filename: NOR@gates@circomlib.circom 
** result: CONSTRAINED! 
** time: 0.00022 
    ** contribution counts: 
    ****** single_to_double: 1 
    ****** multi_con_to_single_uncon: 1 
    ****** bpg_time_records: {5.4836273193359375e-06} 

** filename: Pedersen@pedersen_old@circomlib_254.circom 
** result: TIMEOUT 
** time: 30.010785579681396 
    ** contribution counts: 
    ****** simple_replacement_expression: 2673 
    ****** simple_replacement_expression_CONS_propogation: 2005 
    ****** simple_replacement_constant: 1952 
    ****** bpg_edges: 1732 
    ****** single_to_double: 9070 
    ****** multi_con_to_single_uncon: 331 
    ****** add_edge_to_assumptions: 2 

** filename: MontgomeryAdd@montgomery@circomlib.circom 
** result: UNDER-CONSTRAINED! 
** time: 2.524599 
    ** contribution counts: 
    ****** add_edge_to_assumptions: 1 
    ****** bpg_time_records: {6.4373016357421875e-06} 
    ****** DO_ASSUMPTION_PHASE: 1 
    ****** assumption_smt_count: 1 
    ****** Assumptions_via_grobner_UNDER: 3 
    ****** unsolved_assumption_smt_count: 1 

** filename: BabyDbl@babyjub@circomlib.circom 
** result: CONSTRAINED! 
** time: 3.48993 
    ** contribution counts: 
    ****** simple_replacement_expression: 6 
    ****** simple_replacement_expression_CONS_propogation: 4 
    ****** single_to_double: 11 
    ****** multi_con_to_single_uncon: 4 
    ****** add_edge_to_assumptions: 2 
    ****** bpg_time_records: {4.76837158203125e-06} 
    ****** DO_ASSUMPTION_PHASE: 1 
    ****** assumption_smt_count: 2 
    ****** clause_learning: 1 
    ****** Assumptions_grobner_early_conflict_cons: 2 
    ****** solved_assumption_smt_count: 2 

** filename: Num2Bits@bitify@circomlib_32.circom 
** result: NOT SURE 
** time: 5.069519 
    ** contribution counts: 
    ****** bpg_time_records: {4.5299530029296875e-06} 
    ****** DO_ASSUMPTION_PHASE: 1 

** filename: SigmaPlus@sigmaplus@circomlib.circom 
** result: NOT SURE 
** time: 7.356152 
    ** contribution counts: 
    ****** simple_replacement_expression: 851 
    ****** simple_replacement_expression_CONS_propogation: 499 
    ****** single_to_double: 576 
    ****** simple_replacement_constant: 26 
    ****** bpg_edges: 13 
    ****** multi_con_to_single_uncon: 175 
    ****** bpg_time_records: {3.814697265625e-06} 
    ****** DO_ASSUMPTION_PHASE: 1 

** filename: T2@t2@circomlib.circom 
** result: NOT SURE 
** time: 6.24088 
    ** contribution counts: 
    ****** simple_replacement_expression: 544 
    ****** simple_replacement_expression_CONS_propogation: 320 
    ****** single_to_double: 544 
    ****** multi_con_to_single_uncon: 151 
    ****** bpg_time_records: {4.0531158447265625e-06} 
    ****** DO_ASSUMPTION_PHASE: 1 

** filename: Num2Bits_strict@bitify@circomlib.circom 
** result: NOT SURE 
** time: 8.657604 
    ** contribution counts: 
    ****** simple_replacement_expression: 764 
    ****** simple_replacement_expression_CONS_propogation: 1 
    ****** simple_replacement_constant: 2 
    ****** bpg_edges: 1 
    ****** single_to_double: 1 
    ****** bpg_time_records: {6.9141387939453125e-06} 
    ****** DO_ASSUMPTION_PHASE: 1 

** filename: Num2BitsNeg@bitify@circomlib_253.circom 
** result: NOT SURE 
** time: 27.009259 
    ** contribution counts: 
    ****** simple_replacement_expression: 1 
    ****** simple_replacement_expression_CONS_propogation: 1 
    ****** multi_con_to_single_uncon: 1 
    ****** add_edge_to_assumptions: 1 
    ****** bpg_edges: 4 
    ****** bpg_nodes: 6 
    ****** bpg_time_records: {9.298324584960938e-06} 
    ****** DO_ASSUMPTION_PHASE: 1 
    ****** assumption_smt_count: 1 

** filename: ForceEqualIfEnabled@comparators@circomlib.circom 
** result: CONSTRAINED! 
** time: 0.00023 
    ** contribution counts: 
    ****** bpg_time_records: {3.814697265625e-06} 

** filename: Pedersen@pedersen_old@circomlib_32.circom 
** result: NOT SURE 
** time: 22.675252 
    ** contribution counts: 
    ****** simple_replacement_expression: 386 
    ****** simple_replacement_expression_CONS_propogation: 290 
    ****** simple_replacement_constant: 296 
    ****** bpg_edges: 258 
    ****** single_to_double: 1356 
    ****** multi_con_to_single_uncon: 56 
    ****** add_edge_to_assumptions: 2 
    ****** bpg_time_records: {5.0067901611328125e-06} 
    ****** DO_ASSUMPTION_PHASE: 1 
    ****** assumption_smt_count: 1 

** filename: Num2BitsNeg@bitify@circomlib_8.circom 
** result: NOT SURE 
** time: 25.511182 
    ** contribution counts: 
    ****** simple_replacement_expression: 1 
    ****** simple_replacement_expression_CONS_propogation: 1 
    ****** multi_con_to_single_uncon: 1 
    ****** add_edge_to_assumptions: 1 
    ****** bpg_edges: 4 
    ****** bpg_nodes: 6 
    ****** bpg_time_records: {1.0251998901367188e-05} 
    ****** DO_ASSUMPTION_PHASE: 1 
    ****** assumption_smt_count: 1 

** filename: MontgomeryDouble@montgomery@circomlib.circom 
** result: NOT SURE 
** time: 26.139212 
    ** contribution counts: 
    ****** single_to_double: 1 
    ****** multi_con_to_single_uncon: 2 
    ****** add_edge_to_assumptions: 1 
    ****** bpg_time_records: {5.9604644775390625e-06} 
    ****** DO_ASSUMPTION_PHASE: 1 
    ****** assumption_smt_count: 1 
    ****** clause_learning: 1 

** filename: GreaterThan@comparators@circomlib_8.circom 
** result: NOT SURE 
** time: 7.046178 
    ** contribution counts: 
    ****** simple_replacement_expression: 4 
    ****** simple_replacement_expression_CONS_propogation: 2 
    ****** multi_con_to_single_uncon: 1 
    ****** bpg_time_records: {3.337860107421875e-06} 
    ****** DO_ASSUMPTION_PHASE: 1 

** filename: Pedersen@pedersen_old@circomlib_64.circom 
** result: NOT SURE 
** time: 25.11722 
    ** contribution counts: 
    ****** simple_replacement_expression: 770 
    ****** simple_replacement_expression_CONS_propogation: 578 
    ****** simple_replacement_constant: 584 
    ****** bpg_edges: 514 
    ****** single_to_double: 2700 
    ****** multi_con_to_single_uncon: 104 
    ****** add_edge_to_assumptions: 2 
    ****** bpg_time_records: {4.0531158447265625e-06} 
    ****** DO_ASSUMPTION_PHASE: 1 
    ****** assumption_smt_count: 1 

** filename: Bits2Num@bitify@circomlib_16.circom 
** result: CONSTRAINED! 
** time: 0.000361 
    ** contribution counts: 
    ****** multi_con_to_single_uncon: 1 
    ****** bpg_time_records: {4.291534423828125e-06} 

** filename: Num2Bits@bitify@circomlib_253.circom 
** result: NOT SURE 
** time: 5.437776 
    ** contribution counts: 
    ****** bpg_time_records: {8.821487426757812e-06} 
    ****** DO_ASSUMPTION_PHASE: 1 

** filename: AliasCheck@aliascheck@circomlib.circom 
** result: CONSTRAINED! 
** time: 0.0276 
    ** contribution counts: 
    ****** bpg_time_records: {4.291534423828125e-06} 

** filename: Mux2@mux2@circomlib.circom 
** result: CONSTRAINED! 
** time: 0.002012 
    ** contribution counts: 
    ****** simple_replacement_expression: 8 
    ****** simple_replacement_expression_CONS_propogation: 7 
    ****** single_to_double: 18 
    ****** multi_con_to_single_uncon: 5 
    ****** bpg_time_records: {2.86102294921875e-06} 

** filename: Bits2Num@bitify@circomlib_64.circom 
** result: CONSTRAINED! 
** time: 0.001352 
    ** contribution counts: 
    ****** multi_con_to_single_uncon: 1 
    ****** bpg_time_records: {4.76837158203125e-06} 

** filename: Mux3@mux3@circomlib.circom 
** result: CONSTRAINED! 
** time: 0.004046 
    ** contribution counts: 
    ****** simple_replacement_expression: 13 
    ****** simple_replacement_expression_CONS_propogation: 12 
    ****** single_to_double: 42 
    ****** multi_con_to_single_uncon: 9 
    ****** bpg_time_records: {3.337860107421875e-06} 

** filename: Bits2Num@bitify@circomlib_8.circom 
** result: CONSTRAINED! 
** time: 0.000265 
    ** contribution counts: 
    ****** multi_con_to_single_uncon: 1 
    ****** bpg_time_records: {4.5299530029296875e-06} 

** filename: Pedersen@pedersen@circomlib_64.circom 
** result: NOT SURE 
** time: 25.406207 
    ** contribution counts: 
    ****** simple_replacement_constant: 755 
    ****** bpg_edges: 24 
    ****** simple_replacement_expression: 1033 
    ****** simple_replacement_expression_CONS_propogation: 352 
    ****** single_to_double: 1844 
    ****** multi_con_to_single_uncon: 173 
    ****** add_edge_to_assumptions: 1 
    ****** bpg_time_records: {4.0531158447265625e-06} 
    ****** DO_ASSUMPTION_PHASE: 1 
    ****** assumption_smt_count: 1 

** filename: Pedersen@pedersen_old@circomlib_128.circom 
** result: NOT SURE 
** time: 38.495695 
    ** contribution counts: 
    ****** simple_replacement_expression: 1538 
    ****** simple_replacement_expression_CONS_propogation: 1154 
    ****** simple_replacement_constant: 1160 
    ****** bpg_edges: 1026 
    ****** single_to_double: 5388 
    ****** multi_con_to_single_uncon: 200 
    ****** add_edge_to_assumptions: 2 
    ****** bpg_time_records: {4.76837158203125e-06} 
    ****** DO_ASSUMPTION_PHASE: 1 
    ****** assumption_smt_count: 1 

** filename: Montgomery2Edwards@montgomery@circomlib.circom 
** result: UNDER-CONSTRAINED! 
** time: 0.16213 
    ** contribution counts: 
    ****** multi_con_to_single_uncon: 1 
    ****** add_edge_to_assumptions: 2 
    ****** bpg_time_records: {5.0067901611328125e-06} 
    ****** DO_ASSUMPTION_PHASE: 1 
    ****** assumption_smt_count: 1 
    ****** clause_learning: 1 
    ****** Assumptions_via_grobner_UNDER: 1 
    ****** unsolved_assumption_smt_count: 1 

** filename: Multiplexor2@escalarmulany@circomlib.circom 
** result: CONSTRAINED! 
** time: 0.000339 
    ** contribution counts: 
    ****** single_to_double: 4 
    ****** multi_con_to_single_uncon: 2 
    ****** bpg_time_records: {5.0067901611328125e-06} 

** filename: Num2BitsNeg@bitify@circomlib_1.circom 
** result: argument 1: RecursionError: ??? 
** time: 99999999 
    ** contribution counts: 
    ****** simple_replacement_expression: 1 
    ****** simple_replacement_expression_CONS_propogation: 1 
    ****** multi_con_to_single_uncon: 1 
    ****** add_edge_to_assumptions: 1 
    ****** bpg_edges: 4 
    ****** bpg_nodes: 6 
    ****** bpg_time_records: {1.049041748046875e-05} 
    ****** DO_ASSUMPTION_PHASE: 1 
    ****** assumption_smt_count: 1 
    ****** clause_learning: 1 

** filename: Bits2Num_strict@bitify@circomlib.circom 
** result: CONSTRAINED! 
** time: 1.406988 
    ** contribution counts: 
    ****** simple_replacement_expression: 764 
    ****** simple_replacement_expression_CONS_propogation: 763 
    ****** single_to_double: 255 
    ****** simple_replacement_constant: 2 
    ****** bpg_edges: 1 
    ****** multi_con_to_single_uncon: 129 
    ****** bpg_time_records: {4.0531158447265625e-06} 

** filename: EdDSAMiMCVerifier@eddsamimc@circomlib.circom 
** result: CONSTRAINED! 
** time: 3.116656 
    ** contribution counts: 
    ****** bpg_time_records: {8.344650268554688e-06} 

** filename: Mux1@mux1@circomlib.circom 
** result: CONSTRAINED! 
** time: 0.000796 
    ** contribution counts: 
    ****** simple_replacement_expression: 4 
    ****** simple_replacement_expression_CONS_propogation: 3 
    ****** single_to_double: 4 
    ****** multi_con_to_single_uncon: 1 
    ****** bpg_time_records: {4.5299530029296875e-06} 

** filename: Sign@sign@circomlib.circom 
** result: NOT SURE 
** time: 6.350663 
    ** contribution counts: 
    ****** simple_replacement_expression: 257 
    ****** simple_replacement_expression_CONS_propogation: 255 
    ****** single_to_double: 254 
    ****** multi_con_to_single_uncon: 128 
    ****** bpg_time_records: {3.5762786865234375e-06} 
    ****** DO_ASSUMPTION_PHASE: 1 

** filename: Bits2Num@bitify@circomlib_1.circom 
** result: CONSTRAINED! 
** time: 0.000188 
    ** contribution counts: 
    ****** multi_con_to_single_uncon: 1 
    ****** bpg_time_records: {5.9604644775390625e-06} 

** filename: Switcher@switcher@circomlib.circom 
** result: CONSTRAINED! 
** time: 0.000355 
    ** contribution counts: 
    ****** single_to_double: 2 
    ****** multi_con_to_single_uncon: 3 
    ****** bpg_time_records: {3.337860107421875e-06} 

** filename: SMTProcessorLevel@smtprocessorlevel@circomlib.circom 
** result: CONSTRAINED! 
** time: 1.80461 
    ** contribution counts: 
    ****** single_to_double: 2575 
    ****** simple_replacement_expression: 22 
    ****** simple_replacement_expression_CONS_propogation: 4 
    ****** multi_con_to_single_uncon: 1477 
    ****** simple_replacement_constant: 6 
    ****** bpg_edges: 2 
    ****** bpg_time_records: {3.814697265625e-06} 

** filename: WindowMulFix@escalarmulfix@circomlib.circom 
** result: NOT SURE 
** time: 20.228983 
    ** contribution counts: 
    ****** simple_replacement_expression: 51 
    ****** simple_replacement_expression_CONS_propogation: 21 
    ****** single_to_double: 15 
    ****** multi_con_to_single_uncon: 3 
    ****** add_edge_to_assumptions: 1 
    ****** bpg_time_records: {6.4373016357421875e-06} 
    ****** DO_ASSUMPTION_PHASE: 1 
    ****** assumption_smt_count: 1 

** filename: Window4@pedersen@circomlib.circom 
** result: NOT SURE 
** time: 20.843011 
    ** contribution counts: 
    ****** simple_replacement_expression: 50 
    ****** simple_replacement_expression_CONS_propogation: 21 
    ****** single_to_double: 15 
    ****** multi_con_to_single_uncon: 3 
    ****** add_edge_to_assumptions: 1 
    ****** bpg_time_records: {8.106231689453125e-06} 
    ****** DO_ASSUMPTION_PHASE: 1 
    ****** assumption_smt_count: 1 

** filename: Bits2Num@bitify@circomlib_253.circom 
** result: CONSTRAINED! 
** time: 0.011769 
    ** contribution counts: 
    ****** multi_con_to_single_uncon: 1 
    ****** bpg_time_records: {5.0067901611328125e-06} 

** filename: Num2Bits@bitify@circomlib_16.circom 
** result: NOT SURE 
** time: 5.061773 
    ** contribution counts: 
    ****** bpg_time_records: {5.4836273193359375e-06} 
    ****** DO_ASSUMPTION_PHASE: 1 

** filename: Pedersen@pedersen_old@circomlib_1.circom 
** result: CONSTRAINED! 
** time: 0.019087 
    ** contribution counts: 
    ****** simple_replacement_expression: 18 
    ****** simple_replacement_expression_CONS_propogation: 8 
    ****** simple_replacement_constant: 78 
    ****** bpg_edges: 37 
    ****** single_to_double: 138 
    ****** multi_con_to_single_uncon: 5 
    ****** bpg_time_records: {3.5762786865234375e-06} 

** filename: Pedersen@pedersen@circomlib_1.circom 
** result: NOT SURE 
** time: 5.113275 
    ** contribution counts: 
    ****** simple_replacement_constant: 63 
    ****** bpg_edges: 5 
    ****** simple_replacement_expression: 49 
    ****** simple_replacement_expression_CONS_propogation: 9 
    ****** single_to_double: 93 
    ****** multi_con_to_single_uncon: 8 
    ****** add_edge_to_assumptions: 2 
    ****** bpg_time_records: {4.0531158447265625e-06} 
    ****** DO_ASSUMPTION_PHASE: 1 
    ****** assumption_smt_count: 2 
    ****** clause_learning: 1 
    ****** Assumptions_grobner_early_conflict_cons: 2 
    ****** solved_assumption_smt_count: 2 

** filename: Sigma@poseidon_old@circomlib.circom 
** result: CONSTRAINED! 
** time: 0.000444 
    ** contribution counts: 
    ****** single_to_double: 3 
    ****** multi_con_to_single_uncon: 3 
    ****** bpg_time_records: {6.67572021484375e-06} 

** filename: LessEqThan@comparators@circomlib_8.circom 
** result: NOT SURE 
** time: 7.047969 
    ** contribution counts: 
    ****** simple_replacement_expression: 4 
    ****** simple_replacement_expression_CONS_propogation: 2 
    ****** multi_con_to_single_uncon: 1 
    ****** bpg_time_records: {3.0994415283203125e-06} 
    ****** DO_ASSUMPTION_PHASE: 1 

** filename: SMTVerifierSM@smtverifiersm@circomlib.circom 
** result: CONSTRAINED! 
** time: 0.000883 
    ** contribution counts: 
    ****** single_to_double: 4 
    ****** multi_con_to_single_uncon: 7 
    ****** bpg_time_records: {5.9604644775390625e-06} 

** filename: BinSub@binsub@circomlib_16.circom 
** result: NOT SURE 
** time: 5.080287 
    ** contribution counts: 
    ****** bpg_time_records: {6.4373016357421875e-06} 
    ****** DO_ASSUMPTION_PHASE: 1 

** filename: SMTHash2@smthash_poseidon@circomlib.circom 
** result: CONSTRAINED! 
** time: 0.520547 
    ** contribution counts: 
    ****** simple_replacement_expression: 326 
    ****** simple_replacement_expression_CONS_propogation: 6 
    ****** simple_replacement_constant: 5 
    ****** bpg_edges: 1 
    ****** single_to_double: 326 
    ****** multi_con_to_single_uncon: 452 
    ****** bpg_time_records: {4.0531158447265625e-06} 

** filename: BinSum@binsum@circomlib_32_2.circom 
** result: NOT SURE 
** time: 5.127464 
    ** contribution counts: 
    ****** bpg_time_records: {6.4373016357421875e-06} 
    ****** DO_ASSUMPTION_PHASE: 1 

** filename: XOR@gates@circomlib.circom 
** result: CONSTRAINED! 
** time: 0.000216 
    ** contribution counts: 
    ****** single_to_double: 1 
    ****** multi_con_to_single_uncon: 1 
    ****** bpg_time_records: {5.7220458984375e-06} 

** filename: Pedersen@pedersen_old@circomlib_253.circom 
** result: TIMEOUT 
** time: 30.006107807159424 
    ** contribution counts: 
    ****** simple_replacement_expression: 2689 
    ****** simple_replacement_expression_CONS_propogation: 2021 
    ****** simple_replacement_constant: 1964 
    ****** bpg_edges: 1742 
    ****** single_to_double: 9114 
    ****** multi_con_to_single_uncon: 332 
    ****** add_edge_to_assumptions: 2 

** filename: Bits2Point@pointbits@circomlib.circom 
** result: UNDER-CONSTRAINED! 
** time: 0.031988 
    ** contribution counts: 
    ****** bpg_time_records: {6.198883056640625e-06} 
    ****** DO_ASSUMPTION_PHASE: 1 
    ****** NO_Assumptions_raw_SMT_UNDER: 2 

** filename: Bits2Num@bitify@circomlib_254.circom 
** result: CONSTRAINED! 
** time: 0.014229 
    ** contribution counts: 
    ****** multi_con_to_single_uncon: 1 
    ****** bpg_time_records: {6.4373016357421875e-06} 

** filename: Pedersen@pedersen@circomlib_128.circom 
** result: NOT SURE 
** time: 33.139535 
    ** contribution counts: 
    ****** simple_replacement_constant: 1512 
    ****** bpg_edges: 48 
    ****** simple_replacement_expression: 2068 
    ****** simple_replacement_expression_CONS_propogation: 704 
    ****** single_to_double: 3697 
    ****** multi_con_to_single_uncon: 348 
    ****** add_edge_to_assumptions: 1 
    ****** bpg_time_records: {4.0531158447265625e-06} 
    ****** DO_ASSUMPTION_PHASE: 1 
    ****** assumption_smt_count: 1 

** filename: Sha256compression@sha256compression@circomlib.circom 
** result: TIMEOUT 
** time: 30.0705087184906 
    ** contribution counts: 

** filename: Num2BitsNeg@bitify@circomlib_254.circom 
** result: NOT SURE 
** time: 27.316326 
    ** contribution counts: 
    ****** simple_replacement_expression: 1 
    ****** simple_replacement_expression_CONS_propogation: 1 
    ****** multi_con_to_single_uncon: 1 
    ****** add_edge_to_assumptions: 1 
    ****** bpg_edges: 4 
    ****** bpg_nodes: 6 
    ****** bpg_time_records: {1.0967254638671875e-05} 
    ****** DO_ASSUMPTION_PHASE: 1 
    ****** assumption_smt_count: 1 

** filename: GreaterThan@comparators@circomlib_16.circom 
** result: NOT SURE 
** time: 7.078198 
    ** contribution counts: 
    ****** simple_replacement_expression: 4 
    ****** simple_replacement_expression_CONS_propogation: 2 
    ****** multi_con_to_single_uncon: 1 
    ****** bpg_time_records: {4.291534423828125e-06} 
    ****** DO_ASSUMPTION_PHASE: 1 

** filename: NOT@gates@circomlib.circom 
** result: CONSTRAINED! 
** time: 0.000185 
    ** contribution counts: 
    ****** multi_con_to_single_uncon: 1 
    ****** bpg_time_records: {5.7220458984375e-06} 

** filename: Pedersen@pedersen@circomlib_254.circom 
** result: TIMEOUT 
** time: 30.008559703826904 
    ** contribution counts: 
    ****** simple_replacement_constant: 2309 
    ****** bpg_edges: 50 
    ****** simple_replacement_expression: 3417 
    ****** simple_replacement_expression_CONS_propogation: 1178 
    ****** single_to_double: 5846 
    ****** multi_con_to_single_uncon: 505 
    ****** add_edge_to_assumptions: 1 

** filename: Num2Bits@bitify@circomlib_8.circom 
** result: NOT SURE 
** time: 5.051327 
    ** contribution counts: 
    ****** bpg_time_records: {4.0531158447265625e-06} 
    ****** DO_ASSUMPTION_PHASE: 1 

** filename: Pedersen@pedersen_old@circomlib_16.circom 
** result: NOT SURE 
** time: 21.744083 
    ** contribution counts: 
    ****** simple_replacement_expression: 194 
    ****** simple_replacement_expression_CONS_propogation: 146 
    ****** simple_replacement_constant: 152 
    ****** bpg_edges: 130 
    ****** single_to_double: 684 
    ****** multi_con_to_single_uncon: 32 
    ****** add_edge_to_assumptions: 2 
    ****** bpg_time_records: {3.5762786865234375e-06} 
    ****** DO_ASSUMPTION_PHASE: 1 
    ****** assumption_smt_count: 1 

** filename: Num2Bits@bitify@circomlib_256.circom 
** result: NOT SURE 
** time: 5.486179 
    ** contribution counts: 
    ****** bpg_time_records: {5.245208740234375e-06} 
    ****** DO_ASSUMPTION_PHASE: 1 

** filename: IsZero@comparators@circomlib.circom 
** result: NOT SURE 
** time: 0.197567 
    ** contribution counts: 
    ****** multi_con_to_single_uncon: 1 
    ****** add_edge_to_assumptions: 1 
    ****** bpg_edges: 2 
    ****** bpg_nodes: 4 
    ****** bpg_time_records: {7.867813110351562e-06} 
    ****** DO_ASSUMPTION_PHASE: 1 
    ****** assumption_smt_count: 1 
    ****** clause_learning: 1 

** filename: Pedersen@pedersen_old@circomlib_256.circom 
** result: TIMEOUT 
** time: 30.010720252990723 
    ** contribution counts: 
    ****** simple_replacement_expression: 2730 
    ****** simple_replacement_expression_CONS_propogation: 2052 
    ****** simple_replacement_constant: 1992 
    ****** bpg_edges: 1766 
    ****** single_to_double: 9270 
    ****** multi_con_to_single_uncon: 338 
    ****** add_edge_to_assumptions: 2 

** filename: LessEqThan@comparators@circomlib_16.circom 
** result: NOT SURE 
** time: 7.107954 
    ** contribution counts: 
    ****** simple_replacement_expression: 4 
    ****** simple_replacement_expression_CONS_propogation: 2 
    ****** multi_con_to_single_uncon: 1 
    ****** bpg_time_records: {4.0531158447265625e-06} 
    ****** DO_ASSUMPTION_PHASE: 1 

** filename: SMTProcessorSM@smtprocessorsm@circomlib.circom 
** result: CONSTRAINED! 
** time: 0.000875 
    ** contribution counts: 
    ****** single_to_double: 6 
    ****** multi_con_to_single_uncon: 8 
    ****** bpg_time_records: {4.0531158447265625e-06} 

** filename: Bits2Point_Strict@pointbits@circomlib.circom 
** result: TIMEOUT 
** time: 30.16509485244751 
    ** contribution counts: 
    ****** simple_replacement_expression: 1533 
    ****** simple_replacement_expression_CONS_propogation: 765 
    ****** simple_replacement_constant: 5 
    ****** bpg_edges: 3 
    ****** single_to_double: 258 
    ****** multi_con_to_single_uncon: 131 
    ****** add_edge_to_assumptions: 1 
    ****** bpg_time_records: {3.814697265625e-06} 
    ****** DO_ASSUMPTION_PHASE: 1 
    ****** assumption_smt_count: 1 

** filename: Num2Bits@bitify@circomlib_128.circom 
** result: NOT SURE 
** time: 5.250695 
    ** contribution counts: 
    ****** bpg_time_records: {6.9141387939453125e-06} 
    ****** DO_ASSUMPTION_PHASE: 1 

** filename: Pedersen@pedersen_old@circomlib_8.circom 
** result: NOT SURE 
** time: 20.295132 
    ** contribution counts: 
    ****** simple_replacement_expression: 98 
    ****** simple_replacement_expression_CONS_propogation: 74 
    ****** simple_replacement_constant: 80 
    ****** bpg_edges: 66 
    ****** single_to_double: 348 
    ****** multi_con_to_single_uncon: 20 
    ****** add_edge_to_assumptions: 2 
    ****** bpg_time_records: {4.5299530029296875e-06} 
    ****** DO_ASSUMPTION_PHASE: 1 
    ****** assumption_smt_count: 1 

** filename: Pedersen@pedersen@circomlib_256.circom 
** result: TIMEOUT 
** time: 30.00578546524048 
    ** contribution counts: 
    ****** simple_replacement_constant: 2307 
    ****** bpg_edges: 48 
    ****** simple_replacement_expression: 3432 
    ****** simple_replacement_expression_CONS_propogation: 1183 
    ****** single_to_double: 5846 
    ****** multi_con_to_single_uncon: 522 
    ****** add_edge_to_assumptions: 1 

** filename: GreaterThan@comparators.circom 
** result: NOT SURE 
** time: 7.072555 
    ** contribution counts: 
    ****** simple_replacement_expression: 4 
    ****** simple_replacement_expression_CONS_propogation: 2 
    ****** multi_con_to_single_uncon: 1 
    ****** bpg_time_records: {3.337860107421875e-06} 
    ****** DO_ASSUMPTION_PHASE: 1 

** filename: Segment@pedersen.circom 
** result: NOT SURE 
** time: 21.063059 
    ** contribution counts: 
    ****** simple_replacement_expression: 126 
    ****** simple_replacement_expression_CONS_propogation: 16 
    ****** add_edge_to_assumptions: 1 
    ****** single_to_double: 4 
    ****** multi_con_to_single_uncon: 2 
    ****** bpg_time_records: {5.4836273193359375e-06} 
    ****** DO_ASSUMPTION_PHASE: 1 
    ****** assumption_smt_count: 1 

** filename: BabyCheck@babyjub.circom 
** result: CONSTRAINED! 
** time: 0.000311 
    ** contribution counts: 
    ****** single_to_double: 2 
    ****** bpg_time_records: {8.58306884765625e-06} 

** filename: Poseidon@poseidon.circom 
** result: CONSTRAINED! 
** time: 0.551347 
    ** contribution counts: 
    ****** simple_replacement_constant: 5 
    ****** bpg_edges: 1 
    ****** simple_replacement_expression: 323 
    ****** simple_replacement_expression_CONS_propogation: 4 
    ****** single_to_double: 326 
    ****** multi_con_to_single_uncon: 473 
    ****** bpg_time_records: {3.5762786865234375e-06} 

** filename: Pedersen@pedersen_old.circom 
** result: CONSTRAINED! 
** time: 0.027196 
    ** contribution counts: 
    ****** simple_replacement_expression: 28 
    ****** simple_replacement_expression_CONS_propogation: 17 
    ****** simple_replacement_constant: 67 
    ****** bpg_edges: 36 
    ****** single_to_double: 147 
    ****** multi_con_to_single_uncon: 7 
    ****** bpg_time_records: {4.76837158203125e-06} 

** filename: Num2BitsNeg@bitify.circom 
** result: argument 1: RecursionError: ??? 
** time: 99999999 
    ** contribution counts: 
    ****** simple_replacement_expression: 1 
    ****** simple_replacement_expression_CONS_propogation: 1 
    ****** multi_con_to_single_uncon: 1 
    ****** add_edge_to_assumptions: 1 
    ****** bpg_edges: 4 
    ****** bpg_nodes: 6 
    ****** bpg_time_records: {8.106231689453125e-06} 
    ****** DO_ASSUMPTION_PHASE: 1 
    ****** assumption_smt_count: 1 
    ****** clause_learning: 1 

** filename: SegmentMulAny@escalarmulany.circom 
** result: NOT SURE 
** time: 23.064699 
    ** contribution counts: 
    ****** simple_replacement_expression: 37 
    ****** simple_replacement_expression_CONS_propogation: 7 
    ****** add_edge_to_assumptions: 1 
    ****** bpg_time_records: {4.5299530029296875e-06} 
    ****** DO_ASSUMPTION_PHASE: 1 
    ****** assumption_smt_count: 1 

** filename: MiMCFeistel@mimcsponge.circom 
** result: CONSTRAINED! 
** time: 0.001234 
    ** contribution counts: 
    ****** single_to_double: 11 
    ****** multi_con_to_single_uncon: 6 
    ****** simple_replacement_expression: 2 
    ****** simple_replacement_expression_CONS_propogation: 1 
    ****** bpg_time_records: {3.5762786865234375e-06} 

** filename: BabyAdd@babyjub.circom 
** result: CONSTRAINED! 
** time: 8.533052 
    ** contribution counts: 
    ****** single_to_double: 7 
    ****** multi_con_to_single_uncon: 4 
    ****** add_edge_to_assumptions: 2 
    ****** bpg_time_records: {5.7220458984375e-06} 
    ****** DO_ASSUMPTION_PHASE: 1 
    ****** assumption_smt_count: 2 
    ****** clause_learning: 1 
    ****** Assumptions_grobner_early_conflict_cons: 2 
    ****** solved_assumption_smt_count: 2 

** filename: MultiAND@gates.circom 
** result: CONSTRAINED! 
** time: 0.000788 
    ** contribution counts: 
    ****** simple_replacement_expression: 3 
    ****** simple_replacement_expression_CONS_propogation: 2 
    ****** single_to_double: 2 
    ****** multi_con_to_single_uncon: 1 
    ****** bpg_time_records: {6.198883056640625e-06} 

** filename: BabyPbk@babyjub.circom 
** result: TIMEOUT 
** time: 30.222219705581665 
    ** contribution counts: 
    ****** simple_replacement_expression: 5277 
    ****** simple_replacement_expression_CONS_propogation: 1 
    ****** simple_replacement_constant: 3257 
    ****** bpg_edges: 4 
    ****** multi_con_to_single_uncon: 211 
    ****** single_to_double: 2842 

** filename: Multiplexer@multiplexer.circom 
** result: CONSTRAINED! 
** time: 0.004543 
    ** contribution counts: 
    ****** simple_replacement_expression: 12 
    ****** simple_replacement_expression_CONS_propogation: 5 
    ****** single_to_double: 5 
    ****** simple_replacement_constant: 1 
    ****** bpg_edges: 5 
    ****** multi_con_to_single_uncon: 13 
    ****** add_edge_to_assumptions: 2 
    ****** bpg_nodes: 6 
    ****** bpg_time_records: {8.58306884765625e-06} 

** filename: Bits2Num_strict@bitify.circom 
** result: CONSTRAINED! 
** time: 1.36032 
    ** contribution counts: 
    ****** simple_replacement_expression: 764 
    ****** simple_replacement_expression_CONS_propogation: 763 
    ****** single_to_double: 255 
    ****** simple_replacement_constant: 2 
    ****** bpg_edges: 1 
    ****** multi_con_to_single_uncon: 129 
    ****** bpg_time_records: {4.291534423828125e-06} 

** filename: Point2Bits_Strict@pointbits.circom 
** result: NOT SURE 
** time: 8.697128 
    ** contribution counts: 
    ****** simple_replacement_expression: 1531 
    ****** simple_replacement_expression_CONS_propogation: 2 
    ****** simple_replacement_constant: 5 
    ****** bpg_edges: 3 
    ****** single_to_double: 2 
    ****** bpg_time_records: {7.3909759521484375e-06} 
    ****** DO_ASSUMPTION_PHASE: 1 

** filename: BinSum@binsum.circom 
** result: NOT SURE 
** time: 5.061511 
    ** contribution counts: 
    ****** bpg_time_records: {6.4373016357421875e-06} 
    ****** DO_ASSUMPTION_PHASE: 1 

** filename: Bits2Point_Strict@pointbits.circom 
** result: TIMEOUT 
** time: 30.218044996261597 
    ** contribution counts: 
    ****** simple_replacement_expression: 1533 
    ****** simple_replacement_expression_CONS_propogation: 765 
    ****** simple_replacement_constant: 5 
    ****** bpg_edges: 3 
    ****** single_to_double: 258 
    ****** multi_con_to_single_uncon: 131 
    ****** add_edge_to_assumptions: 1 
    ****** bpg_time_records: {4.291534423828125e-06} 
    ****** DO_ASSUMPTION_PHASE: 1 
    ****** assumption_smt_count: 1 

** filename: MultiMux4@mux4.circom 
** result: CONSTRAINED! 
** time: 0.010228 
    ** contribution counts: 
    ****** single_to_double: 124 
    ****** multi_con_to_single_uncon: 36 
    ****** simple_replacement_expression: 2 
    ****** simple_replacement_expression_CONS_propogation: 2 
    ****** bpg_time_records: {5.0067901611328125e-06} 

** filename: EdDSAMiMCSpongeVerifier@eddsamimcsponge.circom 
** result: CONSTRAINED! 
** time: 3.898366 
    ** contribution counts: 
    ****** bpg_time_records: {1.1205673217773438e-05} 

** filename: OR@gates.circom 
** result: CONSTRAINED! 
** time: 0.000298 
    ** contribution counts: 
    ****** single_to_double: 1 
    ****** multi_con_to_single_uncon: 1 
    ****** bpg_time_records: {8.58306884765625e-06} 

** filename: Mux2@mux2.circom 
** result: CONSTRAINED! 
** time: 0.002471 
    ** contribution counts: 
    ****** simple_replacement_expression: 8 
    ****** simple_replacement_expression_CONS_propogation: 7 
    ****** single_to_double: 18 
    ****** multi_con_to_single_uncon: 5 
    ****** bpg_time_records: {4.291534423828125e-06} 

** filename: Switcher@switcher.circom 
** result: CONSTRAINED! 
** time: 0.00046 
    ** contribution counts: 
    ****** single_to_double: 2 
    ****** multi_con_to_single_uncon: 3 
    ****** bpg_time_records: {4.291534423828125e-06} 

** filename: BabyDbl@babyjub.circom 
** result: CONSTRAINED! 
** time: 3.479466 
    ** contribution counts: 
    ****** simple_replacement_expression: 6 
    ****** simple_replacement_expression_CONS_propogation: 4 
    ****** single_to_double: 11 
    ****** multi_con_to_single_uncon: 4 
    ****** add_edge_to_assumptions: 2 
    ****** bpg_time_records: {4.76837158203125e-06} 
    ****** DO_ASSUMPTION_PHASE: 1 
    ****** assumption_smt_count: 2 
    ****** clause_learning: 1 
    ****** Assumptions_grobner_early_conflict_cons: 2 
    ****** solved_assumption_smt_count: 2 

** filename: XOR@gates.circom 
** result: CONSTRAINED! 
** time: 0.000303 
    ** contribution counts: 
    ****** single_to_double: 1 
    ****** multi_con_to_single_uncon: 1 
    ****** bpg_time_records: {5.9604644775390625e-06} 

** filename: EscalarProduct@multiplexer.circom 
** result: CONSTRAINED! 
** time: 0.000351 
    ** contribution counts: 
    ****** single_to_double: 2 
    ****** multi_con_to_single_uncon: 3 
    ****** bpg_time_records: {4.5299530029296875e-06} 

** filename: IsEqual@comparators.circom 
** result: NOT SURE 
** time: 0.567809 
    ** contribution counts: 
    ****** multi_con_to_single_uncon: 2 
    ****** simple_replacement_expression: 1 
    ****** add_edge_to_assumptions: 1 
    ****** bpg_edges: 4 
    ****** bpg_nodes: 6 
    ****** bpg_time_records: {1.0728836059570312e-05} 
    ****** DO_ASSUMPTION_PHASE: 1 
    ****** assumption_smt_count: 1 
    ****** clause_learning: 1 

** filename: IsZero@comparators.circom 
** result: NOT SURE 
** time: 0.25575 
    ** contribution counts: 
    ****** multi_con_to_single_uncon: 1 
    ****** add_edge_to_assumptions: 1 
    ****** bpg_edges: 2 
    ****** bpg_nodes: 4 
    ****** bpg_time_records: {9.775161743164062e-06} 
    ****** DO_ASSUMPTION_PHASE: 1 
    ****** assumption_smt_count: 1 
    ****** clause_learning: 1 

** filename: MontgomeryDouble@montgomery.circom 
** result: NOT SURE 
** time: 26.241359 
    ** contribution counts: 
    ****** single_to_double: 1 
    ****** multi_con_to_single_uncon: 2 
    ****** add_edge_to_assumptions: 1 
    ****** bpg_time_records: {6.198883056640625e-06} 
    ****** DO_ASSUMPTION_PHASE: 1 
    ****** assumption_smt_count: 1 
    ****** clause_learning: 1 

** filename: Mux4@mux4.circom 
** result: CONSTRAINED! 
** time: 0.010412 
    ** contribution counts: 
    ****** simple_replacement_expression: 22 
    ****** simple_replacement_expression_CONS_propogation: 21 
    ****** single_to_double: 128 
    ****** multi_con_to_single_uncon: 20 
    ****** bpg_time_records: {3.814697265625e-06} 

** filename: EscalarMulAny@escalarmulany.circom 
** result: NOT SURE 
** time: 20.162284 
    ** contribution counts: 
    ****** simple_replacement_expression: 40 
    ****** simple_replacement_expression_CONS_propogation: 6 
    ****** multi_con_to_single_uncon: 1 
    ****** add_edge_to_assumptions: 1 
    ****** bpg_edges: 4 
    ****** bpg_nodes: 6 
    ****** bpg_time_records: {1.0967254638671875e-05} 
    ****** DO_ASSUMPTION_PHASE: 1 
    ****** assumption_smt_count: 1 

** filename: MultiMux3@mux3.circom 
** result: CONSTRAINED! 
** time: 0.003805 
    ** contribution counts: 
    ****** single_to_double: 41 
    ****** multi_con_to_single_uncon: 17 
    ****** simple_replacement_expression: 2 
    ****** simple_replacement_expression_CONS_propogation: 2 
    ****** bpg_time_records: {5.0067901611328125e-06} 

** filename: Montgomery2Edwards@montgomery.circom 
** result: UNDER-CONSTRAINED! 
** time: 0.202599 
    ** contribution counts: 
    ****** multi_con_to_single_uncon: 1 
    ****** add_edge_to_assumptions: 2 
    ****** bpg_time_records: {5.9604644775390625e-06} 
    ****** DO_ASSUMPTION_PHASE: 1 
    ****** assumption_smt_count: 1 
    ****** clause_learning: 1 
    ****** Assumptions_via_grobner_UNDER: 1 
    ****** unsolved_assumption_smt_count: 1 

** filename: NOR@gates.circom 
** result: CONSTRAINED! 
** time: 0.000305 
    ** contribution counts: 
    ****** single_to_double: 1 
    ****** multi_con_to_single_uncon: 1 
    ****** bpg_time_records: {5.9604644775390625e-06} 

** filename: BitElementMulAny@escalarmulany.circom 
** result: NOT SURE 
** time: 32.7352 
    ** contribution counts: 
    ****** simple_replacement_expression: 15 
    ****** simple_replacement_expression_CONS_propogation: 7 
    ****** single_to_double: 5 
    ****** multi_con_to_single_uncon: 2 
    ****** add_edge_to_assumptions: 1 
    ****** bpg_time_records: {6.4373016357421875e-06} 
    ****** DO_ASSUMPTION_PHASE: 1 
    ****** assumption_smt_count: 1 

** filename: MiMCSponge@mimcsponge.circom 
** result: CONSTRAINED! 
** time: 0.007634 
    ** contribution counts: 
    ****** simple_replacement_expression: 15 
    ****** single_to_double: 46 
    ****** simple_replacement_expression_CONS_propogation: 7 
    ****** simple_replacement_constant: 1 
    ****** bpg_edges: 1 
    ****** multi_con_to_single_uncon: 20 
    ****** bpg_time_records: {4.5299530029296875e-06} 

** filename: GreaterEqThan@comparators.circom 
** result: NOT SURE 
** time: 7.08442 
    ** contribution counts: 
    ****** simple_replacement_expression: 4 
    ****** simple_replacement_expression_CONS_propogation: 2 
    ****** multi_con_to_single_uncon: 1 
    ****** bpg_time_records: {3.337860107421875e-06} 
    ****** DO_ASSUMPTION_PHASE: 1 

** filename: Sign@sign.circom 
** result: NOT SURE 
** time: 6.386665 
    ** contribution counts: 
    ****** simple_replacement_expression: 257 
    ****** simple_replacement_expression_CONS_propogation: 255 
    ****** single_to_double: 254 
    ****** multi_con_to_single_uncon: 128 
    ****** bpg_time_records: {3.5762786865234375e-06} 
    ****** DO_ASSUMPTION_PHASE: 1 

** filename: Mux3@mux3.circom 
** result: CONSTRAINED! 
** time: 0.004049 
    ** contribution counts: 
    ****** simple_replacement_expression: 13 
    ****** simple_replacement_expression_CONS_propogation: 12 
    ****** single_to_double: 42 
    ****** multi_con_to_single_uncon: 9 
    ****** bpg_time_records: {3.814697265625e-06} 

** filename: AND@gates.circom 
** result: CONSTRAINED! 
** time: 0.0002 
    ** contribution counts: 
    ****** single_to_double: 1 
    ****** multi_con_to_single_uncon: 1 
    ****** bpg_time_records: {4.5299530029296875e-06} 

** filename: NAND@gates.circom 
** result: CONSTRAINED! 
** time: 0.000295 
    ** contribution counts: 
    ****** single_to_double: 1 
    ****** multi_con_to_single_uncon: 1 
    ****** bpg_time_records: {6.198883056640625e-06} 

** filename: ForceEqualIfEnabled@comparators.circom 
** result: CONSTRAINED! 
** time: 0.00024 
    ** contribution counts: 
    ****** bpg_time_records: {4.0531158447265625e-06} 

** filename: MultiMux1@mux1.circom 
** result: CONSTRAINED! 
** time: 0.000458 
    ** contribution counts: 
    ****** single_to_double: 4 
    ****** multi_con_to_single_uncon: 2 
    ****** bpg_time_records: {6.9141387939453125e-06} 

** filename: EdDSAVerifier@eddsa.circom 
** result: CONSTRAINED! 
** time: 12.618853 
    ** contribution counts: 
    ****** bpg_time_records: {1.3113021850585938e-05} 

** filename: WindowMulFix@escalarmulfix.circom 
** result: NOT SURE 
** time: 20.226678 
    ** contribution counts: 
    ****** simple_replacement_expression: 51 
    ****** simple_replacement_expression_CONS_propogation: 21 
    ****** single_to_double: 15 
    ****** multi_con_to_single_uncon: 3 
    ****** add_edge_to_assumptions: 1 
    ****** bpg_time_records: {6.67572021484375e-06} 
    ****** DO_ASSUMPTION_PHASE: 1 
    ****** assumption_smt_count: 1 

** filename: Multiplexor2@escalarmulany.circom 
** result: CONSTRAINED! 
** time: 0.000447 
    ** contribution counts: 
    ****** single_to_double: 4 
    ****** multi_con_to_single_uncon: 2 
    ****** bpg_time_records: {6.67572021484375e-06} 

** filename: AliasCheck@aliascheck.circom 
** result: CONSTRAINED! 
** time: 0.027264 
    ** contribution counts: 
    ****** bpg_time_records: {4.0531158447265625e-06} 

** filename: NOT@gates.circom 
** result: CONSTRAINED! 
** time: 0.000258 
    ** contribution counts: 
    ****** multi_con_to_single_uncon: 1 
    ****** bpg_time_records: {7.62939453125e-06} 

** filename: LessEqThan@comparators.circom 
** result: NOT SURE 
** time: 7.050438 
    ** contribution counts: 
    ****** simple_replacement_expression: 4 
    ****** simple_replacement_expression_CONS_propogation: 2 
    ****** multi_con_to_single_uncon: 1 
    ****** bpg_time_records: {3.814697265625e-06} 
    ****** DO_ASSUMPTION_PHASE: 1 

** filename: MontgomeryAdd@montgomery.circom 
** result: UNDER-CONSTRAINED! 
** time: 2.424987 
    ** contribution counts: 
    ****** add_edge_to_assumptions: 1 
    ****** bpg_time_records: {5.0067901611328125e-06} 
    ****** DO_ASSUMPTION_PHASE: 1 
    ****** assumption_smt_count: 1 
    ****** Assumptions_via_grobner_UNDER: 3 
    ****** unsolved_assumption_smt_count: 1 

** filename: MiMC7@mimc.circom 
** result: CONSTRAINED! 
** time: 0.000818 
    ** contribution counts: 
    ****** single_to_double: 13 
    ****** multi_con_to_single_uncon: 8 
    ****** bpg_time_records: {4.5299530029296875e-06} 

** filename: MultiMiMC7@mimc.circom 
** result: CONSTRAINED! 
** time: 0.00389 
    ** contribution counts: 
    ****** simple_replacement_expression: 6 
    ****** simple_replacement_expression_CONS_propogation: 4 
    ****** single_to_double: 35 
    ****** multi_con_to_single_uncon: 18 
    ****** bpg_time_records: {4.76837158203125e-06} 

** filename: Decoder@multiplexer.circom 
** result: UNDER-CONSTRAINED! 
** time: 0.295811 
    ** contribution counts: 
    ****** multi_con_to_single_uncon: 1 
    ****** add_edge_to_assumptions: 2 
    ****** bpg_edges: 2 
    ****** bpg_nodes: 4 
    ****** bpg_time_records: {8.106231689453125e-06} 
    ****** DO_ASSUMPTION_PHASE: 1 
    ****** assumption_smt_count: 1 
    ****** clause_learning: 1 
    ****** Assumptions_via_grobner_UNDER: 2 
    ****** unsolved_assumption_smt_count: 1 

** filename: MultiMux2@mux2.circom 
** result: CONSTRAINED! 
** time: 0.001499 
    ** contribution counts: 
    ****** single_to_double: 17 
    ****** multi_con_to_single_uncon: 9 
    ****** simple_replacement_expression: 2 
    ****** simple_replacement_expression_CONS_propogation: 2 
    ****** bpg_time_records: {3.5762786865234375e-06} 

** filename: Mux1@mux1.circom 
** result: CONSTRAINED! 
** time: 0.000781 
    ** contribution counts: 
    ****** simple_replacement_expression: 4 
    ****** simple_replacement_expression_CONS_propogation: 3 
    ****** single_to_double: 4 
    ****** multi_con_to_single_uncon: 1 
    ****** bpg_time_records: {4.5299530029296875e-06} 

** filename: Bits2Num@bitify.circom 
** result: CONSTRAINED! 
** time: 0.000191 
    ** contribution counts: 
    ****** multi_con_to_single_uncon: 1 
    ****** bpg_time_records: {5.9604644775390625e-06} 

** filename: Sigma@poseidon.circom 
** result: CONSTRAINED! 
** time: 0.000437 
    ** contribution counts: 
    ****** single_to_double: 3 
    ****** multi_con_to_single_uncon: 3 
    ****** bpg_time_records: {8.106231689453125e-06} 

** filename: Window4@pedersen.circom 
** result: NOT SURE 
** time: 20.797623 
    ** contribution counts: 
    ****** simple_replacement_expression: 50 
    ****** simple_replacement_expression_CONS_propogation: 21 
    ****** single_to_double: 15 
    ****** multi_con_to_single_uncon: 3 
    ****** add_edge_to_assumptions: 1 
    ****** bpg_time_records: {5.0067901611328125e-06} 
    ****** DO_ASSUMPTION_PHASE: 1 
    ****** assumption_smt_count: 1 

** filename: EdDSAPoseidonVerifier@eddsaposeidon.circom 
** result: CONSTRAINED! 
** time: 3.010449 
    ** contribution counts: 
    ****** bpg_time_records: {1.0251998901367188e-05} 

** filename: Num2Bits_strict@bitify.circom 
** result: NOT SURE 
** time: 8.689961 
    ** contribution counts: 
    ****** simple_replacement_expression: 764 
    ****** simple_replacement_expression_CONS_propogation: 1 
    ****** simple_replacement_constant: 2 
    ****** bpg_edges: 1 
    ****** single_to_double: 1 
    ****** bpg_time_records: {6.67572021484375e-06} 
    ****** DO_ASSUMPTION_PHASE: 1 

** filename: CompConstant@compconstant.circom 
** result: NOT SURE 
** time: 5.742727 
    ** contribution counts: 
    ****** single_to_double: 127 
    ****** multi_con_to_single_uncon: 128 
    ****** simple_replacement_expression: 2 
    ****** simple_replacement_expression_CONS_propogation: 1 
    ****** bpg_time_records: {3.814697265625e-06} 
    ****** DO_ASSUMPTION_PHASE: 1 

** filename: BinSub@binsub.circom 
** result: NOT SURE 
** time: 5.32562 
    ** contribution counts: 
    ****** bpg_time_records: {5.0067901611328125e-06} 
    ****** DO_ASSUMPTION_PHASE: 1 

** filename: LessThan@comparators.circom 
** result: NOT SURE 
** time: 7.045821 
    ** contribution counts: 
    ****** multi_con_to_single_uncon: 1 
    ****** simple_replacement_expression: 1 
    ****** bpg_time_records: {3.337860107421875e-06} 
    ****** DO_ASSUMPTION_PHASE: 1 

** filename: SegmentMulFix@escalarmulfix.circom 
** result: NOT SURE 
** time: 115.454562 
    ** contribution counts: 
    ****** simple_replacement_expression: 144 
    ****** simple_replacement_expression_CONS_propogation: 14 
    ****** add_edge_to_assumptions: 1 
    ****** single_to_double: 4 
    ****** multi_con_to_single_uncon: 2 
    ****** bpg_time_records: {4.5299530029296875e-06} 
    ****** DO_ASSUMPTION_PHASE: 1 
    ****** assumption_smt_count: 1 

** filename: EdDSAMiMCVerifier@eddsamimc.circom 
** result: CONSTRAINED! 
** time: 3.115385 
    ** contribution counts: 
    ****** bpg_time_records: {9.775161743164062e-06} 

** filename: Pedersen@pedersen.circom 
** result: UNDER-CONSTRAINED! 
** time: 0.803599 
    ** contribution counts: 
    ****** simple_replacement_constant: 52 
    ****** bpg_edges: 4 
    ****** simple_replacement_expression: 57 
    ****** simple_replacement_expression_CONS_propogation: 17 
    ****** single_to_double: 100 
    ****** multi_con_to_single_uncon: 10 
    ****** add_edge_to_assumptions: 2 
    ****** bpg_time_records: {3.337860107421875e-06} 
    ****** DO_ASSUMPTION_PHASE: 1 
    ****** assumption_smt_count: 2 
    ****** clause_learning: 1 
    ****** Assumptions_grobner_early_conflict_cons: 1 
    ****** solved_assumption_smt_count: 1 
    ****** Assumptions_via_grobner_UNDER: 1 
    ****** unsolved_assumption_smt_count: 1 

** filename: Edwards2Montgomery@montgomery.circom 
** result: UNDER-CONSTRAINED! 
** time: 2.193503 
    ** contribution counts: 
    ****** add_edge_to_assumptions: 2 
    ****** bpg_time_records: {5.0067901611328125e-06, 6.4373016357421875e-06} 
    ****** DO_ASSUMPTION_PHASE: 1 
    ****** assumption_smt_count: 2 
    ****** clause_learning: 1 
    ****** Assumptions_grobner_early_conflict_cons: 1 
    ****** solved_assumption_smt_count: 1 
    ****** single_to_double: 1 
    ****** multi_con_to_single_uncon: 1 
    ****** Assumptions_via_grobner_UNDER: 1 
    ****** unsolved_assumption_smt_count: 1 

** filename: Num2Bits@bitify.circom 
** result: NOT SURE 
** time: 5.175701 
    ** contribution counts: 
    ****** bpg_time_records: {5.7220458984375e-06} 
    ****** DO_ASSUMPTION_PHASE: 1 

