** filename: GreaterEqThan@comparators@circomlib_16.circom 
** result: NOT SURE 
** time: 0.005678 

** filename: BabyCheck@babyjub@circomlib.circom 
** result: CONSTRAINED! 
** time: 0.000221 

** filename: Num2BitsNeg@bitify@circomlib_256.circom 
** result: NOT SURE 
** time: 0.117929 

** filename: GreaterEqThan@comparators@circomlib_32.circom 
** result: NOT SURE 
** time: 0.008175 

** filename: Num2BitsNeg@bitify@circomlib_16.circom 
** result: NOT SURE 
** time: 0.004997 

** filename: Num2Bits@bitify@circomlib_1.circom 
** result: CONSTRAINED! 
** time: 0.000481 

** filename: T1@t1@circomlib.circom 
** result: NOT SURE 
** time: 3.278978 

** filename: Main@main@circomlib.circom 
** result: TIMEOUT 
** time: 30.0047550201416 

** filename: Bits2Num@bitify@circomlib_256.circom 
** result: NOT SURE 
** time: 0.011449 

** filename: BabyPbk@babyjub@circomlib.circom 
** result: TIMEOUT 
** time: 30.00113081932068 

** filename: Sigma@poseidon@circomlib.circom 
** result: NOT SURE 
** time: 0.000571 

** filename: EdDSAPoseidonVerifier@eddsaposeidon@circomlib.circom 
** result: CONSTRAINED! 
** time: 3.152284 

** filename: BabyAdd@babyjub@circomlib.circom 
** result: NOT SURE 
** time: 0.002998 

** filename: Point2Bits_Strict@pointbits@circomlib.circom 
** result: NOT SURE 
** time: 2.045377 

** filename: Bits2Num@bitify@circomlib_32.circom 
** result: NOT SURE 
** time: 0.000516 

** filename: Mux4@mux4@circomlib.circom 
** result: NOT SURE 
** time: 0.024448 

** filename: GreaterThan@comparators@circomlib_32.circom 
** result: NOT SURE 
** time: 0.008126 

** filename: Point2Bits@pointbits@circomlib.circom 
** result: NOT SURE 
** time: 0.0007 

** filename: BitElementMulAny@escalarmulany@circomlib.circom 
** result: NOT SURE 
** time: 0.049139 

** filename: LessEqThan@comparators@circomlib_32.circom 
** result: NOT SURE 
** time: 0.008143 

** filename: Pedersen@pedersen@circomlib_32.circom 
** result: NOT SURE 
** time: 3.459086 

** filename: Sha256_2@sha256_2@circomlib.circom 
** result: TIMEOUT 
** time: 30.029800176620483 

** filename: AND@gates@circomlib.circom 
** result: NOT SURE 
** time: 0.00042 

** filename: Num2BitsNeg@bitify@circomlib_64.circom 
** result: NOT SURE 
** time: 0.017296 

** filename: Bits2Num@bitify@circomlib_128.circom 
** result: NOT SURE 
** time: 0.00334 

** filename: Num2Bits@bitify@circomlib_64.circom 
** result: NOT SURE 
** time: 0.013603 

** filename: Num2BitsNeg@bitify@circomlib_32.circom 
** result: NOT SURE 
** time: 0.006976 

** filename: GreaterEqThan@comparators@circomlib_8.circom 
** result: NOT SURE 
** time: 0.005537 

** filename: EdDSAMiMCSpongeVerifier@eddsamimcsponge@circomlib.circom 
** result: CONSTRAINED! 
** time: 3.854461 

** filename: Pedersen@pedersen@circomlib_8.circom 
** result: NOT SURE 
** time: 1.090513 

** filename: SMTVerifierLevel@smtverifierlevel@circomlib.circom 
** result: NOT SURE 
** time: 0.18131 

** filename: SMTHash1@smthash_mimc@circomlib.circom 
** result: NOT SURE 
** time: 0.172445 

** filename: OR@gates@circomlib.circom 
** result: NOT SURE 
** time: 0.001061 

** filename: BinSum@binsum@circomlib_32_5.circom 
** result: NOT SURE 
** time: 0.012784 

** filename: NAND@gates@circomlib.circom 
** result: NOT SURE 
** time: 0.000308 

** filename: Num2Bits@bitify@circomlib_254.circom 
** result: NOT SURE 
** time: 0.087557 

** filename: Pedersen@pedersen@circomlib_253.circom 
** result: TIMEOUT 
** time: 30.006162643432617 

** filename: SMTHash1@smthash_poseidon@circomlib.circom 
** result: NOT SURE 
** time: 0.291652 

** filename: Num2BitsNeg@bitify@circomlib_128.circom 
** result: NOT SURE 
** time: 0.042699 

** filename: SMTHash2@smthash_mimc@circomlib.circom 
** result: NOT SURE 
** time: 0.221159 

** filename: Pedersen@pedersen@circomlib_16.circom 
** result: NOT SURE 
** time: 1.629216 

** filename: Edwards2Montgomery@montgomery@circomlib.circom 
** result: NOT SURE 
** time: 0.000526 

** filename: IsEqual@comparators@circomlib.circom 
** result: NOT SURE 
** time: 0.001608 

** filename: NOR@gates@circomlib.circom 
** result: NOT SURE 
** time: 0.001303 

** filename: Pedersen@pedersen_old@circomlib_254.circom 
** result: NOT SURE 
** time: 16.869961 

** filename: MontgomeryAdd@montgomery@circomlib.circom 
** result: NOT SURE 
** time: 0.012014 

** filename: BabyDbl@babyjub@circomlib.circom 
** result: NOT SURE 
** time: 0.012527 

** filename: Num2Bits@bitify@circomlib_32.circom 
** result: NOT SURE 
** time: 0.005933 

** filename: SigmaPlus@sigmaplus@circomlib.circom 
** result: NOT SURE 
** time: 4.156207 

** filename: T2@t2@circomlib.circom 
** result: NOT SURE 
** time: 1.528971 

** filename: Num2Bits_strict@bitify@circomlib.circom 
** result: NOT SURE 
** time: 0.689345 

** filename: Num2BitsNeg@bitify@circomlib_253.circom 
** result: NOT SURE 
** time: 0.095011 

** filename: ForceEqualIfEnabled@comparators@circomlib.circom 
** result: CONSTRAINED! 
** time: 0.000231 

** filename: Pedersen@pedersen_old@circomlib_32.circom 
** result: NOT SURE 
** time: 0.42707 

** filename: Num2BitsNeg@bitify@circomlib_8.circom 
** result: NOT SURE 
** time: 0.002747 

** filename: MontgomeryDouble@montgomery@circomlib.circom 
** result: NOT SURE 
** time: 0.004206 

** filename: GreaterThan@comparators@circomlib_8.circom 
** result: NOT SURE 
** time: 0.00452 

** filename: Pedersen@pedersen_old@circomlib_64.circom 
** result: NOT SURE 
** time: 1.16691 

** filename: Bits2Num@bitify@circomlib_16.circom 
** result: NOT SURE 
** time: 0.000296 

** filename: Num2Bits@bitify@circomlib_253.circom 
** result: NOT SURE 
** time: 0.087084 

** filename: AliasCheck@aliascheck@circomlib.circom 
** result: CONSTRAINED! 
** time: 0.02727 

** filename: Mux2@mux2@circomlib.circom 
** result: NOT SURE 
** time: 0.005525 

** filename: Bits2Num@bitify@circomlib_64.circom 
** result: NOT SURE 
** time: 0.001167 

** filename: Mux3@mux3@circomlib.circom 
** result: NOT SURE 
** time: 0.010369 

** filename: Bits2Num@bitify@circomlib_8.circom 
** result: NOT SURE 
** time: 0.000218 

** filename: Pedersen@pedersen@circomlib_64.circom 
** result: NOT SURE 
** time: 7.449003 

** filename: Pedersen@pedersen_old@circomlib_128.circom 
** result: NOT SURE 
** time: 3.634649 

** filename: Montgomery2Edwards@montgomery@circomlib.circom 
** result: NOT SURE 
** time: 0.000407 

** filename: Multiplexor2@escalarmulany@circomlib.circom 
** result: NOT SURE 
** time: 0.002684 

** filename: Num2BitsNeg@bitify@circomlib_1.circom 
** result: CONSTRAINED! 
** time: 0.002711 

** filename: Bits2Num_strict@bitify@circomlib.circom 
** result: NOT SURE 
** time: 5.684632 

** filename: EdDSAMiMCVerifier@eddsamimc@circomlib.circom 
** result: CONSTRAINED! 
** time: 3.109632 

** filename: Mux1@mux1@circomlib.circom 
** result: NOT SURE 
** time: 0.004632 

** filename: Sign@sign@circomlib.circom 
** result: NOT SURE 
** time: 1.376547 

** filename: Bits2Num@bitify@circomlib_1.circom 
** result: CONSTRAINED! 
** time: 0.000342 

** filename: Switcher@switcher@circomlib.circom 
** result: NOT SURE 
** time: 0.001152 

** filename: SMTProcessorLevel@smtprocessorlevel@circomlib.circom 
** result: NOT SURE 
** time: 0.417041 

** filename: WindowMulFix@escalarmulfix@circomlib.circom 
** result: NOT SURE 
** time: 0.409615 

** filename: Window4@pedersen@circomlib.circom 
** result: NOT SURE 
** time: 0.413027 

** filename: Bits2Num@bitify@circomlib_253.circom 
** result: NOT SURE 
** time: 0.010821 

** filename: Num2Bits@bitify@circomlib_16.circom 
** result: NOT SURE 
** time: 0.002341 

** filename: Pedersen@pedersen_old@circomlib_1.circom 
** result: NOT SURE 
** time: 0.018978 

** filename: Pedersen@pedersen@circomlib_1.circom 
** result: NOT SURE 
** time: 0.302691 

** filename: Sigma@poseidon_old@circomlib.circom 
** result: NOT SURE 
** time: 0.000405 

** filename: LessEqThan@comparators@circomlib_8.circom 
** result: NOT SURE 
** time: 0.004556 

** filename: SMTVerifierSM@smtverifiersm@circomlib.circom 
** result: NOT SURE 
** time: 0.001866 

** filename: BinSub@binsub@circomlib_16.circom 
** result: NOT SURE 
** time: 0.003105 

** filename: SMTHash2@smthash_poseidon@circomlib.circom 
** result: NOT SURE 
** time: 0.701448 

** filename: BinSum@binsum@circomlib_32_2.circom 
** result: NOT SURE 
** time: 0.007033 

** filename: XOR@gates@circomlib.circom 
** result: NOT SURE 
** time: 0.000925 

** filename: Pedersen@pedersen_old@circomlib_253.circom 
** result: NOT SURE 
** time: 16.794951 

** filename: Bits2Point@pointbits@circomlib.circom 
** result: NOT SURE 
** time: 0.00974 

** filename: Bits2Num@bitify@circomlib_254.circom 
** result: NOT SURE 
** time: 0.010992 

** filename: Pedersen@pedersen@circomlib_128.circom 
** result: NOT SURE 
** time: 17.234855 

** filename: Sha256compression@sha256compression@circomlib.circom 
** result: TIMEOUT 
** time: 30.025333881378174 

** filename: Num2BitsNeg@bitify@circomlib_254.circom 
** result: NOT SURE 
** time: 0.117647 

** filename: GreaterThan@comparators@circomlib_16.circom 
** result: NOT SURE 
** time: 0.006996 

** filename: NOT@gates@circomlib.circom 
** result: CONSTRAINED! 
** time: 0.000461 

** filename: Pedersen@pedersen@circomlib_254.circom 
** result: TIMEOUT 
** time: 30.00037384033203 

** filename: Num2Bits@bitify@circomlib_8.circom 
** result: NOT SURE 
** time: 0.001563 

** filename: Pedersen@pedersen_old@circomlib_16.circom 
** result: NOT SURE 
** time: 0.16974 

** filename: Num2Bits@bitify@circomlib_256.circom 
** result: NOT SURE 
** time: 0.110356 

** filename: IsZero@comparators@circomlib.circom 
** result: CONSTRAINED! 
** time: 0.000585 

** filename: Pedersen@pedersen_old@circomlib_256.circom 
** result: NOT SURE 
** time: 18.322831 

** filename: LessEqThan@comparators@circomlib_16.circom 
** result: NOT SURE 
** time: 0.006991 

** filename: SMTProcessorSM@smtprocessorsm@circomlib.circom 
** result: NOT SURE 
** time: 0.004041 

** filename: Bits2Point_Strict@pointbits@circomlib.circom 
** result: NOT SURE 
** time: 12.410219 

** filename: Num2Bits@bitify@circomlib_128.circom 
** result: NOT SURE 
** time: 0.029926 

** filename: Pedersen@pedersen_old@circomlib_8.circom 
** result: NOT SURE 
** time: 0.092059 

** filename: Pedersen@pedersen@circomlib_256.circom 
** result: TIMEOUT 
** time: 30.000928163528442 

** filename: GreaterThan@comparators.circom 
** result: NOT SURE 
** time: 0.024787 

** filename: Segment@pedersen.circom 
** result: NOT SURE 
** time: 0.801039 

** filename: BabyCheck@babyjub.circom 
** result: CONSTRAINED! 
** time: 0.000226 

** filename: Poseidon@poseidon.circom 
** result: NOT SURE 
** time: 0.701695 

** filename: Pedersen@pedersen_old.circom 
** result: NOT SURE 
** time: 0.031917 

** filename: Num2BitsNeg@bitify.circom 
** result: NOT SURE 
** time: 0.019155 

** filename: SegmentMulAny@escalarmulany.circom 
** result: NOT SURE 
** time: 0.073662 

** filename: MiMCFeistel@mimcsponge.circom 
** result: NOT SURE 
** time: 0.014516 

** filename: BabyAdd@babyjub.circom 
** result: NOT SURE 
** time: 0.0038 

** filename: MultiAND@gates.circom 
** result: CONSTRAINED! 
** time: 0.001549 

** filename: BabyPbk@babyjub.circom 
** result: TIMEOUT 
** time: 30.000606060028076 

** filename: Multiplexer@multiplexer.circom 
** result: NOT SURE 
** time: 0.010567 

** filename: Bits2Num_strict@bitify.circom 
** result: NOT SURE 
** time: 5.724063 

** filename: Point2Bits_Strict@pointbits.circom 
** result: NOT SURE 
** time: 1.845977 

** filename: BinSum@binsum.circom 
** result: NOT SURE 
** time: 0.000612 

** filename: Bits2Point_Strict@pointbits.circom 
** result: NOT SURE 
** time: 12.470935 

** filename: MultiMux4@mux4.circom 
** result: NOT SURE 
** time: 0.011551 

** filename: EdDSAMiMCSpongeVerifier@eddsamimcsponge.circom 
** result: CONSTRAINED! 
** time: 3.81846 

** filename: OR@gates.circom 
** result: NOT SURE 
** time: 0.001358 

** filename: Mux2@mux2.circom 
** result: NOT SURE 
** time: 0.005646 

** filename: Switcher@switcher.circom 
** result: NOT SURE 
** time: 0.001467 

** filename: BabyDbl@babyjub.circom 
** result: NOT SURE 
** time: 0.012057 

** filename: XOR@gates.circom 
** result: NOT SURE 
** time: 0.001189 

** filename: EscalarProduct@multiplexer.circom 
** result: NOT SURE 
** time: 0.000917 

** filename: IsEqual@comparators.circom 
** result: NOT SURE 
** time: 0.002007 

** filename: IsZero@comparators.circom 
** result: CONSTRAINED! 
** time: 0.000537 

** filename: MontgomeryDouble@montgomery.circom 
** result: NOT SURE 
** time: 0.0053 

** filename: Mux4@mux4.circom 
** result: NOT SURE 
** time: 0.024577 

** filename: EscalarMulAny@escalarmulany.circom 
** result: NOT SURE 
** time: 0.111209 

** filename: MultiMux3@mux3.circom 
** result: NOT SURE 
** time: 0.007588 

** filename: Montgomery2Edwards@montgomery.circom 
** result: NOT SURE 
** time: 0.000532 

** filename: NOR@gates.circom 
** result: NOT SURE 
** time: 0.001017 

** filename: BitElementMulAny@escalarmulany.circom 
** result: NOT SURE 
** time: 0.060191 

** filename: MiMCSponge@mimcsponge.circom 
** result: NOT SURE 
** time: 0.0673 

** filename: GreaterEqThan@comparators.circom 
** result: NOT SURE 
** time: 0.024344 

** filename: Sign@sign.circom 
** result: NOT SURE 
** time: 1.375374 

** filename: Mux3@mux3.circom 
** result: NOT SURE 
** time: 0.012745 

** filename: AND@gates.circom 
** result: NOT SURE 
** time: 0.000323 

** filename: NAND@gates.circom 
** result: NOT SURE 
** time: 0.000414 

** filename: ForceEqualIfEnabled@comparators.circom 
** result: CONSTRAINED! 
** time: 0.000244 

** filename: MultiMux1@mux1.circom 
** result: NOT SURE 
** time: 0.00336 

** filename: EdDSAVerifier@eddsa.circom 
** result: CONSTRAINED! 
** time: 12.353979 

** filename: WindowMulFix@escalarmulfix.circom 
** result: NOT SURE 
** time: 0.571704 

** filename: Multiplexor2@escalarmulany.circom 
** result: NOT SURE 
** time: 0.002694 

** filename: AliasCheck@aliascheck.circom 
** result: CONSTRAINED! 
** time: 0.033316 

** filename: NOT@gates.circom 
** result: CONSTRAINED! 
** time: 0.000341 

** filename: LessEqThan@comparators.circom 
** result: NOT SURE 
** time: 0.024572 

** filename: MontgomeryAdd@montgomery.circom 
** result: NOT SURE 
** time: 0.009493 

** filename: MiMC7@mimc.circom 
** result: NOT SURE 
** time: 0.001565 

** filename: MultiMiMC7@mimc.circom 
** result: NOT SURE 
** time: 0.018996 

** filename: Decoder@multiplexer.circom 
** result: NOT SURE 
** time: 0.001536 

** filename: MultiMux2@mux2.circom 
** result: NOT SURE 
** time: 0.003444 

** filename: Mux1@mux1.circom 
** result: NOT SURE 
** time: 0.004675 

** filename: Bits2Num@bitify.circom 
** result: NOT SURE 
** time: 0.000659 

** filename: Sigma@poseidon.circom 
** result: NOT SURE 
** time: 0.000394 

** filename: Window4@pedersen.circom 
** result: NOT SURE 
** time: 0.415227 

** filename: EdDSAPoseidonVerifier@eddsaposeidon.circom 
** result: CONSTRAINED! 
** time: 3.050796 

** filename: Num2Bits_strict@bitify.circom 
** result: NOT SURE 
** time: 0.694424 

** filename: CompConstant@compconstant.circom 
** result: NOT SURE 
** time: 0.1983 

** filename: BinSub@binsub.circom 
** result: NOT SURE 
** time: 0.000609 

** filename: LessThan@comparators.circom 
** result: NOT SURE 
** time: 0.011721 

** filename: SegmentMulFix@escalarmulfix.circom 
** result: NOT SURE 
** time: 1.00916 

** filename: EdDSAMiMCVerifier@eddsamimc.circom 
** result: CONSTRAINED! 
** time: 3.103734 

** filename: Pedersen@pedersen.circom 
** result: NOT SURE 
** time: 0.426755 

** filename: Edwards2Montgomery@montgomery.circom 
** result: NOT SURE 
** time: 0.000397 

** filename: Num2Bits@bitify.circom 
** result: NOT SURE 
** time: 0.00141 

