** filename: GreaterEqThan@comparators@circomlib_16.circom 
** result: CONSTRAINED! 
** time: 0.005969 

** filename: BabyCheck@babyjub@circomlib.circom 
** result: CONSTRAINED! 
** time: 0.000224 

** filename: Num2BitsNeg@bitify@circomlib_256.circom 
** result: CONSTRAINED! 
** time: 0.160663 

** filename: GreaterEqThan@comparators@circomlib_32.circom 
** result: CONSTRAINED! 
** time: 0.009729 

** filename: Num2BitsNeg@bitify@circomlib_16.circom 
** result: CONSTRAINED! 
** time: 0.004866 

** filename: Num2Bits@bitify@circomlib_1.circom 
** result: CONSTRAINED! 
** time: 0.000577 

** filename: T1@t1@circomlib.circom 
** result: TIMEOUT 
** time: 91.81589436531067 

** filename: Main@main@circomlib.circom 
** result: TIMEOUT 
** time: 30.062318563461304 

** filename: Bits2Num@bitify@circomlib_256.circom 
** result: CONSTRAINED! 
** time: 0.014926 

** filename: BabyPbk@babyjub@circomlib.circom 
** result: TIMEOUT 
** time: 496.63083481788635 

** filename: Sigma@poseidon@circomlib.circom 
** result: CONSTRAINED! 
** time: 0.000632 

** filename: EdDSAPoseidonVerifier@eddsaposeidon@circomlib.circom 
** result: CONSTRAINED! 
** time: 3.060219 

** filename: BabyAdd@babyjub@circomlib.circom 
** result: CONSTRAINED! 
** time: 8.478902 

** filename: Point2Bits_Strict@pointbits@circomlib.circom 
** result: CONSTRAINED! 
** time: 16.337743 

** filename: Bits2Num@bitify@circomlib_32.circom 
** result: CONSTRAINED! 
** time: 0.000797 

** filename: Mux4@mux4@circomlib.circom 
** result: TIMEOUT 
** time: 983.7448437213898 

** filename: GreaterThan@comparators@circomlib_32.circom 
** result: CONSTRAINED! 
** time: 0.011964 

** filename: Point2Bits@pointbits@circomlib.circom 
** result: UNDER-CONSTRAINED! 
** time: 0.017146 

** filename: BitElementMulAny@escalarmulany@circomlib.circom 
** result: NOT SURE 
** time: 33.02839 

** filename: LessEqThan@comparators@circomlib_32.circom 
** result: CONSTRAINED! 
** time: 0.00982 

** filename: Pedersen@pedersen@circomlib_32.circom 
** result: TIMEOUT 
** time: 487.12904953956604 

** filename: Sha256_2@sha256_2@circomlib.circom 
** result: TIMEOUT 
** time: 30.03574252128601 

** filename: AND@gates@circomlib.circom 
** result: CONSTRAINED! 
** time: 0.000456 

** filename: Num2BitsNeg@bitify@circomlib_64.circom 
** result: CONSTRAINED! 
** time: 0.019826 

** filename: Bits2Num@bitify@circomlib_128.circom 
** result: CONSTRAINED! 
** time: 0.004465 

** filename: Num2Bits@bitify@circomlib_64.circom 
** result: CONSTRAINED! 
** time: 0.017707 

** filename: Num2BitsNeg@bitify@circomlib_32.circom 
** result: CONSTRAINED! 
** time: 0.008957 

** filename: GreaterEqThan@comparators@circomlib_8.circom 
** result: CONSTRAINED! 
** time: 0.0053 

** filename: EdDSAMiMCSpongeVerifier@eddsamimcsponge@circomlib.circom 
** result: CONSTRAINED! 
** time: 3.986805 

** filename: Pedersen@pedersen@circomlib_8.circom 
** result: TIMEOUT 
** time: 487.0604417324066 

** filename: SMTVerifierLevel@smtverifierlevel@circomlib.circom 
** result: CONSTRAINED! 
** time: 24.541422 

** filename: SMTHash1@smthash_mimc@circomlib.circom 
** result: CONSTRAINED! 
** time: 7.200782 

** filename: OR@gates@circomlib.circom 
** result: CONSTRAINED! 
** time: 0.001444 

** filename: BinSum@binsum@circomlib_32_5.circom 
** result: CONSTRAINED! 
** time: 0.024093 

** filename: NAND@gates@circomlib.circom 
** result: CONSTRAINED! 
** time: 0.000475 

** filename: Num2Bits@bitify@circomlib_254.circom 
** result: CONSTRAINED! 
** time: 0.178187 

** filename: Pedersen@pedersen@circomlib_253.circom 
** result: TIMEOUT 
** time: 503.51617407798767 

** filename: SMTHash1@smthash_poseidon@circomlib.circom 
** result: TIMEOUT 
** time: 30.757296562194824 

** filename: Num2BitsNeg@bitify@circomlib_128.circom 
** result: CONSTRAINED! 
** time: 0.06331 

** filename: SMTHash2@smthash_mimc@circomlib.circom 
** result: CONSTRAINED! 
** time: 7.075755 

** filename: Pedersen@pedersen@circomlib_16.circom 
** result: TIMEOUT 
** time: 487.9186272621155 

** filename: Edwards2Montgomery@montgomery@circomlib.circom 
** result: UNDER-CONSTRAINED! 
** time: 2.225307 

** filename: IsEqual@comparators@circomlib.circom 
** result: CONSTRAINED! 
** time: 0.002483 

** filename: NOR@gates@circomlib.circom 
** result: CONSTRAINED! 
** time: 0.001056 

** filename: Pedersen@pedersen_old@circomlib_254.circom 
** result: TIMEOUT 
** time: 489.22643280029297 

** filename: MontgomeryAdd@montgomery@circomlib.circom 
** result: UNDER-CONSTRAINED! 
** time: 2.556095 

** filename: BabyDbl@babyjub@circomlib.circom 
** result: CONSTRAINED! 
** time: 3.671355 

** filename: Num2Bits@bitify@circomlib_32.circom 
** result: CONSTRAINED! 
** time: 0.007121 

** filename: SigmaPlus@sigmaplus@circomlib.circom 
** result: TIMEOUT 
** time: 91.65695214271545 

** filename: T2@t2@circomlib.circom 
** result: TIMEOUT 
** time: 92.15243172645569 

** filename: Num2Bits_strict@bitify@circomlib.circom 
** result: CONSTRAINED! 
** time: 3.848261 

** filename: Num2BitsNeg@bitify@circomlib_253.circom 
** result: CONSTRAINED! 
** time: 0.157115 

** filename: ForceEqualIfEnabled@comparators@circomlib.circom 
** result: CONSTRAINED! 
** time: 0.000307 

** filename: Pedersen@pedersen_old@circomlib_32.circom 
** result: TIMEOUT 
** time: 486.2462100982666 

** filename: Num2BitsNeg@bitify@circomlib_8.circom 
** result: CONSTRAINED! 
** time: 0.00392 

** filename: MontgomeryDouble@montgomery@circomlib.circom 
** result: NOT SURE 
** time: 30.894661 

** filename: GreaterThan@comparators@circomlib_8.circom 
** result: CONSTRAINED! 
** time: 0.004378 

** filename: Pedersen@pedersen_old@circomlib_64.circom 
** result: TIMEOUT 
** time: 487.9003622531891 

** filename: Bits2Num@bitify@circomlib_16.circom 
** result: CONSTRAINED! 
** time: 0.000473 

** filename: Num2Bits@bitify@circomlib_253.circom 
** result: CONSTRAINED! 
** time: 0.153203 

** filename: AliasCheck@aliascheck@circomlib.circom 
** result: CONSTRAINED! 
** time: 0.034138 

** filename: Mux2@mux2@circomlib.circom 
** result: CONSTRAINED! 
** time: 0.14059 

** filename: Bits2Num@bitify@circomlib_64.circom 
** result: CONSTRAINED! 
** time: 0.001664 

** filename: Mux3@mux3@circomlib.circom 
** result: TIMEOUT 
** time: 978.8940351009369 

** filename: Pedersen@pedersen@circomlib_64.circom 
** result: TIMEOUT 
** time: 495.76057839393616 

** filename: Pedersen@pedersen_old@circomlib_128.circom 
** result: TIMEOUT 
** time: 492.9307827949524 

** filename: Montgomery2Edwards@montgomery@circomlib.circom 
** result: UNDER-CONSTRAINED! 
** time: 0.31979 

** filename: Multiplexor2@escalarmulany@circomlib.circom 
** result: CONSTRAINED! 
** time: 0.003371 

** filename: Num2BitsNeg@bitify@circomlib_1.circom 
** result: CONSTRAINED! 
** time: 0.004679 

** filename: Bits2Num_strict@bitify@circomlib.circom 
** result: CONSTRAINED! 
** time: 3.826224 

** filename: EdDSAMiMCVerifier@eddsamimc@circomlib.circom 
** result: CONSTRAINED! 
** time: 3.194093 

** filename: Mux1@mux1@circomlib.circom 
** result: CONSTRAINED! 
** time: 0.004959 

** filename: Sign@sign@circomlib.circom 
** result: CONSTRAINED! 
** time: 1.153422 

** filename: Bits2Num@bitify@circomlib_1.circom 
** result: CONSTRAINED! 
** time: 0.001137 

** filename: Switcher@switcher@circomlib.circom 
** result: CONSTRAINED! 
** time: 0.001676 

** filename: SMTProcessorLevel@smtprocessorlevel@circomlib.circom 
** result: TIMEOUT 
** time: 30.023093938827515 

** filename: WindowMulFix@escalarmulfix@circomlib.circom 
** result: TIMEOUT 
** time: 982.6695370674133 

** filename: Window4@pedersen@circomlib.circom 
** result: TIMEOUT 
** time: 970.0523407459259 

** filename: Bits2Num@bitify@circomlib_253.circom 
** result: CONSTRAINED! 
** time: 0.017323 

** filename: Num2Bits@bitify@circomlib_16.circom 
** result: CONSTRAINED! 
** time: 0.007767 

** filename: Pedersen@pedersen_old@circomlib_1.circom 
** result: TIMEOUT 
** time: 492.8308711051941 

** filename: Pedersen@pedersen@circomlib_1.circom 
** result: TIMEOUT 
** time: 489.2978866100311 

** filename: Sigma@poseidon_old@circomlib.circom 
** result: CONSTRAINED! 
** time: 0.002256 

** filename: LessEqThan@comparators@circomlib_8.circom 
** result: CONSTRAINED! 
** time: 0.005039 

** filename: SMTVerifierSM@smtverifiersm@circomlib.circom 
** result: CONSTRAINED! 
** time: 0.054289 

** filename: BinSub@binsub@circomlib_16.circom 
** result: CONSTRAINED! 
** time: 0.006794 

** filename: SMTHash2@smthash_poseidon@circomlib.circom 
** result: CONSTRAINED! 
** time: 5.761433 

** filename: BinSum@binsum@circomlib_32_2.circom 
** result: CONSTRAINED! 
** time: 0.014552 

** filename: XOR@gates@circomlib.circom 
** result: CONSTRAINED! 
** time: 0.001843 

** filename: Pedersen@pedersen_old@circomlib_253.circom 
** result: TIMEOUT 
** time: 488.80695390701294 

** filename: Bits2Point@pointbits@circomlib.circom 
** result: UNDER-CONSTRAINED! 
** time: 0.032397 

** filename: Bits2Num@bitify@circomlib_254.circom 
** result: CONSTRAINED! 
** time: 0.01463 

** filename: Pedersen@pedersen@circomlib_128.circom 
** result: TIMEOUT 
** time: 486.93833589553833 

** filename: Sha256compression@sha256compression@circomlib.circom 
** result: TIMEOUT 
** time: 30.027297735214233 

** filename: Num2BitsNeg@bitify@circomlib_254.circom 
** result: CONSTRAINED! 
** time: 0.162353 

** filename: GreaterThan@comparators@circomlib_16.circom 
** result: CONSTRAINED! 
** time: 0.010708 

** filename: NOT@gates@circomlib.circom 
** result: CONSTRAINED! 
** time: 0.003861 

** filename: Pedersen@pedersen@circomlib_254.circom 
** result: TIMEOUT 
** time: 502.16833567619324 

** filename: Pedersen@pedersen_old@circomlib_16.circom 
** result: TIMEOUT 
** time: 495.61438179016113 

** filename: Num2Bits@bitify@circomlib_256.circom 
** result: CONSTRAINED! 
** time: 0.193515 

** filename: IsZero@comparators@circomlib.circom 
** result: CONSTRAINED! 
** time: 0.004507 

** filename: Pedersen@pedersen_old@circomlib_256.circom 
** result: TIMEOUT 
** time: 489.08998441696167 

** filename: LessEqThan@comparators@circomlib_16.circom 
** result: CONSTRAINED! 
** time: 0.011485 

** filename: SMTProcessorSM@smtprocessorsm@circomlib.circom 
** result: CONSTRAINED! 
** time: 5.332477 

** filename: Bits2Point_Strict@pointbits@circomlib.circom 
** result: TIMEOUT 
** time: 37.44918513298035 

** filename: Num2Bits@bitify@circomlib_128.circom 
** result: CONSTRAINED! 
** time: 0.063248 

** filename: Pedersen@pedersen_old@circomlib_8.circom 
** result: TIMEOUT 
** time: 492.84467697143555 

** filename: Pedersen@pedersen@circomlib_256.circom 
** result: TIMEOUT 
** time: 499.9494535923004 

** filename: GreaterThan@comparators.circom 
** result: CONSTRAINED! 
** time: 0.037905 

** filename: Segment@pedersen.circom 
** result: TIMEOUT 
** time: 987.8558161258698 

** filename: BabyCheck@babyjub.circom 
** result: CONSTRAINED! 
** time: 0.003653 

** filename: Poseidon@poseidon.circom 
** result: CONSTRAINED! 
** time: 5.419048 

** filename: Pedersen@pedersen_old.circom 
** result: TIMEOUT 
** time: 487.19192123413086 

** filename: Num2BitsNeg@bitify.circom 
** result: CONSTRAINED! 
** time: 0.025386 

** filename: SegmentMulAny@escalarmulany.circom 
** result: NOT SURE 
** time: 23.363388 

** filename: MiMCFeistel@mimcsponge.circom 
** result: CONSTRAINED! 
** time: 0.042622 

** filename: BabyAdd@babyjub.circom 
** result: CONSTRAINED! 
** time: 8.789932 

** filename: MultiAND@gates.circom 
** result: CONSTRAINED! 
** time: 0.005199 

** filename: BabyPbk@babyjub.circom 
** result: TIMEOUT 
** time: 500.2128269672394 

** filename: Multiplexer@multiplexer.circom 
** result: CONSTRAINED! 
** time: 0.019729 

** filename: Bits2Num_strict@bitify.circom 
** result: CONSTRAINED! 
** time: 3.790848 

** filename: Point2Bits_Strict@pointbits.circom 
** result: CONSTRAINED! 
** time: 16.401246 

** filename: BinSum@binsum.circom 
** result: CONSTRAINED! 
** time: 48.401808 

** filename: Bits2Point_Strict@pointbits.circom 
** result: TIMEOUT 
** time: 36.75482535362244 

** filename: MultiMux4@mux4.circom 
** result: TIMEOUT 
** time: 485.97466135025024 

** filename: EdDSAMiMCSpongeVerifier@eddsamimcsponge.circom 
** result: CONSTRAINED! 
** time: 3.957538 

** filename: OR@gates.circom 
** result: CONSTRAINED! 
** time: 0.004764 

** filename: Mux2@mux2.circom 
** result: CONSTRAINED! 
** time: 0.141583 

** filename: Switcher@switcher.circom 
** result: CONSTRAINED! 
** time: 0.005071 

** filename: BabyDbl@babyjub.circom 
** result: CONSTRAINED! 
** time: 3.678181 

** filename: XOR@gates.circom 
** result: CONSTRAINED! 
** time: 0.004287 

** filename: EscalarProduct@multiplexer.circom 
** result: CONSTRAINED! 
** time: 0.004684 

** filename: IsEqual@comparators.circom 
** result: CONSTRAINED! 
** time: 0.005764 

** filename: IsZero@comparators.circom 
** result: CONSTRAINED! 
** time: 0.001315 

** filename: MontgomeryDouble@montgomery.circom 
** result: NOT SURE 
** time: 25.889381 

** filename: Mux4@mux4.circom 
** result: TIMEOUT 
** time: 972.3337013721466 

** filename: EscalarMulAny@escalarmulany.circom 
** result: TIMEOUT 
** time: 35.64297938346863 

** filename: MultiMux3@mux3.circom 
** result: TIMEOUT 
** time: 483.6823217868805 

** filename: Montgomery2Edwards@montgomery.circom 
** result: UNDER-CONSTRAINED! 
** time: 0.210926 

** filename: NOR@gates.circom 
** result: CONSTRAINED! 
** time: 0.004826 

** filename: BitElementMulAny@escalarmulany.circom 
** result: NOT SURE 
** time: 32.841278 

** filename: MiMCSponge@mimcsponge.circom 
** result: CONSTRAINED! 
** time: 0.237539 

** filename: GreaterEqThan@comparators.circom 
** result: CONSTRAINED! 
** time: 0.062269 

** filename: Sign@sign.circom 
** result: CONSTRAINED! 
** time: 1.375346 

** filename: Mux3@mux3.circom 
** result: TIMEOUT 
** time: 975.2291028499603 

** filename: AND@gates.circom 
** result: CONSTRAINED! 
** time: 0.003806 

** filename: NAND@gates.circom 
** result: CONSTRAINED! 
** time: 0.003812 

** filename: ForceEqualIfEnabled@comparators.circom 
** result: CONSTRAINED! 
** time: 0.003519 

** filename: MultiMux1@mux1.circom 
** result: CONSTRAINED! 
** time: 0.006158 

** filename: EdDSAVerifier@eddsa.circom 
** result: CONSTRAINED! 
** time: 12.806681 

** filename: WindowMulFix@escalarmulfix.circom 
** result: TIMEOUT 
** time: 971.5904741287231 

** filename: Multiplexor2@escalarmulany.circom 
** result: CONSTRAINED! 
** time: 0.006818 

** filename: AliasCheck@aliascheck.circom 
** result: CONSTRAINED! 
** time: 0.037426 

** filename: NOT@gates.circom 
** result: CONSTRAINED! 
** time: 0.003947 

** filename: LessEqThan@comparators.circom 
** result: CONSTRAINED! 
** time: 0.038212 

** filename: MontgomeryAdd@montgomery.circom 
** result: UNDER-CONSTRAINED! 
** time: 2.564124 

** filename: MiMC7@mimc.circom 
** result: CONSTRAINED! 
** time: 0.03478 

** filename: MultiMiMC7@mimc.circom 
** result: CONSTRAINED! 
** time: 0.18795 

** filename: Decoder@multiplexer.circom 
** result: UNDER-CONSTRAINED! 
** time: 0.274402 

** filename: MultiMux2@mux2.circom 
** result: CONSTRAINED! 
** time: 0.221502 

** filename: Mux1@mux1.circom 
** result: CONSTRAINED! 
** time: 0.009088 

** filename: Bits2Num@bitify.circom 
** result: CONSTRAINED! 
** time: 0.004196 

** filename: Sigma@poseidon.circom 
** result: CONSTRAINED! 
** time: 0.004057 

** filename: Window4@pedersen.circom 
** result: TIMEOUT 
** time: 979.2779927253723 

** filename: EdDSAPoseidonVerifier@eddsaposeidon.circom 
** result: CONSTRAINED! 
** time: 3.076357 

** filename: Num2Bits_strict@bitify.circom 
** result: CONSTRAINED! 
** time: 3.709763 

** filename: CompConstant@compconstant.circom 
** result: CONSTRAINED! 
** time: 0.294836 

** filename: BinSub@binsub.circom 
** result: CONSTRAINED! 
** time: 48.125121 

** filename: LessThan@comparators.circom 
** result: CONSTRAINED! 
** time: 0.035968 

** filename: SegmentMulFix@escalarmulfix.circom 
** result: TIMEOUT 
** time: 978.3169250488281 

** filename: EdDSAMiMCVerifier@eddsamimc.circom 
** result: CONSTRAINED! 
** time: 3.22277 

** filename: Pedersen@pedersen.circom 
** result: TIMEOUT 
** time: 487.17078256607056 

** filename: Edwards2Montgomery@montgomery.circom 
** result: UNDER-CONSTRAINED! 
** time: 2.214956 

** filename: Num2Bits@bitify.circom 
** result: CONSTRAINED! 
** time: 0.004896 

