** filename: GreaterEqThan@comparators@circomlib_16.circom 
** result: CONSTRAINED! 
** time: 0.005969 
    ** contribution counts: 
    ****** simple_replacement_expression: 4 
    ****** simple_replacement_expression_CONS_propogation: 2 
    ****** bpg_edges: 132 
    ****** bpg_nodes: 94 
    ****** multi_con_to_single_uncon: 2 
    ****** BPG_binary: 18 
    ****** bpg_time_records: {0.0012485980987548828} 
    ****** binary_expression: 17 
    ****** single_to_double: 17 

** filename: BabyCheck@babyjub@circomlib.circom 
** result: CONSTRAINED! 
** time: 0.000224 
    ** contribution counts: 
    ****** single_to_double: 2 
    ****** bpg_time_records: {3.337860107421875e-06} 

** filename: Num2BitsNeg@bitify@circomlib_256.circom 
** result: CONSTRAINED! 
** time: 0.160663 
    ** contribution counts: 
    ****** bpg_edges: 538 
    ****** bpg_nodes: 1037 
    ****** simple_replacement_expression: 1 
    ****** simple_replacement_expression_CONS_propogation: 1 
    ****** multi_con_to_single_uncon: 2 
    ****** add_edge_to_assumptions: 2 
    ****** BPG_constrained_both_solved: 1 
    ****** BPG_binary: 257 
    ****** bpg_time_records: {0.0059015750885009766} 
    ****** binary_expression: 256 
    ****** single_to_double: 256 

** filename: GreaterEqThan@comparators@circomlib_32.circom 
** result: CONSTRAINED! 
** time: 0.009729 
    ** contribution counts: 
    ****** simple_replacement_expression: 4 
    ****** simple_replacement_expression_CONS_propogation: 2 
    ****** bpg_edges: 164 
    ****** bpg_nodes: 158 
    ****** multi_con_to_single_uncon: 2 
    ****** BPG_binary: 34 
    ****** bpg_time_records: {0.001600027084350586} 
    ****** binary_expression: 33 
    ****** single_to_double: 33 

** filename: Num2BitsNeg@bitify@circomlib_16.circom 
** result: CONSTRAINED! 
** time: 0.004866 
    ** contribution counts: 
    ****** bpg_edges: 58 
    ****** bpg_nodes: 77 
    ****** simple_replacement_expression: 1 
    ****** simple_replacement_expression_CONS_propogation: 1 
    ****** multi_con_to_single_uncon: 2 
    ****** add_edge_to_assumptions: 2 
    ****** BPG_constrained_both_solved: 1 
    ****** BPG_binary: 17 
    ****** bpg_time_records: {0.0007462501525878906} 
    ****** binary_expression: 16 
    ****** single_to_double: 16 

** filename: Num2Bits@bitify@circomlib_1.circom 
** result: CONSTRAINED! 
** time: 0.000577 
    ** contribution counts: 
    ****** bpg_edges: 8 
    ****** bpg_nodes: 8 
    ****** single_to_double: 1 
    ****** multi_con_to_single_uncon: 1 
    ****** BPG_binary: 1 
    ****** bpg_time_records: {0.00015592575073242188} 

** filename: T1@t1@circomlib.circom 
** result: TIMEOUT 
** time: 91.81589436531067 
    ** contribution counts: 
    ****** simple_replacement_expression: 640 
    ****** simple_replacement_expression_CONS_propogation: 416 
    ****** bpg_edges: 889458 
    ****** bpg_nodes: 2787 
    ****** single_to_double: 323 
    ****** multi_con_to_single_uncon: 3 

** filename: Main@main@circomlib.circom 
** result: TIMEOUT 
** time: 30.062318563461304 
    ** contribution counts: 

** filename: Bits2Num@bitify@circomlib_256.circom 
** result: CONSTRAINED! 
** time: 0.014926 
    ** contribution counts: 
    ****** multi_con_to_single_uncon: 1 
    ****** bpg_time_records: {5.9604644775390625e-06} 

** filename: BabyPbk@babyjub@circomlib.circom 
** result: TIMEOUT 
** time: 496.63083481788635 
    ** contribution counts: 
    ****** simple_replacement_expression: 1650 
    ****** simple_replacement_expression_CONS_propogation: 1 
    ****** bpg_edges: 585713 
    ****** bpg_nodes: 8396 
    ****** simple_replacement_constant: 45 
    ****** multi_con_to_single_uncon: 5 
    ****** single_to_double: 36 

** filename: Sigma@poseidon@circomlib.circom 
** result: CONSTRAINED! 
** time: 0.000632 
    ** contribution counts: 
    ****** single_to_double: 3 
    ****** multi_con_to_single_uncon: 3 
    ****** bpg_edges: 9 
    ****** bpg_nodes: 8 
    ****** bpg_time_records: {9.465217590332031e-05} 

** filename: EdDSAPoseidonVerifier@eddsaposeidon@circomlib.circom 
** result: CONSTRAINED! 
** time: 3.060219 
    ** contribution counts: 
    ****** bpg_time_records: {1.0967254638671875e-05} 

** filename: BabyAdd@babyjub@circomlib.circom 
** result: CONSTRAINED! 
** time: 8.478902 
    ** contribution counts: 
    ****** single_to_double: 7 
    ****** multi_con_to_single_uncon: 4 
    ****** bpg_edges: 2145 
    ****** bpg_nodes: 30 
    ****** add_edge_to_assumptions: 2 
    ****** bpg_time_records: {0.02002549171447754} 
    ****** DO_ASSUMPTION_PHASE: 1 
    ****** assumption_smt_count: 2 
    ****** clause_learning: 1 
    ****** Assumptions_grobner_early_conflict_cons: 2 
    ****** solved_assumption_smt_count: 2 

** filename: Point2Bits_Strict@pointbits@circomlib.circom 
** result: CONSTRAINED! 
** time: 16.337743 
    ** contribution counts: 
    ****** simple_replacement_expression: 1531 
    ****** simple_replacement_expression_CONS_propogation: 2 
    ****** bpg_edges: 34129 
    ****** bpg_nodes: 11551 
    ****** simple_replacement_constant: 5 
    ****** single_to_double: 899 
    ****** BPG_binary: 1422 
    ****** bpg_time_records: {0.6429903507232666} 
    ****** binary_expression: 643 
    ****** multi_con_to_single_uncon: 924 

** filename: Bits2Num@bitify@circomlib_32.circom 
** result: CONSTRAINED! 
** time: 0.000797 
    ** contribution counts: 
    ****** multi_con_to_single_uncon: 1 
    ****** bpg_time_records: {5.4836273193359375e-06} 

** filename: Mux4@mux4@circomlib.circom 
** result: TIMEOUT 
** time: 983.7448437213898 
    ** contribution counts: 
    ****** simple_replacement_expression: 21 
    ****** simple_replacement_expression_CONS_propogation: 20 
    ****** bpg_edges: 725957 
    ****** bpg_nodes: 137 
    ****** single_to_double: 116 
    ****** multi_con_to_single_uncon: 6 

** filename: GreaterThan@comparators@circomlib_32.circom 
** result: CONSTRAINED! 
** time: 0.011964 
    ** contribution counts: 
    ****** simple_replacement_expression: 4 
    ****** simple_replacement_expression_CONS_propogation: 2 
    ****** bpg_edges: 164 
    ****** bpg_nodes: 157 
    ****** multi_con_to_single_uncon: 2 
    ****** BPG_binary: 34 
    ****** bpg_time_records: {0.001962900161743164} 
    ****** binary_expression: 33 
    ****** single_to_double: 33 

** filename: Point2Bits@pointbits@circomlib.circom 
** result: UNDER-CONSTRAINED! 
** time: 0.017146 
    ** contribution counts: 
    ****** bpg_time_records: {3.814697265625e-06} 
    ****** DO_ASSUMPTION_PHASE: 1 
    ****** NO_Assumptions_raw_SMT_UNDER: 256 

** filename: BitElementMulAny@escalarmulany@circomlib.circom 
** result: NOT SURE 
** time: 33.02839 
    ** contribution counts: 
    ****** simple_replacement_expression: 15 
    ****** simple_replacement_expression_CONS_propogation: 7 
    ****** bpg_edges: 2126 
    ****** bpg_nodes: 91 
    ****** single_to_double: 5 
    ****** multi_con_to_single_uncon: 2 
    ****** add_edge_to_assumptions: 1 
    ****** bpg_time_records: {0.022556781768798828} 
    ****** DO_ASSUMPTION_PHASE: 1 
    ****** assumption_smt_count: 1 

** filename: LessEqThan@comparators@circomlib_32.circom 
** result: CONSTRAINED! 
** time: 0.00982 
    ** contribution counts: 
    ****** simple_replacement_expression: 4 
    ****** simple_replacement_expression_CONS_propogation: 2 
    ****** bpg_edges: 164 
    ****** bpg_nodes: 158 
    ****** multi_con_to_single_uncon: 2 
    ****** BPG_binary: 34 
    ****** bpg_time_records: {0.001613616943359375} 
    ****** binary_expression: 33 
    ****** single_to_double: 33 

** filename: Pedersen@pedersen@circomlib_32.circom 
** result: TIMEOUT 
** time: 487.12904953956604 
    ** contribution counts: 
    ****** simple_replacement_constant: 49 
    ****** bpg_edges: 382850 
    ****** simple_replacement_expression: 178 
    ****** simple_replacement_expression_CONS_propogation: 67 
    ****** bpg_nodes: 1082 
    ****** single_to_double: 101 
    ****** multi_con_to_single_uncon: 7 

** filename: Sha256_2@sha256_2@circomlib.circom 
** result: TIMEOUT 
** time: 30.03574252128601 
    ** contribution counts: 

** filename: AND@gates@circomlib.circom 
** result: CONSTRAINED! 
** time: 0.000456 
    ** contribution counts: 
    ****** single_to_double: 1 
    ****** multi_con_to_single_uncon: 1 
    ****** bpg_edges: 9 
    ****** bpg_nodes: 8 
    ****** bpg_time_records: {9.179115295410156e-05} 

** filename: Num2BitsNeg@bitify@circomlib_64.circom 
** result: CONSTRAINED! 
** time: 0.019826 
    ** contribution counts: 
    ****** bpg_edges: 154 
    ****** bpg_nodes: 269 
    ****** simple_replacement_expression: 1 
    ****** simple_replacement_expression_CONS_propogation: 1 
    ****** multi_con_to_single_uncon: 2 
    ****** add_edge_to_assumptions: 2 
    ****** BPG_constrained_both_solved: 1 
    ****** BPG_binary: 65 
    ****** bpg_time_records: {0.001781463623046875} 
    ****** binary_expression: 64 
    ****** single_to_double: 64 

** filename: Bits2Num@bitify@circomlib_128.circom 
** result: CONSTRAINED! 
** time: 0.004465 
    ** contribution counts: 
    ****** multi_con_to_single_uncon: 1 
    ****** bpg_time_records: {6.198883056640625e-06} 

** filename: Num2Bits@bitify@circomlib_64.circom 
** result: CONSTRAINED! 
** time: 0.017707 
    ** contribution counts: 
    ****** bpg_edges: 128 
    ****** bpg_nodes: 256 
    ****** BPG_binary: 64 
    ****** bpg_time_records: {0.0012443065643310547} 
    ****** binary_expression: 64 
    ****** single_to_double: 64 

** filename: Num2BitsNeg@bitify@circomlib_32.circom 
** result: CONSTRAINED! 
** time: 0.008957 
    ** contribution counts: 
    ****** bpg_edges: 90 
    ****** bpg_nodes: 141 
    ****** simple_replacement_expression: 1 
    ****** simple_replacement_expression_CONS_propogation: 1 
    ****** multi_con_to_single_uncon: 2 
    ****** add_edge_to_assumptions: 2 
    ****** BPG_constrained_both_solved: 1 
    ****** BPG_binary: 33 
    ****** bpg_time_records: {0.001096487045288086} 
    ****** binary_expression: 32 
    ****** single_to_double: 32 

** filename: GreaterEqThan@comparators@circomlib_8.circom 
** result: CONSTRAINED! 
** time: 0.0053 
    ** contribution counts: 
    ****** simple_replacement_expression: 4 
    ****** simple_replacement_expression_CONS_propogation: 2 
    ****** bpg_edges: 116 
    ****** bpg_nodes: 62 
    ****** multi_con_to_single_uncon: 2 
    ****** BPG_binary: 10 
    ****** bpg_time_records: {0.0012705326080322266} 
    ****** binary_expression: 9 
    ****** single_to_double: 9 

** filename: EdDSAMiMCSpongeVerifier@eddsamimcsponge@circomlib.circom 
** result: CONSTRAINED! 
** time: 3.986805 
    ** contribution counts: 
    ****** bpg_time_records: {9.059906005859375e-06} 

** filename: Pedersen@pedersen@circomlib_8.circom 
** result: TIMEOUT 
** time: 487.0604417324066 
    ** contribution counts: 
    ****** simple_replacement_constant: 49 
    ****** bpg_edges: 369804 
    ****** simple_replacement_expression: 70 
    ****** simple_replacement_expression_CONS_propogation: 19 
    ****** bpg_nodes: 416 
    ****** single_to_double: 104 
    ****** multi_con_to_single_uncon: 4 

** filename: SMTVerifierLevel@smtverifierlevel@circomlib.circom 
** result: CONSTRAINED! 
** time: 24.541422 
    ** contribution counts: 
    ****** single_to_double: 1285 
    ****** simple_replacement_expression: 12 
    ****** simple_replacement_expression_CONS_propogation: 3 
    ****** bpg_edges: 7870 
    ****** bpg_nodes: 2275 
    ****** multi_con_to_single_uncon: 737 
    ****** simple_replacement_constant: 3 
    ****** bpg_time_records: {0.08538484573364258} 

** filename: SMTHash1@smthash_mimc@circomlib.circom 
** result: CONSTRAINED! 
** time: 7.200782 
    ** contribution counts: 
    ****** simple_replacement_expression: 7 
    ****** simple_replacement_expression_CONS_propogation: 4 
    ****** bpg_edges: 7243 
    ****** bpg_nodes: 2229 
    ****** simple_replacement_constant: 3 
    ****** single_to_double: 1278 
    ****** multi_con_to_single_uncon: 732 
    ****** bpg_time_records: {0.060439348220825195} 

** filename: OR@gates@circomlib.circom 
** result: CONSTRAINED! 
** time: 0.001444 
    ** contribution counts: 
    ****** single_to_double: 1 
    ****** multi_con_to_single_uncon: 1 
    ****** bpg_edges: 44 
    ****** bpg_nodes: 13 
    ****** bpg_time_records: {0.00022363662719726562} 

** filename: BinSum@binsum@circomlib_32_5.circom 
** result: CONSTRAINED! 
** time: 0.024093 
    ** contribution counts: 
    ****** bpg_edges: 70 
    ****** bpg_nodes: 140 
    ****** BPG_binary: 35 
    ****** bpg_time_records: {0.0008411407470703125} 
    ****** binary_expression: 35 
    ****** single_to_double: 35 

** filename: NAND@gates@circomlib.circom 
** result: CONSTRAINED! 
** time: 0.000475 
    ** contribution counts: 
    ****** single_to_double: 1 
    ****** multi_con_to_single_uncon: 1 
    ****** bpg_edges: 9 
    ****** bpg_nodes: 9 
    ****** bpg_time_records: {8.535385131835938e-05} 

** filename: Num2Bits@bitify@circomlib_254.circom 
** result: CONSTRAINED! 
** time: 0.178187 
    ** contribution counts: 
    ****** bpg_edges: 508 
    ****** bpg_nodes: 1016 
    ****** BPG_binary: 254 
    ****** bpg_time_records: {0.006185293197631836} 
    ****** binary_expression: 254 
    ****** single_to_double: 254 

** filename: Pedersen@pedersen@circomlib_253.circom 
** result: TIMEOUT 
** time: 503.51617407798767 
    ** contribution counts: 
    ****** simple_replacement_constant: 52 
    ****** bpg_edges: 479219 
    ****** simple_replacement_expression: 993 
    ****** simple_replacement_expression_CONS_propogation: 456 
    ****** bpg_nodes: 6098 
    ****** single_to_double: 102 
    ****** multi_con_to_single_uncon: 5 

** filename: SMTHash1@smthash_poseidon@circomlib.circom 
** result: TIMEOUT 
** time: 30.757296562194824 
    ** contribution counts: 
    ****** simple_replacement_expression: 408 
    ****** simple_replacement_expression_CONS_propogation: 6 
    ****** bpg_edges: 506978 
    ****** bpg_nodes: 2446 
    ****** simple_replacement_constant: 11 
    ****** single_to_double: 175 
    ****** multi_con_to_single_uncon: 273 

** filename: Num2BitsNeg@bitify@circomlib_128.circom 
** result: CONSTRAINED! 
** time: 0.06331 
    ** contribution counts: 
    ****** bpg_edges: 282 
    ****** bpg_nodes: 525 
    ****** simple_replacement_expression: 1 
    ****** simple_replacement_expression_CONS_propogation: 1 
    ****** multi_con_to_single_uncon: 2 
    ****** add_edge_to_assumptions: 2 
    ****** BPG_constrained_both_solved: 1 
    ****** BPG_binary: 129 
    ****** bpg_time_records: {0.003764629364013672} 
    ****** binary_expression: 128 
    ****** single_to_double: 128 

** filename: SMTHash2@smthash_mimc@circomlib.circom 
** result: CONSTRAINED! 
** time: 7.075755 
    ** contribution counts: 
    ****** simple_replacement_expression: 7 
    ****** simple_replacement_expression_CONS_propogation: 4 
    ****** bpg_edges: 7246 
    ****** bpg_nodes: 2224 
    ****** simple_replacement_constant: 3 
    ****** single_to_double: 1278 
    ****** multi_con_to_single_uncon: 732 
    ****** bpg_time_records: {0.0639028549194336} 

** filename: Pedersen@pedersen@circomlib_16.circom 
** result: TIMEOUT 
** time: 487.9186272621155 
    ** contribution counts: 
    ****** simple_replacement_constant: 48 
    ****** bpg_edges: 374083 
    ****** simple_replacement_expression: 107 
    ****** simple_replacement_expression_CONS_propogation: 35 
    ****** bpg_nodes: 638 
    ****** single_to_double: 103 
    ****** multi_con_to_single_uncon: 3 

** filename: Edwards2Montgomery@montgomery@circomlib.circom 
** result: UNDER-CONSTRAINED! 
** time: 2.225307 
    ** contribution counts: 
    ****** add_edge_to_assumptions: 2 
    ****** bpg_edges: 11 
    ****** bpg_nodes: 11 
    ****** bpg_time_records: {8.392333984375e-05, 0.00010657310485839844} 
    ****** DO_ASSUMPTION_PHASE: 1 
    ****** assumption_smt_count: 2 
    ****** clause_learning: 1 
    ****** Assumptions_grobner_early_conflict_cons: 1 
    ****** solved_assumption_smt_count: 1 
    ****** single_to_double: 1 
    ****** multi_con_to_single_uncon: 1 
    ****** Assumptions_via_grobner_UNDER: 1 
    ****** unsolved_assumption_smt_count: 1 

** filename: IsEqual@comparators@circomlib.circom 
** result: CONSTRAINED! 
** time: 0.002483 
    ** contribution counts: 
    ****** multi_con_to_single_uncon: 3 
    ****** bpg_edges: 64 
    ****** bpg_nodes: 20 
    ****** simple_replacement_expression: 1 
    ****** add_edge_to_assumptions: 2 
    ****** BPG_constrained_both_solved: 1 
    ****** BPG_binary: 2 
    ****** bpg_time_records: {0.0005595684051513672} 

** filename: NOR@gates@circomlib.circom 
** result: CONSTRAINED! 
** time: 0.001056 
    ** contribution counts: 
    ****** single_to_double: 1 
    ****** multi_con_to_single_uncon: 1 
    ****** bpg_edges: 44 
    ****** bpg_nodes: 14 
    ****** bpg_time_records: {0.00013875961303710938} 

** filename: Pedersen@pedersen_old@circomlib_254.circom 
** result: TIMEOUT 
** time: 489.22643280029297 
    ** contribution counts: 
    ****** simple_replacement_expression: 646 
    ****** simple_replacement_expression_CONS_propogation: 508 
    ****** bpg_edges: 369142 
    ****** bpg_nodes: 3148 
    ****** simple_replacement_constant: 42 
    ****** single_to_double: 140 
    ****** multi_con_to_single_uncon: 6 

** filename: MontgomeryAdd@montgomery@circomlib.circom 
** result: UNDER-CONSTRAINED! 
** time: 2.556095 
    ** contribution counts: 
    ****** add_edge_to_assumptions: 1 
    ****** bpg_edges: 604 
    ****** bpg_nodes: 21 
    ****** bpg_time_records: {0.002034425735473633} 
    ****** DO_ASSUMPTION_PHASE: 1 
    ****** assumption_smt_count: 1 
    ****** Assumptions_via_grobner_UNDER: 3 
    ****** unsolved_assumption_smt_count: 1 

** filename: BabyDbl@babyjub@circomlib.circom 
** result: CONSTRAINED! 
** time: 3.671355 
    ** contribution counts: 
    ****** simple_replacement_expression: 6 
    ****** simple_replacement_expression_CONS_propogation: 4 
    ****** bpg_edges: 3933 
    ****** bpg_nodes: 42 
    ****** single_to_double: 11 
    ****** multi_con_to_single_uncon: 4 
    ****** add_edge_to_assumptions: 2 
    ****** bpg_time_records: {0.07065320014953613} 
    ****** DO_ASSUMPTION_PHASE: 1 
    ****** assumption_smt_count: 2 
    ****** clause_learning: 1 
    ****** Assumptions_grobner_early_conflict_cons: 2 
    ****** solved_assumption_smt_count: 2 

** filename: Num2Bits@bitify@circomlib_32.circom 
** result: CONSTRAINED! 
** time: 0.007121 
    ** contribution counts: 
    ****** bpg_edges: 64 
    ****** bpg_nodes: 128 
    ****** BPG_binary: 32 
    ****** bpg_time_records: {0.0006256103515625} 
    ****** binary_expression: 32 
    ****** single_to_double: 32 

** filename: SigmaPlus@sigmaplus@circomlib.circom 
** result: TIMEOUT 
** time: 91.65695214271545 
    ** contribution counts: 
    ****** simple_replacement_expression: 541 
    ****** simple_replacement_expression_CONS_propogation: 317 
    ****** bpg_edges: 886491 
    ****** bpg_nodes: 2307 
    ****** single_to_double: 195 
    ****** simple_replacement_constant: 3 
    ****** multi_con_to_single_uncon: 3 

** filename: T2@t2@circomlib.circom 
** result: TIMEOUT 
** time: 92.15243172645569 
    ** contribution counts: 
    ****** simple_replacement_expression: 544 
    ****** simple_replacement_expression_CONS_propogation: 320 
    ****** bpg_edges: 888882 
    ****** bpg_nodes: 2211 
    ****** single_to_double: 387 
    ****** multi_con_to_single_uncon: 3 

** filename: Num2Bits_strict@bitify@circomlib.circom 
** result: CONSTRAINED! 
** time: 3.848261 
    ** contribution counts: 
    ****** simple_replacement_expression: 764 
    ****** simple_replacement_expression_CONS_propogation: 1 
    ****** bpg_edges: 13351 
    ****** bpg_nodes: 5204 
    ****** simple_replacement_constant: 2 
    ****** single_to_double: 382 
    ****** BPG_binary: 643 
    ****** bpg_time_records: {0.23957324028015137} 
    ****** binary_expression: 254 
    ****** multi_con_to_single_uncon: 286 

** filename: Num2BitsNeg@bitify@circomlib_253.circom 
** result: CONSTRAINED! 
** time: 0.157115 
    ** contribution counts: 
    ****** bpg_edges: 532 
    ****** bpg_nodes: 1025 
    ****** simple_replacement_expression: 1 
    ****** simple_replacement_expression_CONS_propogation: 1 
    ****** multi_con_to_single_uncon: 2 
    ****** add_edge_to_assumptions: 2 
    ****** BPG_constrained_both_solved: 1 
    ****** BPG_binary: 254 
    ****** bpg_time_records: {0.005898475646972656} 
    ****** binary_expression: 253 
    ****** single_to_double: 253 

** filename: ForceEqualIfEnabled@comparators@circomlib.circom 
** result: CONSTRAINED! 
** time: 0.000307 
    ** contribution counts: 
    ****** bpg_time_records: {4.291534423828125e-06} 

** filename: Pedersen@pedersen_old@circomlib_32.circom 
** result: TIMEOUT 
** time: 486.2462100982666 
    ** contribution counts: 
    ****** simple_replacement_expression: 94 
    ****** simple_replacement_expression_CONS_propogation: 68 
    ****** bpg_edges: 365828 
    ****** bpg_nodes: 490 
    ****** simple_replacement_constant: 40 
    ****** single_to_double: 140 
    ****** multi_con_to_single_uncon: 6 

** filename: Num2BitsNeg@bitify@circomlib_8.circom 
** result: CONSTRAINED! 
** time: 0.00392 
    ** contribution counts: 
    ****** bpg_edges: 42 
    ****** bpg_nodes: 45 
    ****** simple_replacement_expression: 1 
    ****** simple_replacement_expression_CONS_propogation: 1 
    ****** multi_con_to_single_uncon: 2 
    ****** add_edge_to_assumptions: 2 
    ****** BPG_constrained_both_solved: 1 
    ****** BPG_binary: 9 
    ****** bpg_time_records: {0.0007245540618896484} 
    ****** binary_expression: 8 
    ****** single_to_double: 8 

** filename: MontgomeryDouble@montgomery@circomlib.circom 
** result: NOT SURE 
** time: 30.894661 
    ** contribution counts: 
    ****** single_to_double: 1 
    ****** multi_con_to_single_uncon: 2 
    ****** add_edge_to_assumptions: 1 
    ****** bpg_edges: 292 
    ****** bpg_nodes: 18 
    ****** bpg_time_records: {0.0007011890411376953} 
    ****** DO_ASSUMPTION_PHASE: 1 
    ****** assumption_smt_count: 1 
    ****** clause_learning: 1 

** filename: GreaterThan@comparators@circomlib_8.circom 
** result: CONSTRAINED! 
** time: 0.004378 
    ** contribution counts: 
    ****** simple_replacement_expression: 4 
    ****** simple_replacement_expression_CONS_propogation: 2 
    ****** bpg_edges: 116 
    ****** bpg_nodes: 61 
    ****** multi_con_to_single_uncon: 2 
    ****** BPG_binary: 10 
    ****** bpg_time_records: {0.0010709762573242188} 
    ****** binary_expression: 9 
    ****** single_to_double: 9 

** filename: Pedersen@pedersen_old@circomlib_64.circom 
** result: TIMEOUT 
** time: 487.9003622531891 
    ** contribution counts: 
    ****** simple_replacement_expression: 174 
    ****** simple_replacement_expression_CONS_propogation: 132 
    ****** bpg_edges: 366308 
    ****** bpg_nodes: 874 
    ****** simple_replacement_constant: 40 
    ****** single_to_double: 140 
    ****** multi_con_to_single_uncon: 6 

** filename: Bits2Num@bitify@circomlib_16.circom 
** result: CONSTRAINED! 
** time: 0.000473 
    ** contribution counts: 
    ****** multi_con_to_single_uncon: 1 
    ****** bpg_time_records: {5.7220458984375e-06} 

** filename: Num2Bits@bitify@circomlib_253.circom 
** result: CONSTRAINED! 
** time: 0.153203 
    ** contribution counts: 
    ****** bpg_edges: 506 
    ****** bpg_nodes: 1012 
    ****** BPG_binary: 253 
    ****** bpg_time_records: {0.004883766174316406} 
    ****** binary_expression: 253 
    ****** single_to_double: 253 

** filename: AliasCheck@aliascheck@circomlib.circom 
** result: CONSTRAINED! 
** time: 0.034138 
    ** contribution counts: 
    ****** bpg_time_records: {5.245208740234375e-06} 

** filename: Mux2@mux2@circomlib.circom 
** result: CONSTRAINED! 
** time: 0.14059 
    ** contribution counts: 
    ****** simple_replacement_expression: 8 
    ****** simple_replacement_expression_CONS_propogation: 7 
    ****** bpg_edges: 6330 
    ****** bpg_nodes: 57 
    ****** single_to_double: 18 
    ****** multi_con_to_single_uncon: 5 
    ****** bpg_time_records: {0.04377007484436035} 

** filename: Bits2Num@bitify@circomlib_64.circom 
** result: CONSTRAINED! 
** time: 0.001664 
    ** contribution counts: 
    ****** multi_con_to_single_uncon: 1 
    ****** bpg_time_records: {6.198883056640625e-06} 

** filename: Mux3@mux3@circomlib.circom 
** result: TIMEOUT 
** time: 978.8940351009369 
    ** contribution counts: 
    ****** simple_replacement_expression: 12 
    ****** simple_replacement_expression_CONS_propogation: 11 
    ****** bpg_edges: 725850 
    ****** bpg_nodes: 77 
    ****** single_to_double: 36 
    ****** multi_con_to_single_uncon: 2 

** filename: Pedersen@pedersen@circomlib_64.circom 
** result: TIMEOUT 
** time: 495.76057839393616 
    ** contribution counts: 
    ****** simple_replacement_constant: 49 
    ****** bpg_edges: 400304 
    ****** simple_replacement_expression: 322 
    ****** simple_replacement_expression_CONS_propogation: 131 
    ****** bpg_nodes: 1970 
    ****** single_to_double: 102 
    ****** multi_con_to_single_uncon: 4 

** filename: Pedersen@pedersen_old@circomlib_128.circom 
** result: TIMEOUT 
** time: 492.9307827949524 
    ** contribution counts: 
    ****** simple_replacement_expression: 334 
    ****** simple_replacement_expression_CONS_propogation: 260 
    ****** bpg_edges: 367268 
    ****** bpg_nodes: 1642 
    ****** simple_replacement_constant: 40 
    ****** single_to_double: 140 
    ****** multi_con_to_single_uncon: 6 

** filename: Montgomery2Edwards@montgomery@circomlib.circom 
** result: UNDER-CONSTRAINED! 
** time: 0.31979 
    ** contribution counts: 
    ****** multi_con_to_single_uncon: 1 
    ****** add_edge_to_assumptions: 2 
    ****** bpg_edges: 11 
    ****** bpg_nodes: 11 
    ****** bpg_time_records: {0.00010323524475097656} 
    ****** DO_ASSUMPTION_PHASE: 1 
    ****** assumption_smt_count: 1 
    ****** clause_learning: 1 
    ****** Assumptions_via_grobner_UNDER: 1 
    ****** unsolved_assumption_smt_count: 1 

** filename: Multiplexor2@escalarmulany@circomlib.circom 
** result: CONSTRAINED! 
** time: 0.003371 
    ** contribution counts: 
    ****** single_to_double: 4 
    ****** multi_con_to_single_uncon: 2 
    ****** bpg_edges: 122 
    ****** bpg_nodes: 23 
    ****** bpg_time_records: {0.00045943260192871094} 

** filename: Num2BitsNeg@bitify@circomlib_1.circom 
** result: CONSTRAINED! 
** time: 0.004679 
    ** contribution counts: 
    ****** bpg_edges: 64 
    ****** bpg_nodes: 18 
    ****** simple_replacement_expression: 1 
    ****** simple_replacement_expression_CONS_propogation: 1 
    ****** multi_con_to_single_uncon: 2 
    ****** add_edge_to_assumptions: 2 
    ****** single_to_double: 1 
    ****** BPG_constrained_both_solved: 2 
    ****** BPG_binary: 2 
    ****** bpg_time_records: {0.0010287761688232422} 

** filename: Bits2Num_strict@bitify@circomlib.circom 
** result: CONSTRAINED! 
** time: 3.826224 
    ** contribution counts: 
    ****** simple_replacement_expression: 764 
    ****** simple_replacement_expression_CONS_propogation: 763 
    ****** bpg_edges: 12335 
    ****** bpg_nodes: 4412 
    ****** single_to_double: 255 
    ****** simple_replacement_constant: 2 
    ****** multi_con_to_single_uncon: 129 
    ****** BPG_binary: 135 
    ****** bpg_time_records: {2.091524362564087} 

** filename: EdDSAMiMCVerifier@eddsamimc@circomlib.circom 
** result: CONSTRAINED! 
** time: 3.194093 
    ** contribution counts: 
    ****** bpg_time_records: {9.059906005859375e-06} 

** filename: Mux1@mux1@circomlib.circom 
** result: CONSTRAINED! 
** time: 0.004959 
    ** contribution counts: 
    ****** simple_replacement_expression: 4 
    ****** simple_replacement_expression_CONS_propogation: 3 
    ****** bpg_edges: 146 
    ****** bpg_nodes: 28 
    ****** single_to_double: 4 
    ****** multi_con_to_single_uncon: 1 
    ****** bpg_time_records: {0.0016071796417236328} 

** filename: Sign@sign@circomlib.circom 
** result: CONSTRAINED! 
** time: 1.153422 
    ** contribution counts: 
    ****** simple_replacement_expression: 257 
    ****** simple_replacement_expression_CONS_propogation: 255 
    ****** bpg_edges: 8950 
    ****** bpg_nodes: 2900 
    ****** single_to_double: 389 
    ****** multi_con_to_single_uncon: 129 
    ****** BPG_binary: 136 
    ****** bpg_time_records: {0.5443027019500732} 
    ****** binary_expression: 135 

** filename: Bits2Num@bitify@circomlib_1.circom 
** result: CONSTRAINED! 
** time: 0.001137 
    ** contribution counts: 
    ****** multi_con_to_single_uncon: 1 
    ****** bpg_edges: 6 
    ****** bpg_nodes: 6 
    ****** bpg_time_records: {9.441375732421875e-05} 

** filename: Switcher@switcher@circomlib.circom 
** result: CONSTRAINED! 
** time: 0.001676 
    ** contribution counts: 
    ****** single_to_double: 2 
    ****** multi_con_to_single_uncon: 3 
    ****** bpg_edges: 90 
    ****** bpg_nodes: 18 
    ****** bpg_time_records: {0.0002002716064453125} 

** filename: SMTProcessorLevel@smtprocessorlevel@circomlib.circom 
** result: TIMEOUT 
** time: 30.023093938827515 
    ** contribution counts: 
    ****** single_to_double: 1297 
    ****** simple_replacement_expression: 22 
    ****** simple_replacement_expression_CONS_propogation: 4 
    ****** bpg_edges: 10454 
    ****** bpg_nodes: 2895 
    ****** multi_con_to_single_uncon: 742 
    ****** simple_replacement_constant: 6 

** filename: WindowMulFix@escalarmulfix@circomlib.circom 
** result: TIMEOUT 
** time: 982.6695370674133 
    ** contribution counts: 
    ****** simple_replacement_expression: 49 
    ****** simple_replacement_expression_CONS_propogation: 19 
    ****** bpg_edges: 733736 
    ****** bpg_nodes: 239 
    ****** single_to_double: 15 
    ****** multi_con_to_single_uncon: 3 
    ****** add_edge_to_assumptions: 1 

** filename: Window4@pedersen@circomlib.circom 
** result: TIMEOUT 
** time: 970.0523407459259 
    ** contribution counts: 
    ****** simple_replacement_expression: 48 
    ****** simple_replacement_expression_CONS_propogation: 19 
    ****** bpg_edges: 733736 
    ****** bpg_nodes: 240 
    ****** single_to_double: 15 
    ****** multi_con_to_single_uncon: 3 
    ****** add_edge_to_assumptions: 1 

** filename: Bits2Num@bitify@circomlib_253.circom 
** result: CONSTRAINED! 
** time: 0.017323 
    ** contribution counts: 
    ****** multi_con_to_single_uncon: 1 
    ****** bpg_time_records: {6.198883056640625e-06} 

** filename: Num2Bits@bitify@circomlib_16.circom 
** result: CONSTRAINED! 
** time: 0.007767 
    ** contribution counts: 
    ****** bpg_edges: 32 
    ****** bpg_nodes: 64 
    ****** BPG_binary: 16 
    ****** bpg_time_records: {0.0004038810729980469} 
    ****** binary_expression: 16 
    ****** single_to_double: 16 

** filename: Pedersen@pedersen_old@circomlib_1.circom 
** result: TIMEOUT 
** time: 492.8308711051941 
    ** contribution counts: 
    ****** simple_replacement_expression: 13 
    ****** simple_replacement_expression_CONS_propogation: 3 
    ****** bpg_edges: 365314 
    ****** bpg_nodes: 133 
    ****** simple_replacement_constant: 52 
    ****** single_to_double: 121 
    ****** multi_con_to_single_uncon: 2 

** filename: Pedersen@pedersen@circomlib_1.circom 
** result: TIMEOUT 
** time: 489.2978866100311 
    ** contribution counts: 
    ****** simple_replacement_constant: 52 
    ****** bpg_edges: 367950 
    ****** simple_replacement_expression: 43 
    ****** simple_replacement_expression_CONS_propogation: 3 
    ****** bpg_nodes: 302 
    ****** single_to_double: 82 
    ****** multi_con_to_single_uncon: 4 

** filename: Sigma@poseidon_old@circomlib.circom 
** result: CONSTRAINED! 
** time: 0.002256 
    ** contribution counts: 
    ****** single_to_double: 3 
    ****** multi_con_to_single_uncon: 3 
    ****** bpg_edges: 9 
    ****** bpg_nodes: 8 
    ****** bpg_time_records: {9.131431579589844e-05} 

** filename: LessEqThan@comparators@circomlib_8.circom 
** result: CONSTRAINED! 
** time: 0.005039 
    ** contribution counts: 
    ****** simple_replacement_expression: 4 
    ****** simple_replacement_expression_CONS_propogation: 2 
    ****** bpg_edges: 116 
    ****** bpg_nodes: 62 
    ****** multi_con_to_single_uncon: 2 
    ****** BPG_binary: 10 
    ****** bpg_time_records: {0.0010602474212646484} 
    ****** binary_expression: 9 
    ****** single_to_double: 9 

** filename: SMTVerifierSM@smtverifiersm@circomlib.circom 
** result: CONSTRAINED! 
** time: 0.054289 
    ** contribution counts: 
    ****** single_to_double: 4 
    ****** multi_con_to_single_uncon: 7 
    ****** bpg_edges: 2987 
    ****** bpg_nodes: 46 
    ****** bpg_time_records: {0.01404118537902832} 

** filename: BinSub@binsub@circomlib_16.circom 
** result: CONSTRAINED! 
** time: 0.006794 
    ** contribution counts: 
    ****** bpg_edges: 34 
    ****** bpg_nodes: 68 
    ****** BPG_binary: 17 
    ****** bpg_time_records: {0.00043892860412597656} 
    ****** binary_expression: 17 
    ****** single_to_double: 17 

** filename: SMTHash2@smthash_poseidon@circomlib.circom 
** result: CONSTRAINED! 
** time: 5.761433 
    ** contribution counts: 
    ****** simple_replacement_expression: 326 
    ****** simple_replacement_expression_CONS_propogation: 6 
    ****** bpg_edges: 57298 
    ****** bpg_nodes: 2055 
    ****** simple_replacement_constant: 5 
    ****** single_to_double: 326 
    ****** multi_con_to_single_uncon: 452 
    ****** bpg_time_records: {1.5651097297668457} 

** filename: BinSum@binsum@circomlib_32_2.circom 
** result: CONSTRAINED! 
** time: 0.014552 
    ** contribution counts: 
    ****** bpg_edges: 66 
    ****** bpg_nodes: 132 
    ****** BPG_binary: 33 
    ****** bpg_time_records: {0.0008392333984375} 
    ****** binary_expression: 33 
    ****** single_to_double: 33 

** filename: XOR@gates@circomlib.circom 
** result: CONSTRAINED! 
** time: 0.001843 
    ** contribution counts: 
    ****** single_to_double: 1 
    ****** multi_con_to_single_uncon: 1 
    ****** bpg_edges: 36 
    ****** bpg_nodes: 9 
    ****** bpg_time_records: {0.0001575946807861328} 

** filename: Pedersen@pedersen_old@circomlib_253.circom 
** result: TIMEOUT 
** time: 488.80695390701294 
    ** contribution counts: 
    ****** simple_replacement_expression: 645 
    ****** simple_replacement_expression_CONS_propogation: 507 
    ****** bpg_edges: 369136 
    ****** bpg_nodes: 3142 
    ****** simple_replacement_constant: 42 
    ****** single_to_double: 140 
    ****** multi_con_to_single_uncon: 6 

** filename: Bits2Point@pointbits@circomlib.circom 
** result: UNDER-CONSTRAINED! 
** time: 0.032397 
    ** contribution counts: 
    ****** bpg_time_records: {5.4836273193359375e-06} 
    ****** DO_ASSUMPTION_PHASE: 1 
    ****** NO_Assumptions_raw_SMT_UNDER: 2 

** filename: Bits2Num@bitify@circomlib_254.circom 
** result: CONSTRAINED! 
** time: 0.01463 
    ** contribution counts: 
    ****** multi_con_to_single_uncon: 1 
    ****** bpg_time_records: {6.4373016357421875e-06} 

** filename: Pedersen@pedersen@circomlib_128.circom 
** result: TIMEOUT 
** time: 486.93833589553833 
    ** contribution counts: 
    ****** simple_replacement_constant: 49 
    ****** bpg_edges: 435551 
    ****** simple_replacement_expression: 610 
    ****** simple_replacement_expression_CONS_propogation: 259 
    ****** bpg_nodes: 3746 
    ****** single_to_double: 105 
    ****** multi_con_to_single_uncon: 4 

** filename: Sha256compression@sha256compression@circomlib.circom 
** result: TIMEOUT 
** time: 30.027297735214233 
    ** contribution counts: 

** filename: Num2BitsNeg@bitify@circomlib_254.circom 
** result: CONSTRAINED! 
** time: 0.162353 
    ** contribution counts: 
    ****** bpg_edges: 534 
    ****** bpg_nodes: 1029 
    ****** simple_replacement_expression: 1 
    ****** simple_replacement_expression_CONS_propogation: 1 
    ****** multi_con_to_single_uncon: 2 
    ****** add_edge_to_assumptions: 2 
    ****** BPG_constrained_both_solved: 1 
    ****** BPG_binary: 255 
    ****** bpg_time_records: {0.005904436111450195} 
    ****** binary_expression: 254 
    ****** single_to_double: 254 

** filename: GreaterThan@comparators@circomlib_16.circom 
** result: CONSTRAINED! 
** time: 0.010708 
    ** contribution counts: 
    ****** simple_replacement_expression: 4 
    ****** simple_replacement_expression_CONS_propogation: 2 
    ****** bpg_edges: 132 
    ****** bpg_nodes: 93 
    ****** multi_con_to_single_uncon: 2 
    ****** BPG_binary: 18 
    ****** bpg_time_records: {0.0015058517456054688} 
    ****** binary_expression: 17 
    ****** single_to_double: 17 

** filename: NOT@gates@circomlib.circom 
** result: CONSTRAINED! 
** time: 0.003861 
    ** contribution counts: 
    ****** multi_con_to_single_uncon: 1 
    ****** bpg_edges: 6 
    ****** bpg_nodes: 8 
    ****** bpg_time_records: {9.202957153320312e-05} 

** filename: Pedersen@pedersen@circomlib_254.circom 
** result: TIMEOUT 
** time: 502.16833567619324 
    ** contribution counts: 
    ****** simple_replacement_constant: 51 
    ****** bpg_edges: 479224 
    ****** simple_replacement_expression: 994 
    ****** simple_replacement_expression_CONS_propogation: 457 
    ****** bpg_nodes: 6104 
    ****** single_to_double: 102 
    ****** multi_con_to_single_uncon: 5 

** filename: Pedersen@pedersen_old@circomlib_16.circom 
** result: TIMEOUT 
** time: 495.61438179016113 
    ** contribution counts: 
    ****** simple_replacement_expression: 54 
    ****** simple_replacement_expression_CONS_propogation: 36 
    ****** bpg_edges: 365588 
    ****** bpg_nodes: 298 
    ****** simple_replacement_constant: 40 
    ****** single_to_double: 140 
    ****** multi_con_to_single_uncon: 6 

** filename: Num2Bits@bitify@circomlib_256.circom 
** result: CONSTRAINED! 
** time: 0.193515 
    ** contribution counts: 
    ****** bpg_edges: 512 
    ****** bpg_nodes: 1024 
    ****** BPG_binary: 256 
    ****** bpg_time_records: {0.0061893463134765625} 
    ****** binary_expression: 256 
    ****** single_to_double: 256 

** filename: IsZero@comparators@circomlib.circom 
** result: CONSTRAINED! 
** time: 0.004507 
    ** contribution counts: 
    ****** bpg_edges: 11 
    ****** bpg_nodes: 10 
    ****** multi_con_to_single_uncon: 2 
    ****** add_edge_to_assumptions: 2 
    ****** BPG_constrained_both_solved: 1 
    ****** BPG_binary: 1 
    ****** bpg_time_records: {0.00021219253540039062} 

** filename: Pedersen@pedersen_old@circomlib_256.circom 
** result: TIMEOUT 
** time: 489.08998441696167 
    ** contribution counts: 
    ****** simple_replacement_expression: 648 
    ****** simple_replacement_expression_CONS_propogation: 510 
    ****** bpg_edges: 369154 
    ****** bpg_nodes: 3160 
    ****** simple_replacement_constant: 42 
    ****** single_to_double: 140 
    ****** multi_con_to_single_uncon: 6 

** filename: LessEqThan@comparators@circomlib_16.circom 
** result: CONSTRAINED! 
** time: 0.011485 
    ** contribution counts: 
    ****** simple_replacement_expression: 4 
    ****** simple_replacement_expression_CONS_propogation: 2 
    ****** bpg_edges: 132 
    ****** bpg_nodes: 94 
    ****** multi_con_to_single_uncon: 2 
    ****** BPG_binary: 18 
    ****** bpg_time_records: {0.0020499229431152344} 
    ****** binary_expression: 17 
    ****** single_to_double: 17 

** filename: SMTProcessorSM@smtprocessorsm@circomlib.circom 
** result: CONSTRAINED! 
** time: 5.332477 
    ** contribution counts: 
    ****** single_to_double: 6 
    ****** multi_con_to_single_uncon: 8 
    ****** bpg_edges: 55989 
    ****** bpg_nodes: 55 
    ****** bpg_time_records: {2.1621618270874023} 

** filename: Bits2Point_Strict@pointbits@circomlib.circom 
** result: TIMEOUT 
** time: 37.44918513298035 
    ** contribution counts: 
    ****** simple_replacement_expression: 1533 
    ****** simple_replacement_expression_CONS_propogation: 765 
    ****** bpg_edges: 33125 
    ****** bpg_nodes: 10765 
    ****** simple_replacement_constant: 5 
    ****** single_to_double: 258 
    ****** multi_con_to_single_uncon: 131 
    ****** add_edge_to_assumptions: 1 
    ****** BPG_binary: 914 
    ****** bpg_time_records: {4.935259103775024} 
    ****** DO_ASSUMPTION_PHASE: 1 
    ****** assumption_smt_count: 1 

** filename: Num2Bits@bitify@circomlib_128.circom 
** result: CONSTRAINED! 
** time: 0.063248 
    ** contribution counts: 
    ****** bpg_edges: 256 
    ****** bpg_nodes: 512 
    ****** BPG_binary: 128 
    ****** bpg_time_records: {0.0029990673065185547} 
    ****** binary_expression: 128 
    ****** single_to_double: 128 

** filename: Pedersen@pedersen_old@circomlib_8.circom 
** result: TIMEOUT 
** time: 492.84467697143555 
    ** contribution counts: 
    ****** simple_replacement_expression: 34 
    ****** simple_replacement_expression_CONS_propogation: 20 
    ****** bpg_edges: 365468 
    ****** bpg_nodes: 202 
    ****** simple_replacement_constant: 40 
    ****** single_to_double: 140 
    ****** multi_con_to_single_uncon: 6 

** filename: Pedersen@pedersen@circomlib_256.circom 
** result: TIMEOUT 
** time: 499.9494535923004 
    ** contribution counts: 
    ****** simple_replacement_constant: 49 
    ****** bpg_edges: 479234 
    ****** simple_replacement_expression: 996 
    ****** simple_replacement_expression_CONS_propogation: 459 
    ****** bpg_nodes: 6116 
    ****** single_to_double: 102 
    ****** multi_con_to_single_uncon: 6 

** filename: GreaterThan@comparators.circom 
** result: CONSTRAINED! 
** time: 0.037905 
    ** contribution counts: 
    ****** simple_replacement_expression: 4 
    ****** simple_replacement_expression_CONS_propogation: 2 
    ****** bpg_edges: 680 
    ****** bpg_nodes: 39 
    ****** multi_con_to_single_uncon: 2 
    ****** BPG_binary: 4 
    ****** bpg_time_records: {0.008105993270874023} 
    ****** binary_expression: 3 
    ****** single_to_double: 3 

** filename: Segment@pedersen.circom 
** result: TIMEOUT 
** time: 987.8558161258698 
    ** contribution counts: 
    ****** simple_replacement_expression: 74 
    ****** simple_replacement_expression_CONS_propogation: 13 
    ****** bpg_edges: 735421 
    ****** bpg_nodes: 387 
    ****** add_edge_to_assumptions: 1 
    ****** single_to_double: 2 
    ****** multi_con_to_single_uncon: 1 

** filename: BabyCheck@babyjub.circom 
** result: CONSTRAINED! 
** time: 0.003653 
    ** contribution counts: 
    ****** single_to_double: 2 
    ****** bpg_time_records: {4.5299530029296875e-06} 

** filename: Poseidon@poseidon.circom 
** result: CONSTRAINED! 
** time: 5.419048 
    ** contribution counts: 
    ****** simple_replacement_constant: 5 
    ****** bpg_edges: 57280 
    ****** simple_replacement_expression: 323 
    ****** simple_replacement_expression_CONS_propogation: 4 
    ****** bpg_nodes: 2046 
    ****** single_to_double: 326 
    ****** multi_con_to_single_uncon: 473 
    ****** bpg_time_records: {1.4818472862243652} 

** filename: Pedersen@pedersen_old.circom 
** result: TIMEOUT 
** time: 487.19192123413086 
    ** contribution counts: 
    ****** simple_replacement_expression: 16 
    ****** simple_replacement_expression_CONS_propogation: 6 
    ****** bpg_edges: 365334 
    ****** bpg_nodes: 139 
    ****** simple_replacement_constant: 49 
    ****** single_to_double: 130 
    ****** multi_con_to_single_uncon: 3 

** filename: Num2BitsNeg@bitify.circom 
** result: CONSTRAINED! 
** time: 0.025386 
    ** contribution counts: 
    ****** bpg_edges: 318 
    ****** bpg_nodes: 23 
    ****** simple_replacement_expression: 1 
    ****** simple_replacement_expression_CONS_propogation: 1 
    ****** multi_con_to_single_uncon: 2 
    ****** add_edge_to_assumptions: 2 
    ****** BPG_constrained_both_solved: 1 
    ****** BPG_binary: 3 
    ****** bpg_time_records: {0.004868507385253906} 
    ****** binary_expression: 2 
    ****** single_to_double: 2 

** filename: SegmentMulAny@escalarmulany.circom 
** result: NOT SURE 
** time: 23.363388 
    ** contribution counts: 
    ****** simple_replacement_expression: 37 
    ****** simple_replacement_expression_CONS_propogation: 7 
    ****** bpg_edges: 5063 
    ****** bpg_nodes: 198 
    ****** add_edge_to_assumptions: 1 
    ****** bpg_time_records: {0.13494014739990234} 
    ****** DO_ASSUMPTION_PHASE: 1 
    ****** assumption_smt_count: 1 

** filename: MiMCFeistel@mimcsponge.circom 
** result: CONSTRAINED! 
** time: 0.042622 
    ** contribution counts: 
    ****** single_to_double: 11 
    ****** multi_con_to_single_uncon: 6 
    ****** bpg_edges: 1124 
    ****** bpg_nodes: 27 
    ****** simple_replacement_expression: 2 
    ****** simple_replacement_expression_CONS_propogation: 1 
    ****** bpg_time_records: {0.005903482437133789} 

** filename: BabyAdd@babyjub.circom 
** result: CONSTRAINED! 
** time: 8.789932 
    ** contribution counts: 
    ****** single_to_double: 7 
    ****** multi_con_to_single_uncon: 4 
    ****** bpg_edges: 2145 
    ****** bpg_nodes: 30 
    ****** add_edge_to_assumptions: 2 
    ****** bpg_time_records: {0.020250320434570312} 
    ****** DO_ASSUMPTION_PHASE: 1 
    ****** assumption_smt_count: 2 
    ****** clause_learning: 1 
    ****** Assumptions_grobner_early_conflict_cons: 2 
    ****** solved_assumption_smt_count: 2 

** filename: MultiAND@gates.circom 
** result: CONSTRAINED! 
** time: 0.005199 
    ** contribution counts: 
    ****** simple_replacement_expression: 3 
    ****** simple_replacement_expression_CONS_propogation: 2 
    ****** bpg_edges: 36 
    ****** bpg_nodes: 18 
    ****** single_to_double: 2 
    ****** multi_con_to_single_uncon: 1 
    ****** bpg_time_records: {0.0006706714630126953} 

** filename: BabyPbk@babyjub.circom 
** result: TIMEOUT 
** time: 500.2128269672394 
    ** contribution counts: 
    ****** simple_replacement_expression: 1650 
    ****** simple_replacement_expression_CONS_propogation: 1 
    ****** bpg_edges: 585713 
    ****** bpg_nodes: 8396 
    ****** simple_replacement_constant: 45 
    ****** multi_con_to_single_uncon: 5 
    ****** single_to_double: 36 

** filename: Multiplexer@multiplexer.circom 
** result: CONSTRAINED! 
** time: 0.019729 
    ** contribution counts: 
    ****** simple_replacement_expression: 12 
    ****** simple_replacement_expression_CONS_propogation: 5 
    ****** bpg_edges: 333 
    ****** bpg_nodes: 83 
    ****** single_to_double: 5 
    ****** simple_replacement_constant: 1 
    ****** multi_con_to_single_uncon: 13 
    ****** add_edge_to_assumptions: 2 
    ****** BPG_binary: 1 
    ****** bpg_time_records: {0.007414579391479492} 

** filename: Bits2Num_strict@bitify.circom 
** result: CONSTRAINED! 
** time: 3.790848 
    ** contribution counts: 
    ****** simple_replacement_expression: 764 
    ****** simple_replacement_expression_CONS_propogation: 763 
    ****** bpg_edges: 12335 
    ****** bpg_nodes: 4412 
    ****** single_to_double: 255 
    ****** simple_replacement_constant: 2 
    ****** multi_con_to_single_uncon: 129 
    ****** BPG_binary: 135 
    ****** bpg_time_records: {2.0627365112304688} 

** filename: Point2Bits_Strict@pointbits.circom 
** result: CONSTRAINED! 
** time: 16.401246 
    ** contribution counts: 
    ****** simple_replacement_expression: 1531 
    ****** simple_replacement_expression_CONS_propogation: 2 
    ****** bpg_edges: 34129 
    ****** bpg_nodes: 11551 
    ****** simple_replacement_constant: 5 
    ****** single_to_double: 899 
    ****** BPG_binary: 1422 
    ****** bpg_time_records: {0.6375942230224609} 
    ****** binary_expression: 643 
    ****** multi_con_to_single_uncon: 924 

** filename: BinSum@binsum.circom 
** result: CONSTRAINED! 
** time: 48.401808 
    ** contribution counts: 
    ****** bpg_edges: 483846 
    ****** bpg_nodes: 27 
    ****** BPG_binary: 3 
    ****** bpg_time_records: {10.711524724960327} 
    ****** binary_expression: 3 
    ****** single_to_double: 3 

** filename: Bits2Point_Strict@pointbits.circom 
** result: TIMEOUT 
** time: 36.75482535362244 
    ** contribution counts: 
    ****** simple_replacement_expression: 1533 
    ****** simple_replacement_expression_CONS_propogation: 765 
    ****** bpg_edges: 33125 
    ****** bpg_nodes: 10765 
    ****** simple_replacement_constant: 5 
    ****** single_to_double: 258 
    ****** multi_con_to_single_uncon: 131 
    ****** add_edge_to_assumptions: 1 
    ****** BPG_binary: 914 
    ****** bpg_time_records: {4.954568386077881} 
    ****** DO_ASSUMPTION_PHASE: 1 
    ****** assumption_smt_count: 1 

** filename: MultiMux4@mux4.circom 
** result: TIMEOUT 
** time: 485.97466135025024 
    ** contribution counts: 
    ****** single_to_double: 110 
    ****** multi_con_to_single_uncon: 6 
    ****** bpg_edges: 362916 
    ****** bpg_nodes: 44 

** filename: EdDSAMiMCSpongeVerifier@eddsamimcsponge.circom 
** result: CONSTRAINED! 
** time: 3.957538 
    ** contribution counts: 
    ****** bpg_time_records: {9.775161743164062e-06} 

** filename: OR@gates.circom 
** result: CONSTRAINED! 
** time: 0.004764 
    ** contribution counts: 
    ****** single_to_double: 1 
    ****** multi_con_to_single_uncon: 1 
    ****** bpg_edges: 44 
    ****** bpg_nodes: 13 
    ****** bpg_time_records: {0.0002200603485107422} 

** filename: Mux2@mux2.circom 
** result: CONSTRAINED! 
** time: 0.141583 
    ** contribution counts: 
    ****** simple_replacement_expression: 8 
    ****** simple_replacement_expression_CONS_propogation: 7 
    ****** bpg_edges: 6330 
    ****** bpg_nodes: 57 
    ****** single_to_double: 18 
    ****** multi_con_to_single_uncon: 5 
    ****** bpg_time_records: {0.04235363006591797} 

** filename: Switcher@switcher.circom 
** result: CONSTRAINED! 
** time: 0.005071 
    ** contribution counts: 
    ****** single_to_double: 2 
    ****** multi_con_to_single_uncon: 3 
    ****** bpg_edges: 90 
    ****** bpg_nodes: 18 
    ****** bpg_time_records: {0.0002410411834716797} 

** filename: BabyDbl@babyjub.circom 
** result: CONSTRAINED! 
** time: 3.678181 
    ** contribution counts: 
    ****** simple_replacement_expression: 6 
    ****** simple_replacement_expression_CONS_propogation: 4 
    ****** bpg_edges: 3933 
    ****** bpg_nodes: 42 
    ****** single_to_double: 11 
    ****** multi_con_to_single_uncon: 4 
    ****** add_edge_to_assumptions: 2 
    ****** bpg_time_records: {0.0700681209564209} 
    ****** DO_ASSUMPTION_PHASE: 1 
    ****** assumption_smt_count: 2 
    ****** clause_learning: 1 
    ****** Assumptions_grobner_early_conflict_cons: 2 
    ****** solved_assumption_smt_count: 2 

** filename: XOR@gates.circom 
** result: CONSTRAINED! 
** time: 0.004287 
    ** contribution counts: 
    ****** single_to_double: 1 
    ****** multi_con_to_single_uncon: 1 
    ****** bpg_edges: 36 
    ****** bpg_nodes: 9 
    ****** bpg_time_records: {0.00013017654418945312} 

** filename: EscalarProduct@multiplexer.circom 
** result: CONSTRAINED! 
** time: 0.004684 
    ** contribution counts: 
    ****** single_to_double: 2 
    ****** multi_con_to_single_uncon: 3 
    ****** bpg_edges: 54 
    ****** bpg_nodes: 21 
    ****** bpg_time_records: {0.00031185150146484375} 

** filename: IsEqual@comparators.circom 
** result: CONSTRAINED! 
** time: 0.005764 
    ** contribution counts: 
    ****** multi_con_to_single_uncon: 3 
    ****** bpg_edges: 64 
    ****** bpg_nodes: 20 
    ****** simple_replacement_expression: 1 
    ****** add_edge_to_assumptions: 2 
    ****** BPG_constrained_both_solved: 1 
    ****** BPG_binary: 2 
    ****** bpg_time_records: {0.0005543231964111328} 

** filename: IsZero@comparators.circom 
** result: CONSTRAINED! 
** time: 0.001315 
    ** contribution counts: 
    ****** bpg_edges: 11 
    ****** bpg_nodes: 10 
    ****** multi_con_to_single_uncon: 2 
    ****** add_edge_to_assumptions: 2 
    ****** BPG_constrained_both_solved: 1 
    ****** BPG_binary: 1 
    ****** bpg_time_records: {0.00020813941955566406} 

** filename: MontgomeryDouble@montgomery.circom 
** result: NOT SURE 
** time: 25.889381 
    ** contribution counts: 
    ****** single_to_double: 1 
    ****** multi_con_to_single_uncon: 2 
    ****** add_edge_to_assumptions: 1 
    ****** bpg_edges: 292 
    ****** bpg_nodes: 18 
    ****** bpg_time_records: {0.0007112026214599609} 
    ****** DO_ASSUMPTION_PHASE: 1 
    ****** assumption_smt_count: 1 
    ****** clause_learning: 1 

** filename: Mux4@mux4.circom 
** result: TIMEOUT 
** time: 972.3337013721466 
    ** contribution counts: 
    ****** simple_replacement_expression: 21 
    ****** simple_replacement_expression_CONS_propogation: 20 
    ****** bpg_edges: 725957 
    ****** bpg_nodes: 137 
    ****** single_to_double: 116 
    ****** multi_con_to_single_uncon: 6 

** filename: EscalarMulAny@escalarmulany.circom 
** result: TIMEOUT 
** time: 35.64297938346863 
    ** contribution counts: 
    ****** simple_replacement_expression: 40 
    ****** simple_replacement_expression_CONS_propogation: 6 
    ****** bpg_edges: 5233 
    ****** bpg_nodes: 229 
    ****** multi_con_to_single_uncon: 3 
    ****** add_edge_to_assumptions: 3 
    ****** single_to_double: 1 
    ****** BPG_constrained_both_solved: 2 
    ****** BPG_binary: 1 
    ****** bpg_time_records: {0.13465332984924316, 0.10384202003479004} 
    ****** DO_ASSUMPTION_PHASE: 1 
    ****** assumption_smt_count: 2 

** filename: MultiMux3@mux3.circom 
** result: TIMEOUT 
** time: 483.6823217868805 
    ** contribution counts: 
    ****** single_to_double: 34 
    ****** multi_con_to_single_uncon: 2 
    ****** bpg_edges: 362889 
    ****** bpg_nodes: 35 

** filename: Montgomery2Edwards@montgomery.circom 
** result: UNDER-CONSTRAINED! 
** time: 0.210926 
    ** contribution counts: 
    ****** multi_con_to_single_uncon: 1 
    ****** add_edge_to_assumptions: 2 
    ****** bpg_edges: 11 
    ****** bpg_nodes: 11 
    ****** bpg_time_records: {8.916854858398438e-05} 
    ****** DO_ASSUMPTION_PHASE: 1 
    ****** assumption_smt_count: 1 
    ****** clause_learning: 1 
    ****** Assumptions_via_grobner_UNDER: 1 
    ****** unsolved_assumption_smt_count: 1 

** filename: NOR@gates.circom 
** result: CONSTRAINED! 
** time: 0.004826 
    ** contribution counts: 
    ****** single_to_double: 1 
    ****** multi_con_to_single_uncon: 1 
    ****** bpg_edges: 44 
    ****** bpg_nodes: 14 
    ****** bpg_time_records: {0.00016927719116210938} 

** filename: BitElementMulAny@escalarmulany.circom 
** result: NOT SURE 
** time: 32.841278 
    ** contribution counts: 
    ****** simple_replacement_expression: 15 
    ****** simple_replacement_expression_CONS_propogation: 7 
    ****** bpg_edges: 2126 
    ****** bpg_nodes: 91 
    ****** single_to_double: 5 
    ****** multi_con_to_single_uncon: 2 
    ****** add_edge_to_assumptions: 1 
    ****** bpg_time_records: {0.028525114059448242} 
    ****** DO_ASSUMPTION_PHASE: 1 
    ****** assumption_smt_count: 1 

** filename: MiMCSponge@mimcsponge.circom 
** result: CONSTRAINED! 
** time: 0.237539 
    ** contribution counts: 
    ****** simple_replacement_expression: 15 
    ****** single_to_double: 46 
    ****** simple_replacement_expression_CONS_propogation: 7 
    ****** bpg_edges: 3729 
    ****** bpg_nodes: 96 
    ****** simple_replacement_constant: 1 
    ****** multi_con_to_single_uncon: 20 
    ****** bpg_time_records: {0.05411100387573242} 

** filename: GreaterEqThan@comparators.circom 
** result: CONSTRAINED! 
** time: 0.062269 
    ** contribution counts: 
    ****** simple_replacement_expression: 4 
    ****** simple_replacement_expression_CONS_propogation: 2 
    ****** bpg_edges: 680 
    ****** bpg_nodes: 40 
    ****** multi_con_to_single_uncon: 2 
    ****** BPG_binary: 4 
    ****** bpg_time_records: {0.014817237854003906} 
    ****** binary_expression: 3 
    ****** single_to_double: 3 

** filename: Sign@sign.circom 
** result: CONSTRAINED! 
** time: 1.375346 
    ** contribution counts: 
    ****** simple_replacement_expression: 257 
    ****** simple_replacement_expression_CONS_propogation: 255 
    ****** bpg_edges: 8950 
    ****** bpg_nodes: 2900 
    ****** single_to_double: 389 
    ****** multi_con_to_single_uncon: 129 
    ****** BPG_binary: 136 
    ****** bpg_time_records: {0.6582784652709961} 
    ****** binary_expression: 135 

** filename: Mux3@mux3.circom 
** result: TIMEOUT 
** time: 975.2291028499603 
    ** contribution counts: 
    ****** simple_replacement_expression: 12 
    ****** simple_replacement_expression_CONS_propogation: 11 
    ****** bpg_edges: 725850 
    ****** bpg_nodes: 77 
    ****** single_to_double: 36 
    ****** multi_con_to_single_uncon: 2 

** filename: AND@gates.circom 
** result: CONSTRAINED! 
** time: 0.003806 
    ** contribution counts: 
    ****** single_to_double: 1 
    ****** multi_con_to_single_uncon: 1 
    ****** bpg_edges: 9 
    ****** bpg_nodes: 8 
    ****** bpg_time_records: {0.00010776519775390625} 

** filename: NAND@gates.circom 
** result: CONSTRAINED! 
** time: 0.003812 
    ** contribution counts: 
    ****** single_to_double: 1 
    ****** multi_con_to_single_uncon: 1 
    ****** bpg_edges: 9 
    ****** bpg_nodes: 9 
    ****** bpg_time_records: {6.842613220214844e-05} 

** filename: ForceEqualIfEnabled@comparators.circom 
** result: CONSTRAINED! 
** time: 0.003519 
    ** contribution counts: 
    ****** bpg_time_records: {3.814697265625e-06} 

** filename: MultiMux1@mux1.circom 
** result: CONSTRAINED! 
** time: 0.006158 
    ** contribution counts: 
    ****** single_to_double: 4 
    ****** multi_con_to_single_uncon: 2 
    ****** bpg_edges: 122 
    ****** bpg_nodes: 23 
    ****** bpg_time_records: {0.0004515647888183594} 

** filename: EdDSAVerifier@eddsa.circom 
** result: CONSTRAINED! 
** time: 12.806681 
    ** contribution counts: 
    ****** bpg_time_records: {1.2159347534179688e-05} 

** filename: WindowMulFix@escalarmulfix.circom 
** result: TIMEOUT 
** time: 971.5904741287231 
    ** contribution counts: 
    ****** simple_replacement_expression: 49 
    ****** simple_replacement_expression_CONS_propogation: 19 
    ****** bpg_edges: 733736 
    ****** bpg_nodes: 239 
    ****** single_to_double: 15 
    ****** multi_con_to_single_uncon: 3 
    ****** add_edge_to_assumptions: 1 

** filename: Multiplexor2@escalarmulany.circom 
** result: CONSTRAINED! 
** time: 0.006818 
    ** contribution counts: 
    ****** single_to_double: 4 
    ****** multi_con_to_single_uncon: 2 
    ****** bpg_edges: 122 
    ****** bpg_nodes: 23 
    ****** bpg_time_records: {0.0005559921264648438} 

** filename: AliasCheck@aliascheck.circom 
** result: CONSTRAINED! 
** time: 0.037426 
    ** contribution counts: 
    ****** bpg_time_records: {5.245208740234375e-06} 

** filename: NOT@gates.circom 
** result: CONSTRAINED! 
** time: 0.003947 
    ** contribution counts: 
    ****** multi_con_to_single_uncon: 1 
    ****** bpg_edges: 6 
    ****** bpg_nodes: 8 
    ****** bpg_time_records: {0.00011539459228515625} 

** filename: LessEqThan@comparators.circom 
** result: CONSTRAINED! 
** time: 0.038212 
    ** contribution counts: 
    ****** simple_replacement_expression: 4 
    ****** simple_replacement_expression_CONS_propogation: 2 
    ****** bpg_edges: 680 
    ****** bpg_nodes: 40 
    ****** multi_con_to_single_uncon: 2 
    ****** BPG_binary: 4 
    ****** bpg_time_records: {0.008146524429321289} 
    ****** binary_expression: 3 
    ****** single_to_double: 3 

** filename: MontgomeryAdd@montgomery.circom 
** result: UNDER-CONSTRAINED! 
** time: 2.564124 
    ** contribution counts: 
    ****** add_edge_to_assumptions: 1 
    ****** bpg_edges: 604 
    ****** bpg_nodes: 21 
    ****** bpg_time_records: {0.0020575523376464844} 
    ****** DO_ASSUMPTION_PHASE: 1 
    ****** assumption_smt_count: 1 
    ****** Assumptions_via_grobner_UNDER: 3 
    ****** unsolved_assumption_smt_count: 1 

** filename: MiMC7@mimc.circom 
** result: CONSTRAINED! 
** time: 0.03478 
    ** contribution counts: 
    ****** single_to_double: 13 
    ****** multi_con_to_single_uncon: 8 
    ****** bpg_edges: 222 
    ****** bpg_nodes: 30 
    ****** bpg_time_records: {0.0017883777618408203} 

** filename: MultiMiMC7@mimc.circom 
** result: CONSTRAINED! 
** time: 0.18795 
    ** contribution counts: 
    ****** simple_replacement_expression: 6 
    ****** simple_replacement_expression_CONS_propogation: 4 
    ****** bpg_edges: 2040 
    ****** bpg_nodes: 81 
    ****** single_to_double: 35 
    ****** multi_con_to_single_uncon: 18 
    ****** bpg_time_records: {0.024112939834594727} 

** filename: Decoder@multiplexer.circom 
** result: UNDER-CONSTRAINED! 
** time: 0.274402 
    ** contribution counts: 
    ****** multi_con_to_single_uncon: 1 
    ****** add_edge_to_assumptions: 2 
    ****** bpg_edges: 42 
    ****** bpg_nodes: 15 
    ****** BPG_binary: 1 
    ****** bpg_time_records: {0.0004315376281738281} 
    ****** DO_ASSUMPTION_PHASE: 1 
    ****** assumption_smt_count: 1 
    ****** Assumptions_via_grobner_UNDER: 2 
    ****** unsolved_assumption_smt_count: 1 

** filename: MultiMux2@mux2.circom 
** result: CONSTRAINED! 
** time: 0.221502 
    ** contribution counts: 
    ****** single_to_double: 17 
    ****** multi_con_to_single_uncon: 9 
    ****** bpg_edges: 12045 
    ****** bpg_nodes: 63 
    ****** simple_replacement_expression: 2 
    ****** simple_replacement_expression_CONS_propogation: 2 
    ****** bpg_time_records: {0.05009865760803223} 

** filename: Mux1@mux1.circom 
** result: CONSTRAINED! 
** time: 0.009088 
    ** contribution counts: 
    ****** simple_replacement_expression: 4 
    ****** simple_replacement_expression_CONS_propogation: 3 
    ****** bpg_edges: 146 
    ****** bpg_nodes: 28 
    ****** single_to_double: 4 
    ****** multi_con_to_single_uncon: 1 
    ****** bpg_time_records: {0.0019669532775878906} 

** filename: Bits2Num@bitify.circom 
** result: CONSTRAINED! 
** time: 0.004196 
    ** contribution counts: 
    ****** multi_con_to_single_uncon: 1 
    ****** bpg_edges: 36 
    ****** bpg_nodes: 9 
    ****** bpg_time_records: {8.869171142578125e-05} 

** filename: Sigma@poseidon.circom 
** result: CONSTRAINED! 
** time: 0.004057 
    ** contribution counts: 
    ****** single_to_double: 3 
    ****** multi_con_to_single_uncon: 3 
    ****** bpg_edges: 9 
    ****** bpg_nodes: 8 
    ****** bpg_time_records: {9.083747863769531e-05} 

** filename: Window4@pedersen.circom 
** result: TIMEOUT 
** time: 979.2779927253723 
    ** contribution counts: 
    ****** simple_replacement_expression: 48 
    ****** simple_replacement_expression_CONS_propogation: 19 
    ****** bpg_edges: 733736 
    ****** bpg_nodes: 240 
    ****** single_to_double: 15 
    ****** multi_con_to_single_uncon: 3 
    ****** add_edge_to_assumptions: 1 

** filename: EdDSAPoseidonVerifier@eddsaposeidon.circom 
** result: CONSTRAINED! 
** time: 3.076357 
    ** contribution counts: 
    ****** bpg_time_records: {1.0967254638671875e-05} 

** filename: Num2Bits_strict@bitify.circom 
** result: CONSTRAINED! 
** time: 3.709763 
    ** contribution counts: 
    ****** simple_replacement_expression: 764 
    ****** simple_replacement_expression_CONS_propogation: 1 
    ****** bpg_edges: 13351 
    ****** bpg_nodes: 5204 
    ****** simple_replacement_constant: 2 
    ****** single_to_double: 382 
    ****** BPG_binary: 643 
    ****** bpg_time_records: {0.24028348922729492} 
    ****** binary_expression: 254 
    ****** multi_con_to_single_uncon: 286 

** filename: CompConstant@compconstant.circom 
** result: CONSTRAINED! 
** time: 0.294836 
    ** contribution counts: 
    ****** single_to_double: 262 
    ****** multi_con_to_single_uncon: 129 
    ****** bpg_edges: 5834 
    ****** bpg_nodes: 2199 
    ****** simple_replacement_expression: 2 
    ****** simple_replacement_expression_CONS_propogation: 1 
    ****** BPG_binary: 136 
    ****** bpg_time_records: {0.030759811401367188} 
    ****** binary_expression: 135 

** filename: BinSub@binsub.circom 
** result: CONSTRAINED! 
** time: 48.125121 
    ** contribution counts: 
    ****** bpg_edges: 483846 
    ****** bpg_nodes: 27 
    ****** BPG_binary: 3 
    ****** bpg_time_records: {10.672763586044312} 
    ****** binary_expression: 3 
    ****** single_to_double: 3 

** filename: LessThan@comparators.circom 
** result: CONSTRAINED! 
** time: 0.035968 
    ** contribution counts: 
    ****** multi_con_to_single_uncon: 2 
    ****** bpg_edges: 626 
    ****** bpg_nodes: 29 
    ****** simple_replacement_expression: 1 
    ****** BPG_binary: 4 
    ****** bpg_time_records: {0.00677490234375} 
    ****** binary_expression: 3 
    ****** single_to_double: 3 

** filename: SegmentMulFix@escalarmulfix.circom 
** result: TIMEOUT 
** time: 978.3169250488281 
    ** contribution counts: 
    ****** simple_replacement_expression: 91 
    ****** simple_replacement_expression_CONS_propogation: 11 
    ****** bpg_edges: 742113 
    ****** bpg_nodes: 476 
    ****** add_edge_to_assumptions: 1 
    ****** single_to_double: 2 
    ****** multi_con_to_single_uncon: 1 

** filename: EdDSAMiMCVerifier@eddsamimc.circom 
** result: CONSTRAINED! 
** time: 3.22277 
    ** contribution counts: 
    ****** bpg_time_records: {1.0013580322265625e-05} 

** filename: Pedersen@pedersen.circom 
** result: TIMEOUT 
** time: 487.17078256607056 
    ** contribution counts: 
    ****** simple_replacement_constant: 48 
    ****** bpg_edges: 367995 
    ****** simple_replacement_expression: 46 
    ****** simple_replacement_expression_CONS_propogation: 6 
    ****** bpg_nodes: 305 
    ****** single_to_double: 92 
    ****** multi_con_to_single_uncon: 3 

** filename: Edwards2Montgomery@montgomery.circom 
** result: UNDER-CONSTRAINED! 
** time: 2.214956 
    ** contribution counts: 
    ****** add_edge_to_assumptions: 2 
    ****** bpg_edges: 11 
    ****** bpg_nodes: 11 
    ****** bpg_time_records: {8.487701416015625e-05, 0.00010585784912109375} 
    ****** DO_ASSUMPTION_PHASE: 1 
    ****** assumption_smt_count: 2 
    ****** clause_learning: 1 
    ****** Assumptions_grobner_early_conflict_cons: 1 
    ****** solved_assumption_smt_count: 1 
    ****** single_to_double: 1 
    ****** multi_con_to_single_uncon: 1 
    ****** Assumptions_via_grobner_UNDER: 1 
    ****** unsolved_assumption_smt_count: 1 

** filename: Num2Bits@bitify.circom 
** result: CONSTRAINED! 
** time: 0.004896 
    ** contribution counts: 
    ****** bpg_edges: 40 
    ****** bpg_nodes: 13 
    ****** BPG_binary: 2 
    ****** bpg_time_records: {0.00027823448181152344} 
    ****** binary_expression: 2 
    ****** single_to_double: 2 

