** filename: GreaterEqThan@comparators@circomlib_16.circom 
** result: CONSTRAINED! 
** time: 0.007266 
    ** contribution counts: 
    ****** simple_replacement_expression: 4 
    ****** simple_replacement_expression_CONS_propogation: 2 
    ****** bpg_edges: 132 
    ****** bpg_nodes: 94 
    ****** multi_con_to_single_uncon: 2 
    ****** BPG_binary: 18 
    ****** bpg_time_records: {0.0014863014221191406} 
    ****** binary_expression: 17 
    ****** single_to_double: 17 

** filename: BabyCheck@babyjub@circomlib.circom 
** result: CONSTRAINED! 
** time: 0.000318 
    ** contribution counts: 
    ****** single_to_double: 2 
    ****** bpg_time_records: {5.245208740234375e-06} 

** filename: Num2BitsNeg@bitify@circomlib_256.circom 
** result: CONSTRAINED! 
** time: 0.194688 
    ** contribution counts: 
    ****** bpg_edges: 538 
    ****** bpg_nodes: 1037 
    ****** simple_replacement_expression: 1 
    ****** simple_replacement_expression_CONS_propogation: 1 
    ****** multi_con_to_single_uncon: 2 
    ****** add_edge_to_assumptions: 2 
    ****** BPG_constrained_both_solved: 1 
    ****** BPG_binary: 257 
    ****** bpg_time_records: {0.007260799407958984} 
    ****** binary_expression: 256 
    ****** single_to_double: 256 

** filename: GreaterEqThan@comparators@circomlib_32.circom 
** result: CONSTRAINED! 
** time: 0.009747 
    ** contribution counts: 
    ****** simple_replacement_expression: 4 
    ****** simple_replacement_expression_CONS_propogation: 2 
    ****** bpg_edges: 164 
    ****** bpg_nodes: 158 
    ****** multi_con_to_single_uncon: 2 
    ****** BPG_binary: 34 
    ****** bpg_time_records: {0.0015857219696044922} 
    ****** binary_expression: 33 
    ****** single_to_double: 33 

** filename: Num2BitsNeg@bitify@circomlib_16.circom 
** result: CONSTRAINED! 
** time: 0.005931 
    ** contribution counts: 
    ****** bpg_edges: 58 
    ****** bpg_nodes: 77 
    ****** simple_replacement_expression: 1 
    ****** simple_replacement_expression_CONS_propogation: 1 
    ****** multi_con_to_single_uncon: 2 
    ****** add_edge_to_assumptions: 2 
    ****** BPG_constrained_both_solved: 1 
    ****** BPG_binary: 17 
    ****** bpg_time_records: {0.0009024143218994141} 
    ****** binary_expression: 16 
    ****** single_to_double: 16 

** filename: Num2Bits@bitify@circomlib_1.circom 
** result: CONSTRAINED! 
** time: 0.00057 
    ** contribution counts: 
    ****** bpg_edges: 8 
    ****** bpg_nodes: 8 
    ****** single_to_double: 1 
    ****** multi_con_to_single_uncon: 1 
    ****** BPG_binary: 1 
    ****** bpg_time_records: {0.0001537799835205078} 

** filename: T1@t1@circomlib.circom 
** result: CONSTRAINED! 
** time: 3.081286 
    ** contribution counts: 
    ****** simple_replacement_expression: 640 
    ****** simple_replacement_expression_CONS_propogation: 416 
    ****** bpg_edges: 8454 
    ****** bpg_nodes: 3116 
    ****** single_to_double: 451 
    ****** multi_con_to_single_uncon: 142 
    ****** BPG_binary: 67 
    ****** bpg_time_records: {1.3734033107757568} 
    ****** binary_expression: 35 

** filename: Main@main@circomlib.circom 
** result: TIMEOUT 
** time: 30.061604976654053 
    ** contribution counts: 

** filename: Bits2Num@bitify@circomlib_256.circom 
** result: CONSTRAINED! 
** time: 0.01426 
    ** contribution counts: 
    ****** multi_con_to_single_uncon: 1 
    ****** bpg_time_records: {7.152557373046875e-06} 

** filename: BabyPbk@babyjub@circomlib.circom 
** result: TIMEOUT 
** time: 30.002083778381348 
    ** contribution counts: 
    ****** simple_replacement_expression: 3739 
    ****** simple_replacement_expression_CONS_propogation: 1 
    ****** bpg_edges: 441200 
    ****** bpg_nodes: 18501 
    ****** simple_replacement_constant: 1882 
    ****** multi_con_to_single_uncon: 123 
    ****** single_to_double: 1623 

** filename: Sigma@poseidon@circomlib.circom 
** result: CONSTRAINED! 
** time: 0.00064 
    ** contribution counts: 
    ****** single_to_double: 3 
    ****** multi_con_to_single_uncon: 3 
    ****** bpg_edges: 9 
    ****** bpg_nodes: 8 
    ****** bpg_time_records: {9.1552734375e-05} 

** filename: EdDSAPoseidonVerifier@eddsaposeidon@circomlib.circom 
** result: CONSTRAINED! 
** time: 2.953194 
    ** contribution counts: 
    ****** bpg_time_records: {1.0728836059570312e-05} 

** filename: BabyAdd@babyjub@circomlib.circom 
** result: CONSTRAINED! 
** time: 8.589725 
    ** contribution counts: 
    ****** single_to_double: 7 
    ****** multi_con_to_single_uncon: 4 
    ****** bpg_edges: 141 
    ****** bpg_nodes: 24 
    ****** add_edge_to_assumptions: 2 
    ****** bpg_time_records: {0.00133514404296875} 
    ****** DO_ASSUMPTION_PHASE: 1 
    ****** assumption_smt_count: 2 
    ****** clause_learning: 1 
    ****** Assumptions_grobner_early_conflict_cons: 2 
    ****** solved_assumption_smt_count: 2 

** filename: Point2Bits_Strict@pointbits@circomlib.circom 
** result: CONSTRAINED! 
** time: 16.320074 
    ** contribution counts: 
    ****** simple_replacement_expression: 1531 
    ****** simple_replacement_expression_CONS_propogation: 2 
    ****** bpg_edges: 34129 
    ****** bpg_nodes: 11551 
    ****** simple_replacement_constant: 5 
    ****** single_to_double: 899 
    ****** BPG_binary: 1422 
    ****** bpg_time_records: {0.6507723331451416} 
    ****** binary_expression: 643 
    ****** multi_con_to_single_uncon: 924 

** filename: Bits2Num@bitify@circomlib_32.circom 
** result: CONSTRAINED! 
** time: 0.000825 
    ** contribution counts: 
    ****** multi_con_to_single_uncon: 1 
    ****** bpg_time_records: {5.7220458984375e-06} 

** filename: Mux4@mux4@circomlib.circom 
** result: CONSTRAINED! 
** time: 0.021195 
    ** contribution counts: 
    ****** simple_replacement_expression: 22 
    ****** simple_replacement_expression_CONS_propogation: 21 
    ****** bpg_edges: 383 
    ****** bpg_nodes: 147 
    ****** single_to_double: 128 
    ****** multi_con_to_single_uncon: 20 
    ****** bpg_time_records: {0.005786418914794922} 

** filename: GreaterThan@comparators@circomlib_32.circom 
** result: CONSTRAINED! 
** time: 0.011912 
    ** contribution counts: 
    ****** simple_replacement_expression: 4 
    ****** simple_replacement_expression_CONS_propogation: 2 
    ****** bpg_edges: 164 
    ****** bpg_nodes: 157 
    ****** multi_con_to_single_uncon: 2 
    ****** BPG_binary: 34 
    ****** bpg_time_records: {0.0019328594207763672} 
    ****** binary_expression: 33 
    ****** single_to_double: 33 

** filename: Point2Bits@pointbits@circomlib.circom 
** result: UNDER-CONSTRAINED! 
** time: 0.017043 
    ** contribution counts: 
    ****** bpg_time_records: {3.814697265625e-06} 
    ****** DO_ASSUMPTION_PHASE: 1 
    ****** NO_Assumptions_raw_SMT_UNDER: 256 

** filename: BitElementMulAny@escalarmulany@circomlib.circom 
** result: NOT SURE 
** time: 32.786559 
    ** contribution counts: 
    ****** simple_replacement_expression: 15 
    ****** simple_replacement_expression_CONS_propogation: 7 
    ****** bpg_edges: 2126 
    ****** bpg_nodes: 91 
    ****** single_to_double: 5 
    ****** multi_con_to_single_uncon: 2 
    ****** add_edge_to_assumptions: 1 
    ****** bpg_time_records: {0.028174877166748047} 
    ****** DO_ASSUMPTION_PHASE: 1 
    ****** assumption_smt_count: 1 

** filename: LessEqThan@comparators@circomlib_32.circom 
** result: CONSTRAINED! 
** time: 0.009899 
    ** contribution counts: 
    ****** simple_replacement_expression: 4 
    ****** simple_replacement_expression_CONS_propogation: 2 
    ****** bpg_edges: 164 
    ****** bpg_nodes: 158 
    ****** multi_con_to_single_uncon: 2 
    ****** BPG_binary: 34 
    ****** bpg_time_records: {0.0016057491302490234} 
    ****** binary_expression: 33 
    ****** single_to_double: 33 

** filename: Pedersen@pedersen@circomlib_32.circom 
** result: NOT SURE 
** time: 25.23424 
    ** contribution counts: 
    ****** simple_replacement_constant: 377 
    ****** bpg_edges: 56734 
    ****** simple_replacement_expression: 515 
    ****** simple_replacement_expression_CONS_propogation: 176 
    ****** bpg_nodes: 2724 
    ****** single_to_double: 918 
    ****** multi_con_to_single_uncon: 85 
    ****** add_edge_to_assumptions: 1 
    ****** bpg_time_records: {1.7343077659606934} 
    ****** DO_ASSUMPTION_PHASE: 1 
    ****** assumption_smt_count: 1 

** filename: Sha256_2@sha256_2@circomlib.circom 
** result: TIMEOUT 
** time: 30.05863046646118 
    ** contribution counts: 

** filename: AND@gates@circomlib.circom 
** result: CONSTRAINED! 
** time: 0.000478 
    ** contribution counts: 
    ****** single_to_double: 1 
    ****** multi_con_to_single_uncon: 1 
    ****** bpg_edges: 9 
    ****** bpg_nodes: 8 
    ****** bpg_time_records: {9.489059448242188e-05} 

** filename: Num2BitsNeg@bitify@circomlib_64.circom 
** result: CONSTRAINED! 
** time: 0.020074 
    ** contribution counts: 
    ****** bpg_edges: 154 
    ****** bpg_nodes: 269 
    ****** simple_replacement_expression: 1 
    ****** simple_replacement_expression_CONS_propogation: 1 
    ****** multi_con_to_single_uncon: 2 
    ****** add_edge_to_assumptions: 2 
    ****** BPG_constrained_both_solved: 1 
    ****** BPG_binary: 65 
    ****** bpg_time_records: {0.0017817020416259766} 
    ****** binary_expression: 64 
    ****** single_to_double: 64 

** filename: Bits2Num@bitify@circomlib_128.circom 
** result: CONSTRAINED! 
** time: 0.003705 
    ** contribution counts: 
    ****** multi_con_to_single_uncon: 1 
    ****** bpg_time_records: {4.76837158203125e-06} 

** filename: Num2Bits@bitify@circomlib_64.circom 
** result: CONSTRAINED! 
** time: 0.017516 
    ** contribution counts: 
    ****** bpg_edges: 128 
    ****** bpg_nodes: 256 
    ****** BPG_binary: 64 
    ****** bpg_time_records: {0.0012340545654296875} 
    ****** binary_expression: 64 
    ****** single_to_double: 64 

** filename: Num2BitsNeg@bitify@circomlib_32.circom 
** result: CONSTRAINED! 
** time: 0.008962 
    ** contribution counts: 
    ****** bpg_edges: 90 
    ****** bpg_nodes: 141 
    ****** simple_replacement_expression: 1 
    ****** simple_replacement_expression_CONS_propogation: 1 
    ****** multi_con_to_single_uncon: 2 
    ****** add_edge_to_assumptions: 2 
    ****** BPG_constrained_both_solved: 1 
    ****** BPG_binary: 33 
    ****** bpg_time_records: {0.0010924339294433594} 
    ****** binary_expression: 32 
    ****** single_to_double: 32 

** filename: GreaterEqThan@comparators@circomlib_8.circom 
** result: CONSTRAINED! 
** time: 0.004322 
    ** contribution counts: 
    ****** simple_replacement_expression: 4 
    ****** simple_replacement_expression_CONS_propogation: 2 
    ****** bpg_edges: 116 
    ****** bpg_nodes: 62 
    ****** multi_con_to_single_uncon: 2 
    ****** BPG_binary: 10 
    ****** bpg_time_records: {0.0010645389556884766} 
    ****** binary_expression: 9 
    ****** single_to_double: 9 

** filename: EdDSAMiMCSpongeVerifier@eddsamimcsponge@circomlib.circom 
** result: CONSTRAINED! 
** time: 3.836419 
    ** contribution counts: 
    ****** bpg_time_records: {9.059906005859375e-06} 

** filename: Pedersen@pedersen@circomlib_8.circom 
** result: TIMEOUT 
** time: 64.90510892868042 
    ** contribution counts: 
    ****** simple_replacement_constant: 93 
    ****** bpg_edges: 12133 
    ****** simple_replacement_expression: 127 
    ****** simple_replacement_expression_CONS_propogation: 44 
    ****** bpg_nodes: 672 
    ****** single_to_double: 225 
    ****** multi_con_to_single_uncon: 19 
    ****** add_edge_to_assumptions: 1 
    ****** bpg_time_records: {0.19609332084655762} 
    ****** DO_ASSUMPTION_PHASE: 1 
    ****** assumption_smt_count: 1 

** filename: SMTVerifierLevel@smtverifierlevel@circomlib.circom 
** result: CONSTRAINED! 
** time: 1.329817 
    ** contribution counts: 
    ****** single_to_double: 1285 
    ****** simple_replacement_expression: 12 
    ****** simple_replacement_expression_CONS_propogation: 3 
    ****** bpg_edges: 7312 
    ****** bpg_nodes: 2274 
    ****** multi_con_to_single_uncon: 737 
    ****** simple_replacement_constant: 3 
    ****** bpg_time_records: {0.07259058952331543} 

** filename: SMTHash1@smthash_mimc@circomlib.circom 
** result: CONSTRAINED! 
** time: 0.676864 
    ** contribution counts: 
    ****** simple_replacement_expression: 7 
    ****** simple_replacement_expression_CONS_propogation: 4 
    ****** bpg_edges: 6685 
    ****** bpg_nodes: 2228 
    ****** simple_replacement_constant: 3 
    ****** single_to_double: 1278 
    ****** multi_con_to_single_uncon: 732 
    ****** bpg_time_records: {0.053838253021240234} 

** filename: OR@gates@circomlib.circom 
** result: CONSTRAINED! 
** time: 0.001106 
    ** contribution counts: 
    ****** single_to_double: 1 
    ****** multi_con_to_single_uncon: 1 
    ****** bpg_edges: 44 
    ****** bpg_nodes: 13 
    ****** bpg_time_records: {0.00017952919006347656} 

** filename: BinSum@binsum@circomlib_32_5.circom 
** result: CONSTRAINED! 
** time: 0.019529 
    ** contribution counts: 
    ****** bpg_edges: 70 
    ****** bpg_nodes: 140 
    ****** BPG_binary: 35 
    ****** bpg_time_records: {0.0006971359252929688} 
    ****** binary_expression: 35 
    ****** single_to_double: 35 

** filename: NAND@gates@circomlib.circom 
** result: CONSTRAINED! 
** time: 0.000346 
    ** contribution counts: 
    ****** single_to_double: 1 
    ****** multi_con_to_single_uncon: 1 
    ****** bpg_edges: 9 
    ****** bpg_nodes: 9 
    ****** bpg_time_records: {7.104873657226562e-05} 

** filename: Num2Bits@bitify@circomlib_254.circom 
** result: CONSTRAINED! 
** time: 0.184635 
    ** contribution counts: 
    ****** bpg_edges: 508 
    ****** bpg_nodes: 1016 
    ****** BPG_binary: 254 
    ****** bpg_time_records: {0.0061492919921875} 
    ****** binary_expression: 254 
    ****** single_to_double: 254 

** filename: Pedersen@pedersen@circomlib_253.circom 
** result: TIMEOUT 
** time: 30.00969934463501 
    ** contribution counts: 
    ****** simple_replacement_constant: 1621 
    ****** bpg_edges: 292775 
    ****** simple_replacement_expression: 2619 
    ****** simple_replacement_expression_CONS_propogation: 932 
    ****** bpg_nodes: 13944 
    ****** single_to_double: 4048 
    ****** multi_con_to_single_uncon: 379 
    ****** add_edge_to_assumptions: 1 

** filename: SMTHash1@smthash_poseidon@circomlib.circom 
** result: CONSTRAINED! 
** time: 2.569397 
    ** contribution counts: 
    ****** simple_replacement_expression: 408 
    ****** simple_replacement_expression_CONS_propogation: 6 
    ****** bpg_edges: 17420 
    ****** bpg_nodes: 2533 
    ****** simple_replacement_constant: 11 
    ****** single_to_double: 354 
    ****** multi_con_to_single_uncon: 562 
    ****** bpg_time_records: {1.1506938934326172} 

** filename: Num2BitsNeg@bitify@circomlib_128.circom 
** result: CONSTRAINED! 
** time: 0.052674 
    ** contribution counts: 
    ****** bpg_edges: 282 
    ****** bpg_nodes: 525 
    ****** simple_replacement_expression: 1 
    ****** simple_replacement_expression_CONS_propogation: 1 
    ****** multi_con_to_single_uncon: 2 
    ****** add_edge_to_assumptions: 2 
    ****** BPG_constrained_both_solved: 1 
    ****** BPG_binary: 129 
    ****** bpg_time_records: {0.003122568130493164} 
    ****** binary_expression: 128 
    ****** single_to_double: 128 

** filename: SMTHash2@smthash_mimc@circomlib.circom 
** result: CONSTRAINED! 
** time: 0.682234 
    ** contribution counts: 
    ****** simple_replacement_expression: 7 
    ****** simple_replacement_expression_CONS_propogation: 4 
    ****** bpg_edges: 6688 
    ****** bpg_nodes: 2223 
    ****** simple_replacement_constant: 3 
    ****** single_to_double: 1278 
    ****** multi_con_to_single_uncon: 732 
    ****** bpg_time_records: {0.0569765567779541} 

** filename: Pedersen@pedersen@circomlib_16.circom 
** result: NOT SURE 
** time: 22.007848 
    ** contribution counts: 
    ****** simple_replacement_constant: 185 
    ****** bpg_edges: 26884 
    ****** simple_replacement_expression: 259 
    ****** simple_replacement_expression_CONS_propogation: 88 
    ****** bpg_nodes: 1356 
    ****** single_to_double: 454 
    ****** multi_con_to_single_uncon: 47 
    ****** add_edge_to_assumptions: 1 
    ****** bpg_time_records: {0.5675978660583496} 
    ****** DO_ASSUMPTION_PHASE: 1 
    ****** assumption_smt_count: 1 

** filename: Edwards2Montgomery@montgomery@circomlib.circom 
** result: UNDER-CONSTRAINED! 
** time: 2.204594 
    ** contribution counts: 
    ****** add_edge_to_assumptions: 2 
    ****** bpg_edges: 11 
    ****** bpg_nodes: 11 
    ****** bpg_time_records: {8.368492126464844e-05, 0.00010013580322265625} 
    ****** DO_ASSUMPTION_PHASE: 1 
    ****** assumption_smt_count: 2 
    ****** clause_learning: 1 
    ****** Assumptions_grobner_early_conflict_cons: 1 
    ****** solved_assumption_smt_count: 1 
    ****** single_to_double: 1 
    ****** multi_con_to_single_uncon: 1 
    ****** Assumptions_via_grobner_UNDER: 1 
    ****** unsolved_assumption_smt_count: 1 

** filename: IsEqual@comparators@circomlib.circom 
** result: CONSTRAINED! 
** time: 0.002479 
    ** contribution counts: 
    ****** multi_con_to_single_uncon: 3 
    ****** bpg_edges: 64 
    ****** bpg_nodes: 20 
    ****** simple_replacement_expression: 1 
    ****** add_edge_to_assumptions: 2 
    ****** BPG_constrained_both_solved: 1 
    ****** BPG_binary: 2 
    ****** bpg_time_records: {0.0005764961242675781} 

** filename: NOR@gates@circomlib.circom 
** result: CONSTRAINED! 
** time: 0.001045 
    ** contribution counts: 
    ****** single_to_double: 1 
    ****** multi_con_to_single_uncon: 1 
    ****** bpg_edges: 44 
    ****** bpg_nodes: 14 
    ****** bpg_time_records: {0.0001373291015625} 

** filename: Pedersen@pedersen_old@circomlib_254.circom 
** result: TIMEOUT 
** time: 30.005775451660156 
    ** contribution counts: 
    ****** simple_replacement_expression: 2673 
    ****** simple_replacement_expression_CONS_propogation: 2005 
    ****** bpg_edges: 39882 
    ****** bpg_nodes: 9409 
    ****** simple_replacement_constant: 1952 
    ****** single_to_double: 9070 
    ****** multi_con_to_single_uncon: 331 
    ****** add_edge_to_assumptions: 2 

** filename: MontgomeryAdd@montgomery@circomlib.circom 
** result: UNDER-CONSTRAINED! 
** time: 2.558291 
    ** contribution counts: 
    ****** add_edge_to_assumptions: 1 
    ****** bpg_edges: 604 
    ****** bpg_nodes: 21 
    ****** bpg_time_records: {0.002095460891723633} 
    ****** DO_ASSUMPTION_PHASE: 1 
    ****** assumption_smt_count: 1 
    ****** Assumptions_via_grobner_UNDER: 3 
    ****** unsolved_assumption_smt_count: 1 

** filename: BabyDbl@babyjub@circomlib.circom 
** result: CONSTRAINED! 
** time: 3.484494 
    ** contribution counts: 
    ****** simple_replacement_expression: 6 
    ****** simple_replacement_expression_CONS_propogation: 4 
    ****** bpg_edges: 309 
    ****** bpg_nodes: 39 
    ****** single_to_double: 11 
    ****** multi_con_to_single_uncon: 4 
    ****** add_edge_to_assumptions: 2 
    ****** bpg_time_records: {0.0044062137603759766} 
    ****** DO_ASSUMPTION_PHASE: 1 
    ****** assumption_smt_count: 2 
    ****** clause_learning: 1 
    ****** Assumptions_grobner_early_conflict_cons: 2 
    ****** solved_assumption_smt_count: 2 

** filename: Num2Bits@bitify@circomlib_32.circom 
** result: CONSTRAINED! 
** time: 0.007143 
    ** contribution counts: 
    ****** bpg_edges: 64 
    ****** bpg_nodes: 128 
    ****** BPG_binary: 32 
    ****** bpg_time_records: {0.0006358623504638672} 
    ****** binary_expression: 32 
    ****** single_to_double: 32 

** filename: SigmaPlus@sigmaplus@circomlib.circom 
** result: CONSTRAINED! 
** time: 4.062681 
    ** contribution counts: 
    ****** simple_replacement_expression: 851 
    ****** simple_replacement_expression_CONS_propogation: 499 
    ****** bpg_edges: 6754 
    ****** bpg_nodes: 3528 
    ****** single_to_double: 610 
    ****** simple_replacement_constant: 26 
    ****** multi_con_to_single_uncon: 199 
    ****** BPG_binary: 66 
    ****** bpg_time_records: {1.8167526721954346} 
    ****** binary_expression: 34 

** filename: T2@t2@circomlib.circom 
** result: CONSTRAINED! 
** time: 1.920086 
    ** contribution counts: 
    ****** simple_replacement_expression: 544 
    ****** simple_replacement_expression_CONS_propogation: 320 
    ****** bpg_edges: 4546 
    ****** bpg_nodes: 2468 
    ****** single_to_double: 577 
    ****** multi_con_to_single_uncon: 163 
    ****** BPG_binary: 65 
    ****** bpg_time_records: {0.6501719951629639} 
    ****** binary_expression: 33 

** filename: Num2Bits_strict@bitify@circomlib.circom 
** result: CONSTRAINED! 
** time: 3.699569 
    ** contribution counts: 
    ****** simple_replacement_expression: 764 
    ****** simple_replacement_expression_CONS_propogation: 1 
    ****** bpg_edges: 13351 
    ****** bpg_nodes: 5204 
    ****** simple_replacement_constant: 2 
    ****** single_to_double: 382 
    ****** BPG_binary: 643 
    ****** bpg_time_records: {0.24039959907531738} 
    ****** binary_expression: 254 
    ****** multi_con_to_single_uncon: 286 

** filename: Num2BitsNeg@bitify@circomlib_253.circom 
** result: CONSTRAINED! 
** time: 0.156494 
    ** contribution counts: 
    ****** bpg_edges: 532 
    ****** bpg_nodes: 1025 
    ****** simple_replacement_expression: 1 
    ****** simple_replacement_expression_CONS_propogation: 1 
    ****** multi_con_to_single_uncon: 2 
    ****** add_edge_to_assumptions: 2 
    ****** BPG_constrained_both_solved: 1 
    ****** BPG_binary: 254 
    ****** bpg_time_records: {0.005853891372680664} 
    ****** binary_expression: 253 
    ****** single_to_double: 253 

** filename: ForceEqualIfEnabled@comparators@circomlib.circom 
** result: CONSTRAINED! 
** time: 0.000237 
    ** contribution counts: 
    ****** bpg_time_records: {3.814697265625e-06} 

** filename: Pedersen@pedersen_old@circomlib_32.circom 
** result: NOT SURE 
** time: 22.723397 
    ** contribution counts: 
    ****** simple_replacement_expression: 386 
    ****** simple_replacement_expression_CONS_propogation: 290 
    ****** bpg_edges: 5844 
    ****** bpg_nodes: 1351 
    ****** simple_replacement_constant: 296 
    ****** single_to_double: 1356 
    ****** multi_con_to_single_uncon: 56 
    ****** add_edge_to_assumptions: 2 
    ****** bpg_time_records: {0.1536269187927246} 
    ****** DO_ASSUMPTION_PHASE: 1 
    ****** assumption_smt_count: 1 

** filename: Num2BitsNeg@bitify@circomlib_8.circom 
** result: CONSTRAINED! 
** time: 0.003871 
    ** contribution counts: 
    ****** bpg_edges: 42 
    ****** bpg_nodes: 45 
    ****** simple_replacement_expression: 1 
    ****** simple_replacement_expression_CONS_propogation: 1 
    ****** multi_con_to_single_uncon: 2 
    ****** add_edge_to_assumptions: 2 
    ****** BPG_constrained_both_solved: 1 
    ****** BPG_binary: 9 
    ****** bpg_time_records: {0.0007164478302001953} 
    ****** binary_expression: 8 
    ****** single_to_double: 8 

** filename: MontgomeryDouble@montgomery@circomlib.circom 
** result: UNDER-CONSTRAINED! 
** time: 29.669397 
    ** contribution counts: 
    ****** single_to_double: 1 
    ****** multi_con_to_single_uncon: 2 
    ****** add_edge_to_assumptions: 1 
    ****** bpg_edges: 292 
    ****** bpg_nodes: 18 
    ****** bpg_time_records: {0.0008559226989746094, 0.0009131431579589844}
    ****** DO_ASSUMPTION_PHASE: 1 
    ****** clause_learning: 1 
    ****** Assumptions_via_grobner_UNDER: 3 

** filename: GreaterThan@comparators@circomlib_8.circom 
** result: CONSTRAINED! 
** time: 0.004351 
    ** contribution counts: 
    ****** simple_replacement_expression: 4 
    ****** simple_replacement_expression_CONS_propogation: 2 
    ****** bpg_edges: 116 
    ****** bpg_nodes: 61 
    ****** multi_con_to_single_uncon: 2 
    ****** BPG_binary: 10 
    ****** bpg_time_records: {0.0010571479797363281} 
    ****** binary_expression: 9 
    ****** single_to_double: 9 

** filename: Pedersen@pedersen_old@circomlib_64.circom 
** result: NOT SURE 
** time: 26.154109 
    ** contribution counts: 
    ****** simple_replacement_expression: 770 
    ****** simple_replacement_expression_CONS_propogation: 578 
    ****** bpg_edges: 11684 
    ****** bpg_nodes: 2679 
    ****** simple_replacement_constant: 584 
    ****** single_to_double: 2700 
    ****** multi_con_to_single_uncon: 104 
    ****** add_edge_to_assumptions: 2 
    ****** bpg_time_records: {0.47334909439086914} 
    ****** DO_ASSUMPTION_PHASE: 1 
    ****** assumption_smt_count: 1 

** filename: Bits2Num@bitify@circomlib_16.circom 
** result: CONSTRAINED! 
** time: 0.000476 
    ** contribution counts: 
    ****** multi_con_to_single_uncon: 1 
    ****** bpg_time_records: {6.198883056640625e-06} 

** filename: Num2Bits@bitify@circomlib_253.circom 
** result: CONSTRAINED! 
** time: 0.154165 
    ** contribution counts: 
    ****** bpg_edges: 506 
    ****** bpg_nodes: 1012 
    ****** BPG_binary: 253 
    ****** bpg_time_records: {0.004750251770019531} 
    ****** binary_expression: 253 
    ****** single_to_double: 253 

** filename: AliasCheck@aliascheck@circomlib.circom 
** result: CONSTRAINED! 
** time: 0.033966 
    ** contribution counts: 
    ****** bpg_time_records: {5.7220458984375e-06} 

** filename: Mux2@mux2@circomlib.circom 
** result: CONSTRAINED! 
** time: 0.00546 
    ** contribution counts: 
    ****** simple_replacement_expression: 8 
    ****** simple_replacement_expression_CONS_propogation: 7 
    ****** bpg_edges: 138 
    ****** bpg_nodes: 51 
    ****** single_to_double: 18 
    ****** multi_con_to_single_uncon: 5 
    ****** bpg_time_records: {0.0015718936920166016} 

** filename: Bits2Num@bitify@circomlib_64.circom 
** result: CONSTRAINED! 
** time: 0.001667 
    ** contribution counts: 
    ****** multi_con_to_single_uncon: 1 
    ****** bpg_time_records: {5.7220458984375e-06} 

** filename: Mux3@mux3@circomlib.circom 
** result: CONSTRAINED! 
** time: 0.012422 
    ** contribution counts: 
    ****** simple_replacement_expression: 13 
    ****** simple_replacement_expression_CONS_propogation: 12 
    ****** bpg_edges: 240 
    ****** bpg_nodes: 84 
    ****** single_to_double: 42 
    ****** multi_con_to_single_uncon: 9 
    ****** bpg_time_records: {0.0037093162536621094} 

** filename: Bits2Num@bitify@circomlib_8.circom 
** result: CONSTRAINED! 
** time: 0.000265 
    ** contribution counts: 
    ****** multi_con_to_single_uncon: 1 
    ****** bpg_time_records: {4.5299530029296875e-06} 

** filename: Pedersen@pedersen@circomlib_64.circom 
** result: TIMEOUT 
** time: 30.340824365615845 
    ** contribution counts: 
    ****** simple_replacement_constant: 755 
    ****** bpg_edges: 116329 
    ****** simple_replacement_expression: 1033 
    ****** simple_replacement_expression_CONS_propogation: 352 
    ****** bpg_nodes: 5460 
    ****** single_to_double: 1844 
    ****** multi_con_to_single_uncon: 173 
    ****** add_edge_to_assumptions: 1 
    ****** bpg_time_records: {6.346007823944092} 
    ****** DO_ASSUMPTION_PHASE: 1 
    ****** assumption_smt_count: 1 

** filename: Pedersen@pedersen_old@circomlib_128.circom 
** result: NOT SURE 
** time: 40.799652 
    ** contribution counts: 
    ****** simple_replacement_expression: 1538 
    ****** simple_replacement_expression_CONS_propogation: 1154 
    ****** bpg_edges: 23364 
    ****** bpg_nodes: 5335 
    ****** simple_replacement_constant: 1160 
    ****** single_to_double: 5388 
    ****** multi_con_to_single_uncon: 200 
    ****** add_edge_to_assumptions: 2 
    ****** bpg_time_records: {1.969362497329712} 
    ****** DO_ASSUMPTION_PHASE: 1 
    ****** assumption_smt_count: 1 

** filename: Montgomery2Edwards@montgomery@circomlib.circom 
** result: UNDER-CONSTRAINED! 
** time: 0.200922 
    ** contribution counts: 
    ****** multi_con_to_single_uncon: 1 
    ****** add_edge_to_assumptions: 2 
    ****** bpg_edges: 11 
    ****** bpg_nodes: 11 
    ****** bpg_time_records: {8.893013000488281e-05} 
    ****** DO_ASSUMPTION_PHASE: 1 
    ****** assumption_smt_count: 1 
    ****** clause_learning: 1 
    ****** Assumptions_via_grobner_UNDER: 1 
    ****** unsolved_assumption_smt_count: 1 

** filename: Multiplexor2@escalarmulany@circomlib.circom 
** result: CONSTRAINED! 
** time: 0.002881 
    ** contribution counts: 
    ****** single_to_double: 4 
    ****** multi_con_to_single_uncon: 2 
    ****** bpg_edges: 122 
    ****** bpg_nodes: 23 
    ****** bpg_time_records: {0.0004596710205078125} 

** filename: Num2BitsNeg@bitify@circomlib_1.circom 
** result: CONSTRAINED! 
** time: 0.003761 
    ** contribution counts: 
    ****** bpg_edges: 64 
    ****** bpg_nodes: 18 
    ****** simple_replacement_expression: 1 
    ****** simple_replacement_expression_CONS_propogation: 1 
    ****** multi_con_to_single_uncon: 2 
    ****** add_edge_to_assumptions: 2 
    ****** single_to_double: 1 
    ****** BPG_constrained_both_solved: 2 
    ****** BPG_binary: 2 
    ****** bpg_time_records: {0.0009975433349609375} 

** filename: Bits2Num_strict@bitify@circomlib.circom 
** result: CONSTRAINED! 
** time: 3.688308 
    ** contribution counts: 
    ****** simple_replacement_expression: 764 
    ****** simple_replacement_expression_CONS_propogation: 763 
    ****** bpg_edges: 12335 
    ****** bpg_nodes: 4412 
    ****** single_to_double: 255 
    ****** simple_replacement_constant: 2 
    ****** multi_con_to_single_uncon: 129 
    ****** BPG_binary: 135 
    ****** bpg_time_records: {2.066807508468628} 

** filename: EdDSAMiMCVerifier@eddsamimc@circomlib.circom 
** result: CONSTRAINED! 
** time: 3.274958 
    ** contribution counts: 
    ****** bpg_time_records: {1.0251998901367188e-05} 

** filename: Mux1@mux1@circomlib.circom 
** result: CONSTRAINED! 
** time: 0.004531 
    ** contribution counts: 
    ****** simple_replacement_expression: 4 
    ****** simple_replacement_expression_CONS_propogation: 3 
    ****** bpg_edges: 146 
    ****** bpg_nodes: 28 
    ****** single_to_double: 4 
    ****** multi_con_to_single_uncon: 1 
    ****** bpg_time_records: {0.0016183853149414062} 

** filename: Sign@sign@circomlib.circom 
** result: CONSTRAINED! 
** time: 1.15398 
    ** contribution counts: 
    ****** simple_replacement_expression: 257 
    ****** simple_replacement_expression_CONS_propogation: 255 
    ****** bpg_edges: 8950 
    ****** bpg_nodes: 2900 
    ****** single_to_double: 389 
    ****** multi_con_to_single_uncon: 129 
    ****** BPG_binary: 136 
    ****** bpg_time_records: {0.545665979385376} 
    ****** binary_expression: 135 

** filename: Bits2Num@bitify@circomlib_1.circom 
** result: CONSTRAINED! 
** time: 0.000318 
    ** contribution counts: 
    ****** multi_con_to_single_uncon: 1 
    ****** bpg_edges: 6 
    ****** bpg_nodes: 6 
    ****** bpg_time_records: {9.584426879882812e-05} 

** filename: Switcher@switcher@circomlib.circom 
** result: CONSTRAINED! 
** time: 0.001251 
    ** contribution counts: 
    ****** single_to_double: 2 
    ****** multi_con_to_single_uncon: 3 
    ****** bpg_edges: 90 
    ****** bpg_nodes: 18 
    ****** bpg_time_records: {0.0001995563507080078} 

** filename: SMTProcessorLevel@smtprocessorlevel@circomlib.circom 
** result: CONSTRAINED! 
** time: 3.127757 
    ** contribution counts: 
    ****** single_to_double: 2575 
    ****** simple_replacement_expression: 22 
    ****** simple_replacement_expression_CONS_propogation: 4 
    ****** bpg_edges: 14297 
    ****** bpg_nodes: 4533 
    ****** multi_con_to_single_uncon: 1477 
    ****** simple_replacement_constant: 6 
    ****** bpg_time_records: {0.19556260108947754} 

** filename: WindowMulFix@escalarmulfix@circomlib.circom 
** result: NOT SURE 
** time: 20.825647 
    ** contribution counts: 
    ****** simple_replacement_expression: 51 
    ****** simple_replacement_expression_CONS_propogation: 21 
    ****** bpg_edges: 8276 
    ****** bpg_nodes: 256 
    ****** single_to_double: 15 
    ****** multi_con_to_single_uncon: 3 
    ****** add_edge_to_assumptions: 1 
    ****** bpg_time_records: {0.24023151397705078} 
    ****** DO_ASSUMPTION_PHASE: 1 
    ****** assumption_smt_count: 1 

** filename: Window4@pedersen@circomlib.circom 
** result: NOT SURE 
** time: 21.738835 
    ** contribution counts: 
    ****** simple_replacement_expression: 50 
    ****** simple_replacement_expression_CONS_propogation: 21 
    ****** bpg_edges: 8276 
    ****** bpg_nodes: 257 
    ****** single_to_double: 15 
    ****** multi_con_to_single_uncon: 3 
    ****** add_edge_to_assumptions: 1 
    ****** bpg_time_records: {0.3738827705383301} 
    ****** DO_ASSUMPTION_PHASE: 1 
    ****** assumption_smt_count: 1 

** filename: Bits2Num@bitify@circomlib_253.circom 
** result: CONSTRAINED! 
** time: 0.011478 
    ** contribution counts: 
    ****** multi_con_to_single_uncon: 1 
    ****** bpg_time_records: {5.0067901611328125e-06} 

** filename: Num2Bits@bitify@circomlib_16.circom 
** result: CONSTRAINED! 
** time: 0.004084 
    ** contribution counts: 
    ****** bpg_edges: 32 
    ****** bpg_nodes: 64 
    ****** BPG_binary: 16 
    ****** bpg_time_records: {0.0004012584686279297} 
    ****** binary_expression: 16 
    ****** single_to_double: 16 

** filename: Pedersen@pedersen_old@circomlib_1.circom 
** result: CONSTRAINED! 
** time: 0.036524 
    ** contribution counts: 
    ****** simple_replacement_expression: 18 
    ****** simple_replacement_expression_CONS_propogation: 8 
    ****** bpg_edges: 664 
    ****** bpg_nodes: 163 
    ****** simple_replacement_constant: 78 
    ****** single_to_double: 138 
    ****** multi_con_to_single_uncon: 5 
    ****** bpg_time_records: {0.010142326354980469} 

** filename: Pedersen@pedersen@circomlib_1.circom 
** result: NOT SURE 
** time: 5.337868 
    ** contribution counts: 
    ****** simple_replacement_constant: 63 
    ****** bpg_edges: 5240 
    ****** simple_replacement_expression: 49 
    ****** simple_replacement_expression_CONS_propogation: 9 
    ****** bpg_nodes: 319 
    ****** single_to_double: 93 
    ****** multi_con_to_single_uncon: 8 
    ****** add_edge_to_assumptions: 2 
    ****** bpg_time_records: {0.07858514785766602} 
    ****** DO_ASSUMPTION_PHASE: 1 
    ****** assumption_smt_count: 2 
    ****** clause_learning: 1 
    ****** Assumptions_grobner_early_conflict_cons: 2 
    ****** solved_assumption_smt_count: 2 

** filename: Sigma@poseidon_old@circomlib.circom 
** result: CONSTRAINED! 
** time: 0.000491 
    ** contribution counts: 
    ****** single_to_double: 3 
    ****** multi_con_to_single_uncon: 3 
    ****** bpg_edges: 9 
    ****** bpg_nodes: 8 
    ****** bpg_time_records: {7.581710815429688e-05} 

** filename: LessEqThan@comparators@circomlib_8.circom 
** result: CONSTRAINED! 
** time: 0.005277 
    ** contribution counts: 
    ****** simple_replacement_expression: 4 
    ****** simple_replacement_expression_CONS_propogation: 2 
    ****** bpg_edges: 116 
    ****** bpg_nodes: 62 
    ****** multi_con_to_single_uncon: 2 
    ****** BPG_binary: 10 
    ****** bpg_time_records: {0.001272439956665039} 
    ****** binary_expression: 9 
    ****** single_to_double: 9 

** filename: SMTVerifierSM@smtverifiersm@circomlib.circom 
** result: CONSTRAINED! 
** time: 0.002131 
    ** contribution counts: 
    ****** single_to_double: 4 
    ****** multi_con_to_single_uncon: 7 
    ****** bpg_edges: 107 
    ****** bpg_nodes: 31 
    ****** bpg_time_records: {0.0006024837493896484} 

** filename: BinSub@binsub@circomlib_16.circom 
** result: CONSTRAINED! 
** time: 0.005599 
    ** contribution counts: 
    ****** bpg_edges: 34 
    ****** bpg_nodes: 68 
    ****** BPG_binary: 17 
    ****** bpg_time_records: {0.00042057037353515625} 
    ****** binary_expression: 17 
    ****** single_to_double: 17 

** filename: SMTHash2@smthash_poseidon@circomlib.circom 
** result: CONSTRAINED! 
** time: 5.374507 
    ** contribution counts: 
    ****** simple_replacement_expression: 326 
    ****** simple_replacement_expression_CONS_propogation: 6 
    ****** bpg_edges: 57298 
    ****** bpg_nodes: 2055 
    ****** simple_replacement_constant: 5 
    ****** single_to_double: 326 
    ****** multi_con_to_single_uncon: 452 
    ****** bpg_time_records: {1.561704397201538} 

** filename: BinSum@binsum@circomlib_32_2.circom 
** result: CONSTRAINED! 
** time: 0.013288 
    ** contribution counts: 
    ****** bpg_edges: 66 
    ****** bpg_nodes: 132 
    ****** BPG_binary: 33 
    ****** bpg_time_records: {0.0008268356323242188} 
    ****** binary_expression: 33 
    ****** single_to_double: 33 

** filename: XOR@gates@circomlib.circom 
** result: CONSTRAINED! 
** time: 0.000977 
    ** contribution counts: 
    ****** single_to_double: 1 
    ****** multi_con_to_single_uncon: 1 
    ****** bpg_edges: 36 
    ****** bpg_nodes: 9 
    ****** bpg_time_records: {0.00013065338134765625} 

** filename: Pedersen@pedersen_old@circomlib_253.circom 
** result: TIMEOUT 
** time: 30.00719165802002 
    ** contribution counts: 
    ****** simple_replacement_expression: 2621 
    ****** simple_replacement_expression_CONS_propogation: 1965 
    ****** bpg_edges: 39092 
    ****** bpg_nodes: 9254 
    ****** simple_replacement_constant: 1914 
    ****** single_to_double: 8888 
    ****** multi_con_to_single_uncon: 324 
    ****** add_edge_to_assumptions: 2 

** filename: Bits2Point@pointbits@circomlib.circom 
** result: UNDER-CONSTRAINED! 
** time: 0.031116 
    ** contribution counts: 
    ****** bpg_time_records: {4.76837158203125e-06} 
    ****** DO_ASSUMPTION_PHASE: 1 
    ****** NO_Assumptions_raw_SMT_UNDER: 2 

** filename: Bits2Num@bitify@circomlib_254.circom 
** result: CONSTRAINED! 
** time: 0.011676 
    ** contribution counts: 
    ****** multi_con_to_single_uncon: 1 
    ****** bpg_time_records: {5.245208740234375e-06} 

** filename: Pedersen@pedersen@circomlib_128.circom 
** result: TIMEOUT 
** time: 30.005306005477905 
    ** contribution counts: 
    ****** simple_replacement_constant: 1512 
    ****** bpg_edges: 235753 
    ****** simple_replacement_expression: 2068 
    ****** simple_replacement_expression_CONS_propogation: 704 
    ****** bpg_nodes: 10932 
    ****** single_to_double: 3697 
    ****** multi_con_to_single_uncon: 348 
    ****** add_edge_to_assumptions: 1 

** filename: Sha256compression@sha256compression@circomlib.circom 
** result: TIMEOUT 
** time: 30.006807327270508 
    ** contribution counts: 

** filename: Num2BitsNeg@bitify@circomlib_254.circom 
** result: CONSTRAINED! 
** time: 0.192694 
    ** contribution counts: 
    ****** bpg_edges: 534 
    ****** bpg_nodes: 1029 
    ****** simple_replacement_expression: 1 
    ****** simple_replacement_expression_CONS_propogation: 1 
    ****** multi_con_to_single_uncon: 2 
    ****** add_edge_to_assumptions: 2 
    ****** BPG_constrained_both_solved: 1 
    ****** BPG_binary: 255 
    ****** bpg_time_records: {0.0072062015533447266} 
    ****** binary_expression: 254 
    ****** single_to_double: 254 

** filename: GreaterThan@comparators@circomlib_16.circom 
** result: CONSTRAINED! 
** time: 0.007297 
    ** contribution counts: 
    ****** simple_replacement_expression: 4 
    ****** simple_replacement_expression_CONS_propogation: 2 
    ****** bpg_edges: 132 
    ****** bpg_nodes: 93 
    ****** multi_con_to_single_uncon: 2 
    ****** BPG_binary: 18 
    ****** bpg_time_records: {0.0015115737915039062} 
    ****** binary_expression: 17 
    ****** single_to_double: 17 

** filename: NOT@gates@circomlib.circom 
** result: CONSTRAINED! 
** time: 0.000415 
    ** contribution counts: 
    ****** multi_con_to_single_uncon: 1 
    ****** bpg_edges: 6 
    ****** bpg_nodes: 8 
    ****** bpg_time_records: {0.00011348724365234375} 

** filename: Pedersen@pedersen@circomlib_254.circom 
** result: TIMEOUT 
** time: 30.01282835006714 
    ** contribution counts: 
    ****** simple_replacement_constant: 1623 
    ****** bpg_edges: 292939 
    ****** simple_replacement_expression: 2631 
    ****** simple_replacement_expression_CONS_propogation: 943 
    ****** bpg_nodes: 13969 
    ****** single_to_double: 4098 
    ****** multi_con_to_single_uncon: 354 
    ****** add_edge_to_assumptions: 1 

** filename: Num2Bits@bitify@circomlib_8.circom 
** result: CONSTRAINED! 
** time: 0.002135 
    ** contribution counts: 
    ****** bpg_edges: 16 
    ****** bpg_nodes: 32 
    ****** BPG_binary: 8 
    ****** bpg_time_records: {0.0002181529998779297} 
    ****** binary_expression: 8 
    ****** single_to_double: 8 

** filename: Pedersen@pedersen_old@circomlib_16.circom 
** result: NOT SURE 
** time: 21.866963 
    ** contribution counts: 
    ****** simple_replacement_expression: 194 
    ****** simple_replacement_expression_CONS_propogation: 146 
    ****** bpg_edges: 2924 
    ****** bpg_nodes: 687 
    ****** simple_replacement_constant: 152 
    ****** single_to_double: 684 
    ****** multi_con_to_single_uncon: 32 
    ****** add_edge_to_assumptions: 2 
    ****** bpg_time_records: {0.05885124206542969} 
    ****** DO_ASSUMPTION_PHASE: 1 
    ****** assumption_smt_count: 1 

** filename: Num2Bits@bitify@circomlib_256.circom 
** result: CONSTRAINED! 
** time: 0.154941 
    ** contribution counts: 
    ****** bpg_edges: 512 
    ****** bpg_nodes: 1024 
    ****** BPG_binary: 256 
    ****** bpg_time_records: {0.005043506622314453} 
    ****** binary_expression: 256 
    ****** single_to_double: 256 

** filename: IsZero@comparators@circomlib.circom 
** result: CONSTRAINED! 
** time: 0.001011 
    ** contribution counts: 
    ****** bpg_edges: 11 
    ****** bpg_nodes: 10 
    ****** multi_con_to_single_uncon: 2 
    ****** add_edge_to_assumptions: 2 
    ****** BPG_constrained_both_solved: 1 
    ****** BPG_binary: 1 
    ****** bpg_time_records: {0.00021028518676757812} 

** filename: Pedersen@pedersen_old@circomlib_256.circom 
** result: TIMEOUT 
** time: 30.018319368362427 
    ** contribution counts: 
    ****** simple_replacement_expression: 2660 
    ****** simple_replacement_expression_CONS_propogation: 1996 
    ****** bpg_edges: 39701 
    ****** bpg_nodes: 9378 
    ****** simple_replacement_constant: 1950 
    ****** single_to_double: 8986 
    ****** multi_con_to_single_uncon: 327 
    ****** add_edge_to_assumptions: 2 

** filename: LessEqThan@comparators@circomlib_16.circom 
** result: CONSTRAINED! 
** time: 0.006025 
    ** contribution counts: 
    ****** simple_replacement_expression: 4 
    ****** simple_replacement_expression_CONS_propogation: 2 
    ****** bpg_edges: 132 
    ****** bpg_nodes: 94 
    ****** multi_con_to_single_uncon: 2 
    ****** BPG_binary: 18 
    ****** bpg_time_records: {0.0012505054473876953} 
    ****** binary_expression: 17 
    ****** single_to_double: 17 

** filename: SMTProcessorSM@smtprocessorsm@circomlib.circom 
** result: CONSTRAINED! 
** time: 0.0045 
    ** contribution counts: 
    ****** single_to_double: 6 
    ****** multi_con_to_single_uncon: 8 
    ****** bpg_edges: 153 
    ****** bpg_nodes: 35 
    ****** bpg_time_records: {0.0014286041259765625} 

** filename: Bits2Point_Strict@pointbits@circomlib.circom 
** result: TIMEOUT 
** time: 36.42159032821655 
    ** contribution counts: 
    ****** simple_replacement_expression: 1533 
    ****** simple_replacement_expression_CONS_propogation: 765 
    ****** bpg_edges: 33125 
    ****** bpg_nodes: 10765 
    ****** simple_replacement_constant: 5 
    ****** single_to_double: 258 
    ****** multi_con_to_single_uncon: 131 
    ****** add_edge_to_assumptions: 1 
    ****** BPG_binary: 914 
    ****** bpg_time_records: {4.912560939788818} 
    ****** DO_ASSUMPTION_PHASE: 1 
    ****** assumption_smt_count: 1 

** filename: Num2Bits@bitify@circomlib_128.circom 
** result: CONSTRAINED! 
** time: 0.049464 
    ** contribution counts: 
    ****** bpg_edges: 256 
    ****** bpg_nodes: 512 
    ****** BPG_binary: 128 
    ****** bpg_time_records: {0.0024611949920654297} 
    ****** binary_expression: 128 
    ****** single_to_double: 128 

** filename: Pedersen@pedersen_old@circomlib_8.circom 
** result: NOT SURE 
** time: 20.373839 
    ** contribution counts: 
    ****** simple_replacement_expression: 98 
    ****** simple_replacement_expression_CONS_propogation: 74 
    ****** bpg_edges: 1464 
    ****** bpg_nodes: 355 
    ****** simple_replacement_constant: 80 
    ****** single_to_double: 348 
    ****** multi_con_to_single_uncon: 20 
    ****** add_edge_to_assumptions: 2 
    ****** bpg_time_records: {0.03162240982055664} 
    ****** DO_ASSUMPTION_PHASE: 1 
    ****** assumption_smt_count: 1 

** filename: Pedersen@pedersen@circomlib_256.circom 
** result: TIMEOUT 
** time: 30.00157856941223 
    ** contribution counts: 
    ****** simple_replacement_constant: 1590 
    ****** bpg_edges: 290347 
    ****** simple_replacement_expression: 2620 
    ****** simple_replacement_expression_CONS_propogation: 935 
    ****** bpg_nodes: 13950 
    ****** single_to_double: 3993 
    ****** multi_con_to_single_uncon: 353 
    ****** add_edge_to_assumptions: 1 

** filename: GreaterThan@comparators.circom 
** result: CONSTRAINED! 
** time: 0.034772 
    ** contribution counts: 
    ****** simple_replacement_expression: 4 
    ****** simple_replacement_expression_CONS_propogation: 2 
    ****** bpg_edges: 680 
    ****** bpg_nodes: 39 
    ****** multi_con_to_single_uncon: 2 
    ****** BPG_binary: 4 
    ****** bpg_time_records: {0.008186578750610352} 
    ****** binary_expression: 3 
    ****** single_to_double: 3 

** filename: Segment@pedersen.circom 
** result: NOT SURE 
** time: 21.770122 
    ** contribution counts: 
    ****** simple_replacement_expression: 126 
    ****** simple_replacement_expression_CONS_propogation: 16 
    ****** bpg_edges: 18243 
    ****** bpg_nodes: 639 
    ****** add_edge_to_assumptions: 1 
    ****** single_to_double: 4 
    ****** multi_con_to_single_uncon: 2 
    ****** bpg_time_records: {0.42792510986328125} 
    ****** DO_ASSUMPTION_PHASE: 1 
    ****** assumption_smt_count: 1 

** filename: BabyCheck@babyjub.circom 
** result: CONSTRAINED! 
** time: 0.000227 
    ** contribution counts: 
    ****** single_to_double: 2 
    ****** bpg_time_records: {3.814697265625e-06} 

** filename: Poseidon@poseidon.circom 
** result: CONSTRAINED! 
** time: 5.779776 
    ** contribution counts: 
    ****** simple_replacement_constant: 5 
    ****** bpg_edges: 57280 
    ****** simple_replacement_expression: 323 
    ****** simple_replacement_expression_CONS_propogation: 4 
    ****** bpg_nodes: 2046 
    ****** single_to_double: 326 
    ****** multi_con_to_single_uncon: 473 
    ****** bpg_time_records: {1.5178065299987793} 

** filename: Pedersen@pedersen_old.circom 
** result: CONSTRAINED! 
** time: 0.067918 
    ** contribution counts: 
    ****** simple_replacement_expression: 28 
    ****** simple_replacement_expression_CONS_propogation: 17 
    ****** bpg_edges: 1227 
    ****** bpg_nodes: 172 
    ****** simple_replacement_constant: 67 
    ****** single_to_double: 147 
    ****** multi_con_to_single_uncon: 7 
    ****** bpg_time_records: {0.0183560848236084} 

** filename: Num2BitsNeg@bitify.circom 
** result: CONSTRAINED! 
** time: 0.017557 
    ** contribution counts: 
    ****** bpg_edges: 318 
    ****** bpg_nodes: 23 
    ****** simple_replacement_expression: 1 
    ****** simple_replacement_expression_CONS_propogation: 1 
    ****** multi_con_to_single_uncon: 2 
    ****** add_edge_to_assumptions: 2 
    ****** BPG_constrained_both_solved: 1 
    ****** BPG_binary: 3 
    ****** bpg_time_records: {0.003989219665527344} 
    ****** binary_expression: 2 
    ****** single_to_double: 2 

** filename: SegmentMulAny@escalarmulany.circom 
** result: NOT SURE 
** time: 23.150772 
    ** contribution counts: 
    ****** simple_replacement_expression: 37 
    ****** simple_replacement_expression_CONS_propogation: 7 
    ****** bpg_edges: 2675 
    ****** bpg_nodes: 195 
    ****** add_edge_to_assumptions: 1 
    ****** bpg_time_records: {0.04728102684020996} 
    ****** DO_ASSUMPTION_PHASE: 1 
    ****** assumption_smt_count: 1 

** filename: MiMCFeistel@mimcsponge.circom 
** result: CONSTRAINED! 
** time: 0.038879 
    ** contribution counts: 
    ****** single_to_double: 11 
    ****** multi_con_to_single_uncon: 6 
    ****** bpg_edges: 1124 
    ****** bpg_nodes: 27 
    ****** simple_replacement_expression: 2 
    ****** simple_replacement_expression_CONS_propogation: 1 
    ****** bpg_time_records: {0.0058803558349609375} 

** filename: BabyAdd@babyjub.circom 
** result: CONSTRAINED! 
** time: 8.632185 
    ** contribution counts: 
    ****** single_to_double: 7 
    ****** multi_con_to_single_uncon: 4 
    ****** bpg_edges: 141 
    ****** bpg_nodes: 24 
    ****** add_edge_to_assumptions: 2 
    ****** bpg_time_records: {0.001346588134765625} 
    ****** DO_ASSUMPTION_PHASE: 1 
    ****** assumption_smt_count: 2 
    ****** clause_learning: 1 
    ****** Assumptions_grobner_early_conflict_cons: 2 
    ****** solved_assumption_smt_count: 2 

** filename: MultiAND@gates.circom 
** result: CONSTRAINED! 
** time: 0.001771 
    ** contribution counts: 
    ****** simple_replacement_expression: 3 
    ****** simple_replacement_expression_CONS_propogation: 2 
    ****** bpg_edges: 36 
    ****** bpg_nodes: 18 
    ****** single_to_double: 2 
    ****** multi_con_to_single_uncon: 1 
    ****** bpg_time_records: {0.0006771087646484375} 

** filename: BabyPbk@babyjub.circom 
** result: TIMEOUT 
** time: 30.009674072265625 
    ** contribution counts: 
    ****** simple_replacement_expression: 3699 
    ****** simple_replacement_expression_CONS_propogation: 1 
    ****** bpg_edges: 439809 
    ****** bpg_nodes: 18318 
    ****** simple_replacement_constant: 1844 
    ****** multi_con_to_single_uncon: 120 
    ****** single_to_double: 1591 

** filename: Multiplexer@multiplexer.circom 
** result: CONSTRAINED! 
** time: 0.016034 
    ** contribution counts: 
    ****** simple_replacement_expression: 12 
    ****** simple_replacement_expression_CONS_propogation: 5 
    ****** bpg_edges: 333 
    ****** bpg_nodes: 83 
    ****** single_to_double: 5 
    ****** simple_replacement_constant: 1 
    ****** multi_con_to_single_uncon: 13 
    ****** add_edge_to_assumptions: 2 
    ****** BPG_binary: 1 
    ****** bpg_time_records: {0.007264375686645508} 

** filename: Bits2Num_strict@bitify.circom 
** result: CONSTRAINED! 
** time: 3.667685 
    ** contribution counts: 
    ****** simple_replacement_expression: 764 
    ****** simple_replacement_expression_CONS_propogation: 763 
    ****** bpg_edges: 12335 
    ****** bpg_nodes: 4412 
    ****** single_to_double: 255 
    ****** simple_replacement_constant: 2 
    ****** multi_con_to_single_uncon: 129 
    ****** BPG_binary: 135 
    ****** bpg_time_records: {2.063880681991577} 

** filename: Point2Bits_Strict@pointbits.circom 
** result: CONSTRAINED! 
** time: 16.561555 
    ** contribution counts: 
    ****** simple_replacement_expression: 1531 
    ****** simple_replacement_expression_CONS_propogation: 2 
    ****** bpg_edges: 34129 
    ****** bpg_nodes: 11551 
    ****** simple_replacement_constant: 5 
    ****** single_to_double: 899 
    ****** BPG_binary: 1422 
    ****** bpg_time_records: {0.6418418884277344} 
    ****** binary_expression: 643 
    ****** multi_con_to_single_uncon: 924 

** filename: BinSum@binsum.circom 
** result: CONSTRAINED! 
** time: 0.001037 
    ** contribution counts: 
    ****** bpg_edges: 6 
    ****** bpg_nodes: 12 
    ****** BPG_binary: 3 
    ****** bpg_time_records: {9.679794311523438e-05} 
    ****** binary_expression: 3 
    ****** single_to_double: 3 

** filename: Bits2Point_Strict@pointbits.circom 
** result: TIMEOUT 
** time: 37.28401851654053 
    ** contribution counts: 
    ****** simple_replacement_expression: 1533 
    ****** simple_replacement_expression_CONS_propogation: 765 
    ****** bpg_edges: 33125 
    ****** bpg_nodes: 10765 
    ****** simple_replacement_constant: 5 
    ****** single_to_double: 258 
    ****** multi_con_to_single_uncon: 131 
    ****** add_edge_to_assumptions: 1 
    ****** BPG_binary: 914 
    ****** bpg_time_records: {4.934402704238892} 
    ****** DO_ASSUMPTION_PHASE: 1 
    ****** assumption_smt_count: 1 

** filename: MultiMux4@mux4.circom 
** result: CONSTRAINED! 
** time: 0.013505 
    ** contribution counts: 
    ****** single_to_double: 124 
    ****** multi_con_to_single_uncon: 36 
    ****** bpg_edges: 228 
    ****** bpg_nodes: 72 
    ****** simple_replacement_expression: 2 
    ****** simple_replacement_expression_CONS_propogation: 2 
    ****** bpg_time_records: {0.0013315677642822266} 

** filename: EdDSAMiMCSpongeVerifier@eddsamimcsponge.circom 
** result: CONSTRAINED! 
** time: 3.940064 
    ** contribution counts: 
    ****** bpg_time_records: {1.0967254638671875e-05} 

** filename: OR@gates.circom 
** result: CONSTRAINED! 
** time: 0.001102 
    ** contribution counts: 
    ****** single_to_double: 1 
    ****** multi_con_to_single_uncon: 1 
    ****** bpg_edges: 44 
    ****** bpg_nodes: 13 
    ****** bpg_time_records: {0.0001857280731201172} 

** filename: Mux2@mux2.circom 
** result: CONSTRAINED! 
** time: 0.005399 
    ** contribution counts: 
    ****** simple_replacement_expression: 8 
    ****** simple_replacement_expression_CONS_propogation: 7 
    ****** bpg_edges: 138 
    ****** bpg_nodes: 51 
    ****** single_to_double: 18 
    ****** multi_con_to_single_uncon: 5 
    ****** bpg_time_records: {0.0015437602996826172} 

** filename: Switcher@switcher.circom 
** result: CONSTRAINED! 
** time: 0.001267 
    ** contribution counts: 
    ****** single_to_double: 2 
    ****** multi_con_to_single_uncon: 3 
    ****** bpg_edges: 90 
    ****** bpg_nodes: 18 
    ****** bpg_time_records: {0.0001971721649169922} 

** filename: BabyDbl@babyjub.circom 
** result: CONSTRAINED! 
** time: 3.538004 
    ** contribution counts: 
    ****** simple_replacement_expression: 6 
    ****** simple_replacement_expression_CONS_propogation: 4 
    ****** bpg_edges: 309 
    ****** bpg_nodes: 39 
    ****** single_to_double: 11 
    ****** multi_con_to_single_uncon: 4 
    ****** add_edge_to_assumptions: 2 
    ****** bpg_time_records: {0.004436016082763672} 
    ****** DO_ASSUMPTION_PHASE: 1 
    ****** assumption_smt_count: 2 
    ****** clause_learning: 1 
    ****** Assumptions_grobner_early_conflict_cons: 2 
    ****** solved_assumption_smt_count: 2 

** filename: XOR@gates.circom 
** result: CONSTRAINED! 
** time: 0.000981 
    ** contribution counts: 
    ****** single_to_double: 1 
    ****** multi_con_to_single_uncon: 1 
    ****** bpg_edges: 36 
    ****** bpg_nodes: 9 
    ****** bpg_time_records: {0.00013065338134765625} 

** filename: EscalarProduct@multiplexer.circom 
** result: CONSTRAINED! 
** time: 0.001029 
    ** contribution counts: 
    ****** single_to_double: 2 
    ****** multi_con_to_single_uncon: 3 
    ****** bpg_edges: 54 
    ****** bpg_nodes: 21 
    ****** bpg_time_records: {0.0002593994140625} 

** filename: IsEqual@comparators.circom 
** result: CONSTRAINED! 
** time: 0.002475 
    ** contribution counts: 
    ****** multi_con_to_single_uncon: 3 
    ****** bpg_edges: 64 
    ****** bpg_nodes: 20 
    ****** simple_replacement_expression: 1 
    ****** add_edge_to_assumptions: 2 
    ****** BPG_constrained_both_solved: 1 
    ****** BPG_binary: 2 
    ****** bpg_time_records: {0.0005593299865722656} 

** filename: IsZero@comparators.circom 
** result: CONSTRAINED! 
** time: 0.000792 
    ** contribution counts: 
    ****** bpg_edges: 11 
    ****** bpg_nodes: 10 
    ****** multi_con_to_single_uncon: 2 
    ****** add_edge_to_assumptions: 2 
    ****** BPG_constrained_both_solved: 1 
    ****** BPG_binary: 1 
    ****** bpg_time_records: {0.0001704692840576172} 

** filename: MontgomeryDouble@montgomery.circom 
** result: UNDER-CONSTRAINED! 
** time: 29.316128 
    ** contribution counts: 
    ****** single_to_double: 1 
    ****** multi_con_to_single_uncon: 2 
    ****** add_edge_to_assumptions: 1 
    ****** bpg_edges: 292 
    ****** bpg_nodes: 18 
    ****** bpg_time_records: {0.0009770393371582031, 0.0011899471282958984} 
    ****** DO_ASSUMPTION_PHASE: 1 
    ****** clause_learning: 1 
    ****** Assumptions_via_grobner_UNDER: 3 

** filename: Mux4@mux4.circom 
** result: CONSTRAINED! 
** time: 0.021198 
    ** contribution counts: 
    ****** simple_replacement_expression: 22 
    ****** simple_replacement_expression_CONS_propogation: 21 
    ****** bpg_edges: 383 
    ****** bpg_nodes: 147 
    ****** single_to_double: 128 
    ****** multi_con_to_single_uncon: 20 
    ****** bpg_time_records: {0.0057811737060546875} 

** filename: EscalarMulAny@escalarmulany.circom 
** result: TIMEOUT 
** time: 35.386555910110474 
    ** contribution counts: 
    ****** simple_replacement_expression: 40 
    ****** simple_replacement_expression_CONS_propogation: 6 
    ****** bpg_edges: 2845 
    ****** bpg_nodes: 226 
    ****** multi_con_to_single_uncon: 3 
    ****** add_edge_to_assumptions: 3 
    ****** single_to_double: 1 
    ****** BPG_constrained_both_solved: 2 
    ****** BPG_binary: 1 
    ****** bpg_time_records: {0.06283712387084961, 0.04897475242614746} 
    ****** DO_ASSUMPTION_PHASE: 1 
    ****** assumption_smt_count: 2 

** filename: MultiMux3@mux3.circom 
** result: CONSTRAINED! 
** time: 0.008381 
    ** contribution counts: 
    ****** single_to_double: 41 
    ****** multi_con_to_single_uncon: 17 
    ****** bpg_edges: 165 
    ****** bpg_nodes: 52 
    ****** simple_replacement_expression: 2 
    ****** simple_replacement_expression_CONS_propogation: 2 
    ****** bpg_time_records: {0.0013117790222167969} 

** filename: Montgomery2Edwards@montgomery.circom 
** result: UNDER-CONSTRAINED! 
** time: 0.160239 
    ** contribution counts: 
    ****** multi_con_to_single_uncon: 1 
    ****** add_edge_to_assumptions: 2 
    ****** bpg_edges: 11 
    ****** bpg_nodes: 11 
    ****** bpg_time_records: {7.390975952148438e-05} 
    ****** DO_ASSUMPTION_PHASE: 1 
    ****** assumption_smt_count: 1 
    ****** clause_learning: 1 
    ****** Assumptions_via_grobner_UNDER: 1 
    ****** unsolved_assumption_smt_count: 1 

** filename: NOR@gates.circom 
** result: CONSTRAINED! 
** time: 0.001321 
    ** contribution counts: 
    ****** single_to_double: 1 
    ****** multi_con_to_single_uncon: 1 
    ****** bpg_edges: 44 
    ****** bpg_nodes: 14 
    ****** bpg_time_records: {0.000164031982421875} 

** filename: BitElementMulAny@escalarmulany.circom 
** result: NOT SURE 
** time: 32.785109 
    ** contribution counts: 
    ****** simple_replacement_expression: 15 
    ****** simple_replacement_expression_CONS_propogation: 7 
    ****** bpg_edges: 2126 
    ****** bpg_nodes: 91 
    ****** single_to_double: 5 
    ****** multi_con_to_single_uncon: 2 
    ****** add_edge_to_assumptions: 1 
    ****** bpg_time_records: {0.028635025024414062} 
    ****** DO_ASSUMPTION_PHASE: 1 
    ****** assumption_smt_count: 1 

** filename: MiMCSponge@mimcsponge.circom 
** result: CONSTRAINED! 
** time: 0.178644 
    ** contribution counts: 
    ****** simple_replacement_expression: 15 
    ****** single_to_double: 46 
    ****** simple_replacement_expression_CONS_propogation: 7 
    ****** bpg_edges: 3729 
    ****** bpg_nodes: 96 
    ****** simple_replacement_constant: 1 
    ****** multi_con_to_single_uncon: 20 
    ****** bpg_time_records: {0.03867077827453613} 

** filename: GreaterEqThan@comparators.circom 
** result: CONSTRAINED! 
** time: 0.034764 
    ** contribution counts: 
    ****** simple_replacement_expression: 4 
    ****** simple_replacement_expression_CONS_propogation: 2 
    ****** bpg_edges: 680 
    ****** bpg_nodes: 40 
    ****** multi_con_to_single_uncon: 2 
    ****** BPG_binary: 4 
    ****** bpg_time_records: {0.008174657821655273} 
    ****** binary_expression: 3 
    ****** single_to_double: 3 

** filename: Sign@sign.circom 
** result: CONSTRAINED! 
** time: 1.135751 
    ** contribution counts: 
    ****** simple_replacement_expression: 257 
    ****** simple_replacement_expression_CONS_propogation: 255 
    ****** bpg_edges: 8950 
    ****** bpg_nodes: 2900 
    ****** single_to_double: 389 
    ****** multi_con_to_single_uncon: 129 
    ****** BPG_binary: 136 
    ****** bpg_time_records: {0.53887939453125} 
    ****** binary_expression: 135 

** filename: Mux3@mux3.circom 
** result: CONSTRAINED! 
** time: 0.012265 
    ** contribution counts: 
    ****** simple_replacement_expression: 13 
    ****** simple_replacement_expression_CONS_propogation: 12 
    ****** bpg_edges: 240 
    ****** bpg_nodes: 84 
    ****** single_to_double: 42 
    ****** multi_con_to_single_uncon: 9 
    ****** bpg_time_records: {0.0036025047302246094} 

** filename: AND@gates.circom 
** result: CONSTRAINED! 
** time: 0.000433 
    ** contribution counts: 
    ****** single_to_double: 1 
    ****** multi_con_to_single_uncon: 1 
    ****** bpg_edges: 9 
    ****** bpg_nodes: 8 
    ****** bpg_time_records: {9.322166442871094e-05} 

** filename: NAND@gates.circom 
** result: CONSTRAINED! 
** time: 0.00035 
    ** contribution counts: 
    ****** single_to_double: 1 
    ****** multi_con_to_single_uncon: 1 
    ****** bpg_edges: 9 
    ****** bpg_nodes: 9 
    ****** bpg_time_records: {7.963180541992188e-05} 

** filename: ForceEqualIfEnabled@comparators.circom 
** result: CONSTRAINED! 
** time: 0.000319 
    ** contribution counts: 
    ****** bpg_time_records: {4.5299530029296875e-06} 

** filename: MultiMux1@mux1.circom 
** result: CONSTRAINED! 
** time: 0.00285 
    ** contribution counts: 
    ****** single_to_double: 4 
    ****** multi_con_to_single_uncon: 2 
    ****** bpg_edges: 122 
    ****** bpg_nodes: 23 
    ****** bpg_time_records: {0.0004677772521972656} 

** filename: EdDSAVerifier@eddsa.circom 
** result: CONSTRAINED! 
** time: 12.648429 
    ** contribution counts: 
    ****** bpg_time_records: {1.9073486328125e-05} 

** filename: WindowMulFix@escalarmulfix.circom 
** result: NOT SURE 
** time: 20.883205 
    ** contribution counts: 
    ****** simple_replacement_expression: 51 
    ****** simple_replacement_expression_CONS_propogation: 21 
    ****** bpg_edges: 8276 
    ****** bpg_nodes: 256 
    ****** single_to_double: 15 
    ****** multi_con_to_single_uncon: 3 
    ****** add_edge_to_assumptions: 1 
    ****** bpg_time_records: {0.23642277717590332} 
    ****** DO_ASSUMPTION_PHASE: 1 
    ****** assumption_smt_count: 1 

** filename: Multiplexor2@escalarmulany.circom 
** result: CONSTRAINED! 
** time: 0.00278 
    ** contribution counts: 
    ****** single_to_double: 4 
    ****** multi_con_to_single_uncon: 2 
    ****** bpg_edges: 122 
    ****** bpg_nodes: 23 
    ****** bpg_time_records: {0.00044918060302734375} 

** filename: AliasCheck@aliascheck.circom 
** result: CONSTRAINED! 
** time: 0.034026 
    ** contribution counts: 
    ****** bpg_time_records: {5.7220458984375e-06} 

** filename: NOT@gates.circom 
** result: CONSTRAINED! 
** time: 0.00032 
    ** contribution counts: 
    ****** multi_con_to_single_uncon: 1 
    ****** bpg_edges: 6 
    ****** bpg_nodes: 8 
    ****** bpg_time_records: {9.322166442871094e-05} 

** filename: LessEqThan@comparators.circom 
** result: CONSTRAINED! 
** time: 0.034729 
    ** contribution counts: 
    ****** simple_replacement_expression: 4 
    ****** simple_replacement_expression_CONS_propogation: 2 
    ****** bpg_edges: 680 
    ****** bpg_nodes: 40 
    ****** multi_con_to_single_uncon: 2 
    ****** BPG_binary: 4 
    ****** bpg_time_records: {0.008185863494873047} 
    ****** binary_expression: 3 
    ****** single_to_double: 3 

** filename: MontgomeryAdd@montgomery.circom 
** result: UNDER-CONSTRAINED! 
** time: 2.448507 
    ** contribution counts: 
    ****** add_edge_to_assumptions: 1 
    ****** bpg_edges: 604 
    ****** bpg_nodes: 21 
    ****** bpg_time_records: {0.0015819072723388672} 
    ****** DO_ASSUMPTION_PHASE: 1 
    ****** assumption_smt_count: 1 
    ****** Assumptions_via_grobner_UNDER: 3 
    ****** unsolved_assumption_smt_count: 1 

** filename: MiMC7@mimc.circom 
** result: CONSTRAINED! 
** time: 0.001613 
    ** contribution counts: 
    ****** single_to_double: 13 
    ****** multi_con_to_single_uncon: 8 
    ****** bpg_edges: 36 
    ****** bpg_nodes: 25 
    ****** bpg_time_records: {0.00019478797912597656} 

** filename: MultiMiMC7@mimc.circom 
** result: CONSTRAINED! 
** time: 0.087476 
    ** contribution counts: 
    ****** simple_replacement_expression: 6 
    ****** simple_replacement_expression_CONS_propogation: 4 
    ****** bpg_edges: 1296 
    ****** bpg_nodes: 77 
    ****** single_to_double: 35 
    ****** multi_con_to_single_uncon: 18 
    ****** bpg_time_records: {0.01855921745300293} 

** filename: Decoder@multiplexer.circom 
** result: UNDER-CONSTRAINED! 
** time: 0.267439 
    ** contribution counts: 
    ****** multi_con_to_single_uncon: 1 
    ****** add_edge_to_assumptions: 2 
    ****** bpg_edges: 42 
    ****** bpg_nodes: 15 
    ****** BPG_binary: 1 
    ****** bpg_time_records: {0.0004267692565917969} 
    ****** DO_ASSUMPTION_PHASE: 1 
    ****** assumption_smt_count: 1 
    ****** Assumptions_via_grobner_UNDER: 2 
    ****** unsolved_assumption_smt_count: 1 

** filename: MultiMux2@mux2.circom 
** result: CONSTRAINED! 
** time: 0.003725 
    ** contribution counts: 
    ****** single_to_double: 17 
    ****** multi_con_to_single_uncon: 9 
    ****** bpg_edges: 93 
    ****** bpg_nodes: 40 
    ****** simple_replacement_expression: 2 
    ****** simple_replacement_expression_CONS_propogation: 2 
    ****** bpg_time_records: {0.0005946159362792969} 

** filename: Mux1@mux1.circom 
** result: CONSTRAINED! 
** time: 0.004534 
    ** contribution counts: 
    ****** simple_replacement_expression: 4 
    ****** simple_replacement_expression_CONS_propogation: 3 
    ****** bpg_edges: 146 
    ****** bpg_nodes: 28 
    ****** single_to_double: 4 
    ****** multi_con_to_single_uncon: 1 
    ****** bpg_time_records: {0.0016329288482666016} 

** filename: Bits2Num@bitify.circom 
** result: CONSTRAINED! 
** time: 0.000533 
    ** contribution counts: 
    ****** multi_con_to_single_uncon: 1 
    ****** bpg_edges: 36 
    ****** bpg_nodes: 9 
    ****** bpg_time_records: {9.369850158691406e-05} 

** filename: Sigma@poseidon.circom 
** result: CONSTRAINED! 
** time: 0.000483 
    ** contribution counts: 
    ****** single_to_double: 3 
    ****** multi_con_to_single_uncon: 3 
    ****** bpg_edges: 9 
    ****** bpg_nodes: 8 
    ****** bpg_time_records: {7.486343383789062e-05} 

** filename: Window4@pedersen.circom 
** result: NOT SURE 
** time: 21.42326 
    ** contribution counts: 
    ****** simple_replacement_expression: 50 
    ****** simple_replacement_expression_CONS_propogation: 21 
    ****** bpg_edges: 8276 
    ****** bpg_nodes: 257 
    ****** single_to_double: 15 
    ****** multi_con_to_single_uncon: 3 
    ****** add_edge_to_assumptions: 1 
    ****** bpg_time_records: {0.23643255233764648} 
    ****** DO_ASSUMPTION_PHASE: 1 
    ****** assumption_smt_count: 1 

** filename: EdDSAPoseidonVerifier@eddsaposeidon.circom 
** result: CONSTRAINED! 
** time: 2.946663 
    ** contribution counts: 
    ****** bpg_time_records: {1.0013580322265625e-05} 

** filename: Num2Bits_strict@bitify.circom 
** result: CONSTRAINED! 
** time: 4.05624 
    ** contribution counts: 
    ****** simple_replacement_expression: 764 
    ****** simple_replacement_expression_CONS_propogation: 1 
    ****** bpg_edges: 13351 
    ****** bpg_nodes: 5204 
    ****** simple_replacement_constant: 2 
    ****** single_to_double: 382 
    ****** BPG_binary: 643 
    ****** bpg_time_records: {0.29477787017822266} 
    ****** binary_expression: 254 
    ****** multi_con_to_single_uncon: 286 

** filename: CompConstant@compconstant.circom 
** result: CONSTRAINED! 
** time: 0.297279 
    ** contribution counts: 
    ****** single_to_double: 262 
    ****** multi_con_to_single_uncon: 129 
    ****** bpg_edges: 5834 
    ****** bpg_nodes: 2199 
    ****** simple_replacement_expression: 2 
    ****** simple_replacement_expression_CONS_propogation: 1 
    ****** BPG_binary: 136 
    ****** bpg_time_records: {0.031203746795654297} 
    ****** binary_expression: 135 

** filename: BinSub@binsub.circom 
** result: CONSTRAINED! 
** time: 0.000815 
    ** contribution counts: 
    ****** bpg_edges: 6 
    ****** bpg_nodes: 12 
    ****** BPG_binary: 3 
    ****** bpg_time_records: {7.867813110351562e-05} 
    ****** binary_expression: 3 
    ****** single_to_double: 3 

** filename: LessThan@comparators.circom 
** result: CONSTRAINED! 
** time: 0.0261 
    ** contribution counts: 
    ****** multi_con_to_single_uncon: 2 
    ****** bpg_edges: 626 
    ****** bpg_nodes: 29 
    ****** simple_replacement_expression: 1 
    ****** BPG_binary: 4 
    ****** bpg_time_records: {0.005569934844970703} 
    ****** binary_expression: 3 
    ****** single_to_double: 3 

** filename: SegmentMulFix@escalarmulfix.circom 
** result: NOT SURE 
** time: 116.248321 
    ** contribution counts: 
    ****** simple_replacement_expression: 144 
    ****** simple_replacement_expression_CONS_propogation: 14 
    ****** bpg_edges: 21305 
    ****** bpg_nodes: 719 
    ****** add_edge_to_assumptions: 1 
    ****** single_to_double: 4 
    ****** multi_con_to_single_uncon: 2 
    ****** bpg_time_records: {0.5349218845367432} 
    ****** DO_ASSUMPTION_PHASE: 1 
    ****** assumption_smt_count: 1 

** filename: EdDSAMiMCVerifier@eddsamimc.circom 
** result: CONSTRAINED! 
** time: 3.101985 
    ** contribution counts: 
    ****** bpg_time_records: {1.0251998901367188e-05} 

** filename: Pedersen@pedersen.circom 
** result: UNDER-CONSTRAINED! 
** time: 1.090213 
    ** contribution counts: 
    ****** simple_replacement_constant: 52 
    ****** bpg_edges: 5847 
    ****** simple_replacement_expression: 57 
    ****** simple_replacement_expression_CONS_propogation: 17 
    ****** bpg_nodes: 325 
    ****** single_to_double: 100 
    ****** multi_con_to_single_uncon: 10 
    ****** add_edge_to_assumptions: 2 
    ****** bpg_time_records: {0.08701395988464355} 
    ****** DO_ASSUMPTION_PHASE: 1 
    ****** assumption_smt_count: 2 
    ****** clause_learning: 1 
    ****** Assumptions_grobner_early_conflict_cons: 1 
    ****** solved_assumption_smt_count: 1 
    ****** Assumptions_via_grobner_UNDER: 1 
    ****** unsolved_assumption_smt_count: 1 

** filename: Edwards2Montgomery@montgomery.circom 
** result: UNDER-CONSTRAINED! 
** time: 2.225917 
    ** contribution counts: 
    ****** add_edge_to_assumptions: 2 
    ****** bpg_edges: 11 
    ****** bpg_nodes: 11 
    ****** bpg_time_records: {8.320808410644531e-05, 9.918212890625e-05} 
    ****** DO_ASSUMPTION_PHASE: 1 
    ****** assumption_smt_count: 2 
    ****** clause_learning: 1 
    ****** Assumptions_grobner_early_conflict_cons: 1 
    ****** solved_assumption_smt_count: 1 
    ****** single_to_double: 1 
    ****** multi_con_to_single_uncon: 1 
    ****** Assumptions_via_grobner_UNDER: 1 
    ****** unsolved_assumption_smt_count: 1 

** filename: Num2Bits@bitify.circom 
** result: CONSTRAINED! 
** time: 0.001912 
    ** contribution counts: 
    ****** bpg_edges: 40 
    ****** bpg_nodes: 13 
    ****** BPG_binary: 2 
    ****** bpg_time_records: {0.00033402442932128906} 
    ****** binary_expression: 2 
    ****** single_to_double: 2 

