** filename: GreaterEqThan@comparators@circomlib_16.circom 
** result: NOT SURE 
** time: 15.186211 
    ** contribution counts: 
    ****** bpg_edges: 94 
    ****** bpg_nodes: 92 
    ****** BPG_constrained_both_solved: 3 
    ****** BPG_binary: 17 
    ****** bpg_time_records: {0.0009713172912597656, 0.0010704994201660156, 0.0010807514190673828} 
    ****** DO_ASSUMPTION_PHASE: 1 

** filename: BabyCheck@babyjub@circomlib.circom 
** result: CONSTRAINED! 
** time: 0.000223 
    ** contribution counts: 
    ****** single_to_double: 2 
    ****** bpg_time_records: {3.814697265625e-06} 

** filename: Num2BitsNeg@bitify@circomlib_256.circom 
** result: NOT SURE 
** time: 15.982778 
    ** contribution counts: 
    ****** bpg_edges: 529 
    ****** bpg_nodes: 1037 
    ****** BPG_constrained_both_solved: 2 
    ****** BPG_binary: 257 
    ****** bpg_time_records: {0.006825447082519531, 0.005701780319213867, 0.0054967403411865234} 
    ****** DO_ASSUMPTION_PHASE: 1 
    ****** single_to_double: 1 

** filename: GreaterEqThan@comparators@circomlib_32.circom 
** result: NOT SURE 
** time: 15.350744 
    ** contribution counts: 
    ****** bpg_edges: 126 
    ****** bpg_nodes: 156 
    ****** BPG_constrained_both_solved: 3 
    ****** BPG_binary: 33 
    ****** bpg_time_records: {0.0016398429870605469, 0.0014705657958984375, 0.0014002323150634766} 
    ****** DO_ASSUMPTION_PHASE: 1 

** filename: Num2BitsNeg@bitify@circomlib_16.circom 
** result: NOT SURE 
** time: 16.922381 
    ** contribution counts: 
    ****** bpg_edges: 49 
    ****** bpg_nodes: 77 
    ****** BPG_constrained_both_solved: 2 
    ****** BPG_binary: 17 
    ****** bpg_time_records: {0.0006601810455322266, 0.0006952285766601562, 0.0006818771362304688} 
    ****** DO_ASSUMPTION_PHASE: 1 
    ****** single_to_double: 1 

** filename: Num2Bits@bitify@circomlib_1.circom 
** result: CONSTRAINED! 
** time: 0.000652 
    ** contribution counts: 
    ****** bpg_edges: 8 
    ****** bpg_nodes: 8 
    ****** single_to_double: 1 
    ****** BPG_constrained_both_solved: 1 
    ****** BPG_binary: 1 
    ****** bpg_time_records: {0.00020003318786621094} 

** filename: T1@t1@circomlib.circom 
** result: NOT SURE 
** time: 20.349751 
    ** contribution counts: 
    ****** bpg_edges: 6150 
    ****** bpg_nodes: 2988 
    ****** BPG_constrained_both_solved: 544 
    ****** single_to_double: 192 
    ****** BPG_binary: 35 
    ****** bpg_time_records: {0.5901105403900146, 1.0727918148040771, 1.0563464164733887} 
    ****** DO_ASSUMPTION_PHASE: 1 

** filename: Main@main@circomlib.circom 
** result: TIMEOUT 
** time: 30.042548656463623 
    ** contribution counts: 

** filename: Bits2Num@bitify@circomlib_256.circom 
** result: NOT SURE 
** time: 5.202477 
    ** contribution counts: 
    ****** bpg_time_records: {6.9141387939453125e-06} 
    ****** DO_ASSUMPTION_PHASE: 1 

** filename: BabyPbk@babyjub@circomlib.circom 
** result: TIMEOUT 
** time: 219.21929264068604 
    ** contribution counts: 
    ****** bpg_edges: 486085 
    ****** bpg_nodes: 28381 
    ****** BPG_constrained_both_solved: 1 
    ****** BPG_binary: 253 
    ****** bpg_time_records: {10.73672342300415} 
    ****** DO_ASSUMPTION_PHASE: 1 

** filename: Sigma@poseidon@circomlib.circom 
** result: NOT SURE 
** time: 0.037177 
    ** contribution counts: 
    ****** single_to_double: 1 
    ****** bpg_edges: 9 
    ****** bpg_nodes: 8 
    ****** bpg_time_records: {8.416175842285156e-05} 
    ****** DO_ASSUMPTION_PHASE: 1 

** filename: EdDSAPoseidonVerifier@eddsaposeidon@circomlib.circom 
** result: CONSTRAINED! 
** time: 3.015014 
    ** contribution counts: 
    ****** bpg_time_records: {1.049041748046875e-05} 

** filename: BabyAdd@babyjub@circomlib.circom 
** result: NOT SURE 
** time: 0.2814 
    ** contribution counts: 
    ****** single_to_double: 4 
    ****** bpg_edges: 141 
    ****** bpg_nodes: 24 
    ****** bpg_time_records: {0.0013499259948730469} 
    ****** DO_ASSUMPTION_PHASE: 1 

** filename: Point2Bits_Strict@pointbits@circomlib.circom 
** result: NOT SURE 
** time: 33.376195 
    ** contribution counts: 
    ****** bpg_edges: 22069 
    ****** bpg_nodes: 10533 
    ****** BPG_constrained_both_solved: 2 
    ****** BPG_binary: 913 
    ****** bpg_time_records: {0.3465268611907959, 0.3599090576171875} 
    ****** DO_ASSUMPTION_PHASE: 1 

** filename: Bits2Num@bitify@circomlib_32.circom 
** result: NOT SURE 
** time: 0.088326 
    ** contribution counts: 
    ****** bpg_time_records: {5.0067901611328125e-06} 
    ****** DO_ASSUMPTION_PHASE: 1 

** filename: Mux4@mux4@circomlib.circom 
** result: NOT SURE 
** time: 2.806218 
    ** contribution counts: 
    ****** bpg_edges: 258 
    ****** bpg_nodes: 147 
    ****** BPG_constrained_both_solved: 26 
    ****** single_to_double: 57 
    ****** bpg_time_records: {0.003926515579223633, 0.0047833919525146484, 0.004795551300048828, 0.004506826400756836} 
    ****** DO_ASSUMPTION_PHASE: 1 

** filename: GreaterThan@comparators@circomlib_32.circom 
** result: NOT SURE 
** time: 15.263408 
    ** contribution counts: 
    ****** bpg_edges: 126 
    ****** bpg_nodes: 155 
    ****** BPG_constrained_both_solved: 3 
    ****** BPG_binary: 33 
    ****** bpg_time_records: {0.0013549327850341797, 0.001444101333618164, 0.0013949871063232422} 
    ****** DO_ASSUMPTION_PHASE: 1 

** filename: Point2Bits@pointbits@circomlib.circom 
** result: UNDER-CONSTRAINED! 
** time: 0.016845 
    ** contribution counts: 
    ****** bpg_time_records: {4.291534423828125e-06} 
    ****** DO_ASSUMPTION_PHASE: 1 
    ****** NO_Assumptions_raw_SMT_UNDER: 256 

** filename: BitElementMulAny@escalarmulany@circomlib.circom 
** result: NOT SURE 
** time: 10.169801 
    ** contribution counts: 
    ****** bpg_edges: 1108 
    ****** bpg_nodes: 89 
    ****** BPG_constrained_both_solved: 7 
    ****** single_to_double: 3 
    ****** bpg_time_records: {0.015737295150756836, 0.012474536895751953} 
    ****** DO_ASSUMPTION_PHASE: 1 

** filename: LessEqThan@comparators@circomlib_32.circom 
** result: NOT SURE 
** time: 15.339462 
    ** contribution counts: 
    ****** bpg_edges: 126 
    ****** bpg_nodes: 156 
    ****** BPG_constrained_both_solved: 3 
    ****** BPG_binary: 33 
    ****** bpg_time_records: {0.0016608238220214844, 0.0014584064483642578, 0.0013928413391113281} 
    ****** DO_ASSUMPTION_PHASE: 1 

** filename: Pedersen@pedersen@circomlib_32.circom 
** result: NOT SURE 
** time: 21.330118 
    ** contribution counts: 
    ****** bpg_edges: 44204 
    ****** bpg_nodes: 2707 
    ****** BPG_constrained_both_solved: 96 
    ****** single_to_double: 8 
    ****** bpg_time_records: {0.8789043426513672, 0.9076182842254639, 0.9066324234008789} 
    ****** DO_ASSUMPTION_PHASE: 1 

** filename: Sha256_2@sha256_2@circomlib.circom 
** result: TIMEOUT 
** time: 30.052597045898438 
    ** contribution counts: 

** filename: AND@gates@circomlib.circom 
** result: NOT SURE 
** time: 0.035016 
    ** contribution counts: 
    ****** single_to_double: 1 
    ****** bpg_edges: 9 
    ****** bpg_nodes: 8 
    ****** bpg_time_records: {8.869171142578125e-05} 
    ****** DO_ASSUMPTION_PHASE: 1 

** filename: Num2BitsNeg@bitify@circomlib_64.circom 
** result: NOT SURE 
** time: 15.251623 
    ** contribution counts: 
    ****** bpg_edges: 145 
    ****** bpg_nodes: 269 
    ****** BPG_constrained_both_solved: 2 
    ****** BPG_binary: 65 
    ****** bpg_time_records: {0.0016036033630371094, 0.0017948150634765625, 0.0016317367553710938} 
    ****** DO_ASSUMPTION_PHASE: 1 
    ****** single_to_double: 1 

** filename: Bits2Num@bitify@circomlib_128.circom 
** result: NOT SURE 
** time: 5.097681 
    ** contribution counts: 
    ****** bpg_time_records: {4.291534423828125e-06} 
    ****** DO_ASSUMPTION_PHASE: 1 

** filename: Num2Bits@bitify@circomlib_64.circom 
** result: NOT SURE 
** time: 10.345045 
    ** contribution counts: 
    ****** bpg_edges: 128 
    ****** bpg_nodes: 256 
    ****** BPG_binary: 64 
    ****** bpg_time_records: {0.0015108585357666016, 0.0013051033020019531} 
    ****** DO_ASSUMPTION_PHASE: 1 

** filename: Num2BitsNeg@bitify@circomlib_32.circom 
** result: NOT SURE 
** time: 15.715317 
    ** contribution counts: 
    ****** bpg_edges: 81 
    ****** bpg_nodes: 141 
    ****** BPG_constrained_both_solved: 2 
    ****** BPG_binary: 33 
    ****** bpg_time_records: {0.001127004623413086, 0.001093149185180664, 0.0010194778442382812} 
    ****** DO_ASSUMPTION_PHASE: 1 
    ****** single_to_double: 1 

** filename: GreaterEqThan@comparators@circomlib_8.circom 
** result: NOT SURE 
** time: 0.287875 
    ** contribution counts: 
    ****** bpg_edges: 78 
    ****** bpg_nodes: 60 
    ****** BPG_constrained_both_solved: 3 
    ****** BPG_binary: 9 
    ****** bpg_time_records: {0.0010190010070800781, 0.001089334487915039, 0.0010657310485839844} 
    ****** DO_ASSUMPTION_PHASE: 1 

** filename: EdDSAMiMCSpongeVerifier@eddsamimcsponge@circomlib.circom 
** result: CONSTRAINED! 
** time: 3.951673 
    ** contribution counts: 
    ****** bpg_time_records: {1.0013580322265625e-05} 

** filename: Pedersen@pedersen@circomlib_8.circom 
** result: NOT SURE 
** time: 19.216172 
    ** contribution counts: 
    ****** bpg_edges: 10178 
    ****** bpg_nodes: 667 
    ****** BPG_constrained_both_solved: 24 
    ****** single_to_double: 2 
    ****** bpg_time_records: {0.22189545631408691, 0.22773241996765137, 0.22800683975219727} 
    ****** DO_ASSUMPTION_PHASE: 1 

** filename: SMTVerifierLevel@smtverifierlevel@circomlib.circom 
** result: NOT SURE 
** time: 23.590555 
    ** contribution counts: 
    ****** single_to_double: 4 
    ****** bpg_edges: 4975 
    ****** bpg_nodes: 2273 
    ****** BPG_constrained_both_solved: 3 
    ****** bpg_time_records: {0.030951976776123047, 0.031152963638305664} 
    ****** DO_ASSUMPTION_PHASE: 1 

** filename: SMTHash1@smthash_mimc@circomlib.circom 
** result: NOT SURE 
** time: 11.824737 
    ** contribution counts: 
    ****** bpg_edges: 4441 
    ****** bpg_nodes: 2222 
    ****** BPG_constrained_both_solved: 4 
    ****** single_to_double: 2 
    ****** bpg_time_records: {0.027844667434692383, 0.028065919876098633} 
    ****** DO_ASSUMPTION_PHASE: 1 

** filename: OR@gates@circomlib.circom 
** result: NOT SURE 
** time: 0.037524 
    ** contribution counts: 
    ****** single_to_double: 1 
    ****** bpg_edges: 44 
    ****** bpg_nodes: 13 
    ****** bpg_time_records: {0.00021409988403320312} 
    ****** DO_ASSUMPTION_PHASE: 1 

** filename: BinSum@binsum@circomlib_32_5.circom 
** result: NOT SURE 
** time: 14.357279 
    ** contribution counts: 
    ****** bpg_edges: 70 
    ****** bpg_nodes: 140 
    ****** BPG_binary: 35 
    ****** bpg_time_records: {0.0006983280181884766, 0.0007300376892089844} 
    ****** DO_ASSUMPTION_PHASE: 1 

** filename: NAND@gates@circomlib.circom 
** result: NOT SURE 
** time: 0.025986 
    ** contribution counts: 
    ****** single_to_double: 1 
    ****** bpg_edges: 9 
    ****** bpg_nodes: 9 
    ****** bpg_time_records: {6.866455078125e-05} 
    ****** DO_ASSUMPTION_PHASE: 1 

** filename: Num2Bits@bitify@circomlib_254.circom 
** result: NOT SURE 
** time: 11.091591 
    ** contribution counts: 
    ****** bpg_edges: 508 
    ****** bpg_nodes: 1016 
    ****** BPG_binary: 254 
    ****** bpg_time_records: {0.005074501037597656, 0.004773378372192383} 
    ****** DO_ASSUMPTION_PHASE: 1 

** filename: Pedersen@pedersen@circomlib_253.circom 
** result: TIMEOUT 
** time: 123.24249410629272 
    ** contribution counts: 
    ****** bpg_edges: 360754 
    ****** bpg_nodes: 21746 
    ****** BPG_constrained_both_solved: 696 
    ****** single_to_double: 63 
    ****** bpg_time_records: {11.893860578536987} 
    ****** DO_ASSUMPTION_PHASE: 1 

** filename: SMTHash1@smthash_poseidon@circomlib.circom 
** result: NOT SURE 
** time: 12.108416 
    ** contribution counts: 
    ****** bpg_edges: 9308 
    ****** bpg_nodes: 2532 
    ****** BPG_constrained_both_solved: 8 
    ****** single_to_double: 2 
    ****** bpg_time_records: {0.08022117614746094, 0.06642627716064453} 
    ****** DO_ASSUMPTION_PHASE: 1 

** filename: Num2BitsNeg@bitify@circomlib_128.circom 
** result: NOT SURE 
** time: 15.491823 
    ** contribution counts: 
    ****** bpg_edges: 273 
    ****** bpg_nodes: 525 
    ****** BPG_constrained_both_solved: 2 
    ****** BPG_binary: 129 
    ****** bpg_time_records: {0.003542661666870117, 0.002992391586303711, 0.0029327869415283203} 
    ****** DO_ASSUMPTION_PHASE: 1 
    ****** single_to_double: 1 

** filename: SMTHash2@smthash_mimc@circomlib.circom 
** result: TIMEOUT 
** time: 32.55630350112915 
    ** contribution counts: 
    ****** bpg_edges: 4441 
    ****** bpg_nodes: 2222 
    ****** BPG_constrained_both_solved: 4 
    ****** single_to_double: 2 
    ****** bpg_time_records: {0.028563976287841797} 
    ****** DO_ASSUMPTION_PHASE: 1 

** filename: Pedersen@pedersen@circomlib_16.circom 
** result: NOT SURE 
** time: 17.927197 
    ** contribution counts: 
    ****** bpg_edges: 21520 
    ****** bpg_nodes: 1347 
    ****** BPG_constrained_both_solved: 48 
    ****** single_to_double: 4 
    ****** bpg_time_records: {0.4286315441131592, 0.4401214122772217, 0.4412565231323242} 
    ****** DO_ASSUMPTION_PHASE: 1 

** filename: Edwards2Montgomery@montgomery@circomlib.circom 
** result: NOT SURE 
** time: 2.032198 
    ** contribution counts: 
    ****** bpg_edges: 11 
    ****** bpg_nodes: 11 
    ****** bpg_time_records: {6.890296936035156e-05} 
    ****** DO_ASSUMPTION_PHASE: 1 

** filename: IsEqual@comparators@circomlib.circom 
** result: NOT SURE 
** time: 0.069646 
    ** contribution counts: 
    ****** bpg_edges: 53 
    ****** bpg_nodes: 19 
    ****** BPG_binary: 1 
    ****** bpg_time_records: {0.0004987716674804688, 0.0005447864532470703} 
    ****** DO_ASSUMPTION_PHASE: 1 

** filename: NOR@gates@circomlib.circom 
** result: NOT SURE 
** time: 0.027335 
    ** contribution counts: 
    ****** single_to_double: 1 
    ****** bpg_edges: 44 
    ****** bpg_nodes: 14 
    ****** bpg_time_records: {0.00013184547424316406} 
    ****** DO_ASSUMPTION_PHASE: 1 

** filename: Pedersen@pedersen_old@circomlib_254.circom 
** result: TIMEOUT 
** time: 79.63915038108826 
    ** contribution counts: 
    ****** bpg_edges: 33372 
    ****** bpg_nodes: 10002 
    ****** BPG_constrained_both_solved: 762 
    ****** single_to_double: 190 
    ****** bpg_time_records: {3.1863553524017334} 
    ****** DO_ASSUMPTION_PHASE: 1 

** filename: MontgomeryAdd@montgomery@circomlib.circom 
** result: UNDER-CONSTRAINED! 
** time: 0.438172 
    ** contribution counts: 
    ****** bpg_edges: 604 
    ****** bpg_nodes: 21 
    ****** bpg_time_records: {0.0016078948974609375} 
    ****** DO_ASSUMPTION_PHASE: 1 
    ****** NO_Assumptions_raw_SMT_UNDER: 3 

** filename: BabyDbl@babyjub@circomlib.circom 
** result: NOT SURE 
** time: 2.163351 
    ** contribution counts: 
    ****** bpg_edges: 177 
    ****** bpg_nodes: 39 
    ****** BPG_constrained_both_solved: 6 
    ****** single_to_double: 5 
    ****** bpg_time_records: {0.0026204586029052734, 0.002790689468383789, 0.0029592514038085938} 
    ****** DO_ASSUMPTION_PHASE: 1 

** filename: Num2Bits@bitify@circomlib_32.circom 
** result: NOT SURE 
** time: 10.19277 
    ** contribution counts: 
    ****** bpg_edges: 64 
    ****** bpg_nodes: 128 
    ****** BPG_binary: 32 
    ****** bpg_time_records: {0.0006415843963623047, 0.0006730556488037109} 
    ****** DO_ASSUMPTION_PHASE: 1 

** filename: SigmaPlus@sigmaplus@circomlib.circom 
** result: NOT SURE 
** time: 21.81025 
    ** contribution counts: 
    ****** bpg_edges: 5763 
    ****** bpg_nodes: 3464 
    ****** BPG_constrained_both_solved: 729 
    ****** single_to_double: 217 
    ****** BPG_binary: 34 
    ****** bpg_time_records: {0.7452738285064697, 1.32948637008667, 1.2935540676116943} 
    ****** DO_ASSUMPTION_PHASE: 1 

** filename: T2@t2@circomlib.circom 
** result: NOT SURE 
** time: 18.428106 
    ** contribution counts: 
    ****** bpg_edges: 3906 
    ****** bpg_nodes: 2404 
    ****** BPG_constrained_both_solved: 480 
    ****** single_to_double: 256 
    ****** BPG_binary: 33 
    ****** bpg_time_records: {0.34970641136169434, 0.48071765899658203, 0.46480679512023926} 
    ****** DO_ASSUMPTION_PHASE: 1 

** filename: Num2Bits_strict@bitify@circomlib.circom 
** result: NOT SURE 
** time: 13.670042 
    ** contribution counts: 
    ****** bpg_edges: 9106 
    ****** bpg_nodes: 4696 
    ****** BPG_constrained_both_solved: 1 
    ****** BPG_binary: 389 
    ****** bpg_time_records: {0.13921213150024414, 0.14272737503051758} 
    ****** DO_ASSUMPTION_PHASE: 1 

** filename: Num2BitsNeg@bitify@circomlib_253.circom 
** result: NOT SURE 
** time: 15.907099 
    ** contribution counts: 
    ****** bpg_edges: 523 
    ****** bpg_nodes: 1025 
    ****** BPG_constrained_both_solved: 2 
    ****** BPG_binary: 254 
    ****** bpg_time_records: {0.005505084991455078, 0.005548238754272461, 0.005362987518310547} 
    ****** DO_ASSUMPTION_PHASE: 1 
    ****** single_to_double: 1 

** filename: ForceEqualIfEnabled@comparators@circomlib.circom 
** result: CONSTRAINED! 
** time: 0.000234 
    ** contribution counts: 
    ****** bpg_time_records: {3.5762786865234375e-06} 

** filename: Pedersen@pedersen_old@circomlib_32.circom 
** result: NOT SURE 
** time: 24.228407 
    ** contribution counts: 
    ****** bpg_edges: 4194 
    ****** bpg_nodes: 1266 
    ****** BPG_constrained_both_solved: 128 
    ****** single_to_double: 32 
    ****** bpg_time_records: {0.0911564826965332, 0.08605003356933594, 0.08435273170471191, 0.08398556709289551} 
    ****** DO_ASSUMPTION_PHASE: 1 

** filename: Num2BitsNeg@bitify@circomlib_8.circom 
** result: NOT SURE 
** time: 0.647239 
    ** contribution counts: 
    ****** bpg_edges: 33 
    ****** bpg_nodes: 45 
    ****** BPG_constrained_both_solved: 2 
    ****** BPG_binary: 9 
    ****** bpg_time_records: {0.0005548000335693359, 0.0006289482116699219, 0.0005970001220703125} 
    ****** DO_ASSUMPTION_PHASE: 1 
    ****** single_to_double: 1 

** filename: MontgomeryDouble@montgomery@circomlib.circom 
** result: NOT SURE 
** time: 7.041407 
    ** contribution counts: 
    ****** single_to_double: 1 
    ****** bpg_edges: 292 
    ****** bpg_nodes: 18 
    ****** bpg_time_records: {0.0007054805755615234} 
    ****** DO_ASSUMPTION_PHASE: 1 

** filename: GreaterThan@comparators@circomlib_8.circom 
** result: NOT SURE 
** time: 0.204936 
    ** contribution counts: 
    ****** bpg_edges: 78 
    ****** bpg_nodes: 59 
    ****** BPG_constrained_both_solved: 3 
    ****** BPG_binary: 9 
    ****** bpg_time_records: {0.0008592605590820312, 0.0008637905120849609, 0.0008809566497802734} 
    ****** DO_ASSUMPTION_PHASE: 1 

** filename: Pedersen@pedersen_old@circomlib_64.circom 
** result: NOT SURE 
** time: 30.203252 
    ** contribution counts: 
    ****** bpg_edges: 8362 
    ****** bpg_nodes: 2514 
    ****** BPG_constrained_both_solved: 256 
    ****** single_to_double: 64 
    ****** bpg_time_records: {0.20394587516784668, 0.24501895904541016, 0.24201488494873047, 0.23894047737121582} 
    ****** DO_ASSUMPTION_PHASE: 1 

** filename: Bits2Num@bitify@circomlib_16.circom 
** result: NOT SURE 
** time: 0.063852 
    ** contribution counts: 
    ****** bpg_time_records: {5.245208740234375e-06} 
    ****** DO_ASSUMPTION_PHASE: 1 

** filename: Num2Bits@bitify@circomlib_253.circom 
** result: NOT SURE 
** time: 11.102541 
    ** contribution counts: 
    ****** bpg_edges: 506 
    ****** bpg_nodes: 1012 
    ****** BPG_binary: 253 
    ****** bpg_time_records: {0.004746675491333008, 0.004717826843261719} 
    ****** DO_ASSUMPTION_PHASE: 1 

** filename: AliasCheck@aliascheck@circomlib.circom 
** result: CONSTRAINED! 
** time: 0.027447 
    ** contribution counts: 
    ****** bpg_time_records: {5.245208740234375e-06} 

** filename: Mux2@mux2@circomlib.circom 
** result: NOT SURE 
** time: 0.243718 
    ** contribution counts: 
    ****** bpg_edges: 93 
    ****** bpg_nodes: 51 
    ****** BPG_constrained_both_solved: 8 
    ****** single_to_double: 9 
    ****** bpg_time_records: {0.0011212825775146484, 0.0012574195861816406, 0.0011904239654541016} 
    ****** DO_ASSUMPTION_PHASE: 1 

** filename: Bits2Num@bitify@circomlib_64.circom 
** result: NOT SURE 
** time: 0.639014 
    ** contribution counts: 
    ****** bpg_time_records: {4.5299530029296875e-06} 
    ****** DO_ASSUMPTION_PHASE: 1 

** filename: Mux3@mux3@circomlib.circom 
** result: NOT SURE 
** time: 0.343904 
    ** contribution counts: 
    ****** bpg_edges: 159 
    ****** bpg_nodes: 84 
    ****** BPG_constrained_both_solved: 14 
    ****** single_to_double: 18 
    ****** bpg_time_records: {0.002127408981323242, 0.0024459362030029297, 0.002196788787841797} 
    ****** DO_ASSUMPTION_PHASE: 1 

** filename: Bits2Num@bitify@circomlib_8.circom 
** result: NOT SURE 
** time: 0.030954 
    ** contribution counts: 
    ****** bpg_time_records: {4.5299530029296875e-06} 
    ****** DO_ASSUMPTION_PHASE: 1 

** filename: Pedersen@pedersen@circomlib_64.circom 
** result: NOT SURE 
** time: 31.673722 
    ** contribution counts: 
    ****** bpg_edges: 89572 
    ****** bpg_nodes: 5427 
    ****** BPG_constrained_both_solved: 192 
    ****** single_to_double: 16 
    ****** bpg_time_records: {1.8621094226837158, 1.9955973625183105, 1.9980487823486328} 
    ****** DO_ASSUMPTION_PHASE: 1 

** filename: Pedersen@pedersen_old@circomlib_128.circom 
** result: TIMEOUT 
** time: 38.85745596885681 
    ** contribution counts: 
    ****** bpg_edges: 16698 
    ****** bpg_nodes: 5010 
    ****** BPG_constrained_both_solved: 480 
    ****** single_to_double: 128 
    ****** bpg_time_records: {0.7612771987915039, 0.8468890190124512} 
    ****** DO_ASSUMPTION_PHASE: 1 

** filename: Montgomery2Edwards@montgomery@circomlib.circom 
** result: NOT SURE 
** time: 2.031994 
    ** contribution counts: 
    ****** bpg_edges: 11 
    ****** bpg_nodes: 11 
    ****** bpg_time_records: {7.915496826171875e-05} 
    ****** DO_ASSUMPTION_PHASE: 1 

** filename: Multiplexor2@escalarmulany@circomlib.circom 
** result: NOT SURE 
** time: 0.043157 
    ** contribution counts: 
    ****** single_to_double: 4 
    ****** bpg_edges: 122 
    ****** bpg_nodes: 23 
    ****** bpg_time_records: {0.0005407333374023438} 
    ****** DO_ASSUMPTION_PHASE: 1 

** filename: Num2BitsNeg@bitify@circomlib_1.circom 
** result: CONSTRAINED! 
** time: 0.031475 
    ** contribution counts: 
    ****** bpg_edges: 55 
    ****** bpg_nodes: 18 
    ****** BPG_constrained_both_solved: 3 
    ****** BPG_binary: 2 
    ****** bpg_time_records: {0.0006511211395263672, 0.0007476806640625} 
    ****** DO_ASSUMPTION_PHASE: 1 
    ****** single_to_double: 2 

** filename: Bits2Num_strict@bitify@circomlib.circom 
** result: NOT SURE 
** time: 24.050832 
    ** contribution counts: 
    ****** bpg_edges: 8598 
    ****** bpg_nodes: 4188 
    ****** BPG_constrained_both_solved: 783 
    ****** single_to_double: 127 
    ****** BPG_binary: 135 
    ****** bpg_time_records: {1.2776710987091064, 1.881291151046753, 1.844452142715454} 
    ****** DO_ASSUMPTION_PHASE: 1 

** filename: EdDSAMiMCVerifier@eddsamimc@circomlib.circom 
** result: CONSTRAINED! 
** time: 3.121405 
    ** contribution counts: 
    ****** bpg_time_records: {9.298324584960938e-06} 

** filename: Mux1@mux1@circomlib.circom 
** result: NOT SURE 
** time: 0.084262 
    ** contribution counts: 
    ****** bpg_edges: 85 
    ****** bpg_nodes: 26 
    ****** BPG_constrained_both_solved: 3 
    ****** single_to_double: 2 
    ****** bpg_time_records: {0.0013091564178466797, 0.0013909339904785156} 
    ****** DO_ASSUMPTION_PHASE: 1 

** filename: Sign@sign@circomlib.circom 
** result: NOT SURE 
** time: 17.869854 
    ** contribution counts: 
    ****** bpg_edges: 5380 
    ****** bpg_nodes: 2665 
    ****** BPG_constrained_both_solved: 280 
    ****** single_to_double: 127 
    ****** BPG_binary: 135 
    ****** bpg_time_records: {0.24321460723876953, 0.43962645530700684, 0.42714977264404297} 
    ****** DO_ASSUMPTION_PHASE: 1 

** filename: Bits2Num@bitify@circomlib_1.circom 
** result: CONSTRAINED! 
** time: 0.00035 
    ** contribution counts: 
    ****** bpg_edges: 6 
    ****** bpg_nodes: 6 
    ****** BPG_constrained_both_solved: 1 
    ****** bpg_time_records: {0.00010776519775390625} 

** filename: Switcher@switcher@circomlib.circom 
** result: NOT SURE 
** time: 0.043653 
    ** contribution counts: 
    ****** single_to_double: 2 
    ****** bpg_edges: 90 
    ****** bpg_nodes: 18 
    ****** bpg_time_records: {0.00022459030151367188} 
    ****** DO_ASSUMPTION_PHASE: 1 

** filename: SMTProcessorLevel@smtprocessorlevel@circomlib.circom 
** result: NOT SURE 
** time: 21.758034 
    ** contribution counts: 
    ****** single_to_double: 11 
    ****** bpg_edges: 9625 
    ****** bpg_nodes: 4531 
    ****** BPG_constrained_both_solved: 5 
    ****** bpg_time_records: {0.05814003944396973, 0.062148094177246094, 0.06163358688354492} 
    ****** DO_ASSUMPTION_PHASE: 1 

** filename: WindowMulFix@escalarmulfix@circomlib.circom 
** result: NOT SURE 
** time: 15.707121 
    ** contribution counts: 
    ****** bpg_edges: 4375 
    ****** bpg_nodes: 256 
    ****** BPG_constrained_both_solved: 22 
    ****** single_to_double: 8 
    ****** bpg_time_records: {0.09561753273010254, 0.10791134834289551, 0.10892581939697266} 
    ****** DO_ASSUMPTION_PHASE: 1 

** filename: Window4@pedersen@circomlib.circom 
** result: NOT SURE 
** time: 15.709618 
    ** contribution counts: 
    ****** bpg_edges: 4375 
    ****** bpg_nodes: 257 
    ****** BPG_constrained_both_solved: 22 
    ****** single_to_double: 8 
    ****** bpg_time_records: {0.09490585327148438, 0.10744643211364746, 0.11112236976623535} 
    ****** DO_ASSUMPTION_PHASE: 1 

** filename: Bits2Num@bitify@circomlib_253.circom 
** result: NOT SURE 
** time: 5.19308 
    ** contribution counts: 
    ****** bpg_time_records: {6.9141387939453125e-06} 
    ****** DO_ASSUMPTION_PHASE: 1 

** filename: Num2Bits@bitify@circomlib_16.circom 
** result: NOT SURE 
** time: 10.154881 
    ** contribution counts: 
    ****** bpg_edges: 32 
    ****** bpg_nodes: 64 
    ****** BPG_binary: 16 
    ****** bpg_time_records: {0.0003991127014160156, 0.00037217140197753906} 
    ****** DO_ASSUMPTION_PHASE: 1 

** filename: Pedersen@pedersen_old@circomlib_1.circom 
** result: NOT SURE 
** time: 10.517881 
    ** contribution counts: 
    ****** bpg_edges: 514 
    ****** bpg_nodes: 156 
    ****** BPG_constrained_both_solved: 3 
    ****** bpg_time_records: {0.006224155426025391, 0.004903316497802734} 
    ****** DO_ASSUMPTION_PHASE: 1 

** filename: Pedersen@pedersen@circomlib_1.circom 
** result: NOT SURE 
** time: 10.695626 
    ** contribution counts: 
    ****** bpg_edges: 4492 
    ****** bpg_nodes: 318 
    ****** BPG_constrained_both_solved: 3 
    ****** bpg_time_records: {0.16880321502685547, 0.1202239990234375} 
    ****** DO_ASSUMPTION_PHASE: 1 

** filename: Sigma@poseidon_old@circomlib.circom 
** result: NOT SURE 
** time: 0.026934 
    ** contribution counts: 
    ****** single_to_double: 1 
    ****** bpg_edges: 9 
    ****** bpg_nodes: 8 
    ****** bpg_time_records: {6.556510925292969e-05} 
    ****** DO_ASSUMPTION_PHASE: 1 

** filename: LessEqThan@comparators@circomlib_8.circom 
** result: NOT SURE 
** time: 0.230538 
    ** contribution counts: 
    ****** bpg_edges: 78 
    ****** bpg_nodes: 60 
    ****** BPG_constrained_both_solved: 3 
    ****** BPG_binary: 9 
    ****** bpg_time_records: {0.0008349418640136719, 0.0008473396301269531, 0.0008475780487060547} 
    ****** DO_ASSUMPTION_PHASE: 1 

** filename: SMTVerifierSM@smtverifiersm@circomlib.circom 
** result: NOT SURE 
** time: 0.05459 
    ** contribution counts: 
    ****** single_to_double: 1 
    ****** bpg_edges: 107 
    ****** bpg_nodes: 31 
    ****** bpg_time_records: {0.0005645751953125} 
    ****** DO_ASSUMPTION_PHASE: 1 

** filename: BinSub@binsub@circomlib_16.circom 
** result: NOT SURE 
** time: 10.14683 
    ** contribution counts: 
    ****** bpg_edges: 34 
    ****** bpg_nodes: 68 
    ****** BPG_binary: 17 
    ****** bpg_time_records: {0.00035190582275390625, 0.0003769397735595703} 
    ****** DO_ASSUMPTION_PHASE: 1 

** filename: SMTHash2@smthash_poseidon@circomlib.circom 
** result: NOT SURE 
** time: 12.052403 
    ** contribution counts: 
    ****** bpg_edges: 29548 
    ****** bpg_nodes: 2055 
    ****** single_to_double: 2 
    ****** BPG_constrained_both_solved: 8 
    ****** bpg_time_records: {0.18537259101867676, 0.19237184524536133} 
    ****** DO_ASSUMPTION_PHASE: 1 

** filename: BinSum@binsum@circomlib_32_2.circom 
** result: NOT SURE 
** time: 10.292964 
    ** contribution counts: 
    ****** bpg_edges: 66 
    ****** bpg_nodes: 132 
    ****** BPG_binary: 33 
    ****** bpg_time_records: {0.0006830692291259766, 0.0007052421569824219} 
    ****** DO_ASSUMPTION_PHASE: 1 

** filename: XOR@gates@circomlib.circom 
** result: NOT SURE 
** time: 0.026179 
    ** contribution counts: 
    ****** single_to_double: 1 
    ****** bpg_edges: 36 
    ****** bpg_nodes: 9 
    ****** bpg_time_records: {0.00012302398681640625} 
    ****** DO_ASSUMPTION_PHASE: 1 

** filename: Pedersen@pedersen_old@circomlib_253.circom 
** result: TIMEOUT 
** time: 81.4519395828247 
    ** contribution counts: 
    ****** bpg_edges: 33361 
    ****** bpg_nodes: 9996 
    ****** BPG_constrained_both_solved: 759 
    ****** single_to_double: 190 
    ****** bpg_time_records: {3.188234329223633} 
    ****** DO_ASSUMPTION_PHASE: 1 

** filename: Bits2Point@pointbits@circomlib.circom 
** result: UNDER-CONSTRAINED! 
** time: 0.031363 
    ** contribution counts: 
    ****** bpg_time_records: {5.245208740234375e-06} 
    ****** DO_ASSUMPTION_PHASE: 1 
    ****** NO_Assumptions_raw_SMT_UNDER: 2 

** filename: Bits2Num@bitify@circomlib_254.circom 
** result: NOT SURE 
** time: 5.161055 
    ** contribution counts: 
    ****** bpg_time_records: {5.0067901611328125e-06} 
    ****** DO_ASSUMPTION_PHASE: 1 

** filename: Pedersen@pedersen@circomlib_128.circom 
** result: TIMEOUT 
** time: 34.34405827522278 
    ** contribution counts: 
    ****** bpg_edges: 180308 
    ****** bpg_nodes: 10867 
    ****** BPG_constrained_both_solved: 352 
    ****** single_to_double: 32 
    ****** bpg_time_records: {4.220952272415161} 
    ****** DO_ASSUMPTION_PHASE: 1 

** filename: Sha256compression@sha256compression@circomlib.circom 
** result: TIMEOUT 
** time: 30.06938076019287 
    ** contribution counts: 

** filename: Num2BitsNeg@bitify@circomlib_254.circom 
** result: NOT SURE 
** time: 15.975742 
    ** contribution counts: 
    ****** bpg_edges: 525 
    ****** bpg_nodes: 1029 
    ****** BPG_constrained_both_solved: 2 
    ****** BPG_binary: 255 
    ****** bpg_time_records: {0.0067288875579833984, 0.005608081817626953, 0.005410909652709961} 
    ****** DO_ASSUMPTION_PHASE: 1 
    ****** single_to_double: 1 

** filename: GreaterThan@comparators@circomlib_16.circom 
** result: NOT SURE 
** time: 15.194016 
    ** contribution counts: 
    ****** bpg_edges: 94 
    ****** bpg_nodes: 91 
    ****** BPG_constrained_both_solved: 3 
    ****** BPG_binary: 17 
    ****** bpg_time_records: {0.0012145042419433594, 0.0013375282287597656, 0.001071929931640625} 
    ****** DO_ASSUMPTION_PHASE: 1 

** filename: NOT@gates@circomlib.circom 
** result: CONSTRAINED! 
** time: 0.000459 
    ** contribution counts: 
    ****** bpg_edges: 6 
    ****** bpg_nodes: 8 
    ****** BPG_constrained_both_solved: 1 
    ****** bpg_time_records: {0.00012302398681640625} 

** filename: Pedersen@pedersen@circomlib_254.circom 
** result: TIMEOUT 
** time: 125.02758169174194 
    ** contribution counts: 
    ****** bpg_edges: 360759 
    ****** bpg_nodes: 21749 
    ****** BPG_constrained_both_solved: 699 
    ****** single_to_double: 64 
    ****** bpg_time_records: {12.563454627990723} 
    ****** DO_ASSUMPTION_PHASE: 1 

** filename: Num2Bits@bitify@circomlib_8.circom 
** result: NOT SURE 
** time: 0.279942 
    ** contribution counts: 
    ****** bpg_edges: 16 
    ****** bpg_nodes: 32 
    ****** BPG_binary: 8 
    ****** bpg_time_records: {0.000217437744140625, 0.00023674964904785156} 
    ****** DO_ASSUMPTION_PHASE: 1 

** filename: Pedersen@pedersen_old@circomlib_16.circom 
** result: NOT SURE 
** time: 25.82846 
    ** contribution counts: 
    ****** bpg_edges: 2110 
    ****** bpg_nodes: 642 
    ****** BPG_constrained_both_solved: 64 
    ****** single_to_double: 16 
    ****** bpg_time_records: {0.035646677017211914, 0.03276824951171875, 0.03214883804321289, 0.03173708915710449} 
    ****** DO_ASSUMPTION_PHASE: 1 

** filename: Num2Bits@bitify@circomlib_256.circom 
** result: NOT SURE 
** time: 11.245582 
    ** contribution counts: 
    ****** bpg_edges: 512 
    ****** bpg_nodes: 1024 
    ****** BPG_binary: 256 
    ****** bpg_time_records: {0.006324291229248047, 0.004804134368896484} 
    ****** DO_ASSUMPTION_PHASE: 1 

** filename: IsZero@comparators@circomlib.circom 
** result: CONSTRAINED! 
** time: 0.000643 
    ** contribution counts: 
    ****** bpg_edges: 11 
    ****** bpg_nodes: 10 
    ****** single_to_double: 1 
    ****** BPG_constrained_both_solved: 1 
    ****** BPG_binary: 1 
    ****** bpg_time_records: {0.0002110004425048828} 

** filename: Pedersen@pedersen_old@circomlib_256.circom 
** result: TIMEOUT 
** time: 83.64260506629944 
    ** contribution counts: 
    ****** bpg_edges: 33871 
    ****** bpg_nodes: 10146 
    ****** BPG_constrained_both_solved: 768 
    ****** single_to_double: 191 
    ****** bpg_time_records: {3.229020833969116} 
    ****** DO_ASSUMPTION_PHASE: 1 

** filename: LessEqThan@comparators@circomlib_16.circom 
** result: NOT SURE 
** time: 11.139764 
    ** contribution counts: 
    ****** bpg_edges: 94 
    ****** bpg_nodes: 92 
    ****** BPG_constrained_both_solved: 3 
    ****** BPG_binary: 17 
    ****** bpg_time_records: {0.0011856555938720703, 0.001074075698852539, 0.0010724067687988281} 
    ****** DO_ASSUMPTION_PHASE: 1 

** filename: SMTProcessorSM@smtprocessorsm@circomlib.circom 
** result: NOT SURE 
** time: 0.133254 
    ** contribution counts: 
    ****** single_to_double: 2 
    ****** bpg_edges: 153 
    ****** bpg_nodes: 35 
    ****** bpg_time_records: {0.0011677742004394531} 
    ****** DO_ASSUMPTION_PHASE: 1 

** filename: Bits2Point_Strict@pointbits@circomlib.circom 
** result: TIMEOUT 
** time: 33.835439920425415 
    ** contribution counts: 
    ****** bpg_edges: 21573 
    ****** bpg_nodes: 10031 
    ****** BPG_constrained_both_solved: 785 
    ****** single_to_double: 128 
    ****** BPG_binary: 659 
    ****** bpg_time_records: {2.9267563819885254, 4.053504228591919} 
    ****** DO_ASSUMPTION_PHASE: 1 

** filename: Num2Bits@bitify@circomlib_128.circom 
** result: NOT SURE 
** time: 10.528666 
    ** contribution counts: 
    ****** bpg_edges: 256 
    ****** bpg_nodes: 512 
    ****** BPG_binary: 128 
    ****** bpg_time_records: {0.002496957778930664, 0.0024394989013671875} 
    ****** DO_ASSUMPTION_PHASE: 1 

** filename: Pedersen@pedersen_old@circomlib_8.circom 
** result: NOT SURE 
** time: 21.148992 
    ** contribution counts: 
    ****** bpg_edges: 1068 
    ****** bpg_nodes: 330 
    ****** BPG_constrained_both_solved: 32 
    ****** single_to_double: 8 
    ****** bpg_time_records: {0.013043880462646484, 0.01374053955078125, 0.013763666152954102, 0.013735294342041016} 
    ****** DO_ASSUMPTION_PHASE: 1 

** filename: Pedersen@pedersen@circomlib_256.circom 
** result: TIMEOUT 
** time: 123.68622922897339 
    ** contribution counts: 
    ****** bpg_edges: 360769 
    ****** bpg_nodes: 21755 
    ****** BPG_constrained_both_solved: 704 
    ****** single_to_double: 64 
    ****** bpg_time_records: {12.684836626052856} 
    ****** DO_ASSUMPTION_PHASE: 1 

** filename: GreaterThan@comparators.circom 
** result: NOT SURE 
** time: 0.179288 
    ** contribution counts: 
    ****** bpg_edges: 354 
    ****** bpg_nodes: 37 
    ****** BPG_constrained_both_solved: 3 
    ****** BPG_binary: 3 
    ****** bpg_time_records: {0.004508018493652344, 0.004710674285888672, 0.0049016475677490234} 
    ****** DO_ASSUMPTION_PHASE: 1 

** filename: Segment@pedersen.circom 
** result: NOT SURE 
** time: 18.467743 
    ** contribution counts: 
    ****** bpg_edges: 10116 
    ****** bpg_nodes: 637 
    ****** BPG_constrained_both_solved: 18 
    ****** single_to_double: 2 
    ****** bpg_time_records: {0.21896815299987793, 0.22575974464416504, 0.22565197944641113} 
    ****** DO_ASSUMPTION_PHASE: 1 

** filename: BabyCheck@babyjub.circom 
** result: CONSTRAINED! 
** time: 0.000306 
    ** contribution counts: 
    ****** single_to_double: 2 
    ****** bpg_time_records: {4.76837158203125e-06} 

** filename: Poseidon@poseidon.circom 
** result: NOT SURE 
** time: 12.081655 
    ** contribution counts: 
    ****** bpg_edges: 29530 
    ****** bpg_nodes: 2046 
    ****** single_to_double: 2 
    ****** BPG_constrained_both_solved: 6 
    ****** bpg_time_records: {0.1868603229522705, 0.19250249862670898} 
    ****** DO_ASSUMPTION_PHASE: 1 

** filename: Pedersen@pedersen_old.circom 
** result: TIMEOUT 
** time: 30.353033542633057 
    ** contribution counts: 
    ****** bpg_edges: 525 
    ****** bpg_nodes: 162 
    ****** BPG_constrained_both_solved: 7 
    ****** single_to_double: 1 
    ****** bpg_time_records: {0.005549430847167969, 0.005437135696411133} 
    ****** DO_ASSUMPTION_PHASE: 1 

** filename: Num2BitsNeg@bitify.circom 
** result: NOT SURE 
** time: 0.097598 
    ** contribution counts: 
    ****** bpg_edges: 309 
    ****** bpg_nodes: 23 
    ****** BPG_constrained_both_solved: 2 
    ****** BPG_binary: 3 
    ****** bpg_time_records: {0.003269195556640625, 0.0035240650177001953, 0.00368499755859375} 
    ****** DO_ASSUMPTION_PHASE: 1 
    ****** single_to_double: 1 

** filename: SegmentMulAny@escalarmulany.circom 
** result: NOT SURE 
** time: 10.193067 
    ** contribution counts: 
    ****** bpg_edges: 1525 
    ****** bpg_nodes: 189 
    ****** BPG_constrained_both_solved: 7 
    ****** bpg_time_records: {0.02548980712890625, 0.024892568588256836} 
    ****** DO_ASSUMPTION_PHASE: 1 

** filename: MiMCFeistel@mimcsponge.circom 
** result: NOT SURE 
** time: 0.096528 
    ** contribution counts: 
    ****** single_to_double: 3 
    ****** bpg_edges: 472 
    ****** bpg_nodes: 27 
    ****** BPG_constrained_both_solved: 1 
    ****** bpg_time_records: {0.002659320831298828, 0.0026655197143554688} 
    ****** DO_ASSUMPTION_PHASE: 1 

** filename: BabyAdd@babyjub.circom 
** result: NOT SURE 
** time: 0.227406 
    ** contribution counts: 
    ****** single_to_double: 4 
    ****** bpg_edges: 141 
    ****** bpg_nodes: 24 
    ****** bpg_time_records: {0.0011014938354492188} 
    ****** DO_ASSUMPTION_PHASE: 1 

** filename: MultiAND@gates.circom 
** result: CONSTRAINED! 
** time: 0.043151 
    ** contribution counts: 
    ****** bpg_edges: 27 
    ****** bpg_nodes: 18 
    ****** BPG_constrained_both_solved: 4 
    ****** single_to_double: 1 
    ****** bpg_time_records: {0.0005221366882324219, 0.0006203651428222656} 
    ****** DO_ASSUMPTION_PHASE: 1 

** filename: BabyPbk@babyjub.circom 
** result: TIMEOUT 
** time: 218.94073176383972 
    ** contribution counts: 
    ****** bpg_edges: 486085 
    ****** bpg_nodes: 28381 
    ****** BPG_constrained_both_solved: 1 
    ****** BPG_binary: 253 
    ****** bpg_time_records: {10.954536199569702} 
    ****** DO_ASSUMPTION_PHASE: 1 

** filename: Multiplexer@multiplexer.circom 
** result: NOT SURE 
** time: 0.309773 
    ** contribution counts: 
    ****** bpg_edges: 217 
    ****** bpg_nodes: 79 
    ****** BPG_constrained_both_solved: 5 
    ****** BPG_binary: 1 
    ****** bpg_time_records: {0.0033397674560546875, 0.00365447998046875} 
    ****** DO_ASSUMPTION_PHASE: 1 

** filename: Bits2Num_strict@bitify.circom 
** result: NOT SURE 
** time: 24.052632 
    ** contribution counts: 
    ****** bpg_edges: 8598 
    ****** bpg_nodes: 4188 
    ****** BPG_constrained_both_solved: 783 
    ****** single_to_double: 127 
    ****** BPG_binary: 135 
    ****** bpg_time_records: {1.2824640274047852, 1.8705055713653564, 1.8550665378570557} 
    ****** DO_ASSUMPTION_PHASE: 1 

** filename: Point2Bits_Strict@pointbits.circom 
** result: NOT SURE 
** time: 33.760495 
    ** contribution counts: 
    ****** bpg_edges: 22069 
    ****** bpg_nodes: 10533 
    ****** BPG_constrained_both_solved: 2 
    ****** BPG_binary: 913 
    ****** bpg_time_records: {0.3401319980621338, 0.35340166091918945} 
    ****** DO_ASSUMPTION_PHASE: 1 

** filename: BinSum@binsum.circom 
** result: NOT SURE 
** time: 0.066213 
    ** contribution counts: 
    ****** bpg_edges: 6 
    ****** bpg_nodes: 12 
    ****** BPG_binary: 3 
    ****** bpg_time_records: {7.796287536621094e-05, 8.296966552734375e-05} 
    ****** DO_ASSUMPTION_PHASE: 1 

** filename: Bits2Point_Strict@pointbits.circom 
** result: TIMEOUT 
** time: 33.96004629135132 
    ** contribution counts: 
    ****** bpg_edges: 21573 
    ****** bpg_nodes: 10031 
    ****** BPG_constrained_both_solved: 785 
    ****** single_to_double: 128 
    ****** BPG_binary: 659 
    ****** bpg_time_records: {2.9324958324432373, 4.105485200881958} 
    ****** DO_ASSUMPTION_PHASE: 1 

** filename: MultiMux4@mux4.circom 
** result: NOT SURE 
** time: 15.05195 
    ** contribution counts: 
    ****** single_to_double: 29 
    ****** bpg_edges: 228 
    ****** bpg_nodes: 72 
    ****** BPG_constrained_both_solved: 4 
    ****** bpg_time_records: {0.0010716915130615234, 0.001489877700805664, 0.0014240741729736328} 
    ****** DO_ASSUMPTION_PHASE: 1 

** filename: EdDSAMiMCSpongeVerifier@eddsamimcsponge.circom 
** result: CONSTRAINED! 
** time: 3.875084 
    ** contribution counts: 
    ****** bpg_time_records: {8.821487426757812e-06} 

** filename: OR@gates.circom 
** result: NOT SURE 
** time: 0.03746 
    ** contribution counts: 
    ****** single_to_double: 1 
    ****** bpg_edges: 44 
    ****** bpg_nodes: 13 
    ****** bpg_time_records: {0.00022482872009277344} 
    ****** DO_ASSUMPTION_PHASE: 1 

** filename: Mux2@mux2.circom 
** result: NOT SURE 
** time: 0.244236 
    ** contribution counts: 
    ****** bpg_edges: 93 
    ****** bpg_nodes: 51 
    ****** BPG_constrained_both_solved: 8 
    ****** single_to_double: 9 
    ****** bpg_time_records: {0.001102447509765625, 0.0012350082397460938, 0.0011897087097167969} 
    ****** DO_ASSUMPTION_PHASE: 1 

** filename: Switcher@switcher.circom 
** result: NOT SURE 
** time: 0.032658 
    ** contribution counts: 
    ****** single_to_double: 2 
    ****** bpg_edges: 90 
    ****** bpg_nodes: 18 
    ****** bpg_time_records: {0.0001900196075439453} 
    ****** DO_ASSUMPTION_PHASE: 1 

** filename: BabyDbl@babyjub.circom 
** result: NOT SURE 
** time: 2.364145 
    ** contribution counts: 
    ****** bpg_edges: 177 
    ****** bpg_nodes: 39 
    ****** BPG_constrained_both_solved: 6 
    ****** single_to_double: 5 
    ****** bpg_time_records: {0.003230571746826172, 0.003511190414428711, 0.0030143260955810547} 
    ****** DO_ASSUMPTION_PHASE: 1 

** filename: XOR@gates.circom 
** result: NOT SURE 
** time: 0.026808 
    ** contribution counts: 
    ****** single_to_double: 1 
    ****** bpg_edges: 36 
    ****** bpg_nodes: 9 
    ****** bpg_time_records: {0.00012230873107910156} 
    ****** DO_ASSUMPTION_PHASE: 1 

** filename: EscalarProduct@multiplexer.circom 
** result: NOT SURE 
** time: 0.029663 
    ** contribution counts: 
    ****** single_to_double: 2 
    ****** bpg_edges: 54 
    ****** bpg_nodes: 21 
    ****** bpg_time_records: {0.00023746490478515625} 
    ****** DO_ASSUMPTION_PHASE: 1 

** filename: IsEqual@comparators.circom 
** result: NOT SURE 
** time: 0.05271 
    ** contribution counts: 
    ****** bpg_edges: 53 
    ****** bpg_nodes: 19 
    ****** BPG_binary: 1 
    ****** bpg_time_records: {0.00040435791015625, 0.00045561790466308594} 
    ****** DO_ASSUMPTION_PHASE: 1 

** filename: IsZero@comparators.circom 
** result: CONSTRAINED! 
** time: 0.000541 
    ** contribution counts: 
    ****** bpg_edges: 11 
    ****** bpg_nodes: 10 
    ****** single_to_double: 1 
    ****** BPG_constrained_both_solved: 1 
    ****** BPG_binary: 1 
    ****** bpg_time_records: {0.0001761913299560547} 

** filename: MontgomeryDouble@montgomery.circom 
** result: NOT SURE 
** time: 7.067225 
    ** contribution counts: 
    ****** single_to_double: 1 
    ****** bpg_edges: 292 
    ****** bpg_nodes: 18 
    ****** bpg_time_records: {0.0008656978607177734} 
    ****** DO_ASSUMPTION_PHASE: 1 

** filename: Mux4@mux4.circom 
** result: NOT SURE 
** time: 2.810414 
    ** contribution counts: 
    ****** bpg_edges: 258 
    ****** bpg_nodes: 147 
    ****** BPG_constrained_both_solved: 26 
    ****** single_to_double: 57 
    ****** bpg_time_records: {0.003916740417480469, 0.004775285720825195, 0.00467228889465332, 0.004484415054321289} 
    ****** DO_ASSUMPTION_PHASE: 1 

** filename: EscalarMulAny@escalarmulany.circom 
** result: NOT SURE 
** time: 15.312606 
    ** contribution counts: 
    ****** bpg_edges: 1686 
    ****** bpg_nodes: 220 
    ****** BPG_constrained_both_solved: 10 
    ****** BPG_binary: 1 
    ****** bpg_time_records: {0.027898311614990234, 0.027208328247070312, 0.027763843536376953} 
    ****** DO_ASSUMPTION_PHASE: 1 
    ****** single_to_double: 3 

** filename: MultiMux3@mux3.circom 
** result: NOT SURE 
** time: 0.780765 
    ** contribution counts: 
    ****** single_to_double: 19 
    ****** bpg_edges: 165 
    ****** bpg_nodes: 52 
    ****** BPG_constrained_both_solved: 4 
    ****** bpg_time_records: {0.0007531642913818359, 0.0010709762573242188, 0.0009944438934326172} 
    ****** DO_ASSUMPTION_PHASE: 1 

** filename: Montgomery2Edwards@montgomery.circom 
** result: NOT SURE 
** time: 2.033391 
    ** contribution counts: 
    ****** bpg_edges: 11 
    ****** bpg_nodes: 11 
    ****** bpg_time_records: {7.2479248046875e-05} 
    ****** DO_ASSUMPTION_PHASE: 1 

** filename: NOR@gates.circom 
** result: NOT SURE 
** time: 0.027371 
    ** contribution counts: 
    ****** single_to_double: 1 
    ****** bpg_edges: 44 
    ****** bpg_nodes: 14 
    ****** bpg_time_records: {0.00012993812561035156} 
    ****** DO_ASSUMPTION_PHASE: 1 

** filename: BitElementMulAny@escalarmulany.circom 
** result: NOT SURE 
** time: 10.148375 
    ** contribution counts: 
    ****** bpg_edges: 1108 
    ****** bpg_nodes: 89 
    ****** BPG_constrained_both_solved: 7 
    ****** single_to_double: 3 
    ****** bpg_time_records: {0.013003349304199219, 0.012904167175292969} 
    ****** DO_ASSUMPTION_PHASE: 1 

** filename: MiMCSponge@mimcsponge.circom 
** result: NOT SURE 
** time: 0.592666 
    ** contribution counts: 
    ****** bpg_edges: 1507 
    ****** bpg_nodes: 96 
    ****** single_to_double: 5 
    ****** BPG_constrained_both_solved: 5 
    ****** bpg_time_records: {0.015703678131103516, 0.01614665985107422} 
    ****** DO_ASSUMPTION_PHASE: 1 

** filename: GreaterEqThan@comparators.circom 
** result: NOT SURE 
** time: 0.169708 
    ** contribution counts: 
    ****** bpg_edges: 354 
    ****** bpg_nodes: 38 
    ****** BPG_constrained_both_solved: 3 
    ****** BPG_binary: 3 
    ****** bpg_time_records: {0.0035812854766845703, 0.0038399696350097656, 0.003907203674316406} 
    ****** DO_ASSUMPTION_PHASE: 1 

** filename: Sign@sign.circom 
** result: NOT SURE 
** time: 18.08996 
    ** contribution counts: 
    ****** bpg_edges: 5380 
    ****** bpg_nodes: 2665 
    ****** BPG_constrained_both_solved: 280 
    ****** single_to_double: 127 
    ****** BPG_binary: 135 
    ****** bpg_time_records: {0.2969691753387451, 0.45501255989074707, 0.4281904697418213} 
    ****** DO_ASSUMPTION_PHASE: 1 

** filename: Mux3@mux3.circom 
** result: NOT SURE 
** time: 0.429299 
    ** contribution counts: 
    ****** bpg_edges: 159 
    ****** bpg_nodes: 84 
    ****** BPG_constrained_both_solved: 14 
    ****** single_to_double: 18 
    ****** bpg_time_records: {0.0025064945220947266, 0.0029439926147460938, 0.0027475357055664062} 
    ****** DO_ASSUMPTION_PHASE: 1 

** filename: AND@gates.circom 
** result: NOT SURE 
** time: 0.034544 
    ** contribution counts: 
    ****** single_to_double: 1 
    ****** bpg_edges: 9 
    ****** bpg_nodes: 8 
    ****** bpg_time_records: {9.202957153320312e-05} 
    ****** DO_ASSUMPTION_PHASE: 1 

** filename: NAND@gates.circom 
** result: NOT SURE 
** time: 0.035397 
    ** contribution counts: 
    ****** single_to_double: 1 
    ****** bpg_edges: 9 
    ****** bpg_nodes: 9 
    ****** bpg_time_records: {8.630752563476562e-05} 
    ****** DO_ASSUMPTION_PHASE: 1 

** filename: ForceEqualIfEnabled@comparators.circom 
** result: CONSTRAINED! 
** time: 0.000324 
    ** contribution counts: 
    ****** bpg_time_records: {5.0067901611328125e-06} 

** filename: MultiMux1@mux1.circom 
** result: NOT SURE 
** time: 0.035139 
    ** contribution counts: 
    ****** single_to_double: 4 
    ****** bpg_edges: 122 
    ****** bpg_nodes: 23 
    ****** bpg_time_records: {0.00044083595275878906} 
    ****** DO_ASSUMPTION_PHASE: 1 

** filename: EdDSAVerifier@eddsa.circom 
** result: CONSTRAINED! 
** time: 12.426497 
    ** contribution counts: 
    ****** bpg_time_records: {1.2636184692382812e-05} 

** filename: WindowMulFix@escalarmulfix.circom 
** result: NOT SURE 
** time: 15.789949 
    ** contribution counts: 
    ****** bpg_edges: 4375 
    ****** bpg_nodes: 256 
    ****** BPG_constrained_both_solved: 22 
    ****** single_to_double: 8 
    ****** bpg_time_records: {0.13003802299499512, 0.10647296905517578, 0.10673284530639648} 
    ****** DO_ASSUMPTION_PHASE: 1 

** filename: Multiplexor2@escalarmulany.circom 
** result: NOT SURE 
** time: 0.043037 
    ** contribution counts: 
    ****** single_to_double: 4 
    ****** bpg_edges: 122 
    ****** bpg_nodes: 23 
    ****** bpg_time_records: {0.0005354881286621094} 
    ****** DO_ASSUMPTION_PHASE: 1 

** filename: AliasCheck@aliascheck.circom 
** result: CONSTRAINED! 
** time: 0.033913 
    ** contribution counts: 
    ****** bpg_time_records: {5.9604644775390625e-06} 

** filename: NOT@gates.circom 
** result: CONSTRAINED! 
** time: 0.000467 
    ** contribution counts: 
    ****** bpg_edges: 6 
    ****** bpg_nodes: 8 
    ****** BPG_constrained_both_solved: 1 
    ****** bpg_time_records: {0.00012874603271484375} 

** filename: LessEqThan@comparators.circom 
** result: NOT SURE 
** time: 0.167428 
    ** contribution counts: 
    ****** bpg_edges: 354 
    ****** bpg_nodes: 38 
    ****** BPG_constrained_both_solved: 3 
    ****** BPG_binary: 3 
    ****** bpg_time_records: {0.004416942596435547, 0.0046956539154052734, 0.004825115203857422} 
    ****** DO_ASSUMPTION_PHASE: 1 

** filename: MontgomeryAdd@montgomery.circom 
** result: UNDER-CONSTRAINED! 
** time: 0.536825 
    ** contribution counts: 
    ****** bpg_edges: 604 
    ****** bpg_nodes: 21 
    ****** bpg_time_records: {0.0020830631256103516} 
    ****** DO_ASSUMPTION_PHASE: 1 
    ****** NO_Assumptions_raw_SMT_UNDER: 3 

** filename: MiMC7@mimc.circom 
** result: NOT SURE 
** time: 5.049821 
    ** contribution counts: 
    ****** single_to_double: 3 
    ****** bpg_edges: 36 
    ****** bpg_nodes: 25 
    ****** bpg_time_records: {0.00021123886108398438} 
    ****** DO_ASSUMPTION_PHASE: 1 

** filename: MultiMiMC7@mimc.circom 
** result: NOT SURE 
** time: 10.111511 
    ** contribution counts: 
    ****** bpg_edges: 684 
    ****** bpg_nodes: 77 
    ****** BPG_constrained_both_solved: 4 
    ****** single_to_double: 4 
    ****** bpg_time_records: {0.004144906997680664, 0.0044748783111572266} 
    ****** DO_ASSUMPTION_PHASE: 1 

** filename: Decoder@multiplexer.circom 
** result: UNDER-CONSTRAINED! 
** time: 0.028942 
    ** contribution counts: 
    ****** bpg_edges: 42 
    ****** bpg_nodes: 15 
    ****** BPG_binary: 1 
    ****** bpg_time_records: {0.00035691261291503906} 
    ****** DO_ASSUMPTION_PHASE: 1 
    ****** NO_Assumptions_raw_SMT_UNDER: 2 

** filename: MultiMux2@mux2.circom 
** result: NOT SURE 
** time: 0.188711 
    ** contribution counts: 
    ****** single_to_double: 9 
    ****** bpg_edges: 93 
    ****** bpg_nodes: 40 
    ****** BPG_constrained_both_solved: 2 
    ****** bpg_time_records: {0.0005249977111816406, 0.0005514621734619141} 
    ****** DO_ASSUMPTION_PHASE: 1 

** filename: Mux1@mux1.circom 
** result: NOT SURE 
** time: 0.063785 
    ** contribution counts: 
    ****** bpg_edges: 85 
    ****** bpg_nodes: 26 
    ****** BPG_constrained_both_solved: 3 
    ****** single_to_double: 2 
    ****** bpg_time_records: {0.0010883808135986328, 0.0010616779327392578} 
    ****** DO_ASSUMPTION_PHASE: 1 

** filename: Bits2Num@bitify.circom 
** result: NOT SURE 
** time: 0.025378 
    ** contribution counts: 
    ****** bpg_edges: 36 
    ****** bpg_nodes: 9 
    ****** bpg_time_records: {9.059906005859375e-05} 
    ****** DO_ASSUMPTION_PHASE: 1 

** filename: Sigma@poseidon.circom 
** result: NOT SURE 
** time: 0.02727 
    ** contribution counts: 
    ****** single_to_double: 1 
    ****** bpg_edges: 9 
    ****** bpg_nodes: 8 
    ****** bpg_time_records: {6.961822509765625e-05} 
    ****** DO_ASSUMPTION_PHASE: 1 

** filename: Window4@pedersen.circom 
** result: NOT SURE 
** time: 15.705236 
    ** contribution counts: 
    ****** bpg_edges: 4375 
    ****** bpg_nodes: 257 
    ****** BPG_constrained_both_solved: 22 
    ****** single_to_double: 8 
    ****** bpg_time_records: {0.0948171615600586, 0.10691332817077637, 0.10869789123535156} 
    ****** DO_ASSUMPTION_PHASE: 1 

** filename: EdDSAPoseidonVerifier@eddsaposeidon.circom 
** result: CONSTRAINED! 
** time: 2.912914 
    ** contribution counts: 
    ****** bpg_time_records: {1.2636184692382812e-05} 

** filename: Num2Bits_strict@bitify.circom 
** result: NOT SURE 
** time: 13.80839 
    ** contribution counts: 
    ****** bpg_edges: 9106 
    ****** bpg_nodes: 4696 
    ****** BPG_constrained_both_solved: 1 
    ****** BPG_binary: 389 
    ****** bpg_time_records: {0.17096948623657227, 0.14285659790039062} 
    ****** DO_ASSUMPTION_PHASE: 1 

** filename: CompConstant@compconstant.circom 
** result: NOT SURE 
** time: 13.996459 
    ** contribution counts: 
    ****** single_to_double: 127 
    ****** bpg_edges: 5832 
    ****** bpg_nodes: 2197 
    ****** BPG_binary: 135 
    ****** bpg_time_records: {0.0367274284362793, 0.028197050094604492} 
    ****** DO_ASSUMPTION_PHASE: 1 

** filename: BinSub@binsub.circom 
** result: NOT SURE 
** time: 0.058472 
    ** contribution counts: 
    ****** bpg_edges: 6 
    ****** bpg_nodes: 12 
    ****** BPG_binary: 3 
    ****** bpg_time_records: {7.843971252441406e-05, 8.678436279296875e-05} 
    ****** DO_ASSUMPTION_PHASE: 1 

** filename: LessThan@comparators.circom 
** result: NOT SURE 
** time: 0.068844 
    ** contribution counts: 
    ****** bpg_edges: 336 
    ****** bpg_nodes: 28 
    ****** BPG_binary: 3 
    ****** bpg_time_records: {0.0027565956115722656, 0.002931833267211914} 
    ****** DO_ASSUMPTION_PHASE: 1 

** filename: SegmentMulFix@escalarmulfix.circom 
** result: NOT SURE 
** time: 27.397747 
    ** contribution counts: 
    ****** bpg_edges: 11884 
    ****** bpg_nodes: 716 
    ****** BPG_constrained_both_solved: 16 
    ****** single_to_double: 2 
    ****** bpg_time_records: {0.27904415130615234, 0.28870677947998047, 0.2840456962585449} 
    ****** DO_ASSUMPTION_PHASE: 1 

** filename: EdDSAMiMCVerifier@eddsamimc.circom 
** result: CONSTRAINED! 
** time: 3.216539 
    ** contribution counts: 
    ****** bpg_time_records: {9.775161743164062e-06} 

** filename: Pedersen@pedersen.circom 
** result: NOT SURE 
** time: 15.801932 
    ** contribution counts: 
    ****** bpg_edges: 4497 
    ****** bpg_nodes: 321 
    ****** BPG_constrained_both_solved: 7 
    ****** single_to_double: 1 
    ****** bpg_time_records: {0.1211385726928711, 0.12087464332580566, 0.12189221382141113} 
    ****** DO_ASSUMPTION_PHASE: 1 

** filename: Edwards2Montgomery@montgomery.circom 
** result: NOT SURE 
** time: 2.037396 
    ** contribution counts: 
    ****** bpg_edges: 11 
    ****** bpg_nodes: 11 
    ****** bpg_time_records: {7.605552673339844e-05} 
    ****** DO_ASSUMPTION_PHASE: 1 

** filename: Num2Bits@bitify.circom 
** result: NOT SURE 
** time: 0.048462 
    ** contribution counts: 
    ****** bpg_edges: 40 
    ****** bpg_nodes: 13 
    ****** BPG_binary: 2 
    ****** bpg_time_records: {0.0002760887145996094, 0.0003020763397216797} 
    ****** DO_ASSUMPTION_PHASE: 1 

