** filename: GreaterEqThan@comparators@circomlib_16.circom 
** result: CONSTRAINED! 
** time: 0.007339 

** filename: BabyCheck@babyjub@circomlib.circom 
** result: CONSTRAINED! 
** time: 0.000301 

** filename: Num2BitsNeg@bitify@circomlib_256.circom 
** result: CONSTRAINED! 
** time: 0.159537 

** filename: GreaterEqThan@comparators@circomlib_32.circom 
** result: CONSTRAINED! 
** time: 0.009898 

** filename: Num2BitsNeg@bitify@circomlib_16.circom 
** result: CONSTRAINED! 
** time: 0.006109 

** filename: Num2Bits@bitify@circomlib_1.circom 
** result: CONSTRAINED! 
** time: 0.000577 

** filename: T1@t1@circomlib.circom 
** result: CONSTRAINED! 
** time: 3.175709 

** filename: Main@main@circomlib.circom 
** result: TIMEOUT 
** time: 30.034299850463867 

** filename: Bits2Num@bitify@circomlib_256.circom 
** result: CONSTRAINED! 
** time: 0.014527 

** filename: BabyPbk@babyjub@circomlib.circom 
** result: TIMEOUT 
** time: 30.000057697296143 

** filename: Sigma@poseidon@circomlib.circom 
** result: CONSTRAINED! 
** time: 0.000648 

** filename: EdDSAPoseidonVerifier@eddsaposeidon@circomlib.circom 
** result: CONSTRAINED! 
** time: 2.913052 

** filename: BabyAdd@babyjub@circomlib.circom 
** result: CONSTRAINED! 
** time: 8.709556 

** filename: Point2Bits_Strict@pointbits@circomlib.circom 
** result: CONSTRAINED! 
** time: 16.519083 

** filename: Bits2Num@bitify@circomlib_32.circom 
** result: CONSTRAINED! 
** time: 0.000797 

** filename: Mux4@mux4@circomlib.circom 
** result: CONSTRAINED! 
** time: 0.194107 

** filename: GreaterThan@comparators@circomlib_32.circom 
** result: CONSTRAINED! 
** time: 0.009912 

** filename: Point2Bits@pointbits@circomlib.circom 
** result: UNDER-CONSTRAINED! 
** time: 0.017173 

** filename: BitElementMulAny@escalarmulany@circomlib.circom 
** result: NOT SURE 
** time: 32.742111 

** filename: LessEqThan@comparators@circomlib_32.circom 
** result: CONSTRAINED! 
** time: 0.009841 

** filename: Pedersen@pedersen@circomlib_32.circom 
** result: NOT SURE 
** time: 26.059474 

** filename: Sha256_2@sha256_2@circomlib.circom 
** result: TIMEOUT 
** time: 30.065675020217896 

** filename: AND@gates@circomlib.circom 
** result: CONSTRAINED! 
** time: 0.000454 

** filename: Num2BitsNeg@bitify@circomlib_64.circom 
** result: CONSTRAINED! 
** time: 0.019791 

** filename: Bits2Num@bitify@circomlib_128.circom 
** result: CONSTRAINED! 
** time: 0.003737 

** filename: Num2Bits@bitify@circomlib_64.circom 
** result: CONSTRAINED! 
** time: 0.021062 

** filename: Num2BitsNeg@bitify@circomlib_32.circom 
** result: CONSTRAINED! 
** time: 0.008971 

** filename: GreaterEqThan@comparators@circomlib_8.circom 
** result: CONSTRAINED! 
** time: 0.005343 

** filename: EdDSAMiMCSpongeVerifier@eddsamimcsponge@circomlib.circom 
** result: CONSTRAINED! 
** time: 3.825277 

** filename: Pedersen@pedersen@circomlib_8.circom 
** result: TIMEOUT 
** time: 64.86931943893433 

** filename: SMTVerifierLevel@smtverifierlevel@circomlib.circom 
** result: CONSTRAINED! 
** time: 24.396407 

** filename: SMTHash1@smthash_mimc@circomlib.circom 
** result: CONSTRAINED! 
** time: 7.152351 

** filename: OR@gates@circomlib.circom 
** result: CONSTRAINED! 
** time: 0.001097 

** filename: BinSum@binsum@circomlib_32_5.circom 
** result: CONSTRAINED! 
** time: 0.023569 

** filename: NAND@gates@circomlib.circom 
** result: CONSTRAINED! 
** time: 0.00046 

** filename: Num2Bits@bitify@circomlib_254.circom 
** result: CONSTRAINED! 
** time: 0.155364 

** filename: Pedersen@pedersen@circomlib_253.circom 
** result: TIMEOUT 
** time: 30.000707626342773 

** filename: SMTHash1@smthash_poseidon@circomlib.circom 
** result: TIMEOUT 
** time: 30.858628034591675 

** filename: Num2BitsNeg@bitify@circomlib_128.circom 
** result: CONSTRAINED! 
** time: 0.064514 

** filename: SMTHash2@smthash_mimc@circomlib.circom 
** result: CONSTRAINED! 
** time: 7.081147 

** filename: Pedersen@pedersen@circomlib_16.circom 
** result: NOT SURE 
** time: 22.43788 

** filename: Edwards2Montgomery@montgomery@circomlib.circom 
** result: UNDER-CONSTRAINED! 
** time: 2.20886 

** filename: IsEqual@comparators@circomlib.circom 
** result: CONSTRAINED! 
** time: 0.002459 

** filename: NOR@gates@circomlib.circom 
** result: CONSTRAINED! 
** time: 0.001314 

** filename: Pedersen@pedersen_old@circomlib_254.circom 
** result: TIMEOUT 
** time: 30.00803279876709 

** filename: MontgomeryAdd@montgomery@circomlib.circom 
** result: UNDER-CONSTRAINED! 
** time: 2.556103 

** filename: BabyDbl@babyjub@circomlib.circom 
** result: CONSTRAINED! 
** time: 3.679643 

** filename: Num2Bits@bitify@circomlib_32.circom 
** result: CONSTRAINED! 
** time: 0.007113 

** filename: SigmaPlus@sigmaplus@circomlib.circom 
** result: CONSTRAINED! 
** time: 4.050849 

** filename: T2@t2@circomlib.circom 
** result: CONSTRAINED! 
** time: 3.485442 

** filename: Num2Bits_strict@bitify@circomlib.circom 
** result: CONSTRAINED! 
** time: 3.686569 

** filename: Num2BitsNeg@bitify@circomlib_253.circom 
** result: CONSTRAINED! 
** time: 0.157482 

** filename: ForceEqualIfEnabled@comparators@circomlib.circom 
** result: CONSTRAINED! 
** time: 0.000317 

** filename: Pedersen@pedersen_old@circomlib_32.circom 
** result: NOT SURE 
** time: 26.040678 

** filename: Num2BitsNeg@bitify@circomlib_8.circom 
** result: CONSTRAINED! 
** time: 0.003184 

** filename: MontgomeryDouble@montgomery@circomlib.circom 
** result: NOT SURE 
** time: 26.101182 

** filename: GreaterThan@comparators@circomlib_8.circom 
** result: CONSTRAINED! 
** time: 0.005334 

** filename: Pedersen@pedersen_old@circomlib_64.circom 
** result: NOT SURE 
** time: 32.172765 

** filename: Bits2Num@bitify@circomlib_16.circom 
** result: CONSTRAINED! 
** time: 0.000475 

** filename: Num2Bits@bitify@circomlib_253.circom 
** result: CONSTRAINED! 
** time: 0.185203 

** filename: AliasCheck@aliascheck@circomlib.circom 
** result: CONSTRAINED! 
** time: 0.027394 

** filename: Mux2@mux2@circomlib.circom 
** result: CONSTRAINED! 
** time: 0.184936 

** filename: Bits2Num@bitify@circomlib_64.circom 
** result: CONSTRAINED! 
** time: 0.001353 

** filename: Mux3@mux3@circomlib.circom 
** result: CONSTRAINED! 
** time: 0.132426 

** filename: Bits2Num@bitify@circomlib_8.circom 
** result: CONSTRAINED! 
** time: 0.000353 

** filename: Pedersen@pedersen@circomlib_64.circom 
** result: TIMEOUT 
** time: 31.148142337799072 

** filename: Pedersen@pedersen_old@circomlib_128.circom 
** result: TIMEOUT 
** time: 42.22988152503967 

** filename: Montgomery2Edwards@montgomery@circomlib.circom 
** result: UNDER-CONSTRAINED! 
** time: 0.205086 

** filename: Multiplexor2@escalarmulany@circomlib.circom 
** result: CONSTRAINED! 
** time: 0.002775 

** filename: Num2BitsNeg@bitify@circomlib_1.circom 
** result: CONSTRAINED! 
** time: 0.003923 

** filename: Bits2Num_strict@bitify@circomlib.circom 
** result: CONSTRAINED! 
** time: 3.725156 

** filename: EdDSAMiMCVerifier@eddsamimc@circomlib.circom 
** result: CONSTRAINED! 
** time: 3.23159 

** filename: Mux1@mux1@circomlib.circom 
** result: CONSTRAINED! 
** time: 0.004528 

** filename: Sign@sign@circomlib.circom 
** result: CONSTRAINED! 
** time: 1.138288 

** filename: Bits2Num@bitify@circomlib_1.circom 
** result: CONSTRAINED! 
** time: 0.000317 

** filename: Switcher@switcher@circomlib.circom 
** result: CONSTRAINED! 
** time: 0.001268 

** filename: SMTProcessorLevel@smtprocessorlevel@circomlib.circom 
** result: TIMEOUT 
** time: 30.001785278320312 

** filename: WindowMulFix@escalarmulfix@circomlib.circom 
** result: NOT SURE 
** time: 21.303774 

** filename: Window4@pedersen@circomlib.circom 
** result: NOT SURE 
** time: 21.90374 

** filename: Bits2Num@bitify@circomlib_253.circom 
** result: CONSTRAINED! 
** time: 0.011679 

** filename: Num2Bits@bitify@circomlib_16.circom 
** result: CONSTRAINED! 
** time: 0.003352 

** filename: Pedersen@pedersen_old@circomlib_1.circom 
** result: CONSTRAINED! 
** time: 0.540581 

** filename: Pedersen@pedersen@circomlib_1.circom 
** result: NOT SURE 
** time: 5.380759 

** filename: Sigma@poseidon_old@circomlib.circom 
** result: CONSTRAINED! 
** time: 0.000488 

** filename: LessEqThan@comparators@circomlib_8.circom 
** result: CONSTRAINED! 
** time: 0.00538 

** filename: SMTVerifierSM@smtverifiersm@circomlib.circom 
** result: CONSTRAINED! 
** time: 0.0409 

** filename: BinSub@binsub@circomlib_16.circom 
** result: CONSTRAINED! 
** time: 0.005562 

** filename: SMTHash2@smthash_poseidon@circomlib.circom 
** result: CONSTRAINED! 
** time: 5.306231 

** filename: BinSum@binsum@circomlib_32_2.circom 
** result: CONSTRAINED! 
** time: 0.011011 

** filename: XOR@gates@circomlib.circom 
** result: CONSTRAINED! 
** time: 0.001253 

** filename: Pedersen@pedersen_old@circomlib_253.circom 
** result: TIMEOUT 
** time: 30.004778146743774 

** filename: Bits2Point@pointbits@circomlib.circom 
** result: UNDER-CONSTRAINED! 
** time: 0.032266 

** filename: Bits2Num@bitify@circomlib_254.circom 
** result: CONSTRAINED! 
** time: 0.011597 

** filename: Pedersen@pedersen@circomlib_128.circom 
** result: TIMEOUT 
** time: 30.00121521949768 

** filename: Sha256compression@sha256compression@circomlib.circom 
** result: TIMEOUT 
** time: 30.04264545440674 

** filename: Num2BitsNeg@bitify@circomlib_254.circom 
** result: CONSTRAINED! 
** time: 0.192499 

** filename: GreaterThan@comparators@circomlib_16.circom 
** result: CONSTRAINED! 
** time: 0.005973 

** filename: NOT@gates@circomlib.circom 
** result: CONSTRAINED! 
** time: 0.000423 

** filename: Pedersen@pedersen@circomlib_254.circom 
** result: TIMEOUT 
** time: 30.09884262084961 

** filename: Num2Bits@bitify@circomlib_8.circom 
** result: CONSTRAINED! 
** time: 0.002126 

** filename: Pedersen@pedersen_old@circomlib_16.circom 
** result: NOT SURE 
** time: 23.531086 

** filename: Num2Bits@bitify@circomlib_256.circom 
** result: CONSTRAINED! 
** time: 0.154616 

** filename: IsZero@comparators@circomlib.circom 
** result: CONSTRAINED! 
** time: 0.000796 

** filename: Pedersen@pedersen_old@circomlib_256.circom 
** result: TIMEOUT 
** time: 30.220879077911377 

** filename: LessEqThan@comparators@circomlib_16.circom 
** result: CONSTRAINED! 
** time: 0.007397 

** filename: SMTProcessorSM@smtprocessorsm@circomlib.circom 
** result: CONSTRAINED! 
** time: 5.29547 

** filename: Bits2Point_Strict@pointbits@circomlib.circom 
** result: TIMEOUT 
** time: 37.3139545917511 

** filename: Num2Bits@bitify@circomlib_128.circom 
** result: CONSTRAINED! 
** time: 0.049306 

** filename: Pedersen@pedersen_old@circomlib_8.circom 
** result: NOT SURE 
** time: 21.515691 

** filename: Pedersen@pedersen@circomlib_256.circom 
** result: TIMEOUT 
** time: 30.557101011276245 

** filename: GreaterThan@comparators.circom 
** result: CONSTRAINED! 
** time: 0.034989 

** filename: Segment@pedersen.circom 
** result: NOT SURE 
** time: 22.03529 

** filename: BabyCheck@babyjub.circom 
** result: CONSTRAINED! 
** time: 0.000228 

** filename: Poseidon@poseidon.circom 
** result: CONSTRAINED! 
** time: 5.727214 

** filename: Pedersen@pedersen_old.circom 
** result: CONSTRAINED! 
** time: 0.417189 

** filename: Num2BitsNeg@bitify.circom 
** result: CONSTRAINED! 
** time: 0.01763 

** filename: SegmentMulAny@escalarmulany.circom 
** result: NOT SURE 
** time: 23.25505 

** filename: MiMCFeistel@mimcsponge.circom 
** result: CONSTRAINED! 
** time: 0.039192 

** filename: BabyAdd@babyjub.circom 
** result: CONSTRAINED! 
** time: 8.463822 

** filename: MultiAND@gates.circom 
** result: CONSTRAINED! 
** time: 0.001376 

** filename: BabyPbk@babyjub.circom 
** result: TIMEOUT 
** time: 30.10731792449951 

** filename: Multiplexer@multiplexer.circom 
** result: CONSTRAINED! 
** time: 0.01614 

** filename: Bits2Num_strict@bitify.circom 
** result: CONSTRAINED! 
** time: 3.772312 

** filename: Point2Bits_Strict@pointbits.circom 
** result: CONSTRAINED! 
** time: 16.41062 

** filename: BinSum@binsum.circom 
** result: CONSTRAINED! 
** time: 48.473779 

** filename: Bits2Point_Strict@pointbits.circom 
** result: TIMEOUT 
** time: 37.310858726501465 

** filename: MultiMux4@mux4.circom 
** result: CONSTRAINED! 
** time: 0.166454 

** filename: EdDSAMiMCSpongeVerifier@eddsamimcsponge.circom 
** result: CONSTRAINED! 
** time: 3.961975 

** filename: OR@gates.circom 
** result: CONSTRAINED! 
** time: 0.001391 

** filename: Mux2@mux2.circom 
** result: CONSTRAINED! 
** time: 0.137642 

** filename: Switcher@switcher.circom 
** result: CONSTRAINED! 
** time: 0.00127 

** filename: BabyDbl@babyjub.circom 
** result: CONSTRAINED! 
** time: 3.667575 

** filename: XOR@gates.circom 
** result: CONSTRAINED! 
** time: 0.000963 

** filename: EscalarProduct@multiplexer.circom 
** result: CONSTRAINED! 
** time: 0.001028 

** filename: IsEqual@comparators.circom 
** result: CONSTRAINED! 
** time: 0.002443 

** filename: IsZero@comparators.circom 
** result: CONSTRAINED! 
** time: 0.000802 

** filename: MontgomeryDouble@montgomery.circom 
** result: NOT SURE 
** time: 25.877369 

** filename: Mux4@mux4.circom 
** result: CONSTRAINED! 
** time: 0.249142 

** filename: EscalarMulAny@escalarmulany.circom 
** result: TIMEOUT 
** time: 35.52044153213501 

** filename: MultiMux3@mux3.circom 
** result: CONSTRAINED! 
** time: 0.096099 

** filename: Montgomery2Edwards@montgomery.circom 
** result: UNDER-CONSTRAINED! 
** time: 0.160094 

** filename: NOR@gates.circom 
** result: CONSTRAINED! 
** time: 0.00133 

** filename: BitElementMulAny@escalarmulany.circom 
** result: NOT SURE 
** time: 32.779013 

** filename: MiMCSponge@mimcsponge.circom 
** result: CONSTRAINED! 
** time: 0.234136 

** filename: GreaterEqThan@comparators.circom 
** result: CONSTRAINED! 
** time: 0.027942 

** filename: Sign@sign.circom 
** result: CONSTRAINED! 
** time: 1.136741 

** filename: Mux3@mux3.circom 
** result: CONSTRAINED! 
** time: 0.100318 

** filename: AND@gates.circom 
** result: CONSTRAINED! 
** time: 0.000347 

** filename: NAND@gates.circom 
** result: CONSTRAINED! 
** time: 0.000337 

** filename: ForceEqualIfEnabled@comparators.circom 
** result: CONSTRAINED! 
** time: 0.000234 

** filename: MultiMux1@mux1.circom 
** result: CONSTRAINED! 
** time: 0.002836 

** filename: EdDSAVerifier@eddsa.circom 
** result: CONSTRAINED! 
** time: 12.70467 

** filename: WindowMulFix@escalarmulfix.circom 
** result: NOT SURE 
** time: 21.289647 

** filename: Multiplexor2@escalarmulany.circom 
** result: CONSTRAINED! 
** time: 0.00349 

** filename: AliasCheck@aliascheck.circom 
** result: CONSTRAINED! 
** time: 0.027951 

** filename: NOT@gates.circom 
** result: CONSTRAINED! 
** time: 0.000422 

** filename: LessEqThan@comparators.circom 
** result: CONSTRAINED! 
** time: 0.035106 

** filename: MontgomeryAdd@montgomery.circom 
** result: UNDER-CONSTRAINED! 
** time: 2.55743 

** filename: MiMC7@mimc.circom 
** result: CONSTRAINED! 
** time: 0.038026 

** filename: MultiMiMC7@mimc.circom 
** result: CONSTRAINED! 
** time: 0.188139 

** filename: Decoder@multiplexer.circom 
** result: UNDER-CONSTRAINED! 
** time: 0.26637 

** filename: MultiMux2@mux2.circom 
** result: CONSTRAINED! 
** time: 0.297473 

** filename: Mux1@mux1.circom 
** result: CONSTRAINED! 
** time: 0.004538 

** filename: Bits2Num@bitify.circom 
** result: CONSTRAINED! 
** time: 0.000705 

** filename: Sigma@poseidon.circom 
** result: CONSTRAINED! 
** time: 0.000484 

** filename: Window4@pedersen.circom 
** result: NOT SURE 
** time: 21.993329 

** filename: EdDSAPoseidonVerifier@eddsaposeidon.circom 
** result: CONSTRAINED! 
** time: 2.975508 

** filename: Num2Bits_strict@bitify.circom 
** result: CONSTRAINED! 
** time: 3.778424 

** filename: CompConstant@compconstant.circom 
** result: CONSTRAINED! 
** time: 0.290502 

** filename: BinSub@binsub.circom 
** result: CONSTRAINED! 
** time: 48.03042 

** filename: LessThan@comparators.circom 
** result: CONSTRAINED! 
** time: 0.032095 

** filename: SegmentMulFix@escalarmulfix.circom 
** result: NOT SURE 
** time: 116.893369 

** filename: EdDSAMiMCVerifier@eddsamimc.circom 
** result: CONSTRAINED! 
** time: 3.245933 

** filename: Pedersen@pedersen.circom 
** result: UNDER-CONSTRAINED! 
** time: 1.336028 

** filename: Edwards2Montgomery@montgomery.circom 
** result: UNDER-CONSTRAINED! 
** time: 2.191239 

** filename: Num2Bits@bitify.circom 
** result: CONSTRAINED! 
** time: 0.001538 

