** filename: GreaterEqThan@comparators@circomlib_16.circom 
** result: CONSTRAINED! 
** time: 0.005658 

** filename: BabyCheck@babyjub@circomlib.circom 
** result: CONSTRAINED! 
** time: 0.000309 

** filename: Num2BitsNeg@bitify@circomlib_256.circom 
** result: CONSTRAINED! 
** time: 0.190077 

** filename: GreaterEqThan@comparators@circomlib_32.circom 
** result: CONSTRAINED! 
** time: 0.011162 

** filename: Num2BitsNeg@bitify@circomlib_16.circom 
** result: CONSTRAINED! 
** time: 0.004538 

** filename: Num2Bits@bitify@circomlib_1.circom 
** result: CONSTRAINED! 
** time: 0.000559 

** filename: T1@t1@circomlib.circom 
** result: CONSTRAINED! 
** time: 3.105765 

** filename: Main@main@circomlib.circom 
** result: TIMEOUT 
** time: 30.001291036605835 

** filename: Bits2Num@bitify@circomlib_256.circom 
** result: CONSTRAINED! 
** time: 0.014071 

** filename: BabyPbk@babyjub@circomlib.circom 
** result: TIMEOUT 
** time: 30.04768204689026 

** filename: Sigma@poseidon@circomlib.circom 
** result: CONSTRAINED! 
** time: 0.000614 

** filename: EdDSAPoseidonVerifier@eddsaposeidon@circomlib.circom 
** result: CONSTRAINED! 
** time: 3.017953 

** filename: BabyAdd@babyjub@circomlib.circom 
** result: NOT SURE 
** time: 0.003921 

** filename: Point2Bits_Strict@pointbits@circomlib.circom 
** result: CONSTRAINED! 
** time: 16.177418 

** filename: Bits2Num@bitify@circomlib_32.circom 
** result: CONSTRAINED! 
** time: 0.000621 

** filename: Mux4@mux4@circomlib.circom 
** result: CONSTRAINED! 
** time: 0.025653 

** filename: GreaterThan@comparators@circomlib_32.circom 
** result: CONSTRAINED! 
** time: 0.009081 

** filename: Point2Bits@pointbits@circomlib.circom 
** result: NOT SURE 
** time: 0.000852 

** filename: BitElementMulAny@escalarmulany@circomlib.circom 
** result: NOT SURE 
** time: 0.050404 

** filename: LessEqThan@comparators@circomlib_32.circom 
** result: CONSTRAINED! 
** time: 0.011182 

** filename: Pedersen@pedersen@circomlib_32.circom 
** result: NOT SURE 
** time: 4.906486 

** filename: Sha256_2@sha256_2@circomlib.circom 
** result: TIMEOUT 
** time: 30.00985598564148 

** filename: AND@gates@circomlib.circom 
** result: CONSTRAINED! 
** time: 0.000461 

** filename: Num2BitsNeg@bitify@circomlib_64.circom 
** result: CONSTRAINED! 
** time: 0.018311 

** filename: Bits2Num@bitify@circomlib_128.circom 
** result: CONSTRAINED! 
** time: 0.004422 

** filename: Num2Bits@bitify@circomlib_64.circom 
** result: CONSTRAINED! 
** time: 0.016289 

** filename: Num2BitsNeg@bitify@circomlib_32.circom 
** result: CONSTRAINED! 
** time: 0.009994 

** filename: GreaterEqThan@comparators@circomlib_8.circom 
** result: CONSTRAINED! 
** time: 0.004127 

** filename: EdDSAMiMCSpongeVerifier@eddsamimcsponge@circomlib.circom 
** result: CONSTRAINED! 
** time: 3.948973 

** filename: Pedersen@pedersen@circomlib_8.circom 
** result: NOT SURE 
** time: 0.670145 

** filename: SMTVerifierLevel@smtverifierlevel@circomlib.circom 
** result: CONSTRAINED! 
** time: 1.08628 

** filename: SMTHash1@smthash_mimc@circomlib.circom 
** result: CONSTRAINED! 
** time: 0.668495 

** filename: OR@gates@circomlib.circom 
** result: CONSTRAINED! 
** time: 0.001104 

** filename: BinSum@binsum@circomlib_32_5.circom 
** result: CONSTRAINED! 
** time: 0.018687 

** filename: NAND@gates@circomlib.circom 
** result: CONSTRAINED! 
** time: 0.000334 

** filename: Num2Bits@bitify@circomlib_254.circom 
** result: CONSTRAINED! 
** time: 0.14759 

** filename: Pedersen@pedersen@circomlib_253.circom 
** result: TIMEOUT 
** time: 30.006646633148193 

** filename: SMTHash1@smthash_poseidon@circomlib.circom 
** result: CONSTRAINED! 
** time: 2.543341 

** filename: Num2BitsNeg@bitify@circomlib_128.circom 
** result: CONSTRAINED! 
** time: 0.050421 

** filename: SMTHash2@smthash_mimc@circomlib.circom 
** result: CONSTRAINED! 
** time: 0.681568 

** filename: Pedersen@pedersen@circomlib_16.circom 
** result: NOT SURE 
** time: 1.79131 

** filename: Edwards2Montgomery@montgomery@circomlib.circom 
** result: NOT SURE 
** time: 0.000416 

** filename: IsEqual@comparators@circomlib.circom 
** result: CONSTRAINED! 
** time: 0.002402 

** filename: NOR@gates@circomlib.circom 
** result: CONSTRAINED! 
** time: 0.001039 

** filename: Pedersen@pedersen_old@circomlib_254.circom 
** result: TIMEOUT 
** time: 30.001823663711548 

** filename: MontgomeryAdd@montgomery@circomlib.circom 
** result: NOT SURE 
** time: 0.012063 

** filename: BabyDbl@babyjub@circomlib.circom 
** result: NOT SURE 
** time: 0.009098 

** filename: Num2Bits@bitify@circomlib_32.circom 
** result: CONSTRAINED! 
** time: 0.008048 

** filename: SigmaPlus@sigmaplus@circomlib.circom 
** result: CONSTRAINED! 
** time: 4.073434 

** filename: T2@t2@circomlib.circom 
** result: CONSTRAINED! 
** time: 1.927568 

** filename: Num2Bits_strict@bitify@circomlib.circom 
** result: CONSTRAINED! 
** time: 3.64344 

** filename: Num2BitsNeg@bitify@circomlib_253.circom 
** result: CONSTRAINED! 
** time: 0.151708 

** filename: ForceEqualIfEnabled@comparators@circomlib.circom 
** result: CONSTRAINED! 
** time: 0.000322 

** filename: Pedersen@pedersen_old@circomlib_32.circom 
** result: NOT SURE 
** time: 1.015131 

** filename: Num2BitsNeg@bitify@circomlib_8.circom 
** result: CONSTRAINED! 
** time: 0.003586 

** filename: MontgomeryDouble@montgomery@circomlib.circom 
** result: NOT SURE 
** time: 0.004313 

** filename: GreaterThan@comparators@circomlib_8.circom 
** result: CONSTRAINED! 
** time: 0.004162 

** filename: Pedersen@pedersen_old@circomlib_64.circom 
** result: NOT SURE 
** time: 3.601035 

** filename: Bits2Num@bitify@circomlib_16.circom 
** result: CONSTRAINED! 
** time: 0.000348 

** filename: Num2Bits@bitify@circomlib_253.circom 
** result: CONSTRAINED! 
** time: 0.149281 

** filename: AliasCheck@aliascheck@circomlib.circom 
** result: CONSTRAINED! 
** time: 0.027976 

** filename: Mux2@mux2@circomlib.circom 
** result: CONSTRAINED! 
** time: 0.005413 

** filename: Bits2Num@bitify@circomlib_64.circom 
** result: CONSTRAINED! 
** time: 0.001345 

** filename: Mux3@mux3@circomlib.circom 
** result: CONSTRAINED! 
** time: 0.009966 

** filename: Bits2Num@bitify@circomlib_8.circom 
** result: CONSTRAINED! 
** time: 0.000262 

** filename: Pedersen@pedersen@circomlib_64.circom 
** result: NOT SURE 
** time: 14.686853 

** filename: Pedersen@pedersen_old@circomlib_128.circom 
** result: NOT SURE 
** time: 12.703401 

** filename: Montgomery2Edwards@montgomery@circomlib.circom 
** result: NOT SURE 
** time: 0.00058 

** filename: Multiplexor2@escalarmulany@circomlib.circom 
** result: CONSTRAINED! 
** time: 0.002828 

** filename: Num2BitsNeg@bitify@circomlib_1.circom 
** result: CONSTRAINED! 
** time: 0.003659 

** filename: Bits2Num_strict@bitify@circomlib.circom 
** result: CONSTRAINED! 
** time: 3.706515 

** filename: EdDSAMiMCVerifier@eddsamimc@circomlib.circom 
** result: CONSTRAINED! 
** time: 3.143168 

** filename: Mux1@mux1@circomlib.circom 
** result: CONSTRAINED! 
** time: 0.00454 

** filename: Sign@sign@circomlib.circom 
** result: CONSTRAINED! 
** time: 1.156651 

** filename: Bits2Num@bitify@circomlib_1.circom 
** result: CONSTRAINED! 
** time: 0.000316 

** filename: Switcher@switcher@circomlib.circom 
** result: CONSTRAINED! 
** time: 0.001236 

** filename: SMTProcessorLevel@smtprocessorlevel@circomlib.circom 
** result: CONSTRAINED! 
** time: 3.134686 

** filename: WindowMulFix@escalarmulfix@circomlib.circom 
** result: NOT SURE 
** time: 0.618118 

** filename: Window4@pedersen@circomlib.circom 
** result: NOT SURE 
** time: 0.635088 

** filename: Bits2Num@bitify@circomlib_253.circom 
** result: CONSTRAINED! 
** time: 0.011307 

** filename: Num2Bits@bitify@circomlib_16.circom 
** result: CONSTRAINED! 
** time: 0.003006 

** filename: Pedersen@pedersen_old@circomlib_1.circom 
** result: CONSTRAINED! 
** time: 0.036387 

** filename: Pedersen@pedersen@circomlib_1.circom 
** result: NOT SURE 
** time: 0.26924 

** filename: Sigma@poseidon_old@circomlib.circom 
** result: CONSTRAINED! 
** time: 0.000483 

** filename: LessEqThan@comparators@circomlib_8.circom 
** result: CONSTRAINED! 
** time: 0.004122 

** filename: SMTVerifierSM@smtverifiersm@circomlib.circom 
** result: CONSTRAINED! 
** time: 0.002085 

** filename: BinSub@binsub@circomlib_16.circom 
** result: CONSTRAINED! 
** time: 0.004183 

** filename: SMTHash2@smthash_poseidon@circomlib.circom 
** result: CONSTRAINED! 
** time: 5.298893 

** filename: BinSum@binsum@circomlib_32_2.circom 
** result: CONSTRAINED! 
** time: 0.010376 

** filename: XOR@gates@circomlib.circom 
** result: CONSTRAINED! 
** time: 0.000958 

** filename: Pedersen@pedersen_old@circomlib_253.circom 
** result: TIMEOUT 
** time: 30.008399963378906 

** filename: Bits2Point@pointbits@circomlib.circom 
** result: NOT SURE 
** time: 0.009485 

** filename: Bits2Num@bitify@circomlib_254.circom 
** result: CONSTRAINED! 
** time: 0.011632 

** filename: Pedersen@pedersen@circomlib_128.circom 
** result: TIMEOUT 
** time: 30.00161337852478 

** filename: Sha256compression@sha256compression@circomlib.circom 
** result: TIMEOUT 
** time: 30.055333137512207 

** filename: Num2BitsNeg@bitify@circomlib_254.circom 
** result: CONSTRAINED! 
** time: 0.187319 

** filename: GreaterThan@comparators@circomlib_16.circom 
** result: CONSTRAINED! 
** time: 0.006914 

** filename: NOT@gates@circomlib.circom 
** result: CONSTRAINED! 
** time: 0.000422 

** filename: Pedersen@pedersen@circomlib_254.circom 
** result: TIMEOUT 
** time: 30.026197910308838 

** filename: Num2Bits@bitify@circomlib_8.circom 
** result: CONSTRAINED! 
** time: 0.00193 

** filename: Pedersen@pedersen_old@circomlib_16.circom 
** result: NOT SURE 
** time: 0.441975 

** filename: Num2Bits@bitify@circomlib_256.circom 
** result: CONSTRAINED! 
** time: 0.150043 

** filename: IsZero@comparators@circomlib.circom 
** result: CONSTRAINED! 
** time: 0.00096 

** filename: Pedersen@pedersen_old@circomlib_256.circom 
** result: TIMEOUT 
** time: 30.009329557418823 

** filename: LessEqThan@comparators@circomlib_16.circom 
** result: CONSTRAINED! 
** time: 0.006923 

** filename: SMTProcessorSM@smtprocessorsm@circomlib.circom 
** result: CONSTRAINED! 
** time: 0.00441 

** filename: Bits2Point_Strict@pointbits@circomlib.circom 
** result: NOT SURE 
** time: 15.755857 

** filename: Num2Bits@bitify@circomlib_128.circom 
** result: CONSTRAINED! 
** time: 0.046857 

** filename: Pedersen@pedersen_old@circomlib_8.circom 
** result: NOT SURE 
** time: 0.170736 

** filename: Pedersen@pedersen@circomlib_256.circom 
** result: TIMEOUT 
** time: 30.243263244628906 

** filename: GreaterThan@comparators.circom 
** result: CONSTRAINED! 
** time: 0.035466 

** filename: Segment@pedersen.circom 
** result: NOT SURE 
** time: 0.978406 

** filename: BabyCheck@babyjub.circom 
** result: CONSTRAINED! 
** time: 0.000311 

** filename: Poseidon@poseidon.circom 
** result: CONSTRAINED! 
** time: 5.406355 

** filename: Pedersen@pedersen_old.circom 
** result: CONSTRAINED! 
** time: 0.084423 

** filename: Num2BitsNeg@bitify.circom 
** result: CONSTRAINED! 
** time: 0.02173 

** filename: SegmentMulAny@escalarmulany.circom 
** result: NOT SURE 
** time: 0.083906 

** filename: MiMCFeistel@mimcsponge.circom 
** result: CONSTRAINED! 
** time: 0.04811 

** filename: BabyAdd@babyjub.circom 
** result: NOT SURE 
** time: 0.004011 

** filename: MultiAND@gates.circom 
** result: CONSTRAINED! 
** time: 0.001374 

** filename: BabyPbk@babyjub.circom 
** result: TIMEOUT 
** time: 30.00147032737732 

** filename: Multiplexer@multiplexer.circom 
** result: CONSTRAINED! 
** time: 0.015874 

** filename: Bits2Num_strict@bitify.circom 
** result: CONSTRAINED! 
** time: 3.71263 

** filename: Point2Bits_Strict@pointbits.circom 
** result: CONSTRAINED! 
** time: 16.362004 

** filename: BinSum@binsum.circom 
** result: CONSTRAINED! 
** time: 0.000956 

** filename: Bits2Point_Strict@pointbits.circom 
** result: NOT SURE 
** time: 15.610774 

** filename: MultiMux4@mux4.circom 
** result: CONSTRAINED! 
** time: 0.015621 

** filename: EdDSAMiMCSpongeVerifier@eddsamimcsponge.circom 
** result: CONSTRAINED! 
** time: 3.881466 

** filename: OR@gates.circom 
** result: CONSTRAINED! 
** time: 0.001395 

** filename: Mux2@mux2.circom 
** result: CONSTRAINED! 
** time: 0.00669 

** filename: Switcher@switcher.circom 
** result: CONSTRAINED! 
** time: 0.001253 

** filename: BabyDbl@babyjub.circom 
** result: NOT SURE 
** time: 0.011195 

** filename: XOR@gates.circom 
** result: CONSTRAINED! 
** time: 0.001245 

** filename: EscalarProduct@multiplexer.circom 
** result: CONSTRAINED! 
** time: 0.001303 

** filename: IsEqual@comparators.circom 
** result: CONSTRAINED! 
** time: 0.002393 

** filename: IsZero@comparators.circom 
** result: CONSTRAINED! 
** time: 0.000977 

** filename: MontgomeryDouble@montgomery.circom 
** result: NOT SURE 
** time: 0.004343 

** filename: Mux4@mux4.circom 
** result: CONSTRAINED! 
** time: 0.025586 

** filename: EscalarMulAny@escalarmulany.circom 
** result: NOT SURE 
** time: 0.15861 

** filename: MultiMux3@mux3.circom 
** result: CONSTRAINED! 
** time: 0.006539 

** filename: Montgomery2Edwards@montgomery.circom 
** result: NOT SURE 
** time: 0.000444 

** filename: NOR@gates.circom 
** result: CONSTRAINED! 
** time: 0.001047 

** filename: BitElementMulAny@escalarmulany.circom 
** result: NOT SURE 
** time: 0.050035 

** filename: MiMCSponge@mimcsponge.circom 
** result: CONSTRAINED! 
** time: 0.180459 

** filename: GreaterEqThan@comparators.circom 
** result: CONSTRAINED! 
** time: 0.028256 

** filename: Sign@sign.circom 
** result: CONSTRAINED! 
** time: 1.13674 

** filename: Mux3@mux3.circom 
** result: CONSTRAINED! 
** time: 0.009977 

** filename: AND@gates.circom 
** result: CONSTRAINED! 
** time: 0.000345 

** filename: NAND@gates.circom 
** result: CONSTRAINED! 
** time: 0.000332 

** filename: ForceEqualIfEnabled@comparators.circom 
** result: CONSTRAINED! 
** time: 0.000247 

** filename: MultiMux1@mux1.circom 
** result: CONSTRAINED! 
** time: 0.002777 

** filename: EdDSAVerifier@eddsa.circom 
** result: CONSTRAINED! 
** time: 12.838256 

** filename: WindowMulFix@escalarmulfix.circom 
** result: NOT SURE 
** time: 0.874542 

** filename: Multiplexor2@escalarmulany.circom 
** result: CONSTRAINED! 
** time: 0.002745 

** filename: AliasCheck@aliascheck.circom 
** result: CONSTRAINED! 
** time: 0.027272 

** filename: NOT@gates.circom 
** result: CONSTRAINED! 
** time: 0.000323 

** filename: LessEqThan@comparators.circom 
** result: CONSTRAINED! 
** time: 0.027808 

** filename: MontgomeryAdd@montgomery.circom 
** result: NOT SURE 
** time: 0.00952 

** filename: MiMC7@mimc.circom 
** result: CONSTRAINED! 
** time: 0.001942 

** filename: MultiMiMC7@mimc.circom 
** result: CONSTRAINED! 
** time: 0.065525 

** filename: Decoder@multiplexer.circom 
** result: NOT SURE 
** time: 0.001607 

** filename: MultiMux2@mux2.circom 
** result: CONSTRAINED! 
** time: 0.003659 

** filename: Mux1@mux1.circom 
** result: CONSTRAINED! 
** time: 0.004549 

** filename: Bits2Num@bitify.circom 
** result: CONSTRAINED! 
** time: 0.000532 

** filename: Sigma@poseidon.circom 
** result: CONSTRAINED! 
** time: 0.000481 

** filename: Window4@pedersen.circom 
** result: NOT SURE 
** time: 0.622689 

** filename: EdDSAPoseidonVerifier@eddsaposeidon.circom 
** result: CONSTRAINED! 
** time: 3.023912 

** filename: Num2Bits_strict@bitify.circom 
** result: CONSTRAINED! 
** time: 3.659055 

** filename: CompConstant@compconstant.circom 
** result: CONSTRAINED! 
** time: 0.286563 

** filename: BinSub@binsub.circom 
** result: CONSTRAINED! 
** time: 0.000743 

** filename: LessThan@comparators.circom 
** result: CONSTRAINED! 
** time: 0.026109 

** filename: SegmentMulFix@escalarmulfix.circom 
** result: NOT SURE 
** time: 0.876133 

** filename: EdDSAMiMCVerifier@eddsamimc.circom 
** result: CONSTRAINED! 
** time: 3.171014 

** filename: Pedersen@pedersen.circom 
** result: NOT SURE 
** time: 0.305621 

** filename: Edwards2Montgomery@montgomery.circom 
** result: NOT SURE 
** time: 0.000426 

** filename: Num2Bits@bitify.circom 
** result: CONSTRAINED! 
** time: 0.001481 

