** filename: GreaterEqThan@comparators@circomlib_16.circom 
** result: NOT SURE 
** time: 7.067232 

** filename: BabyCheck@babyjub@circomlib.circom 
** result: CONSTRAINED! 
** time: 5.022606 

** filename: Num2BitsNeg@bitify@circomlib_256.circom 
** result: NOT SURE 
** time: 27.249175 

** filename: GreaterEqThan@comparators@circomlib_32.circom 
** result: NOT SURE 
** time: 7.134623 

** filename: Num2BitsNeg@bitify@circomlib_16.circom 
** result: NOT SURE 
** time: 27.175442 

** filename: Num2Bits@bitify@circomlib_1.circom 
** result: CONSTRAINED! 
** time: 0.025477 

** filename: T1@t1@circomlib.circom 
** result: NOT SURE 
** time: 6.52795 

** filename: Main@main@circomlib.circom 
** result: TIMEOUT 
** time: 30.065571308135986 

** filename: Bits2Num@bitify@circomlib_256.circom 
** result: CONSTRAINED! 
** time: 5.206908 

** filename: BabyPbk@babyjub@circomlib.circom 
** result: TIMEOUT 
** time: 30.00040054321289 

** filename: Sigma@poseidon@circomlib.circom 
** result: CONSTRAINED! 
** time: 0.03606 

** filename: EdDSAPoseidonVerifier@eddsaposeidon@circomlib.circom 
** result: CONSTRAINED! 
** time: 35.033642 

** filename: BabyAdd@babyjub@circomlib.circom 
** result: CONSTRAINED! 
** time: 8.40397 

** filename: Point2Bits_Strict@pointbits@circomlib.circom 
** result: NOT SURE 
** time: 8.481697 

** filename: Bits2Num@bitify@circomlib_32.circom 
** result: CONSTRAINED! 
** time: 0.08834 

** filename: Mux4@mux4@circomlib.circom 
** result: CONSTRAINED! 
** time: 0.395309 

** filename: GreaterThan@comparators@circomlib_32.circom 
** result: NOT SURE 
** time: 7.133702 

** filename: Point2Bits@pointbits@circomlib.circom 
** result: UNDER-CONSTRAINED! 
** time: 0.02256 

** filename: BitElementMulAny@escalarmulany@circomlib.circom 
** result: NOT SURE 
** time: 32.71139 

** filename: LessEqThan@comparators@circomlib_32.circom 
** result: NOT SURE 
** time: 7.130308 

** filename: Pedersen@pedersen@circomlib_32.circom 
** result: NOT SURE 
** time: 21.127282 

** filename: Sha256_2@sha256_2@circomlib.circom 
** result: TIMEOUT 
** time: 30.069730758666992 

** filename: AND@gates@circomlib.circom 
** result: CONSTRAINED! 
** time: 0.034715 

** filename: Num2BitsNeg@bitify@circomlib_64.circom 
** result: NOT SURE 
** time: 28.019441 

** filename: Bits2Num@bitify@circomlib_128.circom 
** result: CONSTRAINED! 
** time: 5.113791 

** filename: Num2Bits@bitify@circomlib_64.circom 
** result: NOT SURE 
** time: 5.124875 

** filename: Num2BitsNeg@bitify@circomlib_32.circom 
** result: NOT SURE 
** time: 27.252273 

** filename: GreaterEqThan@comparators@circomlib_8.circom 
** result: NOT SURE 
** time: 7.046499 

** filename: EdDSAMiMCSpongeVerifier@eddsamimcsponge@circomlib.circom 
** result: CONSTRAINED! 
** time: 43.962756 

** filename: Pedersen@pedersen@circomlib_8.circom 
** result: TIMEOUT 
** time: 64.57317662239075 

** filename: SMTVerifierLevel@smtverifierlevel@circomlib.circom 
** result: CONSTRAINED! 
** time: 18.383688 

** filename: SMTHash1@smthash_mimc@circomlib.circom 
** result: CONSTRAINED! 
** time: 6.296821 

** filename: OR@gates@circomlib.circom 
** result: CONSTRAINED! 
** time: 0.03614 

** filename: BinSum@binsum@circomlib_32_5.circom 
** result: NOT SURE 
** time: 5.150986 

** filename: NAND@gates@circomlib.circom 
** result: CONSTRAINED! 
** time: 0.035111 

** filename: Num2Bits@bitify@circomlib_254.circom 
** result: NOT SURE 
** time: 5.405349 

** filename: Pedersen@pedersen@circomlib_253.circom 
** result: TIMEOUT 
** time: 30.000804901123047 

** filename: SMTHash1@smthash_poseidon@circomlib.circom 
** result: CONSTRAINED! 
** time: 6.210858 

** filename: Num2BitsNeg@bitify@circomlib_128.circom 
** result: NOT SURE 
** time: 26.563038 

** filename: SMTHash2@smthash_mimc@circomlib.circom 
** result: CONSTRAINED! 
** time: 6.241564 

** filename: Pedersen@pedersen@circomlib_16.circom 
** result: NOT SURE 
** time: 20.438583 

** filename: Edwards2Montgomery@montgomery@circomlib.circom 
** result: UNDER-CONSTRAINED! 
** time: 2.188691 

** filename: IsEqual@comparators@circomlib.circom 
** result: NOT SURE 
** time: 0.456175 

** filename: NOR@gates@circomlib.circom 
** result: CONSTRAINED! 
** time: 0.027259 

** filename: Pedersen@pedersen_old@circomlib_254.circom 
** result: TIMEOUT 
** time: 30.006600856781006 

** filename: MontgomeryAdd@montgomery@circomlib.circom 
** result: UNDER-CONSTRAINED! 
** time: 2.4225 

** filename: BabyDbl@babyjub@circomlib.circom 
** result: CONSTRAINED! 
** time: 3.543688 

** filename: Num2Bits@bitify@circomlib_32.circom 
** result: NOT SURE 
** time: 5.066287 

** filename: SigmaPlus@sigmaplus@circomlib.circom 
** result: NOT SURE 
** time: 7.302243 

** filename: T2@t2@circomlib.circom 
** result: NOT SURE 
** time: 6.228519 

** filename: Num2Bits_strict@bitify@circomlib.circom 
** result: NOT SURE 
** time: 8.734005 

** filename: Num2BitsNeg@bitify@circomlib_253.circom 
** result: NOT SURE 
** time: 27.065145 

** filename: ForceEqualIfEnabled@comparators@circomlib.circom 
** result: CONSTRAINED! 
** time: 0.027455 

** filename: Pedersen@pedersen_old@circomlib_32.circom 
** result: NOT SURE 
** time: 22.468807 

** filename: Num2BitsNeg@bitify@circomlib_8.circom 
** result: NOT SURE 
** time: 25.499656 

** filename: MontgomeryDouble@montgomery@circomlib.circom 
** result: NOT SURE 
** time: 26.05058 

** filename: GreaterThan@comparators@circomlib_8.circom 
** result: NOT SURE 
** time: 7.056284 

** filename: Pedersen@pedersen_old@circomlib_64.circom 
** result: NOT SURE 
** time: 25.268951 

** filename: Bits2Num@bitify@circomlib_16.circom 
** result: CONSTRAINED! 
** time: 0.063984 

** filename: Num2Bits@bitify@circomlib_253.circom 
** result: NOT SURE 
** time: 5.3764 

** filename: AliasCheck@aliascheck@circomlib.circom 
** result: CONSTRAINED! 
** time: 5.627514 

** filename: Mux2@mux2@circomlib.circom 
** result: CONSTRAINED! 
** time: 0.040436 

** filename: Bits2Num@bitify@circomlib_64.circom 
** result: CONSTRAINED! 
** time: 0.639597 

** filename: Mux3@mux3@circomlib.circom 
** result: CONSTRAINED! 
** time: 0.100049 

** filename: Bits2Num@bitify@circomlib_8.circom 
** result: CONSTRAINED! 
** time: 0.042541 

** filename: Pedersen@pedersen@circomlib_64.circom 
** result: NOT SURE 
** time: 25.314239 

** filename: Pedersen@pedersen_old@circomlib_128.circom 
** result: NOT SURE 
** time: 37.921368 

** filename: Montgomery2Edwards@montgomery@circomlib.circom 
** result: UNDER-CONSTRAINED! 
** time: 0.201917 

** filename: Multiplexor2@escalarmulany@circomlib.circom 
** result: CONSTRAINED! 
** time: 0.029843 

** filename: Num2BitsNeg@bitify@circomlib_1.circom 
** result: argument 1: RecursionError: ??? 
** time: 99999999 

** filename: Bits2Num_strict@bitify@circomlib.circom 
** result: CONSTRAINED! 
** time: 7.429244 

** filename: EdDSAMiMCVerifier@eddsamimc@circomlib.circom 
** result: CONSTRAINED! 
** time: 35.493097 

** filename: Mux1@mux1@circomlib.circom 
** result: CONSTRAINED! 
** time: 0.026656 

** filename: Sign@sign@circomlib.circom 
** result: NOT SURE 
** time: 6.361601 

** filename: Bits2Num@bitify@circomlib_1.circom 
** result: CONSTRAINED! 
** time: 0.023973 

** filename: Switcher@switcher@circomlib.circom 
** result: CONSTRAINED! 
** time: 0.031426 

** filename: SMTProcessorLevel@smtprocessorlevel@circomlib.circom 
** result: CONSTRAINED! 
** time: 8.635128 

** filename: WindowMulFix@escalarmulfix@circomlib.circom 
** result: NOT SURE 
** time: 20.204005 

** filename: Window4@pedersen@circomlib.circom 
** result: NOT SURE 
** time: 20.853993 

** filename: Bits2Num@bitify@circomlib_253.circom 
** result: CONSTRAINED! 
** time: 5.161137 

** filename: Num2Bits@bitify@circomlib_16.circom 
** result: NOT SURE 
** time: 5.046763 

** filename: Pedersen@pedersen_old@circomlib_1.circom 
** result: CONSTRAINED! 
** time: 0.093165 

** filename: Pedersen@pedersen@circomlib_1.circom 
** result: NOT SURE 
** time: 5.088826 

** filename: Sigma@poseidon_old@circomlib.circom 
** result: CONSTRAINED! 
** time: 0.026444 

** filename: LessEqThan@comparators@circomlib_8.circom 
** result: NOT SURE 
** time: 7.046844 

** filename: SMTVerifierSM@smtverifiersm@circomlib.circom 
** result: CONSTRAINED! 
** time: 0.053029 

** filename: BinSub@binsub@circomlib_16.circom 
** result: NOT SURE 
** time: 5.063208 

** filename: SMTHash2@smthash_poseidon@circomlib.circom 
** result: CONSTRAINED! 
** time: 5.885154 

** filename: BinSum@binsum@circomlib_32_2.circom 
** result: NOT SURE 
** time: 5.099819 

** filename: XOR@gates@circomlib.circom 
** result: CONSTRAINED! 
** time: 0.034931 

** filename: Pedersen@pedersen_old@circomlib_253.circom 
** result: TIMEOUT 
** time: 30.004212141036987 

** filename: Bits2Point@pointbits@circomlib.circom 
** result: UNDER-CONSTRAINED! 
** time: 0.031549 

** filename: Bits2Num@bitify@circomlib_254.circom 
** result: CONSTRAINED! 
** time: 5.197492 

** filename: Pedersen@pedersen@circomlib_128.circom 
** result: NOT SURE 
** time: 32.917827 

** filename: Sha256compression@sha256compression@circomlib.circom 
** result: TIMEOUT 
** time: 30.068007946014404 

** filename: Num2BitsNeg@bitify@circomlib_254.circom 
** result: NOT SURE 
** time: 27.338179 

** filename: GreaterThan@comparators@circomlib_16.circom 
** result: NOT SURE 
** time: 7.07568 

** filename: NOT@gates@circomlib.circom 
** result: CONSTRAINED! 
** time: 0.0245 

** filename: Pedersen@pedersen@circomlib_254.circom 
** result: TIMEOUT 
** time: 30.005196571350098 

** filename: Num2Bits@bitify@circomlib_8.circom 
** result: NOT SURE 
** time: 5.053956 

** filename: Pedersen@pedersen_old@circomlib_16.circom 
** result: NOT SURE 
** time: 21.810204 

** filename: Num2Bits@bitify@circomlib_256.circom 
** result: NOT SURE 
** time: 5.524856 

** filename: IsZero@comparators@circomlib.circom 
** result: NOT SURE 
** time: 0.198336 

** filename: Pedersen@pedersen_old@circomlib_256.circom 
** result: TIMEOUT 
** time: 30.009520530700684 

** filename: LessEqThan@comparators@circomlib_16.circom 
** result: NOT SURE 
** time: 7.096656 

** filename: SMTProcessorSM@smtprocessorsm@circomlib.circom 
** result: CONSTRAINED! 
** time: 0.130494 

** filename: Bits2Point_Strict@pointbits@circomlib.circom 
** result: TIMEOUT 
** time: 30.19878888130188 

** filename: Num2Bits@bitify@circomlib_128.circom 
** result: NOT SURE 
** time: 5.244929 

** filename: Pedersen@pedersen_old@circomlib_8.circom 
** result: NOT SURE 
** time: 20.283658 

** filename: Pedersen@pedersen@circomlib_256.circom 
** result: TIMEOUT 
** time: 30.00198221206665 

** filename: GreaterThan@comparators.circom 
** result: NOT SURE 
** time: 7.156276 

** filename: Segment@pedersen.circom 
** result: NOT SURE 
** time: 21.14016 

** filename: BabyCheck@babyjub.circom 
** result: CONSTRAINED! 
** time: 5.022881 

** filename: Poseidon@poseidon.circom 
** result: CONSTRAINED! 
** time: 5.909715 

** filename: Pedersen@pedersen_old.circom 
** result: CONSTRAINED! 
** time: 7.078207 

** filename: Num2BitsNeg@bitify.circom 
** result: argument 1: RecursionError: ??? 
** time: 99999999 

** filename: SegmentMulAny@escalarmulany.circom 
** result: NOT SURE 
** time: 23.054142 

** filename: MiMCFeistel@mimcsponge.circom 
** result: CONSTRAINED! 
** time: 0.042705 

** filename: BabyAdd@babyjub.circom 
** result: CONSTRAINED! 
** time: 8.367135 

** filename: MultiAND@gates.circom 
** result: CONSTRAINED! 
** time: 0.025534 

** filename: BabyPbk@babyjub.circom 
** result: TIMEOUT 
** time: 30.002259016036987 

** filename: Multiplexer@multiplexer.circom 
** result: CONSTRAINED! 
** time: 0.071837 

** filename: Bits2Num_strict@bitify.circom 
** result: CONSTRAINED! 
** time: 7.502388 

** filename: Point2Bits_Strict@pointbits.circom 
** result: NOT SURE 
** time: 8.482157 

** filename: BinSum@binsum.circom 
** result: NOT SURE 
** time: 5.148384 

** filename: Bits2Point_Strict@pointbits.circom 
** result: TIMEOUT 
** time: 30.197947025299072 

** filename: MultiMux4@mux4.circom 
** result: CONSTRAINED! 
** time: 3.547218 

** filename: EdDSAMiMCSpongeVerifier@eddsamimcsponge.circom 
** result: CONSTRAINED! 
** time: 43.888137 

** filename: OR@gates.circom 
** result: CONSTRAINED! 
** time: 0.026244 

** filename: Mux2@mux2.circom 
** result: CONSTRAINED! 
** time: 0.040655 

** filename: Switcher@switcher.circom 
** result: CONSTRAINED! 
** time: 0.031608 

** filename: BabyDbl@babyjub.circom 
** result: CONSTRAINED! 
** time: 3.498994 

** filename: XOR@gates.circom 
** result: CONSTRAINED! 
** time: 0.025505 

** filename: EscalarProduct@multiplexer.circom 
** result: CONSTRAINED! 
** time: 0.029128 

** filename: IsEqual@comparators.circom 
** result: NOT SURE 
** time: 0.457877 

** filename: IsZero@comparators.circom 
** result: NOT SURE 
** time: 0.197495 

** filename: MontgomeryDouble@montgomery.circom 
** result: NOT SURE 
** time: 25.886625 

** filename: Mux4@mux4.circom 
** result: CONSTRAINED! 
** time: 0.396261 

** filename: EscalarMulAny@escalarmulany.circom 
** result: NOT SURE 
** time: 20.143252 

** filename: MultiMux3@mux3.circom 
** result: CONSTRAINED! 
** time: 0.203528 

** filename: Montgomery2Edwards@montgomery.circom 
** result: UNDER-CONSTRAINED! 
** time: 0.159196 

** filename: NOR@gates.circom 
** result: CONSTRAINED! 
** time: 0.027121 

** filename: BitElementMulAny@escalarmulany.circom 
** result: NOT SURE 
** time: 32.751015 

** filename: MiMCSponge@mimcsponge.circom 
** result: CONSTRAINED! 
** time: 0.29528 

** filename: GreaterEqThan@comparators.circom 
** result: NOT SURE 
** time: 7.084707 

** filename: Sign@sign.circom 
** result: NOT SURE 
** time: 6.345616 

** filename: Mux3@mux3.circom 
** result: CONSTRAINED! 
** time: 0.077839 

** filename: AND@gates.circom 
** result: CONSTRAINED! 
** time: 0.024674 

** filename: NAND@gates.circom 
** result: CONSTRAINED! 
** time: 0.025711 

** filename: ForceEqualIfEnabled@comparators.circom 
** result: CONSTRAINED! 
** time: 0.027266 

** filename: MultiMux1@mux1.circom 
** result: CONSTRAINED! 
** time: 0.031083 

** filename: WindowMulFix@escalarmulfix.circom 
** result: NOT SURE 
** time: 20.215328 

** filename: Multiplexor2@escalarmulany.circom 
** result: CONSTRAINED! 
** time: 0.039838 

** filename: AliasCheck@aliascheck.circom 
** result: CONSTRAINED! 
** time: 5.626933 

** filename: NOT@gates.circom 
** result: CONSTRAINED! 
** time: 0.028144 

** filename: LessEqThan@comparators.circom 
** result: NOT SURE 
** time: 7.090319 

** filename: MontgomeryAdd@montgomery.circom 
** result: UNDER-CONSTRAINED! 
** time: 2.513679 

** filename: MiMC7@mimc.circom 
** result: CONSTRAINED! 
** time: 5.039884 

** filename: MultiMiMC7@mimc.circom 
** result: CONSTRAINED! 
** time: 5.056828 

** filename: Decoder@multiplexer.circom 
** result: UNDER-CONSTRAINED! 
** time: 0.292347 

** filename: MultiMux2@mux2.circom 
** result: CONSTRAINED! 
** time: 0.094905 

** filename: Mux1@mux1.circom 
** result: CONSTRAINED! 
** time: 0.026025 

** filename: Bits2Num@bitify.circom 
** result: CONSTRAINED! 
** time: 0.024919 

** filename: Sigma@poseidon.circom 
** result: CONSTRAINED! 
** time: 0.027165 

** filename: Window4@pedersen.circom 
** result: NOT SURE 
** time: 20.836559 

** filename: EdDSAPoseidonVerifier@eddsaposeidon.circom 
** result: CONSTRAINED! 
** time: 34.033178 

** filename: Num2Bits_strict@bitify.circom 
** result: NOT SURE 
** time: 8.632083 

** filename: CompConstant@compconstant.circom 
** result: NOT SURE 
** time: 5.744733 

** filename: BinSub@binsub.circom 
** result: NOT SURE 
** time: 5.050505 

** filename: LessThan@comparators.circom 
** result: NOT SURE 
** time: 7.04246 

** filename: SegmentMulFix@escalarmulfix.circom 
** result: NOT SURE 
** time: 115.540533 

** filename: EdDSAMiMCVerifier@eddsamimc.circom 
** result: CONSTRAINED! 
** time: 36.898549 

** filename: Pedersen@pedersen.circom 
** result: UNDER-CONSTRAINED! 
** time: 1.018293 

** filename: Edwards2Montgomery@montgomery.circom 
** result: UNDER-CONSTRAINED! 
** time: 2.190424 

** filename: Num2Bits@bitify.circom 
** result: NOT SURE 
** time: 5.04553 

