** filename: GreaterEqThan@comparators@circomlib_16.circom 
** result: CONSTRAINED! 
** time: 0.007266 

** filename: BabyCheck@babyjub@circomlib.circom 
** result: CONSTRAINED! 
** time: 0.000318 

** filename: Num2BitsNeg@bitify@circomlib_256.circom 
** result: CONSTRAINED! 
** time: 0.194688 

** filename: GreaterEqThan@comparators@circomlib_32.circom 
** result: CONSTRAINED! 
** time: 0.009747 

** filename: Num2BitsNeg@bitify@circomlib_16.circom 
** result: CONSTRAINED! 
** time: 0.005931 

** filename: Num2Bits@bitify@circomlib_1.circom 
** result: CONSTRAINED! 
** time: 0.00057 

** filename: T1@t1@circomlib.circom 
** result: CONSTRAINED! 
** time: 3.081286 

** filename: Main@main@circomlib.circom 
** result: TIMEOUT 
** time: 30.061604976654053 

** filename: Bits2Num@bitify@circomlib_256.circom 
** result: CONSTRAINED! 
** time: 0.01426 

** filename: BabyPbk@babyjub@circomlib.circom 
** result: TIMEOUT 
** time: 30.002083778381348 

** filename: Sigma@poseidon@circomlib.circom 
** result: CONSTRAINED! 
** time: 0.00064 

** filename: EdDSAPoseidonVerifier@eddsaposeidon@circomlib.circom 
** result: CONSTRAINED! 
** time: 2.953194 

** filename: BabyAdd@babyjub@circomlib.circom 
** result: CONSTRAINED! 
** time: 8.589725 

** filename: Point2Bits_Strict@pointbits@circomlib.circom 
** result: CONSTRAINED! 
** time: 16.320074 

** filename: Bits2Num@bitify@circomlib_32.circom 
** result: CONSTRAINED! 
** time: 0.000825 

** filename: Mux4@mux4@circomlib.circom 
** result: CONSTRAINED! 
** time: 0.021195 

** filename: GreaterThan@comparators@circomlib_32.circom 
** result: CONSTRAINED! 
** time: 0.011912 

** filename: Point2Bits@pointbits@circomlib.circom 
** result: UNDER-CONSTRAINED! 
** time: 0.017043 

** filename: BitElementMulAny@escalarmulany@circomlib.circom 
** result: NOT SURE 
** time: 32.786559 

** filename: LessEqThan@comparators@circomlib_32.circom 
** result: CONSTRAINED! 
** time: 0.009899 

** filename: Pedersen@pedersen@circomlib_32.circom 
** result: NOT SURE 
** time: 25.23424 

** filename: Sha256_2@sha256_2@circomlib.circom 
** result: TIMEOUT 
** time: 30.05863046646118 

** filename: AND@gates@circomlib.circom 
** result: CONSTRAINED! 
** time: 0.000478 

** filename: Num2BitsNeg@bitify@circomlib_64.circom 
** result: CONSTRAINED! 
** time: 0.020074 

** filename: Bits2Num@bitify@circomlib_128.circom 
** result: CONSTRAINED! 
** time: 0.003705 

** filename: Num2Bits@bitify@circomlib_64.circom 
** result: CONSTRAINED! 
** time: 0.017516 

** filename: Num2BitsNeg@bitify@circomlib_32.circom 
** result: CONSTRAINED! 
** time: 0.008962 

** filename: GreaterEqThan@comparators@circomlib_8.circom 
** result: CONSTRAINED! 
** time: 0.004322 

** filename: EdDSAMiMCSpongeVerifier@eddsamimcsponge@circomlib.circom 
** result: CONSTRAINED! 
** time: 3.836419 

** filename: Pedersen@pedersen@circomlib_8.circom 
** result: TIMEOUT 
** time: 64.90510892868042 

** filename: SMTVerifierLevel@smtverifierlevel@circomlib.circom 
** result: CONSTRAINED! 
** time: 1.329817 

** filename: SMTHash1@smthash_mimc@circomlib.circom 
** result: CONSTRAINED! 
** time: 0.676864 

** filename: OR@gates@circomlib.circom 
** result: CONSTRAINED! 
** time: 0.001106 

** filename: BinSum@binsum@circomlib_32_5.circom 
** result: CONSTRAINED! 
** time: 0.019529 

** filename: NAND@gates@circomlib.circom 
** result: CONSTRAINED! 
** time: 0.000346 

** filename: Num2Bits@bitify@circomlib_254.circom 
** result: CONSTRAINED! 
** time: 0.184635 

** filename: Pedersen@pedersen@circomlib_253.circom 
** result: TIMEOUT 
** time: 30.00969934463501 

** filename: SMTHash1@smthash_poseidon@circomlib.circom 
** result: CONSTRAINED! 
** time: 2.569397 

** filename: Num2BitsNeg@bitify@circomlib_128.circom 
** result: CONSTRAINED! 
** time: 0.052674 

** filename: SMTHash2@smthash_mimc@circomlib.circom 
** result: CONSTRAINED! 
** time: 0.682234 

** filename: Pedersen@pedersen@circomlib_16.circom 
** result: NOT SURE 
** time: 22.007848 

** filename: Edwards2Montgomery@montgomery@circomlib.circom 
** result: UNDER-CONSTRAINED! 
** time: 2.204594 

** filename: IsEqual@comparators@circomlib.circom 
** result: CONSTRAINED! 
** time: 0.002479 

** filename: NOR@gates@circomlib.circom 
** result: CONSTRAINED! 
** time: 0.001045 

** filename: Pedersen@pedersen_old@circomlib_254.circom 
** result: TIMEOUT 
** time: 30.005775451660156 

** filename: MontgomeryAdd@montgomery@circomlib.circom 
** result: UNDER-CONSTRAINED! 
** time: 2.558291 

** filename: BabyDbl@babyjub@circomlib.circom 
** result: CONSTRAINED! 
** time: 3.484494 

** filename: Num2Bits@bitify@circomlib_32.circom 
** result: CONSTRAINED! 
** time: 0.007143 

** filename: SigmaPlus@sigmaplus@circomlib.circom 
** result: CONSTRAINED! 
** time: 4.062681 

** filename: T2@t2@circomlib.circom 
** result: CONSTRAINED! 
** time: 1.920086 

** filename: Num2Bits_strict@bitify@circomlib.circom 
** result: CONSTRAINED! 
** time: 3.699569 

** filename: Num2BitsNeg@bitify@circomlib_253.circom 
** result: CONSTRAINED! 
** time: 0.156494 

** filename: ForceEqualIfEnabled@comparators@circomlib.circom 
** result: CONSTRAINED! 
** time: 0.000237 

** filename: Pedersen@pedersen_old@circomlib_32.circom 
** result: NOT SURE 
** time: 22.723397 

** filename: Num2BitsNeg@bitify@circomlib_8.circom 
** result: CONSTRAINED! 
** time: 0.003871 

** filename: MontgomeryDouble@montgomery@circomlib.circom 
** result: UNDER-CONSTRAINED! 
** time: 29.669397 

** filename: GreaterThan@comparators@circomlib_8.circom 
** result: CONSTRAINED! 
** time: 0.004351 

** filename: Pedersen@pedersen_old@circomlib_64.circom 
** result: NOT SURE 
** time: 26.154109 

** filename: Bits2Num@bitify@circomlib_16.circom 
** result: CONSTRAINED! 
** time: 0.000476 

** filename: Num2Bits@bitify@circomlib_253.circom 
** result: CONSTRAINED! 
** time: 0.154165 

** filename: AliasCheck@aliascheck@circomlib.circom 
** result: CONSTRAINED! 
** time: 0.033966 

** filename: Mux2@mux2@circomlib.circom 
** result: CONSTRAINED! 
** time: 0.00546 

** filename: Bits2Num@bitify@circomlib_64.circom 
** result: CONSTRAINED! 
** time: 0.001667 

** filename: Mux3@mux3@circomlib.circom 
** result: CONSTRAINED! 
** time: 0.012422 

** filename: Bits2Num@bitify@circomlib_8.circom 
** result: CONSTRAINED! 
** time: 0.000265 

** filename: Pedersen@pedersen@circomlib_64.circom 
** result: TIMEOUT 
** time: 30.340824365615845 

** filename: Pedersen@pedersen_old@circomlib_128.circom 
** result: NOT SURE 
** time: 40.799652 

** filename: Montgomery2Edwards@montgomery@circomlib.circom 
** result: UNDER-CONSTRAINED! 
** time: 0.200922 

** filename: Multiplexor2@escalarmulany@circomlib.circom 
** result: CONSTRAINED! 
** time: 0.002881 

** filename: Num2BitsNeg@bitify@circomlib_1.circom 
** result: CONSTRAINED! 
** time: 0.003761 

** filename: Bits2Num_strict@bitify@circomlib.circom 
** result: CONSTRAINED! 
** time: 3.688308 

** filename: EdDSAMiMCVerifier@eddsamimc@circomlib.circom 
** result: CONSTRAINED! 
** time: 3.274958 

** filename: Mux1@mux1@circomlib.circom 
** result: CONSTRAINED! 
** time: 0.004531 

** filename: Sign@sign@circomlib.circom 
** result: CONSTRAINED! 
** time: 1.15398 

** filename: Bits2Num@bitify@circomlib_1.circom 
** result: CONSTRAINED! 
** time: 0.000318 

** filename: Switcher@switcher@circomlib.circom 
** result: CONSTRAINED! 
** time: 0.001251 

** filename: SMTProcessorLevel@smtprocessorlevel@circomlib.circom 
** result: CONSTRAINED! 
** time: 3.127757 

** filename: WindowMulFix@escalarmulfix@circomlib.circom 
** result: NOT SURE 
** time: 20.825647 

** filename: Window4@pedersen@circomlib.circom 
** result: NOT SURE 
** time: 21.738835 

** filename: Bits2Num@bitify@circomlib_253.circom 
** result: CONSTRAINED! 
** time: 0.011478 

** filename: Num2Bits@bitify@circomlib_16.circom 
** result: CONSTRAINED! 
** time: 0.004084 

** filename: Pedersen@pedersen_old@circomlib_1.circom 
** result: CONSTRAINED! 
** time: 0.036524 

** filename: Pedersen@pedersen@circomlib_1.circom 
** result: NOT SURE 
** time: 5.337868 

** filename: Sigma@poseidon_old@circomlib.circom 
** result: CONSTRAINED! 
** time: 0.000491 

** filename: LessEqThan@comparators@circomlib_8.circom 
** result: CONSTRAINED! 
** time: 0.005277 

** filename: SMTVerifierSM@smtverifiersm@circomlib.circom 
** result: CONSTRAINED! 
** time: 0.002131 

** filename: BinSub@binsub@circomlib_16.circom 
** result: CONSTRAINED! 
** time: 0.005599 

** filename: SMTHash2@smthash_poseidon@circomlib.circom 
** result: CONSTRAINED! 
** time: 5.374507 

** filename: BinSum@binsum@circomlib_32_2.circom 
** result: CONSTRAINED! 
** time: 0.013288 

** filename: XOR@gates@circomlib.circom 
** result: CONSTRAINED! 
** time: 0.000977 

** filename: Pedersen@pedersen_old@circomlib_253.circom 
** result: TIMEOUT 
** time: 30.00719165802002 

** filename: Bits2Point@pointbits@circomlib.circom 
** result: UNDER-CONSTRAINED! 
** time: 0.031116 

** filename: Bits2Num@bitify@circomlib_254.circom 
** result: CONSTRAINED! 
** time: 0.011676 

** filename: Pedersen@pedersen@circomlib_128.circom 
** result: TIMEOUT 
** time: 30.005306005477905 

** filename: Sha256compression@sha256compression@circomlib.circom 
** result: TIMEOUT 
** time: 30.006807327270508 

** filename: Num2BitsNeg@bitify@circomlib_254.circom 
** result: CONSTRAINED! 
** time: 0.192694 

** filename: GreaterThan@comparators@circomlib_16.circom 
** result: CONSTRAINED! 
** time: 0.007297 

** filename: NOT@gates@circomlib.circom 
** result: CONSTRAINED! 
** time: 0.000415 

** filename: Pedersen@pedersen@circomlib_254.circom 
** result: TIMEOUT 
** time: 30.01282835006714 

** filename: Num2Bits@bitify@circomlib_8.circom 
** result: CONSTRAINED! 
** time: 0.002135 

** filename: Pedersen@pedersen_old@circomlib_16.circom 
** result: NOT SURE 
** time: 21.866963 

** filename: Num2Bits@bitify@circomlib_256.circom 
** result: CONSTRAINED! 
** time: 0.154941 

** filename: IsZero@comparators@circomlib.circom 
** result: CONSTRAINED! 
** time: 0.001011 

** filename: Pedersen@pedersen_old@circomlib_256.circom 
** result: TIMEOUT 
** time: 30.018319368362427 

** filename: LessEqThan@comparators@circomlib_16.circom 
** result: CONSTRAINED! 
** time: 0.006025 

** filename: SMTProcessorSM@smtprocessorsm@circomlib.circom 
** result: CONSTRAINED! 
** time: 0.0045 

** filename: Bits2Point_Strict@pointbits@circomlib.circom 
** result: TIMEOUT 
** time: 36.42159032821655 

** filename: Num2Bits@bitify@circomlib_128.circom 
** result: CONSTRAINED! 
** time: 0.049464 

** filename: Pedersen@pedersen_old@circomlib_8.circom 
** result: NOT SURE 
** time: 20.373839 

** filename: Pedersen@pedersen@circomlib_256.circom 
** result: TIMEOUT 
** time: 30.00157856941223 

** filename: GreaterThan@comparators.circom 
** result: CONSTRAINED! 
** time: 0.034772 

** filename: Segment@pedersen.circom 
** result: NOT SURE 
** time: 21.770122 

** filename: BabyCheck@babyjub.circom 
** result: CONSTRAINED! 
** time: 0.000227 

** filename: Poseidon@poseidon.circom 
** result: CONSTRAINED! 
** time: 5.779776 

** filename: Pedersen@pedersen_old.circom 
** result: CONSTRAINED! 
** time: 0.067918 

** filename: Num2BitsNeg@bitify.circom 
** result: CONSTRAINED! 
** time: 0.017557 

** filename: SegmentMulAny@escalarmulany.circom 
** result: NOT SURE 
** time: 23.150772 

** filename: MiMCFeistel@mimcsponge.circom 
** result: CONSTRAINED! 
** time: 0.038879 

** filename: BabyAdd@babyjub.circom 
** result: CONSTRAINED! 
** time: 8.632185 

** filename: MultiAND@gates.circom 
** result: CONSTRAINED! 
** time: 0.001771 

** filename: BabyPbk@babyjub.circom 
** result: TIMEOUT 
** time: 30.009674072265625 

** filename: Multiplexer@multiplexer.circom 
** result: CONSTRAINED! 
** time: 0.016034 

** filename: Bits2Num_strict@bitify.circom 
** result: CONSTRAINED! 
** time: 3.667685 

** filename: Point2Bits_Strict@pointbits.circom 
** result: CONSTRAINED! 
** time: 16.561555 

** filename: BinSum@binsum.circom 
** result: CONSTRAINED! 
** time: 0.001037 

** filename: Bits2Point_Strict@pointbits.circom 
** result: TIMEOUT 
** time: 37.28401851654053 

** filename: MultiMux4@mux4.circom 
** result: CONSTRAINED! 
** time: 0.013505 

** filename: EdDSAMiMCSpongeVerifier@eddsamimcsponge.circom 
** result: CONSTRAINED! 
** time: 3.940064 

** filename: OR@gates.circom 
** result: CONSTRAINED! 
** time: 0.001102 

** filename: Mux2@mux2.circom 
** result: CONSTRAINED! 
** time: 0.005399 

** filename: Switcher@switcher.circom 
** result: CONSTRAINED! 
** time: 0.001267 

** filename: BabyDbl@babyjub.circom 
** result: CONSTRAINED! 
** time: 3.538004 

** filename: XOR@gates.circom 
** result: CONSTRAINED! 
** time: 0.000981 

** filename: EscalarProduct@multiplexer.circom 
** result: CONSTRAINED! 
** time: 0.001029 

** filename: IsEqual@comparators.circom 
** result: CONSTRAINED! 
** time: 0.002475 

** filename: IsZero@comparators.circom 
** result: CONSTRAINED! 
** time: 0.000792 

** filename: MontgomeryDouble@montgomery.circom 
** result: UNDER-CONSTRAINED! 
** time: 29.316128 

** filename: Mux4@mux4.circom 
** result: CONSTRAINED! 
** time: 0.021198 

** filename: EscalarMulAny@escalarmulany.circom 
** result: TIMEOUT 
** time: 35.386555910110474 

** filename: MultiMux3@mux3.circom 
** result: CONSTRAINED! 
** time: 0.008381 

** filename: Montgomery2Edwards@montgomery.circom 
** result: UNDER-CONSTRAINED! 
** time: 0.160239 

** filename: NOR@gates.circom 
** result: CONSTRAINED! 
** time: 0.001321 

** filename: BitElementMulAny@escalarmulany.circom 
** result: NOT SURE 
** time: 32.785109 

** filename: MiMCSponge@mimcsponge.circom 
** result: CONSTRAINED! 
** time: 0.178644 

** filename: GreaterEqThan@comparators.circom 
** result: CONSTRAINED! 
** time: 0.034764 

** filename: Sign@sign.circom 
** result: CONSTRAINED! 
** time: 1.135751 

** filename: Mux3@mux3.circom 
** result: CONSTRAINED! 
** time: 0.012265 

** filename: AND@gates.circom 
** result: CONSTRAINED! 
** time: 0.000433 

** filename: NAND@gates.circom 
** result: CONSTRAINED! 
** time: 0.00035 

** filename: ForceEqualIfEnabled@comparators.circom 
** result: CONSTRAINED! 
** time: 0.000319 

** filename: MultiMux1@mux1.circom 
** result: CONSTRAINED! 
** time: 0.00285 

** filename: EdDSAVerifier@eddsa.circom 
** result: CONSTRAINED! 
** time: 12.648429 

** filename: WindowMulFix@escalarmulfix.circom 
** result: NOT SURE 
** time: 20.883205 

** filename: Multiplexor2@escalarmulany.circom 
** result: CONSTRAINED! 
** time: 0.00278 

** filename: AliasCheck@aliascheck.circom 
** result: CONSTRAINED! 
** time: 0.034026 

** filename: NOT@gates.circom 
** result: CONSTRAINED! 
** time: 0.00032 

** filename: LessEqThan@comparators.circom 
** result: CONSTRAINED! 
** time: 0.034729 

** filename: MontgomeryAdd@montgomery.circom 
** result: UNDER-CONSTRAINED! 
** time: 2.448507 

** filename: MiMC7@mimc.circom 
** result: CONSTRAINED! 
** time: 0.001613 

** filename: MultiMiMC7@mimc.circom 
** result: CONSTRAINED! 
** time: 0.087476 

** filename: Decoder@multiplexer.circom 
** result: UNDER-CONSTRAINED! 
** time: 0.267439 

** filename: MultiMux2@mux2.circom 
** result: CONSTRAINED! 
** time: 0.003725 

** filename: Mux1@mux1.circom 
** result: CONSTRAINED! 
** time: 0.004534 

** filename: Bits2Num@bitify.circom 
** result: CONSTRAINED! 
** time: 0.000533 

** filename: Sigma@poseidon.circom 
** result: CONSTRAINED! 
** time: 0.000483 

** filename: Window4@pedersen.circom 
** result: NOT SURE 
** time: 21.42326 

** filename: EdDSAPoseidonVerifier@eddsaposeidon.circom 
** result: CONSTRAINED! 
** time: 2.946663 

** filename: Num2Bits_strict@bitify.circom 
** result: CONSTRAINED! 
** time: 4.05624 

** filename: CompConstant@compconstant.circom 
** result: CONSTRAINED! 
** time: 0.297279 

** filename: BinSub@binsub.circom 
** result: CONSTRAINED! 
** time: 0.000815 

** filename: LessThan@comparators.circom 
** result: CONSTRAINED! 
** time: 0.0261 

** filename: SegmentMulFix@escalarmulfix.circom 
** result: NOT SURE 
** time: 116.248321 

** filename: EdDSAMiMCVerifier@eddsamimc.circom 
** result: CONSTRAINED! 
** time: 3.101985 

** filename: Pedersen@pedersen.circom 
** result: UNDER-CONSTRAINED! 
** time: 1.090213 

** filename: Edwards2Montgomery@montgomery.circom 
** result: UNDER-CONSTRAINED! 
** time: 2.225917 

** filename: Num2Bits@bitify.circom 
** result: CONSTRAINED! 
** time: 0.001912 

