** filename: GreaterEqThan@comparators@circomlib_16.circom 
** result: NOT SURE 
** time: 7.063862 

** filename: BabyCheck@babyjub@circomlib.circom 
** result: CONSTRAINED! 
** time: 0.000308 

** filename: Num2BitsNeg@bitify@circomlib_256.circom 
** result: NOT SURE 
** time: 27.168155 

** filename: GreaterEqThan@comparators@circomlib_32.circom 
** result: NOT SURE 
** time: 7.17728 

** filename: Num2BitsNeg@bitify@circomlib_16.circom 
** result: NOT SURE 
** time: 27.16392 

** filename: Num2Bits@bitify@circomlib_1.circom 
** result: CONSTRAINED! 
** time: 0.000358 

** filename: T1@t1@circomlib.circom 
** result: NOT SURE 
** time: 6.808593 

** filename: Main@main@circomlib.circom 
** result: TIMEOUT 
** time: 30.074129104614258 

** filename: Bits2Num@bitify@circomlib_256.circom 
** result: CONSTRAINED! 
** time: 0.014478 

** filename: BabyPbk@babyjub@circomlib.circom 
** result: TIMEOUT 
** time: 30.002929210662842 

** filename: Sigma@poseidon@circomlib.circom 
** result: CONSTRAINED! 
** time: 0.000438 

** filename: EdDSAPoseidonVerifier@eddsaposeidon@circomlib.circom 
** result: CONSTRAINED! 
** time: 2.959016 

** filename: BabyAdd@babyjub@circomlib.circom 
** result: CONSTRAINED! 
** time: 8.573152 

** filename: Point2Bits_Strict@pointbits@circomlib.circom 
** result: NOT SURE 
** time: 8.474076 

** filename: Bits2Num@bitify@circomlib_32.circom 
** result: CONSTRAINED! 
** time: 0.00062 

** filename: Mux4@mux4@circomlib.circom 
** result: CONSTRAINED! 
** time: 0.010404 

** filename: GreaterThan@comparators@circomlib_32.circom 
** result: NOT SURE 
** time: 7.141187 

** filename: Point2Bits@pointbits@circomlib.circom 
** result: UNDER-CONSTRAINED! 
** time: 0.016846 

** filename: BitElementMulAny@escalarmulany@circomlib.circom 
** result: NOT SURE 
** time: 32.724157 

** filename: LessEqThan@comparators@circomlib_32.circom 
** result: NOT SURE 
** time: 7.136811 

** filename: Pedersen@pedersen@circomlib_32.circom 
** result: NOT SURE 
** time: 21.135226 

** filename: Sha256_2@sha256_2@circomlib.circom 
** result: TIMEOUT 
** time: 30.019439697265625 

** filename: AND@gates@circomlib.circom 
** result: CONSTRAINED! 
** time: 0.00028 

** filename: Num2BitsNeg@bitify@circomlib_64.circom 
** result: NOT SURE 
** time: 28.016117 

** filename: Bits2Num@bitify@circomlib_128.circom 
** result: CONSTRAINED! 
** time: 0.004576 

** filename: Num2Bits@bitify@circomlib_64.circom 
** result: NOT SURE 
** time: 5.127415 

** filename: Num2BitsNeg@bitify@circomlib_32.circom 
** result: NOT SURE 
** time: 27.290868 

** filename: GreaterEqThan@comparators@circomlib_8.circom 
** result: NOT SURE 
** time: 7.04657 

** filename: EdDSAMiMCSpongeVerifier@eddsamimcsponge@circomlib.circom 
** result: CONSTRAINED! 
** time: 3.836665 

** filename: Pedersen@pedersen@circomlib_8.circom 
** result: TIMEOUT 
** time: 64.49906778335571 

** filename: SMTVerifierLevel@smtverifierlevel@circomlib.circom 
** result: CONSTRAINED! 
** time: 0.601959 

** filename: SMTHash1@smthash_mimc@circomlib.circom 
** result: CONSTRAINED! 
** time: 0.52228 

** filename: OR@gates@circomlib.circom 
** result: CONSTRAINED! 
** time: 0.000315 

** filename: BinSum@binsum@circomlib_32_5.circom 
** result: NOT SURE 
** time: 5.18655 

** filename: NAND@gates@circomlib.circom 
** result: CONSTRAINED! 
** time: 0.000207 

** filename: Num2Bits@bitify@circomlib_254.circom 
** result: NOT SURE 
** time: 5.529846 

** filename: Pedersen@pedersen@circomlib_253.circom 
** result: TIMEOUT 
** time: 30.024150371551514 

** filename: SMTHash1@smthash_poseidon@circomlib.circom 
** result: CONSTRAINED! 
** time: 0.994712 

** filename: Num2BitsNeg@bitify@circomlib_128.circom 
** result: NOT SURE 
** time: 26.449836 

** filename: SMTHash2@smthash_mimc@circomlib.circom 
** result: CONSTRAINED! 
** time: 0.434497 

** filename: Pedersen@pedersen@circomlib_16.circom 
** result: NOT SURE 
** time: 20.439355 

** filename: Edwards2Montgomery@montgomery@circomlib.circom 
** result: UNDER-CONSTRAINED! 
** time: 2.193702 

** filename: IsEqual@comparators@circomlib.circom 
** result: NOT SURE 
** time: 0.454712 

** filename: NOR@gates@circomlib.circom 
** result: CONSTRAINED! 
** time: 0.00022 

** filename: Pedersen@pedersen_old@circomlib_254.circom 
** result: TIMEOUT 
** time: 30.010785579681396 

** filename: MontgomeryAdd@montgomery@circomlib.circom 
** result: UNDER-CONSTRAINED! 
** time: 2.524599 

** filename: BabyDbl@babyjub@circomlib.circom 
** result: CONSTRAINED! 
** time: 3.48993 

** filename: Num2Bits@bitify@circomlib_32.circom 
** result: NOT SURE 
** time: 5.069519 

** filename: SigmaPlus@sigmaplus@circomlib.circom 
** result: NOT SURE 
** time: 7.356152 

** filename: T2@t2@circomlib.circom 
** result: NOT SURE 
** time: 6.24088 

** filename: Num2Bits_strict@bitify@circomlib.circom 
** result: NOT SURE 
** time: 8.657604 

** filename: Num2BitsNeg@bitify@circomlib_253.circom 
** result: NOT SURE 
** time: 27.009259 

** filename: ForceEqualIfEnabled@comparators@circomlib.circom 
** result: CONSTRAINED! 
** time: 0.00023 

** filename: Pedersen@pedersen_old@circomlib_32.circom 
** result: NOT SURE 
** time: 22.675252 

** filename: Num2BitsNeg@bitify@circomlib_8.circom 
** result: NOT SURE 
** time: 25.511182 

** filename: MontgomeryDouble@montgomery@circomlib.circom 
** result: NOT SURE 
** time: 26.139212 

** filename: GreaterThan@comparators@circomlib_8.circom 
** result: NOT SURE 
** time: 7.046178 

** filename: Pedersen@pedersen_old@circomlib_64.circom 
** result: NOT SURE 
** time: 25.11722 

** filename: Bits2Num@bitify@circomlib_16.circom 
** result: CONSTRAINED! 
** time: 0.000361 

** filename: Num2Bits@bitify@circomlib_253.circom 
** result: NOT SURE 
** time: 5.437776 

** filename: AliasCheck@aliascheck@circomlib.circom 
** result: CONSTRAINED! 
** time: 0.0276 

** filename: Mux2@mux2@circomlib.circom 
** result: CONSTRAINED! 
** time: 0.002012 

** filename: Bits2Num@bitify@circomlib_64.circom 
** result: CONSTRAINED! 
** time: 0.001352 

** filename: Mux3@mux3@circomlib.circom 
** result: CONSTRAINED! 
** time: 0.004046 

** filename: Bits2Num@bitify@circomlib_8.circom 
** result: CONSTRAINED! 
** time: 0.000265 

** filename: Pedersen@pedersen@circomlib_64.circom 
** result: NOT SURE 
** time: 25.406207 

** filename: Pedersen@pedersen_old@circomlib_128.circom 
** result: NOT SURE 
** time: 38.495695 

** filename: Montgomery2Edwards@montgomery@circomlib.circom 
** result: UNDER-CONSTRAINED! 
** time: 0.16213 

** filename: Multiplexor2@escalarmulany@circomlib.circom 
** result: CONSTRAINED! 
** time: 0.000339 

** filename: Num2BitsNeg@bitify@circomlib_1.circom 
** result: argument 1: RecursionError: ??? 
** time: 99999999 

** filename: Bits2Num_strict@bitify@circomlib.circom 
** result: CONSTRAINED! 
** time: 1.406988 

** filename: EdDSAMiMCVerifier@eddsamimc@circomlib.circom 
** result: CONSTRAINED! 
** time: 3.116656 

** filename: Mux1@mux1@circomlib.circom 
** result: CONSTRAINED! 
** time: 0.000796 

** filename: Sign@sign@circomlib.circom 
** result: NOT SURE 
** time: 6.350663 

** filename: Bits2Num@bitify@circomlib_1.circom 
** result: CONSTRAINED! 
** time: 0.000188 

** filename: Switcher@switcher@circomlib.circom 
** result: CONSTRAINED! 
** time: 0.000355 

** filename: SMTProcessorLevel@smtprocessorlevel@circomlib.circom 
** result: CONSTRAINED! 
** time: 1.80461 

** filename: WindowMulFix@escalarmulfix@circomlib.circom 
** result: NOT SURE 
** time: 20.228983 

** filename: Window4@pedersen@circomlib.circom 
** result: NOT SURE 
** time: 20.843011 

** filename: Bits2Num@bitify@circomlib_253.circom 
** result: CONSTRAINED! 
** time: 0.011769 

** filename: Num2Bits@bitify@circomlib_16.circom 
** result: NOT SURE 
** time: 5.061773 

** filename: Pedersen@pedersen_old@circomlib_1.circom 
** result: CONSTRAINED! 
** time: 0.019087 

** filename: Pedersen@pedersen@circomlib_1.circom 
** result: NOT SURE 
** time: 5.113275 

** filename: Sigma@poseidon_old@circomlib.circom 
** result: CONSTRAINED! 
** time: 0.000444 

** filename: LessEqThan@comparators@circomlib_8.circom 
** result: NOT SURE 
** time: 7.047969 

** filename: SMTVerifierSM@smtverifiersm@circomlib.circom 
** result: CONSTRAINED! 
** time: 0.000883 

** filename: BinSub@binsub@circomlib_16.circom 
** result: NOT SURE 
** time: 5.080287 

** filename: SMTHash2@smthash_poseidon@circomlib.circom 
** result: CONSTRAINED! 
** time: 0.520547 

** filename: BinSum@binsum@circomlib_32_2.circom 
** result: NOT SURE 
** time: 5.127464 

** filename: XOR@gates@circomlib.circom 
** result: CONSTRAINED! 
** time: 0.000216 

** filename: Pedersen@pedersen_old@circomlib_253.circom 
** result: TIMEOUT 
** time: 30.006107807159424 

** filename: Bits2Point@pointbits@circomlib.circom 
** result: UNDER-CONSTRAINED! 
** time: 0.031988 

** filename: Bits2Num@bitify@circomlib_254.circom 
** result: CONSTRAINED! 
** time: 0.014229 

** filename: Pedersen@pedersen@circomlib_128.circom 
** result: NOT SURE 
** time: 33.139535 

** filename: Sha256compression@sha256compression@circomlib.circom 
** result: TIMEOUT 
** time: 30.0705087184906 

** filename: Num2BitsNeg@bitify@circomlib_254.circom 
** result: NOT SURE 
** time: 27.316326 

** filename: GreaterThan@comparators@circomlib_16.circom 
** result: NOT SURE 
** time: 7.078198 

** filename: NOT@gates@circomlib.circom 
** result: CONSTRAINED! 
** time: 0.000185 

** filename: Pedersen@pedersen@circomlib_254.circom 
** result: TIMEOUT 
** time: 30.008559703826904 

** filename: Num2Bits@bitify@circomlib_8.circom 
** result: NOT SURE 
** time: 5.051327 

** filename: Pedersen@pedersen_old@circomlib_16.circom 
** result: NOT SURE 
** time: 21.744083 

** filename: Num2Bits@bitify@circomlib_256.circom 
** result: NOT SURE 
** time: 5.486179 

** filename: IsZero@comparators@circomlib.circom 
** result: NOT SURE 
** time: 0.197567 

** filename: Pedersen@pedersen_old@circomlib_256.circom 
** result: TIMEOUT 
** time: 30.010720252990723 

** filename: LessEqThan@comparators@circomlib_16.circom 
** result: NOT SURE 
** time: 7.107954 

** filename: SMTProcessorSM@smtprocessorsm@circomlib.circom 
** result: CONSTRAINED! 
** time: 0.000875 

** filename: Bits2Point_Strict@pointbits@circomlib.circom 
** result: TIMEOUT 
** time: 30.16509485244751 

** filename: Num2Bits@bitify@circomlib_128.circom 
** result: NOT SURE 
** time: 5.250695 

** filename: Pedersen@pedersen_old@circomlib_8.circom 
** result: NOT SURE 
** time: 20.295132 

** filename: Pedersen@pedersen@circomlib_256.circom 
** result: TIMEOUT 
** time: 30.00578546524048 

** filename: GreaterThan@comparators.circom 
** result: NOT SURE 
** time: 7.072555 

** filename: Segment@pedersen.circom 
** result: NOT SURE 
** time: 21.063059 

** filename: BabyCheck@babyjub.circom 
** result: CONSTRAINED! 
** time: 0.000311 

** filename: Poseidon@poseidon.circom 
** result: CONSTRAINED! 
** time: 0.551347 

** filename: Pedersen@pedersen_old.circom 
** result: CONSTRAINED! 
** time: 0.027196 

** filename: Num2BitsNeg@bitify.circom 
** result: argument 1: RecursionError: ??? 
** time: 99999999 

** filename: SegmentMulAny@escalarmulany.circom 
** result: NOT SURE 
** time: 23.064699 

** filename: MiMCFeistel@mimcsponge.circom 
** result: CONSTRAINED! 
** time: 0.001234 

** filename: BabyAdd@babyjub.circom 
** result: CONSTRAINED! 
** time: 8.533052 

** filename: MultiAND@gates.circom 
** result: CONSTRAINED! 
** time: 0.000788 

** filename: BabyPbk@babyjub.circom 
** result: TIMEOUT 
** time: 30.222219705581665 

** filename: Multiplexer@multiplexer.circom 
** result: CONSTRAINED! 
** time: 0.004543 

** filename: Bits2Num_strict@bitify.circom 
** result: CONSTRAINED! 
** time: 1.36032 

** filename: Point2Bits_Strict@pointbits.circom 
** result: NOT SURE 
** time: 8.697128 

** filename: BinSum@binsum.circom 
** result: NOT SURE 
** time: 5.061511 

** filename: Bits2Point_Strict@pointbits.circom 
** result: TIMEOUT 
** time: 30.218044996261597 

** filename: MultiMux4@mux4.circom 
** result: CONSTRAINED! 
** time: 0.010228 

** filename: EdDSAMiMCSpongeVerifier@eddsamimcsponge.circom 
** result: CONSTRAINED! 
** time: 3.898366 

** filename: OR@gates.circom 
** result: CONSTRAINED! 
** time: 0.000298 

** filename: Mux2@mux2.circom 
** result: CONSTRAINED! 
** time: 0.002471 

** filename: Switcher@switcher.circom 
** result: CONSTRAINED! 
** time: 0.00046 

** filename: BabyDbl@babyjub.circom 
** result: CONSTRAINED! 
** time: 3.479466 

** filename: XOR@gates.circom 
** result: CONSTRAINED! 
** time: 0.000303 

** filename: EscalarProduct@multiplexer.circom 
** result: CONSTRAINED! 
** time: 0.000351 

** filename: IsEqual@comparators.circom 
** result: NOT SURE 
** time: 0.567809 

** filename: IsZero@comparators.circom 
** result: NOT SURE 
** time: 0.25575 

** filename: MontgomeryDouble@montgomery.circom 
** result: NOT SURE 
** time: 26.241359 

** filename: Mux4@mux4.circom 
** result: CONSTRAINED! 
** time: 0.010412 

** filename: EscalarMulAny@escalarmulany.circom 
** result: NOT SURE 
** time: 20.162284 

** filename: MultiMux3@mux3.circom 
** result: CONSTRAINED! 
** time: 0.003805 

** filename: Montgomery2Edwards@montgomery.circom 
** result: UNDER-CONSTRAINED! 
** time: 0.202599 

** filename: NOR@gates.circom 
** result: CONSTRAINED! 
** time: 0.000305 

** filename: BitElementMulAny@escalarmulany.circom 
** result: NOT SURE 
** time: 32.7352 

** filename: MiMCSponge@mimcsponge.circom 
** result: CONSTRAINED! 
** time: 0.007634 

** filename: GreaterEqThan@comparators.circom 
** result: NOT SURE 
** time: 7.08442 

** filename: Sign@sign.circom 
** result: NOT SURE 
** time: 6.386665 

** filename: Mux3@mux3.circom 
** result: CONSTRAINED! 
** time: 0.004049 

** filename: AND@gates.circom 
** result: CONSTRAINED! 
** time: 0.0002 

** filename: NAND@gates.circom 
** result: CONSTRAINED! 
** time: 0.000295 

** filename: ForceEqualIfEnabled@comparators.circom 
** result: CONSTRAINED! 
** time: 0.00024 

** filename: MultiMux1@mux1.circom 
** result: CONSTRAINED! 
** time: 0.000458 

** filename: EdDSAVerifier@eddsa.circom 
** result: CONSTRAINED! 
** time: 12.618853 

** filename: WindowMulFix@escalarmulfix.circom 
** result: NOT SURE 
** time: 20.226678 

** filename: Multiplexor2@escalarmulany.circom 
** result: CONSTRAINED! 
** time: 0.000447 

** filename: AliasCheck@aliascheck.circom 
** result: CONSTRAINED! 
** time: 0.027264 

** filename: NOT@gates.circom 
** result: CONSTRAINED! 
** time: 0.000258 

** filename: LessEqThan@comparators.circom 
** result: NOT SURE 
** time: 7.050438 

** filename: MontgomeryAdd@montgomery.circom 
** result: UNDER-CONSTRAINED! 
** time: 2.424987 

** filename: MiMC7@mimc.circom 
** result: CONSTRAINED! 
** time: 0.000818 

** filename: MultiMiMC7@mimc.circom 
** result: CONSTRAINED! 
** time: 0.00389 

** filename: Decoder@multiplexer.circom 
** result: UNDER-CONSTRAINED! 
** time: 0.295811 

** filename: MultiMux2@mux2.circom 
** result: CONSTRAINED! 
** time: 0.001499 

** filename: Mux1@mux1.circom 
** result: CONSTRAINED! 
** time: 0.000781 

** filename: Bits2Num@bitify.circom 
** result: CONSTRAINED! 
** time: 0.000191 

** filename: Sigma@poseidon.circom 
** result: CONSTRAINED! 
** time: 0.000437 

** filename: Window4@pedersen.circom 
** result: NOT SURE 
** time: 20.797623 

** filename: EdDSAPoseidonVerifier@eddsaposeidon.circom 
** result: CONSTRAINED! 
** time: 3.010449 

** filename: Num2Bits_strict@bitify.circom 
** result: NOT SURE 
** time: 8.689961 

** filename: CompConstant@compconstant.circom 
** result: NOT SURE 
** time: 5.742727 

** filename: BinSub@binsub.circom 
** result: NOT SURE 
** time: 5.32562 

** filename: LessThan@comparators.circom 
** result: NOT SURE 
** time: 7.045821 

** filename: SegmentMulFix@escalarmulfix.circom 
** result: NOT SURE 
** time: 115.454562 

** filename: EdDSAMiMCVerifier@eddsamimc.circom 
** result: CONSTRAINED! 
** time: 3.115385 

** filename: Pedersen@pedersen.circom 
** result: UNDER-CONSTRAINED! 
** time: 0.803599 

** filename: Edwards2Montgomery@montgomery.circom 
** result: UNDER-CONSTRAINED! 
** time: 2.193503 

** filename: Num2Bits@bitify.circom 
** result: NOT SURE 
** time: 5.175701 

