# r1cs file: ./benchmarks/circomlib-cff5ab6/BinSum@binsum.r1cs
# timeout: 5000
# solver: cvc5
# selector: counter
# precondition: ()
# propagation on: #t
# solver on: #t
# smt: #f
# weak: #t
# map: #f
# number of wires: 8
# number of constraints: 4
# field size (how many bytes): 32
# inputs: (0 4 5 6 7).
# outputs: (1 2 3).
# targets: #<set: 1 2 3>.
# parsing original r1cs...
# xlist: (x0 x1 x2 x3 x4 x5 x6 x7).
# alt-xlist (x0 y1 y2 y3 x4 x5 x6 x7).
# parsing alternative r1cs...
# configuring precondition...
# unique: #<set:>.
# initial known-set #<set: 0 4 5 6 7>
# initial unknown-set #<set: 1 2 3>
# refined known-set: #<set: 0 4 5 6 7>
# refined unknown-set: #<set: 1 2 3>
  # propagation (linear lemma): none.
  # propagation (binary01 lemma): none.
  # propagation (basis2 lemma): none.
  # propagation (aboz lemma): none.
  # propagation (aboz lemma): none.
  # checking: (x1 y1), verified.
  # propagation (linear lemma): none.
  # propagation (binary01 lemma): none.
  # propagation (basis2 lemma): none.
  # propagation (aboz lemma): none.
  # propagation (aboz lemma): none.
  # checking: (x2 y2), verified.
  # propagation (linear lemma): #<set: 3> added.
  # propagation (linear lemma): none.
  # propagation (binary01 lemma): none.
  # propagation (basis2 lemma): none.
  # propagation (aboz lemma): none.
  # propagation (aboz lemma): none.
  # propagation (linear lemma): none.
  # propagation (binary01 lemma): none.
  # propagation (basis2 lemma): none.
  # propagation (aboz lemma): none.
  # propagation (aboz lemma): none.
# final unknown set #<set:>.
# weak uniqueness: safe.
