# r1cs file: ./benchmarks/circomlibex-cff5ab6/BinSub@binsub@circomlib_16.r1cs
# timeout: 5000
# solver: cvc5
# selector: counter
# precondition: ()
# propagation on: #t
# solver on: #t
# smt: #f
# weak: #t
# map: #f
# number of wires: 50
# number of constraints: 18
# field size (how many bytes): 32
# inputs: (0 17 18 19 20 21 22 23 24 25 26 27 28 29 30 31 32 33 34 35 36 37 38 39 40 41 42 43 44 45 46 47 48).
# outputs: (1 2 3 4 5 6 7 8 9 10 11 12 13 14 15 16).
# targets: #<set: 16 1 2 3 4 5 6 7 8 9 10 11 12 13 14 15>.
# parsing original r1cs...
# xlist: (x0 x1 x2 x3 x4 x5 x6 x7 x8 x9 x10 x11 x12 x13 x14 x15 x16 x17 x18 x19 x20 x21 x22 x23 x24 x25 x26 x27 x28 x29 x30 x31 x32 x33 x34 x35 x36 x37 x38 x39 x40 x41 x42 x43 x44 x45 x46 x47 x48 x49).
# alt-xlist (x0 y1 y2 y3 y4 y5 y6 y7 y8 y9 y10 y11 y12 y13 y14 y15 y16 x17 x18 x19 x20 x21 x22 x23 x24 x25 x26 x27 x28 x29 x30 x31 x32 x33 x34 x35 x36 x37 x38 x39 x40 x41 x42 x43 x44 x45 x46 x47 x48 y49).
# parsing alternative r1cs...
# configuring precondition...
# unique: #<set:>.
# initial known-set #<set: 0 32 48 17 33 18 34 19 35 20 36 21 37 22 38 23 39 24 40 25 41 26 42 27 43 28 44 29 45 30 46 31 47>
# initial unknown-set #<set: 16 2 3 4 5 6 7 8 9 10 11 12 13 14 15 1 49>
# refined known-set: #<set: 0 32 48 17 33 18 34 19 35 20 36 21 37 22 38 23 39 24 40 25 41 26 42 27 43 28 44 29 45 30 46 31 47>
# refined unknown-set: #<set: 16 2 3 4 5 6 7 8 9 10 11 12 13 14 15 1 49>
  # propagation (linear lemma): none.
  # propagation (binary01 lemma): none.
  # propagation (basis2 lemma): none.
  # propagation (aboz lemma): none.
  # propagation (aboz lemma): none.
  # checking: (x1 y1), skip.
  # checking: (x16 y16), skip.
  # checking: (x49 y49), skip.
  # checking: (x2 y2), skip.
  # checking: (x3 y3), skip.
  # checking: (x4 y4), skip.
  # checking: (x5 y5), skip.
  # checking: (x6 y6), skip.
  # checking: (x7 y7), skip.
  # checking: (x8 y8), skip.
  # checking: (x9 y9), skip.
  # checking: (x10 y10), skip.
  # checking: (x11 y11), skip.
  # checking: (x12 y12), skip.
  # checking: (x13 y13), skip.
  # checking: (x14 y14), skip.
  # checking: (x15 y15), skip.
# final unknown set #<set: 16 2 3 4 5 6 7 8 9 10 11 12 13 14 15 1 49>.
# weak uniqueness: unknown.
