# r1cs file: ./benchmarks/circomlibex-cff5ab6/BinSum@binsum@circomlib_32_5.r1cs
# timeout: 5000
# solver: cvc5
# selector: counter
# precondition: ()
# propagation on: #t
# solver on: #t
# smt: #f
# weak: #t
# map: #f
# number of wires: 196
# number of constraints: 36
# field size (how many bytes): 32
# inputs: (0 36 37 38 39 40 41 42 43 44 45 46 47 48 49 50 51 52 53 54 55 56 57 58 59 60 61 62 63 64 65 66 67 68 69 70 71 72 73 74 75 76 77 78 79 80 81 82 83 84 85 86 87 88 89 90 91 92 93 94 95 96 97 98 99 100 101 102 103 104 105 106 107 108 109 110 111 112 113 114 115 116 117 118 119 120 121 122 123 124 125 126 127 128 129 130 131 132 133 134 135 136 137 138 139 140 141 142 143 144 145 146 147 148 149 150 151 152 153 154 155 156 157 158 159 160 161 162 163 164 165 166 167 168 169 170 171 172 173 174 175 176 177 178 179 180 181 182 183 184 185 186 187 188 189 190 191 192 193 194 195).
# outputs: (1 2 3 4 5 6 7 8 9 10 11 12 13 14 15 16 17 18 19 20 21 22 23 24 25 26 27 28 29 30 31 32 33 34 35).
# targets: #<set: 16 32 1 17 33 2 18 34 3 19 35 4 20 5 21 6 22 7 23 8 24 9 25 10 26 11 27 12 28 13 29 14 30 15 31>.
# parsing original r1cs...
# xlist: (x0 x1 x2 x3 x4 x5 x6 x7 x8 x9 x10 x11 x12 x13 x14 x15 x16 x17 x18 x19 x20 x21 x22 x23 x24 x25 x26 x27 x28 x29 x30 x31 x32 x33 x34 x35 x36 x37 x38 x39 x40 x41 x42 x43 x44 x45 x46 x47 x48 x49 x50 x51 x52 x53 x54 x55 x56 x57 x58 x59 x60 x61 x62 x63 x64 x65 x66 x67 x68 x69 x70 x71 x72 x73 x74 x75 x76 x77 x78 x79 x80 x81 x82 x83 x84 x85 x86 x87 x88 x89 x90 x91 x92 x93 x94 x95 x96 x97 x98 x99 x100 x101 x102 x103 x104 x105 x106 x107 x108 x109 x110 x111 x112 x113 x114 x115 x116 x117 x118 x119 x120 x121 x122 x123 x124 x125 x126 x127 x128 x129 x130 x131 x132 x133 x134 x135 x136 x137 x138 x139 x140 x141 x142 x143 x144 x145 x146 x147 x148 x149 x150 x151 x152 x153 x154 x155 x156 x157 x158 x159 x160 x161 x162 x163 x164 x165 x166 x167 x168 x169 x170 x171 x172 x173 x174 x175 x176 x177 x178 x179 x180 x181 x182 x183 x184 x185 x186 x187 x188 x189 x190 x191 x192 x193 x194 x195).
# alt-xlist (x0 y1 y2 y3 y4 y5 y6 y7 y8 y9 y10 y11 y12 y13 y14 y15 y16 y17 y18 y19 y20 y21 y22 y23 y24 y25 y26 y27 y28 y29 y30 y31 y32 y33 y34 y35 x36 x37 x38 x39 x40 x41 x42 x43 x44 x45 x46 x47 x48 x49 x50 x51 x52 x53 x54 x55 x56 x57 x58 x59 x60 x61 x62 x63 x64 x65 x66 x67 x68 x69 x70 x71 x72 x73 x74 x75 x76 x77 x78 x79 x80 x81 x82 x83 x84 x85 x86 x87 x88 x89 x90 x91 x92 x93 x94 x95 x96 x97 x98 x99 x100 x101 x102 x103 x104 x105 x106 x107 x108 x109 x110 x111 x112 x113 x114 x115 x116 x117 x118 x119 x120 x121 x122 x123 x124 x125 x126 x127 x128 x129 x130 x131 x132 x133 x134 x135 x136 x137 x138 x139 x140 x141 x142 x143 x144 x145 x146 x147 x148 x149 x150 x151 x152 x153 x154 x155 x156 x157 x158 x159 x160 x161 x162 x163 x164 x165 x166 x167 x168 x169 x170 x171 x172 x173 x174 x175 x176 x177 x178 x179 x180 x181 x182 x183 x184 x185 x186 x187 x188 x189 x190 x191 x192 x193 x194 x195).
# parsing alternative r1cs...
# configuring precondition...
# unique: #<set:>.
# initial known-set #<set: 0 48 64 80 96 112 128 144 160 176 192 49 65 81 97 113 129 145 161 177 193 50 66 82 98 114 130 146 162 178 194 51 67 83 99 115 131 147 163 179 195 36 52 68 84 100 116 132 148 164 180 37 53 69 85 101 117 133 149 165 181 38 54 70 86 102 118 134 150 166 182 39 55 71 87 103 119 135 151 167 183 40 56 72 88 104 120 136 152 168 184 41 57 73 89 105 121 137 153 169 185 42 58 74 90 106 122 138 154 170 186 43 59 75 91 107 123 139 155 171 187 44 60 76 92 108 124 140 156 172 188 45 61 77 93 109 125 141 157 173 189 46 62 78 94 110 126 142 158 174 190 47 63 79 95 111 127 143 159 175 191>
# initial unknown-set #<set: 16 32 1 17 33 2 18 34 3 19 35 4 20 5 21 6 22 7 23 8 24 9 25 10 26 11 27 12 28 13 29 14 30 15 31>
# refined known-set: #<set: 0 48 64 80 96 112 128 144 160 176 192 49 65 81 97 113 129 145 161 177 193 50 66 82 98 114 130 146 162 178 194 51 67 83 99 115 131 147 163 179 195 36 52 68 84 100 116 132 148 164 180 37 53 69 85 101 117 133 149 165 181 38 54 70 86 102 118 134 150 166 182 39 55 71 87 103 119 135 151 167 183 40 56 72 88 104 120 136 152 168 184 41 57 73 89 105 121 137 153 169 185 42 58 74 90 106 122 138 154 170 186 43 59 75 91 107 123 139 155 171 187 44 60 76 92 108 124 140 156 172 188 45 61 77 93 109 125 141 157 173 189 46 62 78 94 110 126 142 158 174 190 47 63 79 95 111 127 143 159 175 191>
# refined unknown-set: #<set: 16 32 1 17 33 2 18 34 3 19 35 4 20 5 21 6 22 7 23 8 24 9 25 10 26 11 27 12 28 13 29 14 30 15 31>
  # propagation (linear lemma): none.
  # propagation (binary01 lemma): none.
  # propagation (basis2 lemma): none.
  # propagation (aboz lemma): none.
  # propagation (aboz lemma): none.
  # checking: (x1 y1), skip.
  # checking: (x2 y2), skip.
  # checking: (x3 y3), skip.
  # checking: (x32 y32), skip.
  # checking: (x33 y33), skip.
  # checking: (x34 y34), skip.
  # checking: (x35 y35), skip.
  # checking: (x4 y4), skip.
  # checking: (x5 y5), skip.
  # checking: (x6 y6), skip.
  # checking: (x7 y7), skip.
  # checking: (x8 y8), skip.
  # checking: (x9 y9), skip.
  # checking: (x10 y10), skip.
  # checking: (x11 y11), skip.
  # checking: (x12 y12), skip.
  # checking: (x13 y13), skip.
  # checking: (x14 y14), skip.
  # checking: (x15 y15), skip.
  # checking: (x16 y16), skip.
  # checking: (x17 y17), skip.
  # checking: (x18 y18), skip.
  # checking: (x19 y19), skip.
  # checking: (x20 y20), skip.
  # checking: (x21 y21), skip.
  # checking: (x22 y22), skip.
  # checking: (x23 y23), skip.
  # checking: (x24 y24), skip.
  # checking: (x25 y25), skip.
  # checking: (x26 y26), skip.
  # checking: (x27 y27), skip.
  # checking: (x28 y28), skip.
  # checking: (x29 y29), skip.
  # checking: (x30 y30), skip.
  # checking: (x31 y31), skip.
# final unknown set #<set: 16 32 1 17 33 2 18 34 3 19 35 4 20 5 21 6 22 7 23 8 24 9 25 10 26 11 27 12 28 13 29 14 30 15 31>.
# weak uniqueness: unknown.
