# r1cs file: ./benchmarks/circomlib-cff5ab6/BitElementMulAny@escalarmulany.r1cs
# timeout: 5000
# solver: cvc5
# selector: counter
# precondition: ()
# propagation on: #t
# solver on: #t
# smt: #f
# weak: #t
# map: #f
# number of wires: 30
# number of constraints: 24
# field size (how many bytes): 32
# inputs: (0 5 6 7 8 9).
# outputs: (1 2 3 4).
# targets: #<set: 1 2 3 4>.
# parsing original r1cs...
# xlist: (x0 x1 x2 x3 x4 x5 x6 x7 x8 x9 x10 x11 x12 x13 x14 x15 x16 x17 x18 x19 x20 x21 x22 x23 x24 x25 x26 x27 x28 x29).
# alt-xlist (x0 y1 y2 y3 y4 x5 x6 x7 x8 x9 y10 y11 y12 y13 y14 y15 y16 y17 y18 y19 y20 y21 y22 y23 y24 y25 y26 y27 y28 y29).
# parsing alternative r1cs...
# configuring precondition...
# unique: #<set:>.
# initial known-set #<set: 0 5 6 7 8 9>
# initial unknown-set #<set: 16 21 22 23 24 25 14 15 1 17 2 18 3 19 4 20 10 26 11 27 12 28 13 29>
# refined known-set: #<set: 0 5 6 7 8 9>
# refined unknown-set: #<set: 16 21 22 23 24 25 14 15 1 17 2 18 3 19 4 20 10 26 11 27 12 28 13 29>
  # propagation (linear lemma): #<set: 19 20 25 26 27 14 15> added.
  # propagation (linear lemma): #<set: 22> added.
  # propagation (linear lemma): none.
  # propagation (binary01 lemma): none.
  # propagation (basis2 lemma): none.
  # propagation (aboz lemma): none.
  # propagation (aboz lemma): none.
  # propagation (linear lemma): none.
  # propagation (binary01 lemma): none.
  # propagation (basis2 lemma): none.
  # propagation (aboz lemma): none.
  # propagation (aboz lemma): none.
  # checking: (x16 y16), skip.
  # checking: (x12 y12), skip.
  # checking: (x21 y21), skip.
  # checking: (x10 y10), skip.
  # checking: (x17 y17), skip.
  # checking: (x13 y13), skip.
  # checking: (x18 y18), skip.
  # checking: (x11 y11), skip.
  # checking: (x28 y28), skip.
  # checking: (x29 y29), skip.
  # checking: (x24 y24), skip.
  # checking: (x1 y1), skip.
  # checking: (x2 y2), skip.
  # checking: (x3 y3), skip.
  # checking: (x4 y4), skip.
  # checking: (x23 y23), skip.
# final unknown set #<set: 16 3 4 21 23 24 10 11 1 17 2 18 12 28 13 29>.
# weak uniqueness: unknown.
