# r1cs file: ./benchmarks/circomlibex-cff5ab6/Bits2Point@pointbits@circomlib.r1cs
# timeout: 5000
# solver: cvc5
# selector: counter
# precondition: ()
# propagation on: #t
# solver on: #t
# smt: #f
# weak: #t
# map: #f
# number of wires: 259
# number of constraints: 0
# field size (how many bytes): 32
# inputs: (0 3 4 5 6 7 8 9 10 11 12 13 14 15 16 17 18 19 20 21 22 23 24 25 26 27 28 29 30 31 32 33 34 35 36 37 38 39 40 41 42 43 44 45 46 47 48 49 50 51 52 53 54 55 56 57 58 59 60 61 62 63 64 65 66 67 68 69 70 71 72 73 74 75 76 77 78 79 80 81 82 83 84 85 86 87 88 89 90 91 92 93 94 95 96 97 98 99 100 101 102 103 104 105 106 107 108 109 110 111 112 113 114 115 116 117 118 119 120 121 122 123 124 125 126 127 128 129 130 131 132 133 134 135 136 137 138 139 140 141 142 143 144 145 146 147 148 149 150 151 152 153 154 155 156 157 158 159 160 161 162 163 164 165 166 167 168 169 170 171 172 173 174 175 176 177 178 179 180 181 182 183 184 185 186 187 188 189 190 191 192 193 194 195 196 197 198 199 200 201 202 203 204 205 206 207 208 209 210 211 212 213 214 215 216 217 218 219 220 221 222 223 224 225 226 227 228 229 230 231 232 233 234 235 236 237 238 239 240 241 242 243 244 245 246 247 248 249 250 251 252 253 254 255 256 257 258).
# outputs: (1 2).
# targets: #<set: 1 2>.
# parsing original r1cs...
# xlist: (x0 x1 x2 x3 x4 x5 x6 x7 x8 x9 x10 x11 x12 x13 x14 x15 x16 x17 x18 x19 x20 x21 x22 x23 x24 x25 x26 x27 x28 x29 x30 x31 x32 x33 x34 x35 x36 x37 x38 x39 x40 x41 x42 x43 x44 x45 x46 x47 x48 x49 x50 x51 x52 x53 x54 x55 x56 x57 x58 x59 x60 x61 x62 x63 x64 x65 x66 x67 x68 x69 x70 x71 x72 x73 x74 x75 x76 x77 x78 x79 x80 x81 x82 x83 x84 x85 x86 x87 x88 x89 x90 x91 x92 x93 x94 x95 x96 x97 x98 x99 x100 x101 x102 x103 x104 x105 x106 x107 x108 x109 x110 x111 x112 x113 x114 x115 x116 x117 x118 x119 x120 x121 x122 x123 x124 x125 x126 x127 x128 x129 x130 x131 x132 x133 x134 x135 x136 x137 x138 x139 x140 x141 x142 x143 x144 x145 x146 x147 x148 x149 x150 x151 x152 x153 x154 x155 x156 x157 x158 x159 x160 x161 x162 x163 x164 x165 x166 x167 x168 x169 x170 x171 x172 x173 x174 x175 x176 x177 x178 x179 x180 x181 x182 x183 x184 x185 x186 x187 x188 x189 x190 x191 x192 x193 x194 x195 x196 x197 x198 x199 x200 x201 x202 x203 x204 x205 x206 x207 x208 x209 x210 x211 x212 x213 x214 x215 x216 x217 x218 x219 x220 x221 x222 x223 x224 x225 x226 x227 x228 x229 x230 x231 x232 x233 x234 x235 x236 x237 x238 x239 x240 x241 x242 x243 x244 x245 x246 x247 x248 x249 x250 x251 x252 x253 x254 x255 x256 x257 x258).
# alt-xlist (x0 y1 y2 x3 x4 x5 x6 x7 x8 x9 x10 x11 x12 x13 x14 x15 x16 x17 x18 x19 x20 x21 x22 x23 x24 x25 x26 x27 x28 x29 x30 x31 x32 x33 x34 x35 x36 x37 x38 x39 x40 x41 x42 x43 x44 x45 x46 x47 x48 x49 x50 x51 x52 x53 x54 x55 x56 x57 x58 x59 x60 x61 x62 x63 x64 x65 x66 x67 x68 x69 x70 x71 x72 x73 x74 x75 x76 x77 x78 x79 x80 x81 x82 x83 x84 x85 x86 x87 x88 x89 x90 x91 x92 x93 x94 x95 x96 x97 x98 x99 x100 x101 x102 x103 x104 x105 x106 x107 x108 x109 x110 x111 x112 x113 x114 x115 x116 x117 x118 x119 x120 x121 x122 x123 x124 x125 x126 x127 x128 x129 x130 x131 x132 x133 x134 x135 x136 x137 x138 x139 x140 x141 x142 x143 x144 x145 x146 x147 x148 x149 x150 x151 x152 x153 x154 x155 x156 x157 x158 x159 x160 x161 x162 x163 x164 x165 x166 x167 x168 x169 x170 x171 x172 x173 x174 x175 x176 x177 x178 x179 x180 x181 x182 x183 x184 x185 x186 x187 x188 x189 x190 x191 x192 x193 x194 x195 x196 x197 x198 x199 x200 x201 x202 x203 x204 x205 x206 x207 x208 x209 x210 x211 x212 x213 x214 x215 x216 x217 x218 x219 x220 x221 x222 x223 x224 x225 x226 x227 x228 x229 x230 x231 x232 x233 x234 x235 x236 x237 x238 x239 x240 x241 x242 x243 x244 x245 x246 x247 x248 x249 x250 x251 x252 x253 x254 x255 x256 x257 x258).
# parsing alternative r1cs...
# configuring precondition...
# unique: #<set:>.
# initial known-set #<set: 16 32 48 64 80 96 112 128 144 160 176 192 208 224 240 0 256 257 17 33 49 65 81 97 113 129 145 161 177 193 209 225 241 258 18 34 50 66 82 98 114 130 146 162 178 194 210 226 242 3 19 35 51 67 83 99 115 131 147 163 179 195 211 227 243 4 20 36 52 68 84 100 116 132 148 164 180 196 212 228 244 5 21 37 53 69 85 101 117 133 149 165 181 197 213 229 245 6 22 38 54 70 86 102 118 134 150 166 182 198 214 230 246 7 23 39 55 71 87 103 119 135 151 167 183 199 215 231 247 8 24 40 56 72 88 104 120 136 152 168 184 200 216 232 248 9 25 41 57 73 89 105 121 137 153 169 185 201 217 233 249 10 26 42 58 74 90 106 122 138 154 170 186 202 218 234 250 11 27 43 59 75 91 107 123 139 155 171 187 203 219 235 251 12 28 44 60 76 92 108 124 140 156 172 188 204 220 236 252 13 29 45 61 77 93 109 125 141 157 173 189 205 221 237 253 14 30 46 62 78 94 110 126 142 158 174 190 206 222 238 254 15 31 47 63 79 95 111 127 143 159 175 191 207 223 239 255>
# initial unknown-set #<set: 1 2>
# refined known-set: #<set: 16 32 48 64 80 96 112 128 144 160 176 192 208 224 240 0 256 257 17 33 49 65 81 97 113 129 145 161 177 193 209 225 241 258 18 34 50 66 82 98 114 130 146 162 178 194 210 226 242 3 19 35 51 67 83 99 115 131 147 163 179 195 211 227 243 4 20 36 52 68 84 100 116 132 148 164 180 196 212 228 244 5 21 37 53 69 85 101 117 133 149 165 181 197 213 229 245 6 22 38 54 70 86 102 118 134 150 166 182 198 214 230 246 7 23 39 55 71 87 103 119 135 151 167 183 199 215 231 247 8 24 40 56 72 88 104 120 136 152 168 184 200 216 232 248 9 25 41 57 73 89 105 121 137 153 169 185 201 217 233 249 10 26 42 58 74 90 106 122 138 154 170 186 202 218 234 250 11 27 43 59 75 91 107 123 139 155 171 187 203 219 235 251 12 28 44 60 76 92 108 124 140 156 172 188 204 220 236 252 13 29 45 61 77 93 109 125 141 157 173 189 205 221 237 253 14 30 46 62 78 94 110 126 142 158 174 190 206 222 238 254 15 31 47 63 79 95 111 127 143 159 175 191 207 223 239 255>
# refined unknown-set: #<set: 1 2>
  # propagation (linear lemma): none.
  # propagation (binary01 lemma): none.
  # propagation (basis2 lemma): none.
  # propagation (aboz lemma): none.
  # propagation (aboz lemma): none.
  # checking: (x1 y1), sat.
# final unknown set #<set: 1 2>.
# weak uniqueness: unsafe.
# counter-example:
  #hash((one . 1) (p . 0) (ps1 . 21888242871839275222246405745257275088548364400416034343698204186575808495616) (ps2 . 21888242871839275222246405745257275088548364400416034343698204186575808495615) (ps3 . 21888242871839275222246405745257275088548364400416034343698204186575808495614) (ps4 . 21888242871839275222246405745257275088548364400416034343698204186575808495613) (ps5 . 21888242871839275222246405745257275088548364400416034343698204186575808495612) (x0 . 0) (x1 . 1) (x10 . 0) (x100 . 0) (x101 . 0) (x102 . 0) (x103 . 0) (x104 . 0) (x105 . 0) (x106 . 0) (x107 . 0) (x108 . 0) (x109 . 0) (x11 . 0) (x110 . 0) (x111 . 0) (x112 . 0) (x113 . 0) (x114 . 0) (x115 . 0) (x116 . 0) (x117 . 0) (x118 . 0) (x119 . 0) (x12 . 0) (x120 . 0) (x121 . 0) (x122 . 0) (x123 . 0) (x124 . 0) (x125 . 0) (x126 . 0) (x127 . 0) (x128 . 0) (x129 . 0) (x13 . 0) (x130 . 0) (x131 . 0) (x132 . 0) (x133 . 0) (x134 . 0) (x135 . 0) (x136 . 0) (x137 . 0) (x138 . 0) (x139 . 0) (x14 . 0) (x140 . 0) (x141 . 0) (x142 . 0) (x143 . 0) (x144 . 0) (x145 . 0) (x146 . 0) (x147 . 0) (x148 . 0) (x149 . 0) (x15 . 0) (x150 . 0) (x151 . 0) (x152 . 0) (x153 . 0) (x154 . 0) (x155 . 0) (x156 . 0) (x157 . 0) (x158 . 0) (x159 . 0) (x16 . 0) (x160 . 0) (x161 . 0) (x162 . 0) (x163 . 0) (x164 . 0) (x165 . 0) (x166 . 0) (x167 . 0) (x168 . 0) (x169 . 0) (x17 . 0) (x170 . 0) (x171 . 0) (x172 . 0) (x173 . 0) (x174 . 0) (x175 . 0) (x176 . 0) (x177 . 0) (x178 . 0) (x179 . 0) (x18 . 0) (x180 . 0) (x181 . 0) (x182 . 0) (x183 . 0) (x184 . 0) (x185 . 0) (x186 . 0) (x187 . 0) (x188 . 0) (x189 . 0) (x19 . 0) (x190 . 0) (x191 . 0) (x192 . 0) (x193 . 0) (x194 . 0) (x195 . 0) (x196 . 0) (x197 . 0) (x198 . 0) (x199 . 0) (x2 . 0) (x20 . 0) (x200 . 0) (x201 . 0) (x202 . 0) (x203 . 0) (x204 . 0) (x205 . 0) (x206 . 0) (x207 . 0) (x208 . 0) (x209 . 0) (x21 . 0) (x210 . 0) (x211 . 0) (x212 . 0) (x213 . 0) (x214 . 0) (x215 . 0) (x216 . 0) (x217 . 0) (x218 . 0) (x219 . 0) (x22 . 0) (x220 . 0) (x221 . 0) (x222 . 0) (x223 . 0) (x224 . 0) (x225 . 0) (x226 . 0) (x227 . 0) (x228 . 0) (x229 . 0) (x23 . 0) (x230 . 0) (x231 . 0) (x232 . 0) (x233 . 0) (x234 . 0) (x235 . 0) (x236 . 0) (x237 . 0) (x238 . 0) (x239 . 0) (x24 . 0) (x240 . 0) (x241 . 0) (x242 . 0) (x243 . 0) (x244 . 0) (x245 . 0) (x246 . 0) (x247 . 0) (x248 . 0) (x249 . 0) (x25 . 0) (x250 . 0) (x251 . 0) (x252 . 0) (x253 . 0) (x254 . 0) (x255 . 0) (x256 . 0) (x257 . 0) (x258 . 0) (x26 . 0) (x27 . 0) (x28 . 0) (x29 . 0) (x3 . 0) (x30 . 0) (x31 . 0) (x32 . 0) (x33 . 0) (x34 . 0) (x35 . 0) (x36 . 0) (x37 . 0) (x38 . 0) (x39 . 0) (x4 . 0) (x40 . 0) (x41 . 0) (x42 . 0) (x43 . 0) (x44 . 0) (x45 . 0) (x46 . 0) (x47 . 0) (x48 . 0) (x49 . 0) (x5 . 0) (x50 . 0) (x51 . 0) (x52 . 0) (x53 . 0) (x54 . 0) (x55 . 0) (x56 . 0) (x57 . 0) (x58 . 0) (x59 . 0) (x6 . 0) (x60 . 0) (x61 . 0) (x62 . 0) (x63 . 0) (x64 . 0) (x65 . 0) (x66 . 0) (x67 . 0) (x68 . 0) (x69 . 0) (x7 . 0) (x70 . 0) (x71 . 0) (x72 . 0) (x73 . 0) (x74 . 0) (x75 . 0) (x76 . 0) (x77 . 0) (x78 . 0) (x79 . 0) (x8 . 0) (x80 . 0) (x81 . 0) (x82 . 0) (x83 . 0) (x84 . 0) (x85 . 0) (x86 . 0) (x87 . 0) (x88 . 0) (x89 . 0) (x9 . 0) (x90 . 0) (x91 . 0) (x92 . 0) (x93 . 0) (x94 . 0) (x95 . 0) (x96 . 0) (x97 . 0) (x98 . 0) (x99 . 0) (y1 . 0) (y2 . 0) (zero . 0)).
