# r1cs file: ./benchmarks/circomlib-cff5ab6/GreaterEqThan@comparators.r1cs
# timeout: 5000
# solver: cvc5
# selector: counter
# precondition: ()
# propagation on: #t
# solver on: #t
# smt: #f
# weak: #t
# map: #f
# number of wires: 11
# number of constraints: 9
# field size (how many bytes): 32
# inputs: (0 2 3).
# outputs: (1).
# targets: #<set: 1>.
# parsing original r1cs...
# xlist: (x0 x1 x2 x3 x4 x5 x6 x7 x8 x9 x10).
# alt-xlist (x0 y1 x2 x3 y4 y5 y6 y7 y8 y9 y10).
# parsing alternative r1cs...
# configuring precondition...
# unique: #<set:>.
# initial known-set #<set: 0 2 3>
# initial unknown-set #<set: 1 4 5 6 7 8 9 10>
# refined known-set: #<set: 0 2 3>
# refined unknown-set: #<set: 1 4 5 6 7 8 9 10>
  # propagation (linear lemma): #<set: 5 6> added.
  # propagation (linear lemma): #<set: 10> added.
  # propagation (linear lemma): none.
  # propagation (binary01 lemma): none.
  # propagation (basis2 lemma): #<set: 7 8 9> added.
  # propagation (aboz lemma): none.
  # propagation (aboz lemma): none.
  # propagation (linear lemma): #<set: 4> added.
  # propagation (linear lemma): #<set: 1> added.
  # propagation (linear lemma): none.
  # propagation (binary01 lemma): none.
  # propagation (basis2 lemma): none.
  # propagation (aboz lemma): none.
  # propagation (aboz lemma): none.
  # propagation (linear lemma): none.
  # propagation (binary01 lemma): none.
  # propagation (basis2 lemma): none.
  # propagation (aboz lemma): none.
  # propagation (aboz lemma): none.
# final unknown set #<set:>.
# weak uniqueness: safe.
