# r1cs file: ./benchmarks/circomlib-cff5ab6/MultiMux3@mux3.r1cs
# timeout: 5000
# solver: cvc5
# selector: counter
# precondition: ()
# propagation on: #t
# solver on: #t
# smt: #f
# weak: #t
# map: #f
# number of wires: 39
# number of constraints: 19
# field size (how many bytes): 32
# inputs: (0 3 4 5 6 7 8 9 10 11 12 13 14 15 16 17 18 19 20 21).
# outputs: (1 2).
# targets: #<set: 1 2>.
# parsing original r1cs...
# xlist: (x0 x1 x2 x3 x4 x5 x6 x7 x8 x9 x10 x11 x12 x13 x14 x15 x16 x17 x18 x19 x20 x21 x22 x23 x24 x25 x26 x27 x28 x29 x30 x31 x32 x33 x34 x35 x36 x37 x38).
# alt-xlist (x0 y1 y2 x3 x4 x5 x6 x7 x8 x9 x10 x11 x12 x13 x14 x15 x16 x17 x18 x19 x20 x21 y22 y23 y24 y25 y26 y27 y28 y29 y30 y31 y32 y33 y34 y35 y36 y37 y38).
# parsing alternative r1cs...
# configuring precondition...
# unique: #<set:>.
# initial known-set #<set: 17 18 6 7 8 9 10 11 12 13 14 15 0 16 3 19 4 20 5 21>
# initial unknown-set #<set: 32 35 36 37 23 24 25 26 27 28 29 30 31 1 33 2 34 22 38>
# refined known-set: #<set: 17 18 6 7 8 9 10 11 12 13 14 15 0 16 3 19 4 20 5 21>
# refined unknown-set: #<set: 32 35 36 37 23 24 25 26 27 28 29 30 31 1 33 2 34 22 38>
  # propagation (linear lemma): #<set: 32 33 34 35 36 37 38 24 25 26 27 28 29> added.
  # propagation (linear lemma): #<set: 22 23 30 31> added.
  # propagation (linear lemma): #<set: 1 2> added.
  # propagation (linear lemma): none.
  # propagation (binary01 lemma): none.
  # propagation (basis2 lemma): none.
  # propagation (aboz lemma): none.
  # propagation (aboz lemma): none.
  # propagation (linear lemma): none.
  # propagation (binary01 lemma): none.
  # propagation (basis2 lemma): none.
  # propagation (aboz lemma): none.
  # propagation (aboz lemma): none.
# final unknown set #<set:>.
# weak uniqueness: safe.
