# r1cs file: ./benchmarks/circomlib-cff5ab6/Mux1@mux1.r1cs
# timeout: 5000
# solver: cvc5
# selector: counter
# precondition: ()
# propagation on: #t
# solver on: #t
# smt: #f
# weak: #t
# map: #f
# number of wires: 9
# number of constraints: 5
# field size (how many bytes): 32
# inputs: (0 2 3 4).
# outputs: (1).
# targets: #<set: 1>.
# parsing original r1cs...
# xlist: (x0 x1 x2 x3 x4 x5 x6 x7 x8).
# alt-xlist (x0 y1 x2 x3 x4 y5 y6 y7 y8).
# parsing alternative r1cs...
# configuring precondition...
# unique: #<set:>.
# initial known-set #<set: 0 2 3 4>
# initial unknown-set #<set: 1 5 6 7 8>
# refined known-set: #<set: 0 2 3 4>
# refined unknown-set: #<set: 1 5 6 7 8>
  # propagation (linear lemma): #<set: 6 7 8> added.
  # propagation (linear lemma): #<set: 5> added.
  # propagation (linear lemma): #<set: 1> added.
  # propagation (linear lemma): none.
  # propagation (binary01 lemma): none.
  # propagation (basis2 lemma): none.
  # propagation (aboz lemma): none.
  # propagation (aboz lemma): none.
  # propagation (linear lemma): none.
  # propagation (binary01 lemma): none.
  # propagation (basis2 lemma): none.
  # propagation (aboz lemma): none.
  # propagation (aboz lemma): none.
# final unknown set #<set:>.
# weak uniqueness: safe.
