# r1cs file: ./benchmarks/circomlibex-cff5ab6/Mux2@mux2@circomlib.r1cs
# timeout: 5000
# solver: cvc5
# selector: counter
# precondition: ()
# propagation on: #t
# solver on: #t
# smt: #f
# weak: #t
# map: #f
# number of wires: 20
# number of constraints: 13
# field size (how many bytes): 32
# inputs: (0 2 3 4 5 6 7).
# outputs: (1).
# targets: #<set: 1>.
# parsing original r1cs...
# xlist: (x0 x1 x2 x3 x4 x5 x6 x7 x8 x9 x10 x11 x12 x13 x14 x15 x16 x17 x18 x19).
# alt-xlist (x0 y1 x2 x3 x4 x5 x6 x7 y8 y9 y10 y11 y12 y13 y14 y15 y16 y17 y18 y19).
# parsing alternative r1cs...
# configuring precondition...
# unique: #<set:>.
# initial known-set #<set: 0 2 3 4 5 6 7>
# initial unknown-set #<set: 16 18 19 8 9 10 11 12 13 14 15 1 17>
# refined known-set: #<set: 0 2 3 4 5 6 7>
# refined unknown-set: #<set: 16 18 19 8 9 10 11 12 13 14 15 1 17>
  # propagation (linear lemma): #<set: 9 10 11 12 13 14> added.
  # propagation (linear lemma): #<set: 16 17 18 19> added.
  # propagation (linear lemma): #<set: 15> added.
  # propagation (linear lemma): #<set: 8> added.
  # propagation (linear lemma): #<set: 1> added.
  # propagation (linear lemma): none.
  # propagation (binary01 lemma): none.
  # propagation (basis2 lemma): none.
  # propagation (aboz lemma): none.
  # propagation (aboz lemma): none.
  # propagation (linear lemma): none.
  # propagation (binary01 lemma): none.
  # propagation (basis2 lemma): none.
  # propagation (aboz lemma): none.
  # propagation (aboz lemma): none.
# final unknown set #<set:>.
# weak uniqueness: safe.
