# r1cs file: ./benchmarks/circomlibex-cff5ab6/OR@gates@circomlib.r1cs
# timeout: 5000
# solver: cvc5
# selector: counter
# precondition: ()
# propagation on: #t
# solver on: #t
# smt: #f
# weak: #t
# map: #f
# number of wires: 4
# number of constraints: 1
# field size (how many bytes): 32
# inputs: (0 2 3).
# outputs: (1).
# targets: #<set: 1>.
# parsing original r1cs...
# xlist: (x0 x1 x2 x3).
# alt-xlist (x0 y1 x2 x3).
# parsing alternative r1cs...
# configuring precondition...
# unique: #<set:>.
# initial known-set #<set: 0 2 3>
# initial unknown-set #<set: 1>
# refined known-set: #<set: 0 2 3>
# refined unknown-set: #<set: 1>
  # propagation (linear lemma): #<set: 1> added.
  # propagation (linear lemma): none.
  # propagation (binary01 lemma): none.
  # propagation (basis2 lemma): none.
  # propagation (aboz lemma): none.
  # propagation (aboz lemma): none.
  # propagation (linear lemma): none.
  # propagation (binary01 lemma): none.
  # propagation (basis2 lemma): none.
  # propagation (aboz lemma): none.
  # propagation (aboz lemma): none.
# final unknown set #<set:>.
# weak uniqueness: safe.
