# r1cs file: ./benchmarks/circomlibex-cff5ab6/Pedersen@pedersen_old@circomlib_32.r1cs
# timeout: 5000
# solver: cvc5
# selector: counter
# precondition: ()
# propagation on: #t
# solver on: #t
# smt: #f
# weak: #t
# map: #f
# number of wires: 807
# number of constraints: 774
# field size (how many bytes): 32
# inputs: (0 3 4 5 6 7 8 9 10 11 12 13 14 15 16 17 18 19 20 21 22 23 24 25 26 27 28 29 30 31 32 33 34).
# outputs: (1 2).
# targets: #<set: 1 2>.
# parsing original r1cs...
# xlist: (x0 x1 x2 x3 x4 x5 x6 x7 x8 x9 x10 x11 x12 x13 x14 x15 x16 x17 x18 x19 x20 x21 x22 x23 x24 x25 x26 x27 x28 x29 x30 x31 x32 x33 x34 x35 x36 x37 x38 x39 x40 x41 x42 x43 x44 x45 x46 x47 x48 x49 x50 x51 x52 x53 x54 x55 x56 x57 x58 x59 x60 x61 x62 x63 x64 x65 x66 x67 x68 x69 x70 x71 x72 x73 x74 x75 x76 x77 x78 x79 x80 x81 x82 x83 x84 x85 x86 x87 x88 x89 x90 x91 x92 x93 x94 x95 x96 x97 x98 x99 x100 x101 x102 x103 x104 x105 x106 x107 x108 x109 x110 x111 x112 x113 x114 x115 x116 x117 x118 x119 x120 x121 x122 x123 x124 x125 x126 x127 x128 x129 x130 x131 x132 x133 x134 x135 x136 x137 x138 x139 x140 x141 x142 x143 x144 x145 x146 x147 x148 x149 x150 x151 x152 x153 x154 x155 x156 x157 x158 x159 x160 x161 x162 x163 x164 x165 x166 x167 x168 x169 x170 x171 x172 x173 x174 x175 x176 x177 x178 x179 x180 x181 x182 x183 x184 x185 x186 x187 x188 x189 x190 x191 x192 x193 x194 x195 x196 x197 x198 x199 x200 x201 x202 x203 x204 x205 x206 x207 x208 x209 x210 x211 x212 x213 x214 x215 x216 x217 x218 x219 x220 x221 x222 x223 x224 x225 x226 x227 x228 x229 x230 x231 x232 x233 x234 x235 x236 x237 x238 x239 x240 x241 x242 x243 x244 x245 x246 x247 x248 x249 x250 x251 x252 x253 x254 x255 x256 x257 x258 x259 x260 x261 x262 x263 x264 x265 x266 x267 x268 x269 x270 x271 x272 x273 x274 x275 x276 x277 x278 x279 x280 x281 x282 x283 x284 x285 x286 x287 x288 x289 x290 x291 x292 x293 x294 x295 x296 x297 x298 x299 x300 x301 x302 x303 x304 x305 x306 x307 x308 x309 x310 x311 x312 x313 x314 x315 x316 x317 x318 x319 x320 x321 x322 x323 x324 x325 x326 x327 x328 x329 x330 x331 x332 x333 x334 x335 x336 x337 x338 x339 x340 x341 x342 x343 x344 x345 x346 x347 x348 x349 x350 x351 x352 x353 x354 x355 x356 x357 x358 x359 x360 x361 x362 x363 x364 x365 x366 x367 x368 x369 x370 x371 x372 x373 x374 x375 x376 x377 x378 x379 x380 x381 x382 x383 x384 x385 x386 x387 x388 x389 x390 x391 x392 x393 x394 x395 x396 x397 x398 x399 x400 x401 x402 x403 x404 x405 x406 x407 x408 x409 x410 x411 x412 x413 x414 x415 x416 x417 x418 x419 x420 x421 x422 x423 x424 x425 x426 x427 x428 x429 x430 x431 x432 x433 x434 x435 x436 x437 x438 x439 x440 x441 x442 x443 x444 x445 x446 x447 x448 x449 x450 x451 x452 x453 x454 x455 x456 x457 x458 x459 x460 x461 x462 x463 x464 x465 x466 x467 x468 x469 x470 x471 x472 x473 x474 x475 x476 x477 x478 x479 x480 x481 x482 x483 x484 x485 x486 x487 x488 x489 x490 x491 x492 x493 x494 x495 x496 x497 x498 x499 x500 x501 x502 x503 x504 x505 x506 x507 x508 x509 x510 x511 x512 x513 x514 x515 x516 x517 x518 x519 x520 x521 x522 x523 x524 x525 x526 x527 x528 x529 x530 x531 x532 x533 x534 x535 x536 x537 x538 x539 x540 x541 x542 x543 x544 x545 x546 x547 x548 x549 x550 x551 x552 x553 x554 x555 x556 x557 x558 x559 x560 x561 x562 x563 x564 x565 x566 x567 x568 x569 x570 x571 x572 x573 x574 x575 x576 x577 x578 x579 x580 x581 x582 x583 x584 x585 x586 x587 x588 x589 x590 x591 x592 x593 x594 x595 x596 x597 x598 x599 x600 x601 x602 x603 x604 x605 x606 x607 x608 x609 x610 x611 x612 x613 x614 x615 x616 x617 x618 x619 x620 x621 x622 x623 x624 x625 x626 x627 x628 x629 x630 x631 x632 x633 x634 x635 x636 x637 x638 x639 x640 x641 x642 x643 x644 x645 x646 x647 x648 x649 x650 x651 x652 x653 x654 x655 x656 x657 x658 x659 x660 x661 x662 x663 x664 x665 x666 x667 x668 x669 x670 x671 x672 x673 x674 x675 x676 x677 x678 x679 x680 x681 x682 x683 x684 x685 x686 x687 x688 x689 x690 x691 x692 x693 x694 x695 x696 x697 x698 x699 x700 x701 x702 x703 x704 x705 x706 x707 x708 x709 x710 x711 x712 x713 x714 x715 x716 x717 x718 x719 x720 x721 x722 x723 x724 x725 x726 x727 x728 x729 x730 x731 x732 x733 x734 x735 x736 x737 x738 x739 x740 x741 x742 x743 x744 x745 x746 x747 x748 x749 x750 x751 x752 x753 x754 x755 x756 x757 x758 x759 x760 x761 x762 x763 x764 x765 x766 x767 x768 x769 x770 x771 x772 x773 x774 x775 x776 x777 x778 x779 x780 x781 x782 x783 x784 x785 x786 x787 x788 x789 x790 x791 x792 x793 x794 x795 x796 x797 x798 x799 x800 x801 x802 x803 x804 x805 x806).
# alt-xlist (x0 y1 y2 x3 x4 x5 x6 x7 x8 x9 x10 x11 x12 x13 x14 x15 x16 x17 x18 x19 x20 x21 x22 x23 x24 x25 x26 x27 x28 x29 x30 x31 x32 x33 x34 y35 y36 y37 y38 y39 y40 y41 y42 y43 y44 y45 y46 y47 y48 y49 y50 y51 y52 y53 y54 y55 y56 y57 y58 y59 y60 y61 y62 y63 y64 y65 y66 y67 y68 y69 y70 y71 y72 y73 y74 y75 y76 y77 y78 y79 y80 y81 y82 y83 y84 y85 y86 y87 y88 y89 y90 y91 y92 y93 y94 y95 y96 y97 y98 y99 y100 y101 y102 y103 y104 y105 y106 y107 y108 y109 y110 y111 y112 y113 y114 y115 y116 y117 y118 y119 y120 y121 y122 y123 y124 y125 y126 y127 y128 y129 y130 y131 y132 y133 y134 y135 y136 y137 y138 y139 y140 y141 y142 y143 y144 y145 y146 y147 y148 y149 y150 y151 y152 y153 y154 y155 y156 y157 y158 y159 y160 y161 y162 y163 y164 y165 y166 y167 y168 y169 y170 y171 y172 y173 y174 y175 y176 y177 y178 y179 y180 y181 y182 y183 y184 y185 y186 y187 y188 y189 y190 y191 y192 y193 y194 y195 y196 y197 y198 y199 y200 y201 y202 y203 y204 y205 y206 y207 y208 y209 y210 y211 y212 y213 y214 y215 y216 y217 y218 y219 y220 y221 y222 y223 y224 y225 y226 y227 y228 y229 y230 y231 y232 y233 y234 y235 y236 y237 y238 y239 y240 y241 y242 y243 y244 y245 y246 y247 y248 y249 y250 y251 y252 y253 y254 y255 y256 y257 y258 y259 y260 y261 y262 y263 y264 y265 y266 y267 y268 y269 y270 y271 y272 y273 y274 y275 y276 y277 y278 y279 y280 y281 y282 y283 y284 y285 y286 y287 y288 y289 y290 y291 y292 y293 y294 y295 y296 y297 y298 y299 y300 y301 y302 y303 y304 y305 y306 y307 y308 y309 y310 y311 y312 y313 y314 y315 y316 y317 y318 y319 y320 y321 y322 y323 y324 y325 y326 y327 y328 y329 y330 y331 y332 y333 y334 y335 y336 y337 y338 y339 y340 y341 y342 y343 y344 y345 y346 y347 y348 y349 y350 y351 y352 y353 y354 y355 y356 y357 y358 y359 y360 y361 y362 y363 y364 y365 y366 y367 y368 y369 y370 y371 y372 y373 y374 y375 y376 y377 y378 y379 y380 y381 y382 y383 y384 y385 y386 y387 y388 y389 y390 y391 y392 y393 y394 y395 y396 y397 y398 y399 y400 y401 y402 y403 y404 y405 y406 y407 y408 y409 y410 y411 y412 y413 y414 y415 y416 y417 y418 y419 y420 y421 y422 y423 y424 y425 y426 y427 y428 y429 y430 y431 y432 y433 y434 y435 y436 y437 y438 y439 y440 y441 y442 y443 y444 y445 y446 y447 y448 y449 y450 y451 y452 y453 y454 y455 y456 y457 y458 y459 y460 y461 y462 y463 y464 y465 y466 y467 y468 y469 y470 y471 y472 y473 y474 y475 y476 y477 y478 y479 y480 y481 y482 y483 y484 y485 y486 y487 y488 y489 y490 y491 y492 y493 y494 y495 y496 y497 y498 y499 y500 y501 y502 y503 y504 y505 y506 y507 y508 y509 y510 y511 y512 y513 y514 y515 y516 y517 y518 y519 y520 y521 y522 y523 y524 y525 y526 y527 y528 y529 y530 y531 y532 y533 y534 y535 y536 y537 y538 y539 y540 y541 y542 y543 y544 y545 y546 y547 y548 y549 y550 y551 y552 y553 y554 y555 y556 y557 y558 y559 y560 y561 y562 y563 y564 y565 y566 y567 y568 y569 y570 y571 y572 y573 y574 y575 y576 y577 y578 y579 y580 y581 y582 y583 y584 y585 y586 y587 y588 y589 y590 y591 y592 y593 y594 y595 y596 y597 y598 y599 y600 y601 y602 y603 y604 y605 y606 y607 y608 y609 y610 y611 y612 y613 y614 y615 y616 y617 y618 y619 y620 y621 y622 y623 y624 y625 y626 y627 y628 y629 y630 y631 y632 y633 y634 y635 y636 y637 y638 y639 y640 y641 y642 y643 y644 y645 y646 y647 y648 y649 y650 y651 y652 y653 y654 y655 y656 y657 y658 y659 y660 y661 y662 y663 y664 y665 y666 y667 y668 y669 y670 y671 y672 y673 y674 y675 y676 y677 y678 y679 y680 y681 y682 y683 y684 y685 y686 y687 y688 y689 y690 y691 y692 y693 y694 y695 y696 y697 y698 y699 y700 y701 y702 y703 y704 y705 y706 y707 y708 y709 y710 y711 y712 y713 y714 y715 y716 y717 y718 y719 y720 y721 y722 y723 y724 y725 y726 y727 y728 y729 y730 y731 y732 y733 y734 y735 y736 y737 y738 y739 y740 y741 y742 y743 y744 y745 y746 y747 y748 y749 y750 y751 y752 y753 y754 y755 y756 y757 y758 y759 y760 y761 y762 y763 y764 y765 y766 y767 y768 y769 y770 y771 y772 y773 y774 y775 y776 y777 y778 y779 y780 y781 y782 y783 y784 y785 y786 y787 y788 y789 y790 y791 y792 y793 y794 y795 y796 y797 y798 y799 y800 y801 y802 y803 y804 y805 y806).
# parsing alternative r1cs...
# configuring precondition...
# unique: #<set:>.
# initial known-set #<set: 0 16 32 17 33 18 34 3 19 4 20 5 21 6 22 7 23 8 24 9 25 10 26 11 27 12 28 13 29 14 30 15 31>
# initial unknown-set #<set: 256 512 768 272 528 784 288 544 800 48 304 560 64 320 576 80 336 592 96 352 608 112 368 624 128 384 640 144 400 656 160 416 672 176 432 688 192 448 704 208 464 720 224 480 736 240 496 752 1 257 513 769 273 529 785 289 545 801 49 305 561 65 321 577 81 337 593 97 353 609 113 369 625 129 385 641 145 401 657 161 417 673 177 433 689 193 449 705 209 465 721 225 481 737 241 497 753 2 258 514 770 274 530 786 290 546 802 50 306 562 66 322 578 82 338 594 98 354 610 114 370 626 130 386 642 146 402 658 162 418 674 178 434 690 194 450 706 210 466 722 226 482 738 242 498 754 259 515 771 275 531 787 35 291 547 803 51 307 563 67 323 579 83 339 595 99 355 611 115 371 627 131 387 643 147 403 659 163 419 675 179 435 691 195 451 707 211 467 723 227 483 739 243 499 755 260 516 772 276 532 788 36 292 548 804 52 308 564 68 324 580 84 340 596 100 356 612 116 372 628 132 388 644 148 404 660 164 420 676 180 436 692 196 452 708 212 468 724 228 484 740 244 500 756 261 517 773 277 533 789 37 293 549 805 53 309 565 69 325 581 85 341 597 101 357 613 117 373 629 133 389 645 149 405 661 165 421 677 181 437 693 197 453 709 213 469 725 229 485 741 245 501 757 262 518 774 278 534 790 38 294 550 806 54 310 566 70 326 582 86 342 598 102 358 614 118 374 630 134 390 646 150 406 662 166 422 678 182 438 694 198 454 710 214 470 726 230 486 742 246 502 758 263 519 775 279 535 791 39 295 551 55 311 567 71 327 583 87 343 599 103 359 615 119 375 631 135 391 647 151 407 663 167 423 679 183 439 695 199 455 711 215 471 727 231 487 743 247 503 759 264 520 776 280 536 792 40 296 552 56 312 568 72 328 584 88 344 600 104 360 616 120 376 632 136 392 648 152 408 664 168 424 680 184 440 696 200 456 712 216 472 728 232 488 744 248 504 760 265 521 777 281 537 793 41 297 553 57 313 569 73 329 585 89 345 601 105 361 617 121 377 633 137 393 649 153 409 665 169 425 681 185 441 697 201 457 713 217 473 729 233 489 745 249 505 761 266 522 778 282 538 794 42 298 554 58 314 570 74 330 586 90 346 602 106 362 618 122 378 634 138 394 650 154 410 666 170 426 682 186 442 698 202 458 714 218 474 730 234 490 746 250 506 762 267 523 779 283 539 795 43 299 555 59 315 571 75 331 587 91 347 603 107 363 619 123 379 635 139 395 651 155 411 667 171 427 683 187 443 699 203 459 715 219 475 731 235 491 747 251 507 763 268 524 780 284 540 796 44 300 556 60 316 572 76 332 588 92 348 604 108 364 620 124 380 636 140 396 652 156 412 668 172 428 684 188 444 700 204 460 716 220 476 732 236 492 748 252 508 764 269 525 781 285 541 797 45 301 557 61 317 573 77 333 589 93 349 605 109 365 621 125 381 637 141 397 653 157 413 669 173 429 685 189 445 701 205 461 717 221 477 733 237 493 749 253 509 765 270 526 782 286 542 798 46 302 558 62 318 574 78 334 590 94 350 606 110 366 622 126 382 638 142 398 654 158 414 670 174 430 686 190 446 702 206 462 718 222 478 734 238 494 750 254 510 766 271 527 783 287 543 799 47 303 559 63 319 575 79 335 591 95 351 607 111 367 623 127 383 639 143 399 655 159 415 671 175 431 687 191 447 703 207 463 719 223 479 735 239 495 751 255 511 767>
# refined known-set: #<set: 0 16 32 17 33 18 34 3 19 4 20 5 21 6 22 7 23 8 24 9 25 10 26 11 27 12 28 13 29 14 30 15 31>
# refined unknown-set: #<set: 256 512 768 272 528 784 288 544 800 48 304 560 64 320 576 80 336 592 96 352 608 112 368 624 128 384 640 144 400 656 160 416 672 176 432 688 192 448 704 208 464 720 224 480 736 240 496 752 1 257 513 769 273 529 785 289 545 801 49 305 561 65 321 577 81 337 593 97 353 609 113 369 625 129 385 641 145 401 657 161 417 673 177 433 689 193 449 705 209 465 721 225 481 737 241 497 753 2 258 514 770 274 530 786 290 546 802 50 306 562 66 322 578 82 338 594 98 354 610 114 370 626 130 386 642 146 402 658 162 418 674 178 434 690 194 450 706 210 466 722 226 482 738 242 498 754 259 515 771 275 531 787 35 291 547 803 51 307 563 67 323 579 83 339 595 99 355 611 115 371 627 131 387 643 147 403 659 163 419 675 179 435 691 195 451 707 211 467 723 227 483 739 243 499 755 260 516 772 276 532 788 36 292 548 804 52 308 564 68 324 580 84 340 596 100 356 612 116 372 628 132 388 644 148 404 660 164 420 676 180 436 692 196 452 708 212 468 724 228 484 740 244 500 756 261 517 773 277 533 789 37 293 549 805 53 309 565 69 325 581 85 341 597 101 357 613 117 373 629 133 389 645 149 405 661 165 421 677 181 437 693 197 453 709 213 469 725 229 485 741 245 501 757 262 518 774 278 534 790 38 294 550 806 54 310 566 70 326 582 86 342 598 102 358 614 118 374 630 134 390 646 150 406 662 166 422 678 182 438 694 198 454 710 214 470 726 230 486 742 246 502 758 263 519 775 279 535 791 39 295 551 55 311 567 71 327 583 87 343 599 103 359 615 119 375 631 135 391 647 151 407 663 167 423 679 183 439 695 199 455 711 215 471 727 231 487 743 247 503 759 264 520 776 280 536 792 40 296 552 56 312 568 72 328 584 88 344 600 104 360 616 120 376 632 136 392 648 152 408 664 168 424 680 184 440 696 200 456 712 216 472 728 232 488 744 248 504 760 265 521 777 281 537 793 41 297 553 57 313 569 73 329 585 89 345 601 105 361 617 121 377 633 137 393 649 153 409 665 169 425 681 185 441 697 201 457 713 217 473 729 233 489 745 249 505 761 266 522 778 282 538 794 42 298 554 58 314 570 74 330 586 90 346 602 106 362 618 122 378 634 138 394 650 154 410 666 170 426 682 186 442 698 202 458 714 218 474 730 234 490 746 250 506 762 267 523 779 283 539 795 43 299 555 59 315 571 75 331 587 91 347 603 107 363 619 123 379 635 139 395 651 155 411 667 171 427 683 187 443 699 203 459 715 219 475 731 235 491 747 251 507 763 268 524 780 284 540 796 44 300 556 60 316 572 76 332 588 92 348 604 108 364 620 124 380 636 140 396 652 156 412 668 172 428 684 188 444 700 204 460 716 220 476 732 236 492 748 252 508 764 269 525 781 285 541 797 45 301 557 61 317 573 77 333 589 93 349 605 109 365 621 125 381 637 141 397 653 157 413 669 173 429 685 189 445 701 205 461 717 221 477 733 237 493 749 253 509 765 270 526 782 286 542 798 46 302 558 62 318 574 78 334 590 94 350 606 110 366 622 126 382 638 142 398 654 158 414 670 174 430 686 190 446 702 206 462 718 222 478 734 238 494 750 254 510 766 271 527 783 287 543 799 47 303 559 63 319 575 79 335 591 95 351 607 111 367 623 127 383 639 143 399 655 159 415 671 175 431 687 191 447 703 207 463 719 223 479 735 239 495 751 255 511 767>
  # propagation (linear lemma): #<set: 288 96 384 656 672 192 752 48 304 560 64 576 112 368 208 464 480 736 289 97 385 657 673 193 753 49 305 561 65 577 113 369 209 465 481 737 290 98 386 658 674 194 754 50 306 562 66 578 114 370 210 466 482 738 275 291 99 659 195 755 51 563 67 579 115 371 387 643 211 467 483 739 276 292 100 660 196 756 52 564 68 580 116 372 388 644 212 468 484 740 277 101 661 197 757 37 293 53 565 69 581 117 373 389 645 213 469 485 741 278 102 662 198 758 38 294 54 566 70 582 118 374 390 646 214 470 486 742 279 103 663 183 199 471 759 39 295 551 55 567 119 375 391 647 487 743 280 104 664 184 200 472 760 40 296 552 56 568 120 376 392 648 488 744 281 105 665 185 201 473 761 41 297 553 57 569 121 377 393 649 489 745 282 106 666 186 202 474 762 42 298 554 58 570 122 378 394 650 490 746 283 91 107 379 667 187 475 747 763 43 299 555 59 571 395 651 203 459 284 92 108 380 668 188 476 748 764 44 300 556 60 572 396 652 204 460 285 93 109 381 669 189 477 749 765 45 301 557 61 573 397 653 205 461 286 94 110 382 670 190 478 750 766 46 302 558 62 574 398 654 206 462 287 95 383 655 671 191 751 47 303 559 63 575 111 367 207 463 479 735> added.
  # propagation (linear lemma): #<set: 352 720 785 801 353 417 433 721 786 802 354 418 434 722 259 627 260 628 261 325 341 629 693 709 262 326 342 630 694 710 535 167 536 168 537 73 601 617 169 233 249 538 74 602 618 170 234 250 75 443 76 444 525 77 141 157 445 509 526 78 142 158 446 510 351 719> added.
  # propagation (linear lemma): #<set: 768 400 769 81 401 770 82 402 307 675 308 676 309 677 310 678 583 215 584 216 585 217 586 218 123 491 124 492 125 493 126 494 399 767> added.
  # propagation (linear lemma): #<set: 800 320 336 704 528 784 160 416 432 688 529 321 337 161 689 705 322 338 690 706 803 323 611 707 227 243 339 595 435 691 804 324 612 708 228 244 340 596 436 692 805 597 613 437 229 245 598 614 230 246 519 615 135 151 711 231 343 599 247 503 520 616 136 152 712 232 344 600 248 504 521 345 137 153 713 505 522 138 154 506 795 619 139 427 523 779 155 411 251 507 796 620 140 428 524 780 156 412 252 508 781 797 621 413 429 253 782 798 414 430 799 319 335 703 527 783 159 415 431 687> added.
  # propagation (linear lemma): #<set: 592 608 224 240 513 593 609 129 145 225 241 497 514 530 594 610 130 146 162 226 242 498 515 131 147 499 516 132 148 500 789 133 421 501 517 773 149 405 790 806 134 422 438 502 518 774 150 406 775 791 407 423 776 792 408 424 777 793 313 329 409 697 425 681 778 794 314 330 346 410 698 714 426 682 315 331 683 699 316 332 684 700 317 605 685 701 221 237 333 589 318 606 622 686 702 222 238 254 334 590 591 607 223 239> added.
  # propagation (linear lemma): #<set: 512 128 144 496 771 787 403 419 772 788 404 420 311 327 679 695 312 328 680 696 587 603 219 235 588 604 220 236 127 143 495 511> added.
  # propagation (linear lemma): #<set: 273 641 274 642 549 181 550 182 89 457 90 458 365 733 366 734> added.
  # propagation (linear lemma): #<set: 544 176 83 451 84 452 359 727 360 728 267 635 268 636 543 175> added.
  # propagation (linear lemma): #<set: 85 86 87> added.
  # propagation (linear lemma): #<set: 88> added.
  # propagation (linear lemma): none.
  # propagation (binary01 lemma): none.
  # propagation (basis2 lemma): none.
  # propagation (aboz lemma): none.
  # propagation (aboz lemma): none.
  # propagation (linear lemma): none.
  # propagation (binary01 lemma): none.
  # propagation (basis2 lemma): none.
  # propagation (aboz lemma): none.
  # propagation (aboz lemma): none.
  # checking: (x640 y640), skip.
  # checking: (x272 y272), skip.
  # checking: (x548 y548), skip.
  # checking: (x180 y180), skip.
  # checking: (x456 y456), skip.
  # checking: (x732 y732), skip.
  # checking: (x364 y364), skip.
  # checking: (x264 y264), skip.
  # checking: (x269 y269), skip.
  # checking: (x270 y270), skip.
  # checking: (x540 y540), skip.
  # checking: (x546 y546), skip.
  # checking: (x545 y545), skip.
  # checking: (x172 y172), skip.
  # checking: (x177 y177), skip.
  # checking: (x178 y178), skip.
  # checking: (x448 y448), skip.
  # checking: (x453 y453), skip.
  # checking: (x454 y454), skip.
  # checking: (x80 y80), skip.
  # checking: (x724 y724), skip.
  # checking: (x730 y730), skip.
  # checking: (x729 y729), skip.
  # checking: (x356 y356), skip.
  # checking: (x361 y361), skip.
  # checking: (x362 y362), skip.
  # checking: (x632 y632), skip.
  # checking: (x638 y638), skip.
  # checking: (x637 y637), skip.
  # checking: (x449 y449), skip.
  # checking: (x450 y450), skip.
  # checking: (x263 y263), skip.
  # checking: (x265 y265), skip.
  # checking: (x266 y266), skip.
  # checking: (x79 y79), skip.
  # checking: (x723 y723), skip.
  # checking: (x726 y726), skip.
  # checking: (x725 y725), skip.
  # checking: (x539 y539), skip.
  # checking: (x542 y542), skip.
  # checking: (x541 y541), skip.
  # checking: (x355 y355), skip.
  # checking: (x357 y357), skip.
  # checking: (x358 y358), skip.
  # checking: (x171 y171), skip.
  # checking: (x173 y173), skip.
  # checking: (x174 y174), skip.
  # checking: (x631 y631), skip.
  # checking: (x634 y634), skip.
  # checking: (x633 y633), skip.
  # checking: (x447 y447), skip.
  # checking: (x455 y455), skip.
  # checking: (x271 y271), skip.
  # checking: (x731 y731), skip.
  # checking: (x547 y547), skip.
  # checking: (x363 y363), skip.
  # checking: (x179 y179), skip.
  # checking: (x639 y639), skip.
  # checking: (x257 y257), skip.
  # checking: (x256 y256), skip.
  # checking: (x1 y1), skip.
  # checking: (x2 y2), skip.
  # checking: (x163 y163), skip.
  # checking: (x258 y258), skip.
  # checking: (x35 y35), skip.
  # checking: (x164 y164), skip.
  # checking: (x36 y36), skip.
  # checking: (x165 y165), skip.
  # checking: (x166 y166), skip.
  # checking: (x71 y71), skip.
  # checking: (x72 y72), skip.
  # checking: (x715 y715), skip.
  # checking: (x718 y718), skip.
  # checking: (x623 y623), skip.
  # checking: (x716 y716), skip.
  # checking: (x717 y717), skip.
  # checking: (x626 y626), skip.
  # checking: (x531 y531), skip.
  # checking: (x624 y624), skip.
  # checking: (x625 y625), skip.
  # checking: (x534 y534), skip.
  # checking: (x532 y532), skip.
  # checking: (x439 y439), skip.
  # checking: (x533 y533), skip.
  # checking: (x441 y441), skip.
  # checking: (x440 y440), skip.
  # checking: (x347 y347), skip.
  # checking: (x442 y442), skip.
  # checking: (x349 y349), skip.
  # checking: (x348 y348), skip.
  # checking: (x350 y350), skip.
  # checking: (x255 y255), skip.
# final unknown set #<set: 256 272 80 624 640 448 545 625 177 449 1 257 546 626 178 450 2 258 531 355 163 179 723 35 547 532 356 164 180 724 36 548 533 357 165 453 725 534 358 166 454 726 263 71 631 439 455 264 72 632 440 456 265 361 633 441 729 266 362 634 442 730 539 347 363 171 715 731 540 348 364 172 716 732 269 541 349 637 173 717 270 542 350 638 174 718 271 79 623 639 447 255>.
# weak uniqueness: unknown.
