# r1cs file: ./benchmarks/circomlibex-cff5ab6/Pedersen@pedersen@circomlib_16.r1cs
# timeout: 5000
# solver: cvc5
# selector: counter
# precondition: ()
# propagation on: #t
# solver on: #t
# smt: #f
# weak: #t
# map: #f
# number of wires: 488
# number of constraints: 471
# field size (how many bytes): 32
# inputs: (0 3 4 5 6 7 8 9 10 11 12 13 14 15 16 17 18).
# outputs: (1 2).
# targets: #<set: 1 2>.
# parsing original r1cs...
# xlist: (x0 x1 x2 x3 x4 x5 x6 x7 x8 x9 x10 x11 x12 x13 x14 x15 x16 x17 x18 x19 x20 x21 x22 x23 x24 x25 x26 x27 x28 x29 x30 x31 x32 x33 x34 x35 x36 x37 x38 x39 x40 x41 x42 x43 x44 x45 x46 x47 x48 x49 x50 x51 x52 x53 x54 x55 x56 x57 x58 x59 x60 x61 x62 x63 x64 x65 x66 x67 x68 x69 x70 x71 x72 x73 x74 x75 x76 x77 x78 x79 x80 x81 x82 x83 x84 x85 x86 x87 x88 x89 x90 x91 x92 x93 x94 x95 x96 x97 x98 x99 x100 x101 x102 x103 x104 x105 x106 x107 x108 x109 x110 x111 x112 x113 x114 x115 x116 x117 x118 x119 x120 x121 x122 x123 x124 x125 x126 x127 x128 x129 x130 x131 x132 x133 x134 x135 x136 x137 x138 x139 x140 x141 x142 x143 x144 x145 x146 x147 x148 x149 x150 x151 x152 x153 x154 x155 x156 x157 x158 x159 x160 x161 x162 x163 x164 x165 x166 x167 x168 x169 x170 x171 x172 x173 x174 x175 x176 x177 x178 x179 x180 x181 x182 x183 x184 x185 x186 x187 x188 x189 x190 x191 x192 x193 x194 x195 x196 x197 x198 x199 x200 x201 x202 x203 x204 x205 x206 x207 x208 x209 x210 x211 x212 x213 x214 x215 x216 x217 x218 x219 x220 x221 x222 x223 x224 x225 x226 x227 x228 x229 x230 x231 x232 x233 x234 x235 x236 x237 x238 x239 x240 x241 x242 x243 x244 x245 x246 x247 x248 x249 x250 x251 x252 x253 x254 x255 x256 x257 x258 x259 x260 x261 x262 x263 x264 x265 x266 x267 x268 x269 x270 x271 x272 x273 x274 x275 x276 x277 x278 x279 x280 x281 x282 x283 x284 x285 x286 x287 x288 x289 x290 x291 x292 x293 x294 x295 x296 x297 x298 x299 x300 x301 x302 x303 x304 x305 x306 x307 x308 x309 x310 x311 x312 x313 x314 x315 x316 x317 x318 x319 x320 x321 x322 x323 x324 x325 x326 x327 x328 x329 x330 x331 x332 x333 x334 x335 x336 x337 x338 x339 x340 x341 x342 x343 x344 x345 x346 x347 x348 x349 x350 x351 x352 x353 x354 x355 x356 x357 x358 x359 x360 x361 x362 x363 x364 x365 x366 x367 x368 x369 x370 x371 x372 x373 x374 x375 x376 x377 x378 x379 x380 x381 x382 x383 x384 x385 x386 x387 x388 x389 x390 x391 x392 x393 x394 x395 x396 x397 x398 x399 x400 x401 x402 x403 x404 x405 x406 x407 x408 x409 x410 x411 x412 x413 x414 x415 x416 x417 x418 x419 x420 x421 x422 x423 x424 x425 x426 x427 x428 x429 x430 x431 x432 x433 x434 x435 x436 x437 x438 x439 x440 x441 x442 x443 x444 x445 x446 x447 x448 x449 x450 x451 x452 x453 x454 x455 x456 x457 x458 x459 x460 x461 x462 x463 x464 x465 x466 x467 x468 x469 x470 x471 x472 x473 x474 x475 x476 x477 x478 x479 x480 x481 x482 x483 x484 x485 x486 x487).
# alt-xlist (x0 y1 y2 x3 x4 x5 x6 x7 x8 x9 x10 x11 x12 x13 x14 x15 x16 x17 x18 y19 y20 y21 y22 y23 y24 y25 y26 y27 y28 y29 y30 y31 y32 y33 y34 y35 y36 y37 y38 y39 y40 y41 y42 y43 y44 y45 y46 y47 y48 y49 y50 y51 y52 y53 y54 y55 y56 y57 y58 y59 y60 y61 y62 y63 y64 y65 y66 y67 y68 y69 y70 y71 y72 y73 y74 y75 y76 y77 y78 y79 y80 y81 y82 y83 y84 y85 y86 y87 y88 y89 y90 y91 y92 y93 y94 y95 y96 y97 y98 y99 y100 y101 y102 y103 y104 y105 y106 y107 y108 y109 y110 y111 y112 y113 y114 y115 y116 y117 y118 y119 y120 y121 y122 y123 y124 y125 y126 y127 y128 y129 y130 y131 y132 y133 y134 y135 y136 y137 y138 y139 y140 y141 y142 y143 y144 y145 y146 y147 y148 y149 y150 y151 y152 y153 y154 y155 y156 y157 y158 y159 y160 y161 y162 y163 y164 y165 y166 y167 y168 y169 y170 y171 y172 y173 y174 y175 y176 y177 y178 y179 y180 y181 y182 y183 y184 y185 y186 y187 y188 y189 y190 y191 y192 y193 y194 y195 y196 y197 y198 y199 y200 y201 y202 y203 y204 y205 y206 y207 y208 y209 y210 y211 y212 y213 y214 y215 y216 y217 y218 y219 y220 y221 y222 y223 y224 y225 y226 y227 y228 y229 y230 y231 y232 y233 y234 y235 y236 y237 y238 y239 y240 y241 y242 y243 y244 y245 y246 y247 y248 y249 y250 y251 y252 y253 y254 y255 y256 y257 y258 y259 y260 y261 y262 y263 y264 y265 y266 y267 y268 y269 y270 y271 y272 y273 y274 y275 y276 y277 y278 y279 y280 y281 y282 y283 y284 y285 y286 y287 y288 y289 y290 y291 y292 y293 y294 y295 y296 y297 y298 y299 y300 y301 y302 y303 y304 y305 y306 y307 y308 y309 y310 y311 y312 y313 y314 y315 y316 y317 y318 y319 y320 y321 y322 y323 y324 y325 y326 y327 y328 y329 y330 y331 y332 y333 y334 y335 y336 y337 y338 y339 y340 y341 y342 y343 y344 y345 y346 y347 y348 y349 y350 y351 y352 y353 y354 y355 y356 y357 y358 y359 y360 y361 y362 y363 y364 y365 y366 y367 y368 y369 y370 y371 y372 y373 y374 y375 y376 y377 y378 y379 y380 y381 y382 y383 y384 y385 y386 y387 y388 y389 y390 y391 y392 y393 y394 y395 y396 y397 y398 y399 y400 y401 y402 y403 y404 y405 y406 y407 y408 y409 y410 y411 y412 y413 y414 y415 y416 y417 y418 y419 y420 y421 y422 y423 y424 y425 y426 y427 y428 y429 y430 y431 y432 y433 y434 y435 y436 y437 y438 y439 y440 y441 y442 y443 y444 y445 y446 y447 y448 y449 y450 y451 y452 y453 y454 y455 y456 y457 y458 y459 y460 y461 y462 y463 y464 y465 y466 y467 y468 y469 y470 y471 y472 y473 y474 y475 y476 y477 y478 y479 y480 y481 y482 y483 y484 y485 y486 y487).
# parsing alternative r1cs...
# configuring precondition...
# unique: #<set:>.
# initial known-set #<set: 17 18 3 4 5 6 7 8 9 10 11 12 13 14 15 0 16>
# initial unknown-set #<set: 256 272 240 32 288 48 304 64 320 80 336 96 352 112 368 128 384 144 400 160 416 176 432 192 448 208 464 224 480 273 241 1 257 33 289 49 305 65 321 81 337 97 353 113 369 129 385 145 401 161 417 177 433 193 449 209 465 225 481 274 242 2 258 34 290 50 306 66 322 82 338 98 354 114 370 130 386 146 402 162 418 178 434 194 450 210 466 226 482 259 243 19 275 35 291 51 307 67 323 83 339 99 355 115 371 131 387 147 403 163 419 179 435 195 451 211 467 227 483 260 244 20 276 36 292 52 308 68 324 84 340 100 356 116 372 132 388 148 404 164 420 180 436 196 452 212 468 228 484 261 245 21 277 37 293 53 309 69 325 85 341 101 357 117 373 133 389 149 405 165 421 181 437 197 453 213 469 229 485 262 246 22 278 38 294 54 310 70 326 86 342 102 358 118 374 134 390 150 406 166 422 182 438 198 454 214 470 230 486 263 247 23 279 39 295 55 311 71 327 87 343 103 359 119 375 135 391 151 407 167 423 183 439 199 455 215 471 231 487 264 232 248 24 280 40 296 56 312 72 328 88 344 104 360 120 376 136 392 152 408 168 424 184 440 200 456 216 472 265 233 249 25 281 41 297 57 313 73 329 89 345 105 361 121 377 137 393 153 409 169 425 185 441 201 457 217 473 266 234 250 26 282 42 298 58 314 74 330 90 346 106 362 122 378 138 394 154 410 170 426 186 442 202 458 218 474 267 235 251 27 283 43 299 59 315 75 331 91 347 107 363 123 379 139 395 155 411 171 427 187 443 203 459 219 475 268 236 252 28 284 44 300 60 316 76 332 92 348 108 364 124 380 140 396 156 412 172 428 188 444 204 460 220 476 269 237 253 29 285 45 301 61 317 77 333 93 349 109 365 125 381 141 397 157 413 173 429 189 445 205 461 221 477 270 238 254 30 286 46 302 62 318 78 334 94 350 110 366 126 382 142 398 158 414 174 430 190 446 206 462 222 478 271 239 255 31 287 47 303 63 319 79 335 95 351 111 367 127 383 143 399 159 415 175 431 191 447 207 463 223 479>
# refined known-set: #<set: 17 18 3 4 5 6 7 8 9 10 11 12 13 14 15 0 16>
# refined unknown-set: #<set: 256 272 240 32 288 48 304 64 320 80 336 96 352 112 368 128 384 144 400 160 416 176 432 192 448 208 464 224 480 273 241 1 257 33 289 49 305 65 321 81 337 97 353 113 369 129 385 145 401 161 417 177 433 193 449 209 465 225 481 274 242 2 258 34 290 50 306 66 322 82 338 98 354 114 370 130 386 146 402 162 418 178 434 194 450 210 466 226 482 259 243 19 275 35 291 51 307 67 323 83 339 99 355 115 371 131 387 147 403 163 419 179 435 195 451 211 467 227 483 260 244 20 276 36 292 52 308 68 324 84 340 100 356 116 372 132 388 148 404 164 420 180 436 196 452 212 468 228 484 261 245 21 277 37 293 53 309 69 325 85 341 101 357 117 373 133 389 149 405 165 421 181 437 197 453 213 469 229 485 262 246 22 278 38 294 54 310 70 326 86 342 102 358 118 374 134 390 150 406 166 422 182 438 198 454 214 470 230 486 263 247 23 279 39 295 55 311 71 327 87 343 103 359 119 375 135 391 151 407 167 423 183 439 199 455 215 471 231 487 264 232 248 24 280 40 296 56 312 72 328 88 344 104 360 120 376 136 392 152 408 168 424 184 440 200 456 216 472 265 233 249 25 281 41 297 57 313 73 329 89 345 105 361 121 377 137 393 153 409 169 425 185 441 201 457 217 473 266 234 250 26 282 42 298 58 314 74 330 90 346 106 362 122 378 138 394 154 410 170 426 186 442 202 458 218 474 267 235 251 27 283 43 299 59 315 75 331 91 347 107 363 123 379 139 395 155 411 171 427 187 443 203 459 219 475 268 236 252 28 284 44 300 60 316 76 332 92 348 108 364 124 380 140 396 156 412 172 428 188 444 204 460 220 476 269 237 253 29 285 45 301 61 317 77 333 93 349 109 365 125 381 141 397 157 413 173 429 189 445 205 461 221 477 270 238 254 30 286 46 302 62 318 78 334 94 350 110 366 126 382 142 398 158 414 174 430 190 446 206 462 222 478 271 239 255 31 287 47 303 63 319 79 335 95 351 111 367 127 383 143 399 159 415 175 431 191 447 207 463 223 479>
  # propagation (linear lemma): #<set: 32 33 34 35 36 23 24 25 26 27 28 29 30 31 21 37 22 38> added.
  # propagation (linear lemma): #<set: 98 99 300 108 396 204 301 109 397 205 302 110 398 206 303 111 399 207> added.
  # propagation (linear lemma): #<set: 276 372 180 468 277 373 181 469 278 374 182 470> added.
  # propagation (linear lemma): #<set: 295 391 199 487> added.
  # propagation (linear lemma): none.
  # propagation (binary01 lemma): none.
  # propagation (basis2 lemma): none.
  # propagation (aboz lemma): none.
  # propagation (aboz lemma): none.
  # propagation (linear lemma): none.
  # propagation (binary01 lemma): none.
  # propagation (basis2 lemma): none.
  # propagation (aboz lemma): none.
  # propagation (aboz lemma): none.
  # checking: (x164 y164), skip.
  # checking: (x172 y172), skip.
  # checking: (x260 y260), skip.
  # checking: (x268 y268), skip.
  # checking: (x356 y356), skip.
  # checking: (x364 y364), skip.
  # checking: (x452 y452), skip.
  # checking: (x460 y460), skip.
  # checking: (x41 y41), skip.
  # checking: (x45 y45), skip.
  # checking: (x48 y48), skip.
  # checking: (x52 y52), skip.
  # checking: (x55 y55), skip.
  # checking: (x59 y59), skip.
  # checking: (x116 y116), skip.
  # checking: (x120 y120), skip.
  # checking: (x123 y123), skip.
  # checking: (x127 y127), skip.
  # checking: (x130 y130), skip.
  # checking: (x134 y134), skip.
  # checking: (x137 y137), skip.
  # checking: (x141 y141), skip.
  # checking: (x144 y144), skip.
  # checking: (x148 y148), skip.
  # checking: (x151 y151), skip.
  # checking: (x155 y155), skip.
  # checking: (x189 y189), skip.
  # checking: (x190 y190), skip.
  # checking: (x212 y212), skip.
  # checking: (x216 y216), skip.
  # checking: (x219 y219), skip.
  # checking: (x223 y223), skip.
  # checking: (x226 y226), skip.
  # checking: (x230 y230), skip.
  # checking: (x233 y233), skip.
  # checking: (x237 y237), skip.
  # checking: (x240 y240), skip.
  # checking: (x244 y244), skip.
  # checking: (x247 y247), skip.
  # checking: (x251 y251), skip.
  # checking: (x285 y285), skip.
  # checking: (x286 y286), skip.
  # checking: (x308 y308), skip.
  # checking: (x312 y312), skip.
  # checking: (x315 y315), skip.
  # checking: (x319 y319), skip.
  # checking: (x322 y322), skip.
  # checking: (x326 y326), skip.
  # checking: (x329 y329), skip.
  # checking: (x333 y333), skip.
  # checking: (x336 y336), skip.
  # checking: (x340 y340), skip.
  # checking: (x343 y343), skip.
  # checking: (x347 y347), skip.
  # checking: (x381 y381), skip.
  # checking: (x382 y382), skip.
  # checking: (x404 y404), skip.
  # checking: (x408 y408), skip.
  # checking: (x411 y411), skip.
  # checking: (x415 y415), skip.
  # checking: (x418 y418), skip.
  # checking: (x422 y422), skip.
  # checking: (x425 y425), skip.
  # checking: (x429 y429), skip.
  # checking: (x432 y432), skip.
  # checking: (x436 y436), skip.
  # checking: (x439 y439), skip.
  # checking: (x443 y443), skip.
  # checking: (x477 y477), skip.
  # checking: (x478 y478), skip.
  # checking: (x64 y64), skip.
  # checking: (x70 y70), skip.
  # checking: (x76 y76), skip.
  # checking: (x82 y82), skip.
  # checking: (x88 y88), skip.
  # checking: (x94 y94), skip.
  # checking: (x160 y160), skip.
  # checking: (x168 y168), 