# r1cs file: ./benchmarks/circomlibex-cff5ab6/Pedersen@pedersen_old@circomlib_1.r1cs
# timeout: 5000
# solver: cvc5
# selector: counter
# precondition: ()
# propagation on: #t
# solver on: #t
# smt: #f
# weak: #t
# map: #f
# number of wires: 101
# number of constraints: 99
# field size (how many bytes): 32
# inputs: (0 3).
# outputs: (1 2).
# targets: #<set: 1 2>.
# parsing original r1cs...
# xlist: (x0 x1 x2 x3 x4 x5 x6 x7 x8 x9 x10 x11 x12 x13 x14 x15 x16 x17 x18 x19 x20 x21 x22 x23 x24 x25 x26 x27 x28 x29 x30 x31 x32 x33 x34 x35 x36 x37 x38 x39 x40 x41 x42 x43 x44 x45 x46 x47 x48 x49 x50 x51 x52 x53 x54 x55 x56 x57 x58 x59 x60 x61 x62 x63 x64 x65 x66 x67 x68 x69 x70 x71 x72 x73 x74 x75 x76 x77 x78 x79 x80 x81 x82 x83 x84 x85 x86 x87 x88 x89 x90 x91 x92 x93 x94 x95 x96 x97 x98 x99 x100).
# alt-xlist (x0 y1 y2 x3 y4 y5 y6 y7 y8 y9 y10 y11 y12 y13 y14 y15 y16 y17 y18 y19 y20 y21 y22 y23 y24 y25 y26 y27 y28 y29 y30 y31 y32 y33 y34 y35 y36 y37 y38 y39 y40 y41 y42 y43 y44 y45 y46 y47 y48 y49 y50 y51 y52 y53 y54 y55 y56 y57 y58 y59 y60 y61 y62 y63 y64 y65 y66 y67 y68 y69 y70 y71 y72 y73 y74 y75 y76 y77 y78 y79 y80 y81 y82 y83 y84 y85 y86 y87 y88 y89 y90 y91 y92 y93 y94 y95 y96 y97 y98 y99 y100).
# parsing alternative r1cs...
# configuring precondition...
# unique: #<set:>.
# initial known-set #<set: 0 3>
# initial unknown-set #<set: 16 32 48 64 80 96 1 17 33 49 65 81 97 2 18 34 50 66 82 98 19 35 51 67 83 99 4 20 36 52 68 84 100 5 21 37 53 69 85 6 22 38 54 70 86 7 23 39 55 71 87 8 24 40 56 72 88 9 25 41 57 73 89 10 26 42 58 74 90 11 27 43 59 75 91 12 28 44 60 76 92 13 29 45 61 77 93 14 30 46 62 78 94 15 31 47 63 79 95>
# refined known-set: #<set: 0 3>
# refined unknown-set: #<set: 16 32 48 64 80 96 1 17 33 49 65 81 97 2 18 34 50 66 82 98 19 35 51 67 83 99 4 20 36 52 68 84 100 5 21 37 53 69 85 6 22 38 54 70 86 7 23 39 55 71 87 8 24 40 56 72 88 9 25 41 57 73 89 10 26 42 58 74 90 11 27 43 59 75 91 12 28 44 60 76 92 13 29 45 61 77 93 14 30 46 62 78 94 15 31 47 63 79 95>
  # propagation (linear lemma): #<set: 16 32 48 33 49 34 50 35 51 36 52 37 53 6 38 54 7 39 55 8 40 56 41 57 42 58 43 59 44 60 29 45 14 30 46 15 31 47> added.
  # propagation (linear lemma): #<set: 11 12 13 62 64 80 96 63 79 95> added.
  # propagation (linear lemma): #<set: 20 61 19 99 73 89 74 90 75 91 76 92> added.
  # propagation (linear lemma): #<set: 97 98 67 83 68 84 100 77 93 78 94> added.
  # propagation (linear lemma): #<set: 65 81 66 82 69 85 70 86 71 87 72 88> added.
  # propagation (linear lemma): #<set: 27 28> added.
  # propagation (linear lemma): #<set: 21 22> added.
  # propagation (linear lemma): #<set: 23 24 25> added.
  # propagation (linear lemma): #<set: 26> added.
  # propagation (linear lemma): none.
  # propagation (binary01 lemma): none.
  # propagation (basis2 lemma): none.
  # propagation (aboz lemma): none.
  # propagation (aboz lemma): none.
  # propagation (linear lemma): none.
  # propagation (binary01 lemma): none.
  # propagation (basis2 lemma): none.
  # propagation (aboz lemma): none.
  # propagation (aboz lemma): none.
  # checking: (x18 y18), verified.
  # propagation (linear lemma): #<set: 10> added.
  # propagation (linear lemma): #<set: 5> added.
  # propagation (linear lemma): #<set: 2> added.
  # propagation (linear lemma): none.
  # propagation (binary01 lemma): none.
  # propagation (basis2 lemma): none.
  # propagation (aboz lemma): none.
  # propagation (aboz lemma): none.
  # propagation (linear lemma): none.
  # propagation (binary01 lemma): none.
  # propagation (basis2 lemma): none.
  # propagation (aboz lemma): none.
  # propagation (aboz lemma): none.
  # checking: (x17 y17), verified.
  # propagation (linear lemma): #<set: 9> added.
  # propagation (linear lemma): #<set: 4> added.
  # propagation (linear lemma): #<set: 1> added.
  # propagation (linear lemma): none.
  # propagation (binary01 lemma): none.
  # propagation (basis2 lemma): none.
  # propagation (aboz lemma): none.
  # propagation (aboz lemma): none.
  # propagation (linear lemma): none.
  # propagation (binary01 lemma): none.
  # propagation (basis2 lemma): none.
  # propagation (aboz lemma): none.
  # propagation (aboz lemma): none.
# final unknown set #<set:>.
# weak uniqueness: safe.
