# r1cs file: ./benchmarks/circomlibex-cff5ab6/Pedersen@pedersen_old@circomlib_16.r1cs
# timeout: 5000
# solver: cvc5
# selector: counter
# precondition: ()
# propagation on: #t
# solver on: #t
# smt: #f
# weak: #t
# map: #f
# number of wires: 407
# number of constraints: 390
# field size (how many bytes): 32
# inputs: (0 3 4 5 6 7 8 9 10 11 12 13 14 15 16 17 18).
# outputs: (1 2).
# targets: #<set: 1 2>.
# parsing original r1cs...
# xlist: (x0 x1 x2 x3 x4 x5 x6 x7 x8 x9 x10 x11 x12 x13 x14 x15 x16 x17 x18 x19 x20 x21 x22 x23 x24 x25 x26 x27 x28 x29 x30 x31 x32 x33 x34 x35 x36 x37 x38 x39 x40 x41 x42 x43 x44 x45 x46 x47 x48 x49 x50 x51 x52 x53 x54 x55 x56 x57 x58 x59 x60 x61 x62 x63 x64 x65 x66 x67 x68 x69 x70 x71 x72 x73 x74 x75 x76 x77 x78 x79 x80 x81 x82 x83 x84 x85 x86 x87 x88 x89 x90 x91 x92 x93 x94 x95 x96 x97 x98 x99 x100 x101 x102 x103 x104 x105 x106 x107 x108 x109 x110 x111 x112 x113 x114 x115 x116 x117 x118 x119 x120 x121 x122 x123 x124 x125 x126 x127 x128 x129 x130 x131 x132 x133 x134 x135 x136 x137 x138 x139 x140 x141 x142 x143 x144 x145 x146 x147 x148 x149 x150 x151 x152 x153 x154 x155 x156 x157 x158 x159 x160 x161 x162 x163 x164 x165 x166 x167 x168 x169 x170 x171 x172 x173 x174 x175 x176 x177 x178 x179 x180 x181 x182 x183 x184 x185 x186 x187 x188 x189 x190 x191 x192 x193 x194 x195 x196 x197 x198 x199 x200 x201 x202 x203 x204 x205 x206 x207 x208 x209 x210 x211 x212 x213 x214 x215 x216 x217 x218 x219 x220 x221 x222 x223 x224 x225 x226 x227 x228 x229 x230 x231 x232 x233 x234 x235 x236 x237 x238 x239 x240 x241 x242 x243 x244 x245 x246 x247 x248 x249 x250 x251 x252 x253 x254 x255 x256 x257 x258 x259 x260 x261 x262 x263 x264 x265 x266 x267 x268 x269 x270 x271 x272 x273 x274 x275 x276 x277 x278 x279 x280 x281 x282 x283 x284 x285 x286 x287 x288 x289 x290 x291 x292 x293 x294 x295 x296 x297 x298 x299 x300 x301 x302 x303 x304 x305 x306 x307 x308 x309 x310 x311 x312 x313 x314 x315 x316 x317 x318 x319 x320 x321 x322 x323 x324 x325 x326 x327 x328 x329 x330 x331 x332 x333 x334 x335 x336 x337 x338 x339 x340 x341 x342 x343 x344 x345 x346 x347 x348 x349 x350 x351 x352 x353 x354 x355 x356 x357 x358 x359 x360 x361 x362 x363 x364 x365 x366 x367 x368 x369 x370 x371 x372 x373 x374 x375 x376 x377 x378 x379 x380 x381 x382 x383 x384 x385 x386 x387 x388 x389 x390 x391 x392 x393 x394 x395 x396 x397 x398 x399 x400 x401 x402 x403 x404 x405 x406).
# alt-xlist (x0 y1 y2 x3 x4 x5 x6 x7 x8 x9 x10 x11 x12 x13 x14 x15 x16 x17 x18 y19 y20 y21 y22 y23 y24 y25 y26 y27 y28 y29 y30 y31 y32 y33 y34 y35 y36 y37 y38 y39 y40 y41 y42 y43 y44 y45 y46 y47 y48 y49 y50 y51 y52 y53 y54 y55 y56 y57 y58 y59 y60 y61 y62 y63 y64 y65 y66 y67 y68 y69 y70 y71 y72 y73 y74 y75 y76 y77 y78 y79 y80 y81 y82 y83 y84 y85 y86 y87 y88 y89 y90 y91 y92 y93 y94 y95 y96 y97 y98 y99 y100 y101 y102 y103 y104 y105 y106 y107 y108 y109 y110 y111 y112 y113 y114 y115 y116 y117 y118 y119 y120 y121 y122 y123 y124 y125 y126 y127 y128 y129 y130 y131 y132 y133 y134 y135 y136 y137 y138 y139 y140 y141 y142 y143 y144 y145 y146 y147 y148 y149 y150 y151 y152 y153 y154 y155 y156 y157 y158 y159 y160 y161 y162 y163 y164 y165 y166 y167 y168 y169 y170 y171 y172 y173 y174 y175 y176 y177 y178 y179 y180 y181 y182 y183 y184 y185 y186 y187 y188 y189 y190 y191 y192 y193 y194 y195 y196 y197 y198 y199 y200 y201 y202 y203 y204 y205 y206 y207 y208 y209 y210 y211 y212 y213 y214 y215 y216 y217 y218 y219 y220 y221 y222 y223 y224 y225 y226 y227 y228 y229 y230 y231 y232 y233 y234 y235 y236 y237 y238 y239 y240 y241 y242 y243 y244 y245 y246 y247 y248 y249 y250 y251 y252 y253 y254 y255 y256 y257 y258 y259 y260 y261 y262 y263 y264 y265 y266 y267 y268 y269 y270 y271 y272 y273 y274 y275 y276 y277 y278 y279 y280 y281 y282 y283 y284 y285 y286 y287 y288 y289 y290 y291 y292 y293 y294 y295 y296 y297 y298 y299 y300 y301 y302 y303 y304 y305 y306 y307 y308 y309 y310 y311 y312 y313 y314 y315 y316 y317 y318 y319 y320 y321 y322 y323 y324 y325 y326 y327 y328 y329 y330 y331 y332 y333 y334 y335 y336 y337 y338 y339 y340 y341 y342 y343 y344 y345 y346 y347 y348 y349 y350 y351 y352 y353 y354 y355 y356 y357 y358 y359 y360 y361 y362 y363 y364 y365 y366 y367 y368 y369 y370 y371 y372 y373 y374 y375 y376 y377 y378 y379 y380 y381 y382 y383 y384 y385 y386 y387 y388 y389 y390 y391 y392 y393 y394 y395 y396 y397 y398 y399 y400 y401 y402 y403 y404 y405 y406).
# parsing alternative r1cs...
# configuring precondition...
# unique: #<set:>.
# initial known-set #<set: 17 18 3 4 5 6 7 8 9 10 11 12 13 14 15 0 16>
# initial unknown-set #<set: 256 272 160 176 192 208 224 240 32 288 48 304 64 320 80 336 96 352 112 368 128 384 144 400 273 161 177 193 209 225 241 1 257 33 289 49 305 65 321 81 337 97 353 113 369 129 385 145 401 274 162 178 194 210 226 242 2 258 34 290 50 306 66 322 82 338 98 354 114 370 130 386 146 402 259 163 179 195 211 227 243 19 275 35 291 51 307 67 323 83 339 99 355 115 371 131 387 147 403 260 164 180 196 212 228 244 20 276 36 292 52 308 68 324 84 340 100 356 116 372 132 388 148 404 261 165 181 197 213 229 245 21 277 37 293 53 309 69 325 85 341 101 357 117 373 133 389 149 405 262 166 182 198 214 230 246 22 278 38 294 54 310 70 326 86 342 102 358 118 374 134 390 150 406 263 151 167 183 199 215 231 247 23 279 39 295 55 311 71 327 87 343 103 359 119 375 135 391 264 152 168 184 200 216 232 248 24 280 40 296 56 312 72 328 88 344 104 360 120 376 136 392 265 153 169 185 201 217 233 249 25 281 41 297 57 313 73 329 89 345 105 361 121 377 137 393 266 154 170 186 202 218 234 250 26 282 42 298 58 314 74 330 90 346 106 362 122 378 138 394 267 155 171 187 203 219 235 251 27 283 43 299 59 315 75 331 91 347 107 363 123 379 139 395 268 156 172 188 204 220 236 252 28 284 44 300 60 316 76 332 92 348 108 364 124 380 140 396 269 157 173 189 205 221 237 253 29 285 45 301 61 317 77 333 93 349 109 365 125 381 141 397 270 158 174 190 206 222 238 254 30 286 46 302 62 318 78 334 94 350 110 366 126 382 142 398 271 159 175 191 207 223 239 255 31 287 47 303 63 319 79 335 95 351 111 367 127 383 143 399>
# refined known-set: #<set: 17 18 3 4 5 6 7 8 9 10 11 12 13 14 15 0 16>
# refined unknown-set: #<set: 256 272 160 176 192 208 224 240 32 288 48 304 64 320 80 336 96 352 112 368 128 384 144 400 273 161 177 193 209 225 241 1 257 33 289 49 305 65 321 81 337 97 353 113 369 129 385 145 401 274 162 178 194 210 226 242 2 258 34 290 50 306 66 322 82 338 98 354 114 370 130 386 146 402 259 163 179 195 211 227 243 19 275 35 291 51 307 67 323 83 339 99 355 115 371 131 387 147 403 260 164 180 196 212 228 244 20 276 36 292 52 308 68 324 84 340 100 356 116 372 132 388 148 404 261 165 181 197 213 229 245 21 277 37 293 53 309 69 325 85 341 101 357 117 373 133 389 149 405 262 166 182 198 214 230 246 22 278 38 294 54 310 70 326 86 342 102 358 118 374 134 390 150 406 263 151 167 183 199 215 231 247 23 279 39 295 55 311 71 327 87 343 103 359 119 375 135 391 264 152 168 184 200 216 232 248 24 280 40 296 56 312 72 328 88 344 104 360 120 376 136 392 265 153 169 185 201 217 233 249 25 281 41 297 57 313 73 329 89 345 105 361 121 377 137 393 266 154 170 186 202 218 234 250 26 282 42 298 58 314 74 330 90 346 106 362 122 378 138 394 267 155 171 187 203 219 235 251 27 283 43 299 59 315 75 331 91 347 107 363 123 379 139 395 268 156 172 188 204 220 236 252 28 284 44 300 60 316 76 332 92 348 108 364 124 380 140 396 269 157 173 189 205 221 237 253 29 285 45 301 61 317 77 333 93 349 109 365 125 381 141 397 270 158 174 190 206 222 238 254 30 286 46 302 62 318 78 334 94 350 110 366 126 382 142 398 271 159 175 191 207 223 239 255 31 287 47 303 63 319 79 335 95 351 111 367 127 383 143 399>
  # propagation (linear lemma): #<set: 256 272 32 64 352 160 176 80 336 257 273 33 65 353 161 177 81 337 258 274 34 66 354 162 178 82 338 259 35 67 355 163 179 243 83 339 260 36 68 356 164 180 244 84 340 261 21 37 69 357 165 181 245 85 341 262 22 38 70 358 166 182 246 86 342 263 23 71 359 151 167 247 87 343 264 24 72 360 152 168 248 88 344 265 25 73 361 153 169 249 89 345 266 26 74 362 154 170 250 90 346 267 27 59 75 347 363 155 171 251 268 28 60 76 348 364 156 172 252 269 29 61 77 349 365 157 173 253 270 30 62 78 350 366 158 174 254 271 31 63 351 159 175 255 79 335> added.
  # propagation (linear lemma): #<set: 320 227 228 135 136 43 44 319 321 385 401 322 386 402 293 309 229 294 310 230 41 137 201 217 42 138 202 218 45 109 125 46 110 126> added.
  # propagation (linear lemma): #<set: 368 275 276 277 278 183 184 185 186 91 92 93 94 367 49 369 50 370> added.
  # propagation (linear lemma): #<set: 288 304 400 128 384 289 305 129 290 306 291 307 403 195 211 292 308 404 196 212 405 197 213 198 214 311 103 119 199 215 312 104 120 200 216 313 105 121 106 122 107 395 219 123 379 108 396 220 124 380 381 397 221 382 398 287 303 399 127 383> added.
  # propagation (linear lemma): #<set: 192 208 97 113 193 209 98 114 130 194 210 99 115 100 116 101 389 117 373 102 390 406 118 374 375 391 376 392 281 297 377 393 282 298 314 378 394 283 299 284 300 285 301 189 205 286 302 190 206 222 191 207> added.
  # propagation (linear lemma): #<set: 96 112 371 387 372 388 279 295 280 296 187 203 188 204 95 111> added.
  # propagation (linear lemma): #<set: 241 242 149 150 57 58 333 334> added.
  # propagation (linear lemma): #<set: 144 51 52 327 328 235 236 143> added.
  # propagation (linear lemma): #<set: 53 54 55> added.
  # propagation (linear lemma): #<set: 56> added.
  # propagation (linear lemma): none.
  # propagation (binary01 lemma): none.
  # propagation (basis2 lemma): none.
  # propagation (aboz lemma): none.
  # propagation (aboz lemma): none.
  # propagation (linear lemma): none.
  # propagation (binary01 lemma): none.
  # propagation (basis2 lemma): none.
  # propagation (aboz lemma): none.
  # propagation (aboz lemma): none.
  # checking: (x332 y332), skip.
  # checking: (x148 y148), skip.
  # checking: (x240 y240), skip.
  # checking: (x324 y324), skip.
  # checking: (x329 y329), skip.
  # checking: (x330 y330), skip.
  # checking: (x140 y140), skip.
  # checking: (x145 y145), skip.
  # checking: (x146 y146), skip.
  # checking: (x232 y232), skip.
  # checking: (x237 y237), skip.
  # checking: (x238 y238), skip.
  # checking: (x48 y48), skip.
  # checking: (x323 y323), skip.
  # checking: (x325 y325), skip.
  # checking: (x326 y326), skip.
  # checking: (x231 y231), skip.
  # checking: (x233 y233), skip.
  # checking: (x234 y234), skip.
  # checking: (x139 y139), skip.
  # checking: (x141 y141), skip.
  # checking: (x142 y142), skip.
  # checking: (x47 y47), skip.
  # checking: (x331 y331), skip.
  # checking: (x239 y239), skip.
  # checking: (x147 y147), skip.
  # checking: (x224 y224), skip.
  # checking: (x1 y1), skip.
  # checking: (x225 y225), skip.
  # checking: (x226 y226), skip.
  # checking: (x2 y2), skip.
  # checking: (x19 y19), skip.
  # checking: (x131 y131), skip.
  # checking: (x20 y20), skip.
  # checking: (x132 y132), skip.
  # checking: (x133 y133), skip.
  # checking: (x40 y40), skip.
  # checking: (x315 y315), skip.
  # checking: (x317 y317), skip.
  # checking: (x316 y316), skip.
  # checking: (x134 y134), skip.
  # checking: (x318 y318), skip.
  # checking: (x223 y223), skip.
  # checking: (x39 y39), skip.
# final unknown set #<set: 48 224 240 1 145 225 2 146 226 19 323 131 147 20 324 132 148 325 133 326 134 39 231 40 232 329 233 330 234 315 331 139 316 332 140 317 141 237 318 142 238 47 223 239>.
# weak uniqueness: unknown.
