# r1cs file: ./benchmarks/circomlibex-cff5ab6/Pedersen@pedersen@circomlib_8.r1cs
# timeout: 5000
# solver: cvc5
# selector: counter
# precondition: ()
# propagation on: #t
# solver on: #t
# smt: #f
# weak: #t
# map: #f
# number of wires: 242
# number of constraints: 233
# field size (how many bytes): 32
# inputs: (0 3 4 5 6 7 8 9 10).
# outputs: (1 2).
# targets: #<set: 1 2>.
# parsing original r1cs...
# xlist: (x0 x1 x2 x3 x4 x5 x6 x7 x8 x9 x10 x11 x12 x13 x14 x15 x16 x17 x18 x19 x20 x21 x22 x23 x24 x25 x26 x27 x28 x29 x30 x31 x32 x33 x34 x35 x36 x37 x38 x39 x40 x41 x42 x43 x44 x45 x46 x47 x48 x49 x50 x51 x52 x53 x54 x55 x56 x57 x58 x59 x60 x61 x62 x63 x64 x65 x66 x67 x68 x69 x70 x71 x72 x73 x74 x75 x76 x77 x78 x79 x80 x81 x82 x83 x84 x85 x86 x87 x88 x89 x90 x91 x92 x93 x94 x95 x96 x97 x98 x99 x100 x101 x102 x103 x104 x105 x106 x107 x108 x109 x110 x111 x112 x113 x114 x115 x116 x117 x118 x119 x120 x121 x122 x123 x124 x125 x126 x127 x128 x129 x130 x131 x132 x133 x134 x135 x136 x137 x138 x139 x140 x141 x142 x143 x144 x145 x146 x147 x148 x149 x150 x151 x152 x153 x154 x155 x156 x157 x158 x159 x160 x161 x162 x163 x164 x165 x166 x167 x168 x169 x170 x171 x172 x173 x174 x175 x176 x177 x178 x179 x180 x181 x182 x183 x184 x185 x186 x187 x188 x189 x190 x191 x192 x193 x194 x195 x196 x197 x198 x199 x200 x201 x202 x203 x204 x205 x206 x207 x208 x209 x210 x211 x212 x213 x214 x215 x216 x217 x218 x219 x220 x221 x222 x223 x224 x225 x226 x227 x228 x229 x230 x231 x232 x233 x234 x235 x236 x237 x238 x239 x240 x241).
# alt-xlist (x0 y1 y2 x3 x4 x5 x6 x7 x8 x9 x10 y11 y12 y13 y14 y15 y16 y17 y18 y19 y20 y21 y22 y23 y24 y25 y26 y27 y28 y29 y30 y31 y32 y33 y34 y35 y36 y37 y38 y39 y40 y41 y42 y43 y44 y45 y46 y47 y48 y49 y50 y51 y52 y53 y54 y55 y56 y57 y58 y59 y60 y61 y62 y63 y64 y65 y66 y67 y68 y69 y70 y71 y72 y73 y74 y75 y76 y77 y78 y79 y80 y81 y82 y83 y84 y85 y86 y87 y88 y89 y90 y91 y92 y93 y94 y95 y96 y97 y98 y99 y100 y101 y102 y103 y104 y105 y106 y107 y108 y109 y110 y111 y112 y113 y114 y115 y116 y117 y118 y119 y120 y121 y122 y123 y124 y125 y126 y127 y128 y129 y130 y131 y132 y133 y134 y135 y136 y137 y138 y139 y140 y141 y142 y143 y144 y145 y146 y147 y148 y149 y150 y151 y152 y153 y154 y155 y156 y157 y158 y159 y160 y161 y162 y163 y164 y165 y166 y167 y168 y169 y170 y171 y172 y173 y174 y175 y176 y177 y178 y179 y180 y181 y182 y183 y184 y185 y186 y187 y188 y189 y190 y191 y192 y193 y194 y195 y196 y197 y198 y199 y200 y201 y202 y203 y204 y205 y206 y207 y208 y209 y210 y211 y212 y213 y214 y215 y216 y217 y218 y219 y220 y221 y222 y223 y224 y225 y226 y227 y228 y229 y230 y231 y232 y233 y234 y235 y236 y237 y238 y239 y240 y241).
# parsing alternative r1cs...
# configuring precondition...
# unique: #<set:>.
# initial known-set #<set: 0 3 4 5 6 7 8 9 10>
# initial unknown-set #<set: 16 32 48 64 80 96 112 128 144 160 176 192 208 224 240 1 17 33 49 65 81 97 113 129 145 161 177 193 209 225 241 2 18 34 50 66 82 98 114 130 146 162 178 194 210 226 19 35 51 67 83 99 115 131 147 163 179 195 211 227 20 36 52 68 84 100 116 132 148 164 180 196 212 228 21 37 53 69 85 101 117 133 149 165 181 197 213 229 22 38 54 70 86 102 118 134 150 166 182 198 214 230 23 39 55 71 87 103 119 135 151 167 183 199 215 231 24 40 56 72 88 104 120 136 152 168 184 200 216 232 25 41 57 73 89 105 121 137 153 169 185 201 217 233 26 42 58 74 90 106 122 138 154 170 186 202 218 234 11 27 43 59 75 91 107 123 139 155 171 187 203 219 235 12 28 44 60 76 92 108 124 140 156 172 188 204 220 236 13 29 45 61 77 93 109 125 141 157 173 189 205 221 237 14 30 46 62 78 94 110 126 142 158 174 190 206 222 238 15 31 47 63 79 95 111 127 143 159 175 191 207 223 239>
# refined known-set: #<set: 0 3 4 5 6 7 8 9 10>
# refined unknown-set: #<set: 16 32 48 64 80 96 112 128 144 160 176 192 208 224 240 1 17 33 49 65 81 97 113 129 145 161 177 193 209 225 241 2 18 34 50 66 82 98 114 130 146 162 178 194 210 226 19 35 51 67 83 99 115 131 147 163 179 195 211 227 20 36 52 68 84 100 116 132 148 164 180 196 212 228 21 37 53 69 85 101 117 133 149 165 181 197 213 229 22 38 54 70 86 102 118 134 150 166 182 198 214 230 23 39 55 71 87 103 119 135 151 167 183 199 215 231 24 40 56 72 88 104 120 136 152 168 184 200 216 232 25 41 57 73 89 105 121 137 153 169 185 201 217 233 26 42 58 74 90 106 122 138 154 170 186 202 218 234 11 27 43 59 75 91 107 123 139 155 171 187 203 219 235 12 28 44 60 76 92 108 124 140 156 172 188 204 220 236 13 29 45 61 77 93 109 125 141 157 173 189 205 221 237 14 30 46 62 78 94 110 126 142 158 174 190 206 222 238 15 31 47 63 79 95 111 127 143 159 175 191 207 223 239>
  # propagation (linear lemma): #<set: 16 17 18 19 20 21 22 13 14 15> added.
  # propagation (linear lemma): #<set: 44 45 54 150 55 151 56 152 57 153> added.
  # propagation (linear lemma): #<set: 128 224 126 222 127 223> added.
  # propagation (linear lemma): #<set: 145 241> added.
  # propagation (linear lemma): none.
  # propagation (binary01 lemma): none.
  # propagation (basis2 lemma): none.
  # propagation (aboz lemma): none.
  # propagation (aboz lemma): none.
  # propagation (linear lemma): none.
  # propagation (binary01 lemma): none.
  # propagation (basis2 lemma): none.
  # propagation (aboz lemma): none.
  # propagation (aboz lemma): none.
  # checking: (x110 y110), verified.
  # propagation (linear lemma): #<set: 58 143> added.
  # propagation (linear lemma): #<set: 97 83 69 104 76 62 42 90> added.
  # propagation (linear lemma): #<set: 107> added.
  # propagation (linear lemma): none.
  # propagation (binary01 lemma): none.
  # propagation (basis2 lemma): none.
  # propagation (aboz lemma): none.
  # propagation (aboz lemma): none.
  # propagation (linear lemma): none.
  # propagation (binary01 lemma): none.
  # propagation (basis2 lemma): none.
  # propagation (aboz lemma): none.
  # propagation (aboz lemma): none.
  # checking: (x118 y118), verified.
  # propagation (linear lemma): #<set: 144 59> added.
  # propagation (linear lemma): #<set: 98 84 70 105 77 63 43 91> added.
  # propagation (linear lemma): none.
  # propagation (binary01 lemma): none.
  # propagation (basis2 lemma): none.
  # propagation (aboz lemma): none.
  # propagation (aboz lemma): none.
  # propagation (linear lemma): none.
  # propagation (binary01 lemma): none.
  # propagation (basis2 lemma): none.
  # propagation (aboz lemma): none.
  # propagation (aboz lemma): none.
  # checking: (x206 y206), skip.
  # checking: (x214 y214), skip.
  # checking: (x25 y25), skip.
  # checking: (x29 y29), skip.
  # checking: (x66 y66), skip.
  # checking: (x73 y73), skip.
  # checking: (x80 y80), skip.
  # checking: (x87 y87), skip.
  # checking: (x94 y94), skip.
  # checking: (x101 y101), skip.
  # checking: (x135 y135), skip.
  # checking: (x136 y136), skip.
  # checking: (x158 y158), skip.
  # checking: (x162 y162), skip.
  # checking: (x165 y165), skip.
  # checking: (x169 y169), skip.
  # checking: (x172 y172), skip.
  # checking: (x176 y176), skip.
  # checking: (x179 y179), skip.
  # checking: (x183 y183), skip.
  # checking: (x186 y186), skip.
  # checking: (x190 y190), skip.
  # checking: (x193 y193), skip.
  # checking: (x197 y197), skip.
  # checking: (x231 y231), skip.
  # checking: (x232 y232), skip.
  # checking: (x34 y34), skip.
  # checking: (x40 y40), skip.
  # checking: (x106 y106), verified.
  # propagation (linear lemma): #<set: 102> added.
  # propagation (linear lemma): #<set: 64 103 111> added.
  # propagation (linear lemma): #<set: 65 119 141> added.
  # propagation (linear lemma): #<set: 142> added.
  # propagation (linear lemma): none.
  # propagation (binary01 lemma): none.
  # propagation (basis2 lemma): none.
  # propagation (aboz lemma): none.
  # propagation (aboz lemma): none.
  # propagation (linear lemma): none.
  # propagation (binary01 lemma): none.
  # propagation (basis2 lemma): none.
  # propagation (aboz lemma): none.
  # propagation (aboz lemma): none.
  # checking: (x206 y206), skip.
  # checking: (x214 y214), skip.
  # checking: (x25 y25), skip.
  # checking: (x29 y29), skip.
  # checking: (x66 y66), verified.
  # propagation (linear lemma): #<set: 60> added.
  # propagation (linear lemma): #<set: 112 71 61> added.
  # propagation (linear lemma): #<set: 139 72 120> added.
