# r1cs file: ./benchmarks/circomlibex-cff5ab6/Pedersen@pedersen_old@circomlib_8.r1cs
# timeout: 5000
# solver: cvc5
# selector: counter
# precondition: ()
# propagation on: #t
# solver on: #t
# smt: #f
# weak: #t
# map: #f
# number of wires: 207
# number of constraints: 198
# field size (how many bytes): 32
# inputs: (0 3 4 5 6 7 8 9 10).
# outputs: (1 2).
# targets: #<set: 1 2>.
# parsing original r1cs...
# xlist: (x0 x1 x2 x3 x4 x5 x6 x7 x8 x9 x10 x11 x12 x13 x14 x15 x16 x17 x18 x19 x20 x21 x22 x23 x24 x25 x26 x27 x28 x29 x30 x31 x32 x33 x34 x35 x36 x37 x38 x39 x40 x41 x42 x43 x44 x45 x46 x47 x48 x49 x50 x51 x52 x53 x54 x55 x56 x57 x58 x59 x60 x61 x62 x63 x64 x65 x66 x67 x68 x69 x70 x71 x72 x73 x74 x75 x76 x77 x78 x79 x80 x81 x82 x83 x84 x85 x86 x87 x88 x89 x90 x91 x92 x93 x94 x95 x96 x97 x98 x99 x100 x101 x102 x103 x104 x105 x106 x107 x108 x109 x110 x111 x112 x113 x114 x115 x116 x117 x118 x119 x120 x121 x122 x123 x124 x125 x126 x127 x128 x129 x130 x131 x132 x133 x134 x135 x136 x137 x138 x139 x140 x141 x142 x143 x144 x145 x146 x147 x148 x149 x150 x151 x152 x153 x154 x155 x156 x157 x158 x159 x160 x161 x162 x163 x164 x165 x166 x167 x168 x169 x170 x171 x172 x173 x174 x175 x176 x177 x178 x179 x180 x181 x182 x183 x184 x185 x186 x187 x188 x189 x190 x191 x192 x193 x194 x195 x196 x197 x198 x199 x200 x201 x202 x203 x204 x205 x206).
# alt-xlist (x0 y1 y2 x3 x4 x5 x6 x7 x8 x9 x10 y11 y12 y13 y14 y15 y16 y17 y18 y19 y20 y21 y22 y23 y24 y25 y26 y27 y28 y29 y30 y31 y32 y33 y34 y35 y36 y37 y38 y39 y40 y41 y42 y43 y44 y45 y46 y47 y48 y49 y50 y51 y52 y53 y54 y55 y56 y57 y58 y59 y60 y61 y62 y63 y64 y65 y66 y67 y68 y69 y70 y71 y72 y73 y74 y75 y76 y77 y78 y79 y80 y81 y82 y83 y84 y85 y86 y87 y88 y89 y90 y91 y92 y93 y94 y95 y96 y97 y98 y99 y100 y101 y102 y103 y104 y105 y106 y107 y108 y109 y110 y111 y112 y113 y114 y115 y116 y117 y118 y119 y120 y121 y122 y123 y124 y125 y126 y127 y128 y129 y130 y131 y132 y133 y134 y135 y136 y137 y138 y139 y140 y141 y142 y143 y144 y145 y146 y147 y148 y149 y150 y151 y152 y153 y154 y155 y156 y157 y158 y159 y160 y161 y162 y163 y164 y165 y166 y167 y168 y169 y170 y171 y172 y173 y174 y175 y176 y177 y178 y179 y180 y181 y182 y183 y184 y185 y186 y187 y188 y189 y190 y191 y192 y193 y194 y195 y196 y197 y198 y199 y200 y201 y202 y203 y204 y205 y206).
# parsing alternative r1cs...
# configuring precondition...
# unique: #<set:>.
# initial known-set #<set: 0 3 4 5 6 7 8 9 10>
# initial unknown-set #<set: 16 32 48 64 80 96 112 128 144 160 176 192 1 17 33 49 65 81 97 113 129 145 161 177 193 2 18 34 50 66 82 98 114 130 146 162 178 194 19 35 51 67 83 99 115 131 147 163 179 195 20 36 52 68 84 100 116 132 148 164 180 196 21 37 53 69 85 101 117 133 149 165 181 197 22 38 54 70 86 102 118 134 150 166 182 198 23 39 55 71 87 103 119 135 151 167 183 199 24 40 56 72 88 104 120 136 152 168 184 200 25 41 57 73 89 105 121 137 153 169 185 201 26 42 58 74 90 106 122 138 154 170 186 202 11 27 43 59 75 91 107 123 139 155 171 187 203 12 28 44 60 76 92 108 124 140 156 172 188 204 13 29 45 61 77 93 109 125 141 157 173 189 205 14 30 46 62 78 94 110 126 142 158 174 190 206 15 31 47 63 79 95 111 127 143 159 175 191>
# refined known-set: #<set: 0 3 4 5 6 7 8 9 10>
# refined unknown-set: #<set: 16 32 48 64 80 96 112 128 144 160 176 192 1 17 33 49 65 81 97 113 129 145 161 177 193 2 18 34 50 66 82 98 114 130 146 162 178 194 19 35 51 67 83 99 115 131 147 163 179 195 20 36 52 68 84 100 116 132 148 164 180 196 21 37 53 69 85 101 117 133 149 165 181 197 22 38 54 70 86 102 118 134 150 166 182 198 23 39 55 71 87 103 119 135 151 167 183 199 24 40 56 72 88 104 120 136 152 168 184 200 25 41 57 73 89 105 121 137 153 169 185 201 26 42 58 74 90 106 122 138 154 170 186 202 11 27 43 59 75 91 107 123 139 155 171 187 203 12 28 44 60 76 92 108 124 140 156 172 188 204 13 29 45 61 77 93 109 125 141 157 173 189 205 14 30 46 62 78 94 110 126 142 158 174 190 206 15 31 47 63 79 95 111 127 143 159 175 191>
  # propagation (linear lemma): #<set: 16 48 64 144 160 17 49 65 145 161 18 50 66 146 162 19 51 67 147 163 20 52 68 148 164 21 53 69 149 165 22 54 70 150 166 55 71 135 151 56 72 136 152 57 73 137 153 58 74 138 154 43 59 139 155 44 60 140 156 13 45 61 141 157 14 46 62 142 158 15 47 63 143 159> added.
  # propagation (linear lemma): #<set: 119 120 27 28 25 121 185 201 26 122 186 202 29 93 109 30 94 110> added.
  # propagation (linear lemma): #<set: 33 34 167 168 169 170 75 76 77 78> added.
  # propagation (linear lemma): #<set: 112 113 205 111 179 195 180 196 181 197 182 198 87 103 183 199 88 104 184 200 89 105 90 106 91 107 203 92 108 204> added.
  # propagation (linear lemma): #<set: 176 192 81 97 177 193 82 98 114 178 194 83 99 84 100 85 101 86 102 173 189 174 190 206 175 191> added.
  # propagation (linear lemma): #<set: 80 96 171 187 172 188 79 95> added.
  # propagation (linear lemma): #<set: 133 134 41 42> added.
  # propagation (linear lemma): #<set: 128 35 36 127> added.
  # propagation (linear lemma): #<set: 37 38 39> added.
  # propagation (linear lemma): #<set: 40> added.
  # propagation (linear lemma): none.
  # propagation (binary01 lemma): none.
  # propagation (basis2 lemma): none.
  # propagation (aboz lemma): none.
  # propagation (aboz lemma): none.
  # propagation (linear lemma): none.
  # propagation (binary01 lemma): none.
  # propagation (basis2 lemma): none.
  # propagation (aboz lemma): none.
  # propagation (aboz lemma): none.
  # checking: (x132 y132), verified.
  # propagation (linear lemma): none.
  # propagation (binary01 lemma): none.
  # propagation (basis2 lemma): none.
  # propagation (aboz lemma): none.
  # propagation (aboz lemma): none.
  # checking: (x32 y32), verified.
  # propagation (linear lemma): #<set: 24> added.
  # propagation (linear lemma): #<set: 118> added.
  # propagation (linear lemma): #<set: 126> added.
  # propagation (linear lemma): #<set: 130> added.
  # propagation (linear lemma): none.
  # propagation (binary01 lemma): none.
  # propagation (basis2 lemma): none.
  # propagation (aboz lemma): none.
  # propagation (aboz lemma): none.
  # propagation (linear lemma): none.
  # propagation (binary01 lemma): none.
  # propagation (basis2 lemma): none.
  # propagation (aboz lemma): none.
  # propagation (aboz lemma): none.
  # checking: (x129 y129), verified.
  # propagation (linear lemma): none.
  # propagation (binary01 lemma): none.
  # propagation (basis2 lemma): none.
  # propagation (aboz lemma): none.
  # propagation (aboz lemma): none.
  # checking: (x124 y124), skip.
  # checking: (x123 y123), skip.
  # checking: (x125 y125), verified.
  # propagation (linear lemma): #<set: 131 117> added.
  # propagation (linear lemma): #<set: 23> added.
  # propagation (linear lemma): #<set: 31> added.
  # propagation (linear lemma): none.
  # propagation (binary01 lemma): none.
  # propagation (basis2 lemma): none.
  # propagation (aboz lemma): none.
  # propagation (aboz lemma): none.
  # propagation (linear lemma): none.
  # propagation (binary01 lemma): none.
  # propagation (basis2 lemma): none.
  # propagation (aboz lemma): none.
  # propagation (aboz lemma): none.
  # checking: (x124 y124), skip.
  # checking: (x123 y123), skip.
  # checking: (x1 y1), skip.
  # checking: (x2 y2), skip.
  # checking: (x115 y115), skip.
  # checking: (x11 y11), skip.
  # checking: (x116 y116), skip.
  # checking: (x12 y12), skip.
# final unknown set #<set: 1 2 115 116 11 123 12 124>.
# weak uniqueness: unknown.
