# r1cs file: ./benchmarks/circomlib-cff5ab6/SegmentMulAny@escalarmulany.r1cs
# timeout: 5000
# solver: cvc5
# selector: counter
# precondition: ()
# propagation on: #t
# solver on: #t
# smt: #f
# weak: #t
# map: #f
# number of wires: 63
# number of constraints: 58
# field size (how many bytes): 32
# inputs: (0 5 6 7 8).
# outputs: (1 2 3 4).
# targets: #<set: 1 2 3 4>.
# parsing original r1cs...
# xlist: (x0 x1 x2 x3 x4 x5 x6 x7 x8 x9 x10 x11 x12 x13 x14 x15 x16 x17 x18 x19 x20 x21 x22 x23 x24 x25 x26 x27 x28 x29 x30 x31 x32 x33 x34 x35 x36 x37 x38 x39 x40 x41 x42 x43 x44 x45 x46 x47 x48 x49 x50 x51 x52 x53 x54 x55 x56 x57 x58 x59 x60 x61 x62).
# alt-xlist (x0 y1 y2 y3 y4 x5 x6 x7 x8 y9 y10 y11 y12 y13 y14 y15 y16 y17 y18 y19 y20 y21 y22 y23 y24 y25 y26 y27 y28 y29 y30 y31 y32 y33 y34 y35 y36 y37 y38 y39 y40 y41 y42 y43 y44 y45 y46 y47 y48 y49 y50 y51 y52 y53 y54 y55 y56 y57 y58 y59 y60 y61 y62).
# parsing alternative r1cs...
# configuring precondition...
# unique: #<set:>.
# initial known-set #<set: 0 5 6 7 8>
# initial unknown-set #<set: 16 32 48 1 17 33 49 2 18 34 50 3 19 35 51 4 20 36 52 21 37 53 22 38 54 23 39 55 24 40 56 9 25 41 57 10 26 42 58 11 27 43 59 12 28 44 60 13 29 45 61 14 30 46 62 15 31 47>
# refined known-set: #<set: 0 5 6 7 8>
# refined unknown-set: #<set: 16 32 48 1 17 33 49 2 18 34 50 3 19 35 51 4 20 36 52 21 37 53 22 38 54 23 39 55 24 40 56 9 25 41 57 10 26 42 58 11 27 43 59 12 28 44 60 13 29 45 61 14 30 46 62 15 31 47>
  # propagation (linear lemma): #<set: 54 40 41 13 46 47> added.
  # propagation (linear lemma): #<set: 33> added.
  # propagation (linear lemma): none.
  # propagation (binary01 lemma): none.
  # propagation (basis2 lemma): none.
  # propagation (aboz lemma): none.
  # propagation (aboz lemma): none.
  # propagation (linear lemma): none.
  # propagation (binary01 lemma): none.
  # propagation (basis2 lemma): none.
  # propagation (aboz lemma): none.
  # propagation (aboz lemma): none.
  # checking: (x20 y20), skip.
  # checking: (x24 y24), skip.
  # checking: (x29 y29), skip.
  # checking: (x18 y18), skip.
  # checking: (x22 y22), verified.
  # propagation (linear lemma): #<set: 16> added.
  # propagation (linear lemma): #<set: 34 38> added.
  # propagation (linear lemma): #<set: 14> added.
  # propagation (linear lemma): #<set: 27> added.
  # propagation (linear lemma): #<set: 30> added.
  # propagation (linear lemma): none.
  # propagation (binary01 lemma): none.
  # propagation (basis2 lemma): none.
  # propagation (aboz lemma): none.
  # propagation (aboz lemma): none.
  # propagation (linear lemma): none.
  # propagation (binary01 lemma): none.
  # propagation (basis2 lemma): none.
  # propagation (aboz lemma): none.
  # propagation (aboz lemma): none.
  # checking: (x20 y20), skip.
  # checking: (x24 y24), skip.
  # checking: (x29 y29), skip.
  # checking: (x51 y51), skip.
  # checking: (x18 y18), skip.
  # checking: (x25 y25), skip.
  # checking: (x28 y28), skip.
  # checking: (x43 y43), skip.
  # checking: (x48 y48), skip.
  # checking: (x49 y49), skip.
  # checking: (x21 y21), skip.
  # checking: (x42 y42), skip.
  # checking: (x44 y44), skip.
  # checking: (x45 y45), skip.
  # checking: (x35 y35), skip.
  # checking: (x36 y36), skip.
  # checking: (x37 y37), skip.
  # checking: (x39 y39), skip.
  # checking: (x50 y50), skip.
  # checking: (x19 y19), skip.
  # checking: (x23 y23), skip.
  # checking: (x55 y55), skip.
  # checking: (x56 y56), skip.
  # checking: (x57 y57), skip.
  # checking: (x26 y26), skip.
  # checking: (x58 y58), skip.
  # checking: (x59 y59), skip.
  # checking: (x62 y62), skip.
  # checking: (x32 y32), skip.
  # checking: (x17 y17), skip.
  # checking: (x1 y1), skip.
  # checking: (x2 y2), skip.
  # checking: (x3 y3), skip.
  # checking: (x4 y4), skip.
  # checking: (x52 y52), skip.
  # checking: (x53 y53), skip.
  # checking: (x9 y9), skip.
  # checking: (x10 y10), skip.
  # checking: (x11 y11), skip.
  # checking: (x60 y60), skip.
  # checking: (x12 y12), skip.
  # checking: (x61 y61), skip.
  # checking: (x31 y31), skip.
  # checking: (x15 y15), skip.
# final unknown set #<set: 62 32 48 1 17 49 2 18 50 3 19 35 51 4 20 36 52 21 37 53 23 39 55 24 56 9 25 57 10 26 42 58 11 43 59 12 28 44 60 29 45 61 15 31>.
# weak uniqueness: unknown.
