# r1cs file: ./benchmarks/circomlib-cff5ab6/SegmentMulFix@escalarmulfix.r1cs
# timeout: 5000
# solver: cvc5
# selector: counter
# precondition: ()
# propagation on: #t
# solver on: #t
# smt: #f
# weak: #t
# map: #f
# number of wires: 259
# number of constraints: 250
# field size (how many bytes): 32
# inputs: (0 5 6 7 8 9 10 11 12).
# outputs: (1 2 3 4).
# targets: #<set: 1 2 3 4>.
# parsing original r1cs...
# xlist: (x0 x1 x2 x3 x4 x5 x6 x7 x8 x9 x10 x11 x12 x13 x14 x15 x16 x17 x18 x19 x20 x21 x22 x23 x24 x25 x26 x27 x28 x29 x30 x31 x32 x33 x34 x35 x36 x37 x38 x39 x40 x41 x42 x43 x44 x45 x46 x47 x48 x49 x50 x51 x52 x53 x54 x55 x56 x57 x58 x59 x60 x61 x62 x63 x64 x65 x66 x67 x68 x69 x70 x71 x72 x73 x74 x75 x76 x77 x78 x79 x80 x81 x82 x83 x84 x85 x86 x87 x88 x89 x90 x91 x92 x93 x94 x95 x96 x97 x98 x99 x100 x101 x102 x103 x104 x105 x106 x107 x108 x109 x110 x111 x112 x113 x114 x115 x116 x117 x118 x119 x120 x121 x122 x123 x124 x125 x126 x127 x128 x129 x130 x131 x132 x133 x134 x135 x136 x137 x138 x139 x140 x141 x142 x143 x144 x145 x146 x147 x148 x149 x150 x151 x152 x153 x154 x155 x156 x157 x158 x159 x160 x161 x162 x163 x164 x165 x166 x167 x168 x169 x170 x171 x172 x173 x174 x175 x176 x177 x178 x179 x180 x181 x182 x183 x184 x185 x186 x187 x188 x189 x190 x191 x192 x193 x194 x195 x196 x197 x198 x199 x200 x201 x202 x203 x204 x205 x206 x207 x208 x209 x210 x211 x212 x213 x214 x215 x216 x217 x218 x219 x220 x221 x222 x223 x224 x225 x226 x227 x228 x229 x230 x231 x232 x233 x234 x235 x236 x237 x238 x239 x240 x241 x242 x243 x244 x245 x246 x247 x248 x249 x250 x251 x252 x253 x254 x255 x256 x257 x258).
# alt-xlist (x0 y1 y2 y3 y4 x5 x6 x7 x8 x9 x10 x11 x12 y13 y14 y15 y16 y17 y18 y19 y20 y21 y22 y23 y24 y25 y26 y27 y28 y29 y30 y31 y32 y33 y34 y35 y36 y37 y38 y39 y40 y41 y42 y43 y44 y45 y46 y47 y48 y49 y50 y51 y52 y53 y54 y55 y56 y57 y58 y59 y60 y61 y62 y63 y64 y65 y66 y67 y68 y69 y70 y71 y72 y73 y74 y75 y76 y77 y78 y79 y80 y81 y82 y83 y84 y85 y86 y87 y88 y89 y90 y91 y92 y93 y94 y95 y96 y97 y98 y99 y100 y101 y102 y103 y104 y105 y106 y107 y108 y109 y110 y111 y112 y113 y114 y115 y116 y117 y118 y119 y120 y121 y122 y123 y124 y125 y126 y127 y128 y129 y130 y131 y132 y133 y134 y135 y136 y137 y138 y139 y140 y141 y142 y143 y144 y145 y146 y147 y148 y149 y150 y151 y152 y153 y154 y155 y156 y157 y158 y159 y160 y161 y162 y163 y164 y165 y166 y167 y168 y169 y170 y171 y172 y173 y174 y175 y176 y177 y178 y179 y180 y181 y182 y183 y184 y185 y186 y187 y188 y189 y190 y191 y192 y193 y194 y195 y196 y197 y198 y199 y200 y201 y202 y203 y204 y205 y206 y207 y208 y209 y210 y211 y212 y213 y214 y215 y216 y217 y218 y219 y220 y221 y222 y223 y224 y225 y226 y227 y228 y229 y230 y231 y232 y233 y234 y235 y236 y237 y238 y239 y240 y241 y242 y243 y244 y245 y246 y247 y248 y249 y250 y251 y252 y253 y254 y255 y256 y257 y258).
# parsing alternative r1cs...
# configuring precondition...
# unique: #<set:>.
# initial known-set #<set: 0 5 6 7 8 9 10 11 12>
# initial unknown-set #<set: 256 16 32 48 64 80 96 112 128 144 160 176 192 208 224 240 17 33 49 65 81 97 113 129 145 161 177 193 209 225 241 1 257 18 34 50 66 82 98 114 130 146 162 178 194 210 226 242 2 258 3 19 35 51 67 83 99 115 131 147 163 179 195 211 227 243 4 20 36 52 68 84 100 116 132 148 164 180 196 212 228 244 21 37 53 69 85 101 117 133 149 165 181 197 213 229 245 22 38 54 70 86 102 118 134 150 166 182 198 214 230 246 23 39 55 71 87 103 119 135 151 167 183 199 215 231 247 24 40 56 72 88 104 120 136 152 168 184 200 216 232 248 25 41 57 73 89 105 121 137 153 169 185 201 217 233 249 26 42 58 74 90 106 122 138 154 170 186 202 218 234 250 27 43 59 75 91 107 123 139 155 171 187 203 219 235 251 28 44 60 76 92 108 124 140 156 172 188 204 220 236 252 13 29 45 61 77 93 109 125 141 157 173 189 205 221 237 253 14 30 46 62 78 94 110 126 142 158 174 190 206 222 238 254 15 31 47 63 79 95 111 127 143 159 175 191 207 223 239 255>
# refined known-set: #<set: 0 5 6 7 8 9 10 11 12>
# refined unknown-set: #<set: 256 16 32 48 64 80 96 112 128 144 160 176 192 208 224 240 17 33 49 65 81 97 113 129 145 161 177 193 209 225 241 1 257 18 34 50 66 82 98 114 130 146 162 178 194 210 226 242 2 258 3 19 35 51 67 83 99 115 131 147 163 179 195 211 227 243 4 20 36 52 68 84 100 116 132 148 164 180 196 212 228 244 21 37 53 69 85 101 117 133 149 165 181 197 213 229 245 22 38 54 70 86 102 118 134 150 166 182 198 214 230 246 23 39 55 71 87 103 119 135 151 167 183 199 215 231 247 24 40 56 72 88 104 120 136 152 168 184 200 216 232 248 25 41 57 73 89 105 121 137 153 169 185 201 217 233 249 26 42 58 74 90 106 122 138 154 170 186 202 218 234 250 27 43 59 75 91 107 123 139 155 171 187 203 219 235 251 28 44 60 76 92 108 124 140 156 172 188 204 220 236 252 13 29 45 61 77 93 109 125 141 157 173 189 205 221 237 253 14 30 46 62 78 94 110 126 142 158 174 190 206 222 238 254 15 31 47 63 79 95 111 127 143 159 175 191 207 223 239 255>
  # propagation (linear lemma): #<set: 64 168 75 63 73 169 74 170> added.
  # propagation (linear lemma): #<set: 146 239 144 240 145 241> added.
  # propagation (linear lemma): #<set: 258 163> added.
  # propagation (linear lemma): none.
  # propagation (binary01 lemma): none.
  # propagation (basis2 lemma): none.
  # propagation (aboz lemma): none.
  # propagation (aboz lemma): none.
  # propagation (linear lemma): none.
  # propagation (binary01 lemma): none.
  # propagation (basis2 lemma): none.
  # propagation (aboz lemma): none.
  # propagation (aboz lemma): none.
  # checking: (x128 y128), skip.
  # checking: (x136 y136), skip.
  # checking: (x223 y223), skip.
  # checking: (x231 y231), skip.
  # checking: (x15 y15), skip.
  # checking: (x19 y19), skip.
  # checking: (x22 y22), skip.
  # checking: (x26 y26), skip.
  # checking: (x39 y39), skip.
  # checking: (x43 y43), skip.
  # checking: (x46 y46), skip.
  # checking: (x50 y50), skip.
  # checking: (x80 y80), skip.
  # checking: (x84 y84), skip.
  # checking: (x87 y87), skip.
  # checking: (x91 y91), skip.
  # checking: (x94 y94), skip.
  # checking: (x98 y98), skip.
  # checking: (x101 y101), skip.
  # checking: (x105 y105), skip.
  # checking: (x108 y108), skip.
  # checking: (x112 y112), skip.
  # checking: (x115 y115), skip.
  # checking: (x119 y119), skip.
  # checking: (x153 y153), skip.
  # checking: (x154 y154), skip.
  # checking: (x175 y175), skip.
  # checking: (x179 y179), skip.
  # checking: (x182 y182), skip.
  # checking: (x186 y186), skip.
  # checking: (x189 y189), skip.
  # checking: (x193 y193), skip.
  # checking: (x196 y196), skip.
  # checking: (x200 y200), skip.
  # checking: (x203 y203), skip.
  # checking: (x207 y207), skip.
  # checking: (x210 y210), skip.
  # checking: (x214 y214), skip.
  # checking: (x248 y248), skip.
  # checking: (x249 y249), skip.
  # checking: (x59 y59), skip.
  # checking: (x124 y124), skip.
  # checking: (x132 y132), skip.
  # checking: (x140 y140), skip.
  # checking: (x219 y219), skip.
  # checking: (x227 y227), skip.
  # checking: (x235 y235), skip.
  # checking: (x257 y257), skip.
  # checking: (x256 y256), skip.
  # checking: (x13 y13), skip.
  # checking: (x17 y17), skip.
  # checking: (x20 y20), skip.
  # checking: (x24 y24), skip.
  # checking: (x36 y36), skip.
  # checking: (x37 y37), skip.
  # checking: (x41 y41), skip.
  # checking: (x44 y44), skip.
  # checking: (x48 y48), skip.
  # checking: (x57 y57), skip.
  # checking: (x78 y78), skip.
  # checking: (x82 y82), skip.
  # checking: (x85 y85), skip.
  # checking: (x89 y89), skip.
  # checking: (x92 y92), skip.
  # checking: (x96 y96), skip.
  # checking: (x99 y99), skip.
  # checking: (x103 y103), skip.
  # checking: (x106 y106), skip.
  # checking: (x110 y110), skip.
  # checking: (x113 y113), skip.
  # checking: (x117 y117), skip.
  # checking: (x122 y122), skip.
  # checking: (x126 y126), skip.
  # checking: (x127 y127), skip.
  # checking: (x129 y129), skip.
  # checking: (x130 y130), skip.
  # checking: (x137 y137), skip.
  # checking: (x138 y138), skip.
  # checking: (x147 y147), skip.
  # checking: (x148 y148), skip.
  # checking: (x149 y149), skip.
  # checking: (x150 y150), skip.
  # checking: (x151 y151), skip.
  # checking: (x152 y152), skip.
  # checking: (x161 y161), skip.
  # checking: (x162 y162