# r1cs file: ./benchmarks/circomlibex-cff5ab6/SigmaPlus@sigmaplus@circomlib.r1cs
# timeout: 5000
# solver: cvc5
# selector: counter
# precondition: ()
# propagation on: #t
# solver on: #t
# smt: #f
# weak: #t
# map: #f
# number of wires: 1155
# number of constraints: 1027
# field size (how many bytes): 32
# inputs: (0 33 34 35 36 37 38 39 40 41 42 43 44 45 46 47 48 49 50 51 52 53 54 55 56 57 58 59 60 61 62 63 64 65 66 67 68 69 70 71 72 73 74 75 76 77 78 79 80 81 82 83 84 85 86 87 88 89 90 91 92 93 94 95 96 97 98 99 100 101 102 103 104 105 106 107 108 109 110 111 112 113 114 115 116 117 118 119 120 121 122 123 124 125 126 127 128 129 130 131 132 133 134 135 136 137 138 139 140 141 142 143 144 145 146 147 148 149 150 151 152 153 154 155 156 157 158 159 160).
# outputs: (1 2 3 4 5 6 7 8 9 10 11 12 13 14 15 16 17 18 19 20 21 22 23 24 25 26 27 28 29 30 31 32).
# targets: #<set: 16 32 1 17 2 18 3 19 4 20 5 21 6 22 7 23 8 24 9 25 10 26 11 27 12 28 13 29 14 30 15 31>.
# parsing original r1cs...
# xlist: (x0 x1 x2 x3 x4 x5 x6 x7 x8 x9 x10 x11 x12 x13 x14 x15 x16 x17 x18 x19 x20 x21 x22 x23 x24 x25 x26 x27 x28 x29 x30 x31 x32 x33 x34 x35 x36 x37 x38 x39 x40 x41 x42 x43 x44 x45 x46 x47 x48 x49 x50 x51 x52 x53 x54 x55 x56 x57 x58 x59 x60 x61 x62 x63 x64 x65 x66 x67 x68 x69 x70 x71 x72 x73 x74 x75 x76 x77 x78 x79 x80 x81 x82 x83 x84 x85 x86 x87 x88 x89 x90 x91 x92 x93 x94 x95 x96 x97 x98 x99 x100 x101 x102 x103 x104 x105 x106 x107 x108 x109 x110 x111 x112 x113 x114 x115 x116 x117 x118 x119 x120 x121 x122 x123 x124 x125 x126 x127 x128 x129 x130 x131 x132 x133 x134 x135 x136 x137 x138 x139 x140 x141 x142 x143 x144 x145 x146 x147 x148 x149 x150 x151 x152 x153 x154 x155 x156 x157 x158 x159 x160 x161 x162 x163 x164 x165 x166 x167 x168 x169 x170 x171 x172 x173 x174 x175 x176 x177 x178 x179 x180 x181 x182 x183 x184 x185 x186 x187 x188 x189 x190 x191 x192 x193 x194 x195 x196 x197 x198 x199 x200 x201 x202 x203 x204 x205 x206 x207 x208 x209 x210 x211 x212 x213 x214 x215 x216 x217 x218 x219 x220 x221 x222 x223 x224 x225 x226 x227 x228 x229 x230 x231 x232 x233 x234 x235 x236 x237 x238 x239 x240 x241 x242 x243 x244 x245 x246 x247 x248 x249 x250 x251 x252 x253 x254 x255 x256 x257 x258 x259 x260 x261 x262 x263 x264 x265 x266 x267 x268 x269 x270 x271 x272 x273 x274 x275 x276 x277 x278 x279 x280 x281 x282 x283 x284 x285 x286 x287 x288 x289 x290 x291 x292 x293 x294 x295 x296 x297 x298 x299 x300 x301 x302 x303 x304 x305 x306 x307 x308 x309 x310 x311 x312 x313 x314 x315 x316 x317 x318 x319 x320 x321 x322 x323 x324 x325 x326 x327 x328 x329 x330 x331 x332 x333 x334 x335 x336 x337 x338 x339 x340 x341 x342 x343 x344 x345 x346 x347 x348 x349 x350 x351 x352 x353 x354 x355 x356 x357 x358 x359 x360 x361 x362 x363 x364 x365 x366 x367 x368 x369 x370 x371 x372 x373 x374 x375 x376 x377 x378 x379 x380 x381 x382 x383 x384 x385 x386 x387 x388 x389 x390 x391 x392 x393 x394 x395 x396 x397 x398 x399 x400 x401 x402 x403 x404 x405 x406 x407 x408 x409 x410 x411 x412 x413 x414 x415 x416 x417 x418 x419 x420 x421 x422 x423 x424 x425 x426 x427 x428 x429 x430 x431 x432 x433 x434 x435 x436 x437 x438 x439 x440 x441 x442 x443 x444 x445 x446 x447 x448 x449 x450 x451 x452 x453 x454 x455 x456 x457 x458 x459 x460 x461 x462 x463 x464 x465 x466 x467 x468 x469 x470 x471 x472 x473 x474 x475 x476 x477 x478 x479 x480 x481 x482 x483 x484 x485 x486 x487 x488 x489 x490 x491 x492 x493 x494 x495 x496 x497 x498 x499 x500 x501 x502 x503 x504 x505 x506 x507 x508 x509 x510 x511 x512 x513 x514 x515 x516 x517 x518 x519 x520 x521 x522 x523 x524 x525 x526 x527 x528 x529 x530 x531 x532 x533 x534 x535 x536 x537 x538 x539 x540 x541 x542 x543 x544 x545 x546 x547 x548 x549 x550 x551 x552 x553 x554 x555 x556 x557 x558 x559 x560 x561 x562 x563 x564 x565 x566 x567 x568 x569 x570 x571 x572 x573 x574 x575 x576 x577 x578 x579 x580 x581 x582 x583 x584 x585 x586 x587 x588 x589 x590 x591 x592 x593 x594 x595 x596 x597 x598 x599 x600 x601 x602 x603 x604 x605 x606 x607 x608 x609 x610 x611 x612 x613 x614 x615 x616 x617 x618 x619 x620 x621 x622 x623 x624 x625 x626 x627 x628 x629 x630 x631 x632 x633 x634 x635 x636 x637 x638 x639 x640 x641 x642 x643 x644 x645 x646 x647 x648 x649 x650 x651 x652 x653 x654 x655 x656 x657 x658 x659 x660 x661 x662 x663 x664 x665 x666 x667 x668 x669 x670 x671 x672 x673 x674 x675 x676 x677 x678 x679 x680 x681 x682 x683 x684 x685 x686 x687 x688 x689 x690 x691 x692 x693 x694 x695 x696 x697 x698 x699 x700 x701 x702 x703 x704 x705 x706 x707 x708 x709 x710 x711 x712 x713 x714 x715 x716 x717 x718 x719 x720 x721 x722 x723 x724 x725 x726 x727 x728 x729 x730 x731 x732 x733 x734 x735 x736 x737 x738 x739 x740 x741 x742 x743 x744 x745 x746 x747 x748 x749 x750 x751 x752 x753 x754 x755 x756 x757 x758 x759 x760 x761 x762 x763 x764 x765 x766 x767 x768 x769 x770 x771 x772 x773 x774 x775 x776 x777 x778 x779 x780 x781 x782 x783 x784 x785 x786 x787 x788 x789 x790 x791 x792 x793 x794 x795 x796 x797 x798 x799 x800 x801 x802 x803 x804 x805 x806 x807 x808 x809 x810 x811 x812 x813 x814 x815 x816 x817 x818 x819 x820 x821 x822 x823 x824 x825 x826 x827 x828 x829 x830 x831 x832 x833 x834 x835 x836 x837 x838 x839 x840 x841 x842 x843 x844 x845 x846 x847 x848 x849 x850 x851 x852 x853 x854 x855 x856 x857 x858 x859 x860 x861 x862 x863 x864 x865 x866 x867 x868 x869 x870 x871 x872 x873 x874 x875 x876 x877 x878 x879 x880 x881 x882 x883 x884 x885 x886 x887 x888 x889 x890 x891 x892 x893 x894 x895 x896 x897 x898 x899 x900 x901 x902 x903 x904 x905 x906 x907 x908 x909 x910 x911 x912 x913 x914 x915 x916 x917 x918 x919 x920 x921 x922 x923 x924 x925 x926 x927 x928 x929 x930 x931 x932 x933 x934 x935 x936 x937 x938 x939 x940 x941 x942 x943 x944 x945 x946 x947 x948 x949 x950 x951 x952 x953 x954 x955 x956 x957 x958 x959 x960 x961 x962 x963 x964 x965 x966 x967 x968 x969 x970 x971 x972 x973 x974 x975 x976 x977 x978 x979 x980 x981 x982 x983 x984 x985 x986 x987 x988 x989 x990 x991 x992 x993 x994 x995 x996 x997 x998 x999 x1000 x1001 x1002 x1003 x1004 x1005 x1006 x1007 x1008 x1009 x1010 x1011 x1012 x1013 x1014 x1015 x1016 x1017 x1018 x1019 x1020 x1021 x1022 x1023 x1024 x1025 x1026 x1027 x1028 x1029 x1030 x1031 x1032 x1033 x1034 x1035 x1036 x1037 x1038 x1039 x1040 x1041 x1042 x1043 x1044 x1045 x1046 x1047 x1048 x1049 x1050 x1051 x1052 x1053 x1054 x1055 x1056 x1057 x1058 x1059 x1060 x1061 x1062 x1063 x1064 x1065 x1066 x1067 x1068 x1069 x1070 x1071 x1072 x1073 x1074 x1075 x1076 x1077 x1078 x1079 x1080 x1081 x1082 x1083 x1084 x1085 x1086 x1087 x1088 x1089 x1090 x1091 x1092 x1093 x1094 x1095 x1096 x1097 x1098 x1099 x1100 x1101 x1102 x1103 x1104 x1105 x1106 x1107 x1108 x1109 x1110 x1111 x1112 x1113 x1114 x1115 x1116 x1117 x1118 x1119 x1120 x1121 x1122 x1123 x1124 x1125 x1126 x1127 x1128 x1129 x1130 x1131 x1132 x1133 x1134 x1135 x1136 x1137 x1138 x1139 x1140 x1141 x1142 x1143 x1144 x1145 x1146 x1147 x1148 x1149 x1150 x1151 x1152 x1153 x1154).
# alt-xlist (x0 y1 y2 y3 y4 y5 y6 y7 y8 y9 y10 y11 y12 y13 y14 y15 y16 y17 y18 y19 y20 y21 y22 y23 y24 y25 y26 y27 y28 y29 y30 y31 y32 x33 x34 x35 x36 x37 x38 x39 x40 x41 x42 x43 x44 x45 x46 x47 x48 x49 x50 x51 x52 x53 x54 x55 x56 x57 x58 x59 x60 x61 x62 x63 x64 x65 x66 x67 x68 x69 x70 x71 x72 x73 x74 x75 x76 x77 x78 x79 x80 x81 x82 x83 x84 x85 x86 x87 x88 x89 x90 x91 x92 x93 x94 x95 x96 x97 x98 x99 x100 x101 x102 x103 x104 x105 x106 x107 x108 x109 x110 x111 x112 x113 x114 x115 x116 x117 x118 x119 x120 x121 x122 x123 x124 x125 x126 x127 x128 x129 x130 x131 x132 x133 x134 x135 x136 x137 x138 x139 x140 x141 x142 x143 x144 x145 x146 x147 x148 x149 x150 x151 x152 x153 x154 x155 x156 x157 x158 x159 x160 y161 y162 y163 y164 y165 y166 y167 y168 y169 y170 y171 y172 y173 y174 y175 y176 y177 y178 y179 y180 y181 y182 y183 y184 y185 y186 y187 y188 y189 y190 y191 y192 y193 y194 y195 y196 y197 y198 y199 y200 y201 y202 y203 y204 y205 y206 y207 y208 y209 y210 y211 y212 y213 y214 y215 y216 y217 y218 y219 y220 y221 y222 y223 y224 y225 y226 y227 y228 y229 y230 y231 y232 y233 y234 y235 y236 y237 y238 y239 y240 y241 y242 y243 y244 y245 y246 y247 y248 y249 y250 y251 y252 y253 y254 y255 y256 y257 y258 y259 y260 y261 y262 y263 y264 y265 y266 y267 y268 y269 y270 y271 y272 y273 y274 y275 y276 y277 y278 y279 y280 y281 y282 y283 y284 y285 y286 y287 y288 y289 y290 y291 y292 y293 y294 y295 y296 y297 y298 y299 y300 y301 y302 y303 y304 y305 y306 y307 y308 y309 y310 y311 y312 y313 y314 y315 y316 y317 y318 y319 y320 y321 y322 y323 y324 y325 y326 y327 y328 y329 y330 y331 y332 y333 y334 y335 y336 y337 y338 y339 y340 y341 y342 y343 y344 y345 y346 y347 y348 y349 y350 y351 y352 y353 y354 y355 y356 y357 y358 y359 y360 y361 y362 y363 y364 y365 y366 y367 y368 y369 y370 y371 y372 y373 y374 y375 y376 y377 y378 y379 y380 y381 y382 y383 y384 y385 y386 y387 y388 y389 y390 y391 y392 y393 y394 y395 y396 y397 y398 y399 y400 y401 y402 y403 y404 y405 y406 y407 y408 y409 y410 y411 y412 y413 y414 y415 y416 y417 y418 y419 y420 y421 y422 y423 y424 y425 y426 y427 y428 y429 y430 y431 y432 y433 y434 y435 y436 y437 y438 y439 y440 y441 y442 y443 y444 y445 y446 y447 y448 y449 y450 y451 y452 y453 y454 y455 y456 y457 y458 y459 y460 y461 y462 y463 y464 y465 y466 y467 y468 y469 y470 y471 y472 y473 y474 y475 y476 y477 y478 y479 y480 y481 y482 y483 y484 y485 y486 y487 y488 y489 y490 y491 y492 y493 y494 y495 y496 y497 y498 y499 y500 y501 y502 y503 y504 y505 y506 y507 y508 y509 y510 y511 y512 y513 y514 y515 y516 y517 y518 y519 y520 y521 y522 y523 y524 y525 y526 y527 y528 y529 y530 y531 y532 y533 y534 y535 y536 y537 y538 y539 y540 y541 y542 y543 y544 y545 y546 y547 y548 y549 y550 y551 y552 y553 y554 y555 y556 y557 y558 y559 y560 y561 y562 y563 y564 y565 y566 y567 y568 y569 y570 y571 y572 y573 y574 y575 y576 y577 y578 y579 y580 y581 y582 y583 y584 y585 y586 y587 y588 y589 y590 y591 y592 y593 y594 y595 y596 y597 y598 y599 y600 y601 y602 y603 y604 y605 y606 y607 y608 y609 y610 y611 y612 y613 y614 y615 y616 y617 y618 y619 y620 y621 y622 y623 y624 y625 y626 y627 y628 y629 y630 y631 y632 y633 y634 y635 y636 y637 y638 y639 y640 y641 y642 y643 y644 y645 y646 y647 y648 y649 y650 y651 y652 y653 y654 y655 y656 y657 y658 y659 y660 y661 y662 y663 y664 y665 y666 y667 y668 y669 y670 y671 y672 y673 y674 y675 y676 y677 y678 y679 y680 y681 y682 y683 y684 y685 y686 y687 y688 y689 y690 y691 y692 y693 y694 y695 y696 y697 y698 y699 y700 y701 y702 y703 y704 y705 y706 y707 y708 y709 y710 y711 y712 y713 y714 y715 y716 y717 y718 y719 y720 y721 y722 y723 y724 y725 y726 y727 y728 y729 y730 y731 y732 y733 y734 y735 y736 y737 y738 y739 y740 y741 y742 y743 y744 y745 y746 y747 y748 y749 y750 y751 y752 y753 y754 y755 y756 y757 y758 y759 y760 y761 y762 y763 y764 y765 y766 y767 y768 y769 y770 y771 y772 y773 y774 y775 y776 y777 y778 y779 y780 y781 y782 y783 y784 y785 y786 y787 y788 y789 y790 y791 y792 y793 y794 y795 y796 y797 y798 y799 y800 y801 y802 y803 y804 y805 y806 y807 y808 y809 y810 y811 y812 y813 y814 y815 y816 y817 y818 y819 y820 y821 y822 y823 y824 y825 y826 y827 y828 y829 y830 y831 y832 y833 y834 y835 y836 y837 y838 y839 y840 y841 y842 y843 y844 y845 y846 y847 y848 y849 y850 y851 y852 y853 y854 y855 y856 y857 y858 y859 y860 y861 y862 y863 y864 y865 y866 y867 y868 y869 y870 y871 y872 y873 y874 y875 y876 y877 y878 y879 y880 y881 y882 y883 y884 y885 y886 y887 y888 y889 y890 y891 y892 y893 y894 y895 y896 y897 y898 y899 y900 y901 y902 y903 y904 y905 y906 y907 y908 y909 y910 y911 y912 y913 y914 y915 y916 y917 y918 y919 y920 y921 y922 y923 y924 y925 y926 y927 y928 y929 y930 y931 y932 y933 y934 y935 y936 y937 y938 y939 y940 y941 y942 y943 y944 y945 y946 y947 y948 y949 y950 y951 y952 y953 y954 y955 y956 y957 y958 y959 y960 y961 y962 y963 y964 y965 y966 y967 y968 y969 y970 y971 y972 y973 y974 y975 y976 y977 y978 y979 y980 y981 y982 y983 y984 y985 y986 y987 y988 y989 y990 y991 y992 y993 y994 y995 y996 y997 y998 y999 y1000 y1001 y1002 y1003 y1004 y1005 y1006 y1007 y1008 y1009 y1010 y1011 y1012 y1013 y1014 y1015 y1016 y1017 y1018 y1019 y1020 y1021 y1022 y1023 y1024 y1025 y1026 y1027 y1028 y1029 y1030 y1031 y1032 y1033 y1034 y1035 y1036 y1037 y1038 y1039 y1040 y1041 y1042 y1043 y1044 y1045 y1046 y1047 y1048 y1049 y1050 y1051 y1052 y1053 y1054 y1055 y1056 y1057 y1058 y1059 y1060 y1061 y1062 y1063 y1064 y1065 y1066 y1067 y1068 y1069 y1070 y1071 y1072 y1073 y1074 y1075 y1076 y1077 y1078 y1079 y1080 y1081 y1082 y1083 y1084 y1085 y1086 y1087 y1088 y1089 y1090 y1091 y1092 y1093 y1094 y1095 y1096 y1097 y1098 y1099 y1100 y1101 y1102 y1103 y1104 y1105 y1106 y1107 y1108 y1109 y1110 y1111 y1112 y1113 y1114 y1115 y1116 y1117 y1118 y1119 y1120 y1121 y1122 y1123 y1124 y1125 y1126 y1127 y1128 y1129 y1130 y1131 y1132 y1133 y1134 y1135 y1136 y1137 y1138 y1139 y1140 y1141 y1142 y1143 y1144 y1145 y1146 y1147 y1148 y1149 y1150 y1151 y1152 y1153 y1154).
# parsing alternative r1cs...
# configuring precondition...
# unique: #<set:>.
# initial known-set #<set: 0 48 64 80 96 112 128 144 160 33 49 65 81 97 113 129 145 34 50 66 82 98 114 130 146 35 51 67 83 99 115 131 147 36 52 68 84 100 116 132 148 37 53 69 85 101 117 133 149 38 54 70 86 102 118 134 150 39 55 71 87 103 119 135 151 40 56 72 88 104 120 136 152 41 57 73 89 105 121 137 153 42 58 74 90 106 122 138 154 43 59 75 91 107 123 139 155 44 60 76 92 108 124 140 156 45 61 77 93 109 125 141 157 46 62 78 94 110 126 142 158 47 63 79 95 111 127 143 159>
# initial unknown-set #<set: 256 512 768 1024 16 272 528 784 1040 32 288 544 800 1056 304 560 816 1072 320 576 832 1088 336 592 848 1104 352 608 864 1120 368 624 880 1136 384 640 896 1152 400 656 912 416 672 928 176 432 688 944 192 448 704 960 208 464 720 976 224 480 736 992 240 496 752 1008 1 257 513 769 1025 17 273 529 785 1041 289 545 801 1057 305 561 817 1073 321 577 833 1089 337 593 849 1105 353 609 865 1121 369 625 881 1137 385 641 897 1153 401 657 913 161 417 673 929 177 433 689 945 193 449 705 961 209 465 721 977 225 481 737 993 241 497 753 1009 2 258 514 770 1026 18 274 530 786 1042 290 546 802 1058 306 562 818 1074 322 578 834 1090 338 594 850 1106 354 610 866 1122 370 626 882 1138 386 642 898 1154 402 658 914 162 418 674 930 178 434 690 946 194 450 706 962 210 466 722 978 226 482 738 994 242 498 754 1010 3 259 515 771 1027 19 275 531 787 1043 291 547 803 1059 307 563 819 1075 323 579 835 1091 339 595 851 1107 355 611 867 1123 371 627 883 1139 387 643 899 403 659 915 163 419 675 931 179 435 691 947 195 451 707 963 211 467 723 979 227 483 739 995 243 499 755 1011 4 260 516 772 1028 20 276 532 788 1044 292 548 804 1060 308 564 820 1076 324 580 836 1092 340 596 852 1108 356 612 868 1124 372 628 884 1140 388 644 900 404 660 916 164 420 676 932 180 436 692 948 196 452 708 964 212 468 724 980 228 484 740 996 244 500 756 1012 5 261 517 773 1029 21 277 533 789 1045 293 549 805 1061 309 565 821 1077 325 581 837 1093 341 597 853 1109 357 613 869 1125 373 629 885 1141 389 645 901 405 661 917 165 421 677 933 181 437 693 949 197 453 709 965 213 469 725 981 229 485 741 997 245 501 757 1013 6 262 518 774 1030 22 278 534 790 1046 294 550 806 1062 310 566 822 1078 326 582 838 1094 342 598 854 1110 358 614 870 1126 374 630 886 1142 390 646 902 406 662 918 166 422 678 934 182 438 694 950 198 454 710 966 214 470 726 982 230 486 742 998 246 502 758 1014 7 263 519 775 1031 23 279 535 791 1047 295 551 807 1063 311 567 823 1079 327 583 839 1095 343 599 855 1111 359 615 871 1127 375 631 887 1143 391 647 903 407 663 919 167 423 679 935 183 439 695 951 199 455 711 967 215 471 727 983 231 487 743 999 247 503 759 1015 8 264 520 776 1032 24 280 536 792 1048 296 552 808 1064 312 568 824 1080 328 584 840 1096 344 600 856 1112 360 616 872 1128 376 632 888 1144 392 648 904 408 664 920 168 424 680 936 184 440 696 952 200 456 712 968 216 472 728 984 232 488 744 1000 248 504 760 1016 9 265 521 777 1033 25 281 537 793 1049 297 553 809 1065 313 569 825 1081 329 585 841 1097 345 601 857 1113 361 617 873 1129 377 633 889 1145 393 649 905 409 665 921 169 425 681 937 185 441 697 953 201 457 713 969 217 473 729 985 233 489 745 1001 249 505 761 1017 10 266 522 778 1034 26 282 538 794 1050 298 554 810 1066 314 570 826 1082 330 586 842 1098 346 602 858 1114 362 618 874 1130 378 634 890 1146 394 650 906 410 666 922 170 426 682 938 186 442 698 954 202 458 714 970 218 474 730 986 234 490 746 1002 250 506 762 1018 11 267 523 779 1035 27 283 539 795 1051 299 555 811 1067 315 571 827 1083 331 587 843 1099 347 603 859 1115 363 619 875 1131 379 635 891 1147 395 651 907 411 667 923 171 427 683 939 187 443 699 955 203 459 715 971 219 475 731 987 235 491 747 1003 251 507 763 1019 12 268 524 780 1036 28 284 540 796 1052 300 556 812 1068 316 572 828 1084 332 588 844 1100 348 604 860 1116 364 620 876 1132 380 636 892 1148 396 652 908 412 668 924 172 428 684 940 188 444 700 956 204 460 716 972 220 476 732 988 236 492 748 1004 252 508 764 1020 13 269 525 781 1037 29 285 541 797 1053 301 557 813 1069 317 573 829 1085 333 589 845 1101 349 605 861 1117 365 621 877 1133 381 637 893 1149 397 653 909 413 669 925 173 429 685 941 189 445 701 957 205 461 717 973 221 477 733 989 237 493 749 1005 253 509 765 1021 14 270 526 782 1038 30 286 542 798 1054 302 558 814 1070 318 574 830 1086 334 590 846 1102 350 606 862 1118 366 622 878 1134 382 638 894 1150 398 654 910 414 670 926 174 430 686 942 190 446 702 958 206 462 718 974 222 478 734 990 238 494 750 1006 254 510 766 1022 15 271 527 783 1039 31 287 543 799 1055 303 559 815 1071 319 575 831 1087 335 591 847 1103 351 607 863 1119 367 623 879 1135 383 639 895 1151 399 655 911 415 671 927 175 431 687 943 191 447 703 959 207 463 719 975 223 479 735 991 239 495 751 1007 255 511 767 1023>
# refined known-set: #<set: 0 48 64 80 96 112 128 144 160 33 49 65 81 97 113 129 145 34 50 66 82 98 114 130 146 35 51 67 83 99 115 131 147 36 52 68 84 100 116 132 148 37 53 69 85 101 117 133 149 38 54 70 86 102 118 134 150 39 55 71 87 103 119 135 151 40 56 72 88 104 120 136 152 41 57 73 89 105 121 137 153 42 58 74 90 106 122 138 154 43 59 75 91 107 123 139 155 44 60 76 92 108 124 140 156 45 61 77 93 109 125 141 157 46 62 78 94 110 126 142 158 47 63 79 95 111 127 143 159>
# refined unknown-set: #<set: 256 512 768 1024 16 272 528 784 1040 32 288 544 800 1056 304 560 816 1072 320 576 832 1088 336 592 848 1104 352 608 864 1120 368 624 880 1136 384 640 896 1152 400 656 912 416 672 928 176 432 688 944 192 448 704 960 208 464 720 976 224 480 736 992 240 496 752 1008 1 257 513 769 1025 17 273 529 785 1041 289 545 801 1057 305 561 817 1073 321 577 833 1089 337 593 849 1105 353 609 865 1121 369 625 881 1137 385 641 897 1153 401 657 913 161 417 673 929 177 433 689 945 193 449 705 961 209 465 721 977 225 481 737 993 241 497 753 1009 2 258 514 770 1026 18 274 530 786 1042 290 546 802 1058 306 562 818 1074 322 578 834 1090 338 594 850 1106 354 610 866 1122 370 626 882 1138 386 642 898 1154 402 658 914 162 418 674 930 178 434 690 946 194 450 706 962 210 466 722 978 226 482 738 994 242 498 754 1010 3 259 515 771 1027 19 275 531 787 1043 291 547 803 1059 307 563 819 1075 323 579 835 1091 339 595 851 1107 355 611 867 1123 371 627 883 1139 387 643 899 403 659 915 163 419 675 931 179 435 691 947 195 451 707 963 211 467 723 979 227 483 739 995 243 499 755 1011 4 260 516 772 1028 20 276 532 788 1044 292 548 804 1060 308 564 820 1076 324 580 836 1092 340 596 852 1108 356 612 868 1124 372 628 884 1140 388 644 900 404 660 916 164 420 676 932 180 436 692 948 196 452 708 964 212 468 724 980 228 484 740 996 244 500 756 1012 5 261 517 773 1029 21 277 533 789 1045 293 549 805 1061 309 565 821 1077 325 581 837 1093 341 597 853 1109 357 613 869 1125 373 629 885 1141 389 645 901 405 661 917 165 421 677 933 181 437 693 949 197 453 709 965 213 469 725 981 229 485 741 997 245 501 757 1013 6 262 518 774 1030 22 278 534 790 1046 294 550 806 1062 310 566 822 1078 326 582 838 1094 342 598 854 1110 358 614 870 1126 374 630 886 1142 390 646 902 406 662 918 166 422 678 934 182 438 694 950 198 454 710 966 214 470 726 982 230 486 742 998 246 502 758 1014 7 263 519 775 1031 23 279 535 791 1047 295 551 807 1063 311 567 823 1079 327 583 839 1095 343 599 855 1111 359 615 871 1127 375 631 887 1143 391 647 903 407 663 919 167 423 679 935 183 439 695 951 199 455 711 967 215 471 727 983 231 487 743 999 247 503 759 1015 8 264 520 776 1032 24 280 536 792 1048 296 552 808 1064 312 568 824 1080 328 584 840 1096 344 600 856 1112 360 616 872 1128 376 632 888 1144 392 648 904 408 664 920 168 424 680 936 184 440 696 952 200 456 712 968 216 472 728 984 232 488 744 1000 248 504 760 1016 9 265 521 777 1033 25 281 537 793 1049 297 553 809 1065 313 569 825 1081 329 585 841 1097 345 601 857 1113 361 617 873 1129 377 633 889 1145 393 649 905 409 665 921 169 425 681 937 185 441 697 953 201 457 713 969 217 473 729 985 233 489 745 1001 249 505 761 1017 10 266 522 778 1034 26 282 538 794 1050 298 554 810 1066 314 570 826 1082 330 586 842 1098 346 602 858 1114 362 618 874 1130 378 634 890 1146 394 650 906 410 666 922 170 426 682 938 186 442 698 954 202 458 714 970 218 474 730 986 234 490 746 1002 250 506 762 1018 11 267 523 779 1035 27 283 539 795 1051 299 555 811 1067 315 571 827 1083 331 587 843 1099 347 603 859 1115 363 619 875 1131 379 635 891 1147 395 651 907 411 667 923 171 427 683 939 187 443 699 955 203 459 715 971 219 475 731 987 235 491 747 1003 251 507 763 1019 12 268 524 780 1036 28 284 540 796 1052 300 556 812 1068 316 572 828 1084 332 588 844 1100 348 604 860 1116 364 620 876 1132 380 636 892 1148 396 652 908 412 668 924 172 428 684 940 188 444 700 956 204 460 716 972 220 476 732 988 236 492 748 1004 252 508 764 1020 13 269 525 781 1037 29 285 541 797 1053 301 557 813 1069 317 573 829 1085 333 589 845 1101 349 605 861 1117 365 621 877 1133 381 637 893 1149 397 653 909 413 669 925 173 429 685 941 189 445 701 957 205 461 717 973 221 477 733 989 237 493 749 1005 253 509 765 1021 14 270 526 782 1038 30 286 542 798 1054 302 558 814 1070 318 574 830 1086 334 590 846 1102 350 606 862 1118 366 622 878 1134 382 638 894 1150 398 654 910 414 670 926 174 430 686 942 190 446 702 958 206 462 718 974 222 478 734 990 238 494 750 1006 254 510 766 1022 15 271 527 783 1039 31 287 543 799 1055 303 559 815 1071 319 575 831 1087 335 591 847 1103 351 607 863 1119 367 623 879 1135 383 639 895 1151 399 655 911 415 671 927 175 431 687 943 191 447 703 959 207 463 719 975 223 479 735 991 239 495 751 1007 255 511 767 1023>
  # propagation (linear lemma): #<set: 800 1072 1088 208 224 624 1136 384 640 1152 1073 1089 609 1153 193 209 625 1137 1074 1090 610 1154 194 210 626 1138 1059 1075 195 211 611 1123 627 1139 1060 1076 196 212 612 1124 628 1140 1061 1077 197 213 613 1125 629 1141 1062 1078 198 214 614 1126 630 1142 791 1063 1079 199 215 615 1127 631 1143 792 1064 1080 200 216 616 1128 632 1144 793 1065 1081 201 217 617 1129 633 1145 794 1066 1082 202 218 618 1130 634 1146 795 1067 1083 203 219 619 1131 635 1147 796 1068 1084 204 220 620 1132 636 1148 797 1069 1085 205 221 621 1133 637 1149 798 1070 1086 206 222 622 1134 382 638 1150 799 1071 1087 207 223 623 1135 383 639 1151> added.
  # propagation (linear lemma): #<set: 768 272 816 832 336 352 400 416 688 752 288 544 704 960 257 273 801 817 321 337 385 401 673 689 737 753 258 274 802 818 322 338 386 402 674 690 738 754 259 275 803 819 323 339 387 403 675 691 739 755 260 276 804 820 324 340 388 404 676 692 740 756 261 277 805 821 325 341 389 405 677 693 741 757 262 278 806 822 326 342 390 406 678 694 742 758 263 279 807 823 327 343 391 407 679 743 759 695 951 264 280 808 824 328 344 392 408 680 744 760 696 952 265 281 809 825 329 345 393 409 681 745 761 697 953 266 282 810 826 330 346 394 410 682 746 762 698 954 267 283 811 827 331 347 395 411 683 747 763 699 955 268 284 812 828 332 348 396 412 684 748 764 700 956 269 285 813 829 333 349 397 413 685 749 765 701 957 270 814 830 334 350 398 414 686 750 766 286 542 702 958 271 815 831 335 351 399 415 687 751 767 287 543 703 959> added.
  # propagation (linear lemma): #<set: 256 784 304 320 368 656 672 720 736 240 769 785 289 305 353 369 641 657 705 721 225 241 770 786 290 306 354 370 642 658 706 722 226 242 771 787 291 307 355 371 643 659 707 723 227 243 772 788 292 308 356 372 644 660 708 724 228 244 773 789 293 309 357 373 645 661 709 725 229 245 774 790 294 310 358 374 646 662 710 726 230 246 775 295 311 359 375 647 663 711 727 231 247 776 296 312 360 376 648 664 712 728 232 248 777 297 313 361 377 649 665 713 729 233 249 778 298 314 362 378 650 666 714 730 234 250 779 299 315 363 379 651 667 715 731 235 251 780 300 316 364 380 652 668 716 732 236 252 781 301 317 365 381 653 669 717 733 237 253 782 302 318 366 654 670 718 734 238 254 783 303 319 367 655 671 719 735 239 255> added.
  # propagation (linear lemma): #<set: 512 528 880 896 912 928 944 464 480 496 513 529 865 881 897 913 929 945 449 465 481 497 514 530 866 882 898 914 930 946 450 466 482 498 515 531 867 883 899 915 931 947 451 467 483 499 516 532 868 884 900 916 932 948 452 468 484 500 517 533 869 885 901 917 933 949 453 469 485 501 518 534 870 886 902 918 934 950 454 470 486 502 519 535 871 887 903 919 935 455 471 487 503 520 536 872 888 904 920 936 456 472 488 504 521 537 873 889 905 921 937 457 473 489 505 522 538 874 890 906 922 938 458 474 490 506 523 539 875 891 907 923 939 459 475 491 507 524 540 876 892 908 924 940 460 476 492 508 525 541 877 893 909 925 941 461 477 493 509 526 878 894 910 926 942 462 478 494 510 527 879 895 911 927 943 463 479 495 511> added.
  # propagation (linear lemma): #<set: 560 576 976 992 545 561 961 977 546 562 962 978 547 563 963 979 548 564 964 980 549 565 965 981 550 566 966 982 551 567 967 983 552 568 968 984 553 569 969 985 554 570 970 986 555 571 971 987 556 572 972 988 557 573 973 989 558 574 974 990 559 575 975 991> added.
  # propagation (linear lemma): #<set: 848 864 432 448 833 849 417 433 834 850 418 434 835 851 419 435 836 852 420 436 837 853 421 437 838 854 422 438 839 855 423 439 840 856 424 440 841 857 425 441 842 858 426 442 843 859 427 443 844 860 428 444 845 861 429 445 846 862 430 446 847 863 431 447> added.
  # propagation (linear lemma): #<set: 592 608 176 192 577 593 161 177 578 594 162 178 579 595 163 179 580 596 164 180 581 597 165 181 582 598 166 182 583 599 167 183 584 600 168 184 585 601 169 185 586 602 170 186 587 603 171 187 588 604 172 188 589 605 173 189 590 606 174 190 591 607 175 191> added.
  # propagation (linear lemma): #<set: 1040 1056 1104 1120 1041 1057 1105 1121 1042 1058 1106 1122 1027 1043 1091 1107 1028 1044 1092 1108 1029 1045 1093 1109 1030 1046 1094 1110 1031 1047 1095 1111 1032 1048 1096 1112 1033 1049 1097 1113 1034 1050 1098 1114 1035 1051 1099 1115 1036 1052 1100 1116 1037 1053 1101 1117 1038 1054 1102 1118 1039 1055 1103 1119> added.
  # propagation (linear lemma): none.
  # propagation (binary01 lemma): none.
  # propagation (basis2 lemma): none.
  # propagation (aboz lemma): none.
  # propagation (aboz lemma): none.
  # propagation (linear lemma): none.
  # propagation (binary01 lemma): none.
  # propagation (basis2 lemma): none.
  # propagation (aboz lemma): none.
  # propagation (aboz lemma): none.
  # checking: (x1024 y1024), skip.
  # checking: (x995 y995), skip.
  # checking: (x994 y994), skip.
  # checking: (x993 y993), skip.
  # checking: (x999 y999), skip.
  # checking: (x998 y998), skip.
  # checking: (x997 y997), skip.
  # checking: (x996 y996), skip.
  # checking: (x1003 y1003), skip.
  # checking: (x1002 y1002), skip.
  # checking: (x1001 y1001), skip.
  # checking: (x1000 y1000), skip.
  # checking: (x1007 y1007), skip.
  # checking: (x1006 y1006), skip.
  # checking: (x1005 y1005), skip.
  # checking: (x1004 y1004), skip.
  # checking: (x1011 y1011), skip.
  # checking: (x1010 y1010), skip.
  # checking: (x1009 y1009), skip.
  # checking: (x1008 y1008), skip.
  # checking: (x1015 y1015), skip.
  # checking: (x1014 y1014), skip.
  # checking: (x1013 y1013), skip.
  # checking: (x1012 y1012), skip.
  # checking: (x1019 y1019), skip.
  # checking: (x1018 y1018), skip.
  # checking: (x1017 y1017), skip.
  # checking: (x1016 y1016), skip.
  # checking: (x1023 y1023), skip.
  # checking: (x1022 y1022), skip.
  # checking: (x1021 y1021), skip.
  # checking: (x1020 y1020), skip.
  # checking: (x1025 y1025), skip.
  # checking: (x1026 y1026), skip.
  # checking: (x32 y32), skip.
  # checking: (x1 y1), skip.
  # checking: (x2 y2), skip.
  # checking: (x3 y3), skip.
  # checking: (x4 y4), skip.
  # checking: (x5 y5), skip.
  # checking: (x6 y6), skip.
  # checking: (x7 y7), skip.
  # checking: (x8 y8), skip.
  # checking: (x9 y9), skip.
  # checking: (x10 y10), skip.
  # checking: (x11 y11), skip.
  # checking: (x12 y12), skip.
  # checking: (x13 y13), skip.
  # checking: (x14 y14), skip.
  # checking: (x15 y15), skip.
  # checking: (x16 y16), skip.
  # checking: (x17 y17), skip.
  # checking: (x18 y18), skip.
  # checking: (x19 y19), skip.
  # checking: (x20 y20), skip.
  # checking: (x21 y21), skip.
  # checking: (x22 y22), skip.
  # checking: (x23 y23), skip.
  # checking: (x24 y24), skip.
  # checking: (x25 y25), skip.
  # checking: (x26 y26), skip.
  # checking: (x27 y27), skip.
  # checking: (x28 y28), skip.
  # checking: (x29 y29), skip.
  # checking: (x30 y30), skip.
  # checking: (x31 y31), skip.
# final unknown set #<set: 1024 16 32 1008 17 993 1009 1 1025 18 994 1010 2 1026 3 19 995 1011 4 20 996 1012 5 21 997 1013 6 22 998 1014 7 23 999 1015 8 24 1000 1016 9 25 1001 1017 10 26 1002 1018 11 27 1003 1019 12 28 1004 1020 13 29 1005 1021 14 30 1006 1022 15 31 1007 1023>.
# weak uniqueness: unknown.
