# r1cs file: ./benchmarks/circomlibex-cff5ab6/SMTProcessorLevel@smtprocessorlevel@circomlib.r1cs
# timeout: 5000
# solver: cvc5
# selector: counter
# precondition: ()
# propagation on: #t
# solver on: #t
# smt: #f
# weak: #t
# map: #f
# number of wires: 1515
# number of constraints: 1502
# field size (how many bytes): 32
# inputs: (0 3 4 5 6 7 8 9 10 11 12 13 14).
# outputs: (1 2).
# targets: #<set: 1 2>.
# parsing original r1cs...
# xlist: (x0 x1 x2 x3 x4 x5 x6 x7 x8 x9 x10 x11 x12 x13 x14 x15 x16 x17 x18 x19 x20 x21 x22 x23 x24 x25 x26 x27 x28 x29 x30 x31 x32 x33 x34 x35 x36 x37 x38 x39 x40 x41 x42 x43 x44 x45 x46 x47 x48 x49 x50 x51 x52 x53 x54 x55 x56 x57 x58 x59 x60 x61 x62 x63 x64 x65 x66 x67 x68 x69 x70 x71 x72 x73 x74 x75 x76 x77 x78 x79 x80 x81 x82 x83 x84 x85 x86 x87 x88 x89 x90 x91 x92 x93 x94 x95 x96 x97 x98 x99 x100 x101 x102 x103 x104 x105 x106 x107 x108 x109 x110 x111 x112 x113 x114 x115 x116 x117 x118 x119 x120 x121 x122 x123 x124 x125 x126 x127 x128 x129 x130 x131 x132 x133 x134 x135 x136 x137 x138 x139 x140 x141 x142 x143 x144 x145 x146 x147 x148 x149 x150 x151 x152 x153 x154 x155 x156 x157 x158 x159 x160 x161 x162 x163 x164 x165 x166 x167 x168 x169 x170 x171 x172 x173 x174 x175 x176 x177 x178 x179 x180 x181 x182 x183 x184 x185 x186 x187 x188 x189 x190 x191 x192 x193 x194 x195 x196 x197 x198 x199 x200 x201 x202 x203 x204 x205 x206 x207 x208 x209 x210 x211 x212 x213 x214 x215 x216 x217 x218 x219 x220 x221 x222 x223 x224 x225 x226 x227 x228 x229 x230 x231 x232 x233 x234 x235 x236 x237 x238 x239 x240 x241 x242 x243 x244 x245 x246 x247 x248 x249 x250 x251 x252 x253 x254 x255 x256 x257 x258 x259 x260 x261 x262 x263 x264 x265 x266 x267 x268 x269 x270 x271 x272 x273 x274 x275 x276 x277 x278 x279 x280 x281 x282 x283 x284 x285 x286 x287 x288 x289 x290 x291 x292 x293 x294 x295 x296 x297 x298 x299 x300 x301 x302 x303 x304 x305 x306 x307 x308 x309 x310 x311 x312 x313 x314 x315 x316 x317 x318 x319 x320 x321 x322 x323 x324 x325 x326 x327 x328 x329 x330 x331 x332 x333 x334 x335 x336 x337 x338 x339 x340 x341 x342 x343 x344 x345 x346 x347 x348 x349 x350 x351 x352 x353 x354 x355 x356 x357 x358 x359 x360 x361 x362 x363 x364 x365 x366 x367 x368 x369 x370 x371 x372 x373 x374 x375 x376 x377 x378 x379 x380 x381 x382 x383 x384 x385 x386 x387 x388 x389 x390 x391 x392 x393 x394 x395 x396 x397 x398 x399 x400 x401 x402 x403 x404 x405 x406 x407 x408 x409 x410 x411 x412 x413 x414 x415 x416 x417 x418 x419 x420 x421 x422 x423 x424 x425 x426 x427 x428 x429 x430 x431 x432 x433 x434 x435 x436 x437 x438 x439 x440 x441 x442 x443 x444 x445 x446 x447 x448 x449 x450 x451 x452 x453 x454 x455 x456 x457 x458 x459 x460 x461 x462 x463 x464 x465 x466 x467 x468 x469 x470 x471 x472 x473 x474 x475 x476 x477 x478 x479 x480 x481 x482 x483 x484 x485 x486 x487 x488 x489 x490 x491 x492 x493 x494 x495 x496 x497 x498 x499 x500 x501 x502 x503 x504 x505 x506 x507 x508 x509 x510 x511 x512 x513 x514 x515 x516 x517 x518 x519 x520 x521 x522 x523 x524 x525 x526 x527 x528 x529 x530 x531 x532 x533 x534 x535 x536 x537 x538 x539 x540 x541 x542 x543 x544 x545 x546 x547 x548 x549 x550 x551 x552 x553 x554 x555 x556 x557 x558 x559 x560 x561 x562 x563 x564 x565 x566 x567 x568 x569 x570 x571 x572 x573 x574 x575 x576 x577 x578 x579 x580 x581 x582 x583 x584 x585 x586 x587 x588 x589 x590 x591 x592 x593 x594 x595 x596 x597 x598 x599 x600 x601 x602 x603 x604 x605 x606 x607 x608 x609 x610 x611 x612 x613 x614 x615 x616 x617 x618 x619 x620 x621 x622 x623 x624 x625 x626 x627 x628 x629 x630 x631 x632 x633 x634 x635 x636 x637 x638 x639 x640 x641 x642 x643 x644 x645 x646 x647 x648 x649 x650 x651 x652 x653 x654 x655 x656 x657 x658 x659 x660 x661 x662 x663 x664 x665 x666 x667 x668 x669 x670 x671 x672 x673 x674 x675 x676 x677 x678 x679 x680 x681 x682 x683 x684 x685 x686 x687 x688 x689 x690 x691 x692 x693 x694 x695 x696 x697 x698 x699 x700 x701 x702 x703 x704 x705 x706 x707 x708 x709 x710 x711 x712 x713 x714 x715 x716 x717 x718 x719 x720 x721 x722 x723 x724 x725 x726 x727 x728 x729 x730 x731 x732 x733 x734 x735 x736 x737 x738 x739 x740 x741 x742 x743 x744 x745 x746 x747 x748 x749 x750 x751 x752 x753 x754 x755 x756 x757 x758 x759 x760 x761 x762 x763 x764 x765 x766 x767 x768 x769 x770 x771 x772 x773 x774 x775 x776 x777 x778 x779 x780 x781 x782 x783 x784 x785 x786 x787 x788 x789 x790 x791 x792 x793 x794 x795 x796 x797 x798 x799 x800 x801 x802 x803 x804 x805 x806 x807 x808 x809 x810 x811 x812 x813 x814 x815 x816 x817 x818 x819 x820 x821 x822 x823 x824 x825 x826 x827 x828 x829 x830 x831 x832 x833 x834 x835 x836 x837 x838 x839 x840 x841 x842 x843 x844 x845 x846 x847 x848 x849 x850 x851 x852 x853 x854 x855 x856 x857 x858 x859 x860 x861 x862 x863 x864 x865 x866 x867 x868 x869 x870 x871 x872 x873 x874 x875 x876 x877 x878 x879 x880 x881 x882 x883 x884 x885 x886 x887 x888 x889 x890 x891 x892 x893 x894 x895 x896 x897 x898 x899 x900 x901 x902 x903 x904 x905 x906 x907 x908 x909 x910 x911 x912 x913 x914 x915 x916 x917 x918 x919 x920 x921 x922 x923 x924 x925 x926 x927 x928 x929 x930 x931 x932 x933 x934 x935 x936 x937 x938 x939 x940 x941 x942 x943 x944 x945 x946 x947 x948 x949 x950 x951 x952 x953 x954 x955 x956 x957 x958 x959 x960 x961 x962 x963 x964 x965 x966 x967 x968 x969 x970 x971 x972 x973 x974 x975 x976 x977 x978 x979 x980 x981 x982 x983 x984 x985 x986 x987 x988 x989 x990 x991 x992 x993 x994 x995 x996 x997 x998 x999 x1000 x1001 x1002 x1003 x1004 x1005 x1006 x1007 x1008 x1009 x1010 x1011 x1012 x1013 x1014 x1015 x1016 x1017 x1018 x1019 x1020 x1021 x1022 x1023 x1024 x1025 x1026 x1027 x1028 x1029 x1030 x1031 x1032 x1033 x1034 x1035 x1036 x1037 x1038 x1039 x1040 x1041 x1042 x1043 x1044 x1045 x1046 x1047 x1048 x1049 x1050 x1051 x1052 x1053 x1054 x1055 x1056 x1057 x1058 x1059 x1060 x1061 x1062 x1063 x1064 x1065 x1066 x1067 x1068 x1069 x1070 x1071 x1072 x1073 x1074 x1075 x1076 x1077 x1078 x1079 x1080 x1081 x1082 x1083 x1084 x1085 x1086 x1087 x1088 x1089 x1090 x1091 x1092 x1093 x1094 x1095 x1096 x1097 x1098 x1099 x1100 x1101 x1102 x1103 x1104 x1105 x1106 x1107 x1108 x1109 x1110 x1111 x1112 x1113 x1114 x1115 x1116 x1117 x1118 x1119 x1120 x1121 x1122 x1123 x1124 x1125 x1126 x1127 x1128 x1129 x1130 x1131 x1132 x1133 x1134 x1135 x1136 x1137 x1138 x1139 x1140 x1141 x1142 x1143 x1144 x1145 x1146 x1147 x1148 x1149 x1150 x1151 x1152 x1153 x1154 x1155 x1156 x1157 x1158 x1159 x1160 x1161 x1162 x1163 x1164 x1165 x1166 x1167 x1168 x1169 x1170 x1171 x1172 x1173 x1174 x1175 x1176 x1177 x1178 x1179 x1180 x1181 x1182 x1183 x1184 x1185 x1186 x1187 x1188 x1189 x1190 x1191 x1192 x1193 x1194 x1195 x1196 x1197 x1198 x1199 x1200 x1201 x1202 x1203 x1204 x1205 x1206 x1207 x1208 x1209 x1210 x1211 x1212 x1213 x1214 x1215 x1216 x1217 x1218 x1219 x1220 x1221 x1222 x1223 x1224 x1225 x1226 x1227 x1228 x1229 x1230 x1231 x1232 x1233 x1234 x1235 x1236 x1237 x1238 x1239 x1240 x1241 x1242 x1243 x1244 x1245 x1246 x1247 x1248 x1249 x1250 x1251 x1252 x1253 x1254 x1255 x1256 x1257 x1258 x1259 x1260 x1261 x1262 x1263 x1264 x1265 x1266 x1267 x1268 x1269 x1270 x1271 x1272 x1273 x1274 x1275 x1276 x1277 x1278 x1279 x1280 x1281 x1282 x1283 x1284 x1285 x1286 x1287 x1288 x1289 x1290 x1291 x1292 x1293 x1294 x1295 x1296 x1297 x1298 x1299 x1300 x1301 x1302 x1303 x1304 x1305 x1306 x1307 x1308 x1309 x1310 x1311 x1312 x1313 x1314 x1315 x1316 x1317 x1318 x1319 x1320 x1321 x1322 x1323 x1324 x1325 x1326 x1327 x1328 x1329 x1330 x1331 x1332 x1333 x1334 x1335 x1336 x1337 x1338 x1339 x1340 x1341 x1342 x1343 x1344 x1345 x1346 x1347 x1348 x1349 x1350 x1351 x1352 x1353 x1354 x1355 x1356 x1357 x1358 x1359 x1360 x1361 x1362 x1363 x1364 x1365 x1366 x1367 x1368 x1369 x1370 x1371 x1372 x1373 x1374 x1375 x1376 x1377 x1378 x1379 x1380 x1381 x1382 x1383 x1384 x1385 x1386 x1387 x1388 x1389 x1390 x1391 x1392 x1393 x1394 x1395 x1396 x1397 x1398 x1399 x1400 x1401 x1402 x1403 x1404 x1405 x1406 x1407 x1408 x1409 x1410 x1411 x1412 x1413 x1414 x1415 x1416 x1417 x1418 x1419 x1420 x1421 x1422 x1423 x1424 x1425 x1426 x1427 x1428 x1429 x1430 x1431 x1432 x1433 x1434 x1435 x1436 x1437 x1438 x1439 x1440 x1441 x1442 x1443 x1444 x1445 x1446 x1447 x1448 x1449 x1450 x1451 x1452 x1453 x1454 x1455 x1456 x1457 x1458 x1459 x1460 x1461 x1462 x1463 x1464 x1465 x1466 x1467 x1468 x1469 x1470 x1471 x1472 x1473 x1474 x1475 x1476 x1477 x1478 x1479 x1480 x1481 x1482 x1483 x1484 x1485 x1486 x1487 x1488 x1489 x1490 x1491 x1492 x1493 x1494 x1495 x1496 x1497 x1498 x1499 x1500 x1501 x1502 x1503 x1504 x1505 x1506 x1507 x1508 x1509 x1510 x1511 x1512 x1513 x1514).
# alt-xlist (x0 y1 y2 x3 x4 x5 x6 x7 x8 x9 x10 x11 x12 x13 x14 y15 y16 y17 y18 y19 y20 y21 y22 y23 y24 y25 y26 y27 y28 y29 y30 y31 y32 y33 y34 y35 y36 y37 y38 y39 y40 y41 y42 y43 y44 y45 y46 y47 y48 y49 y50 y51 y52 y53 y54 y55 y56 y57 y58 y59 y60 y61 y62 y63 y64 y65 y66 y67 y68 y69 y70 y71 y72 y73 y74 y75 y76 y77 y78 y79 y80 y81 y82 y83 y84 y85 y86 y87 y88 y89 y90 y91 y92 y93 y94 y95 y96 y97 y98 y99 y100 y101 y102 y103 y104 y105 y106 y107 y108 y109 y110 y111 y112 y113 y114 y115 y116 y117 y118 y119 y120 y121 y122 y123 y124 y125 y126 y127 y128 y129 y130 y131 y132 y133 y134 y135 y136 y137 y138 y139 y140 y141 y142 y143 y144 y145 y146 y147 y148 y149 y150 y151 y152 y153 y154 y155 y156 y157 y158 y159 y160 y161 y162 y163 y164 y165 y166 y167 y168 y169 y170 y171 y172 y173 y174 y175 y176 y177 y178 y179 y180 y181 y182 y183 y184 y185 y186 y187 y188 y189 y190 y191 y192 y193 y194 y195 y196 y197 y198 y199 y200 y201 y202 y203 y204 y205 y206 y207 y208 y209 y210 y211 y212 y213 y214 y215 y216 y217 y218 y219 y220 y221 y222 y223 y224 y225 y226 y227 y228 y229 y230 y231 y232 y233 y234 y235 y236 y237 y238 y239 y240 y241 y242 y243 y244 y245 y246 y247 y248 y249 y250 y251 y252 y253 y254 y255 y256 y257 y258 y259 y260 y261 y262 y263 y264 y265 y266 y267 y268 y269 y270 y271 y272 y273 y274 y275 y276 y277 y278 y279 y280 y281 y282 y283 y284 y285 y286 y287 y288 y289 y290 y291 y292 y293 y294 y295 y296 y297 y298 y299 y300 y301 y302 y303 y304 y305 y306 y307 y308 y309 y310 y311 y312 y313 y314 y315 y316 y317 y318 y319 y320 y321 y322 y323 y324 y325 y326 y327 y328 y329 y330 y331 y332 y333 y334 y335 y336 y337 y338 y339 y340 y341 y342 y343 y344 y345 y346 y347 y348 y349 y350 y351 y352 y353 y354 y355 y356 y357 y358 y359 y360 y361 y362 y363 y364 y365 y366 y367 y368 y369 y370 y371 y372 y373 y374 y375 y376 y377 y378 y379 y380 y381 y382 y383 y384 y385 y386 y387 y388 y389 y390 y391 y392 y393 y394 y395 y396 y397 y398 y399 y400 y401 y402 y403 y404 y405 y406 y407 y408 y409 y410 y411 y412 y413 y414 y415 y416 y417 y418 y419 y420 y421 y422 y423 y424 y425 y426 y427 y428 y429 y430 y431 y432 y433 y434 y435 y436 y437 y438 y439 y440 y441 y442 y443 y444 y445 y446 y447 y448 y449 y450 y451 y452 y453 y454 y455 y456 y457 y458 y459 y460 y461 y462 y463 y464 y465 y466 y467 y468 y469 y470 y471 y472 y473 y474 y475 y476 y477 y478 y479 y480 y481 y482 y483 y484 y485 y486 y487 y488 y489 y490 y491 y492 y493 y494 y495 y496 y497 y498 y499 y500 y501 y502 y503 y504 y505 y506 y507 y508 y509 y510 y511 y512 y513 y514 y515 y516 y517 y518 y519 y520 y521 y522 y523 y524 y525 y526 y527 y528 y529 y530 y531 y532 y533 y534 y535 y536 y537 y538 y539 y540 y541 y542 y543 y544 y545 y546 y547 y548 y549 y550 y551 y552 y553 y554 y555 y556 y557 y558 y559 y560 y561 y562 y563 y564 y565 y566 y567 y568 y569 y570 y571 y572 y573 y574 y575 y576 y577 y578 y579 y580 y581 y582 y583 y584 y585 y586 y587 y588 y589 y590 y591 y592 y593 y594 y595 y596 y597 y598 y599 y600 y601 y602 y603 y604 y605 y606 y607 y608 y609 y610 y611 y612 y613 y614 y615 y616 y617 y618 y619 y620 y621 y622 y623 y624 y625 y626 y627 y628 y629 y630 y631 y632 y633 y634 y635 y636 y637 y638 y639 y640 y641 y642 y643 y644 y645 y646 y647 y648 y649 y650 y651 y652 y653 y654 y655 y656 y657 y658 y659 y660 y661 y662 y663 y664 y665 y666 y667 y668 y669 y670 y671 y672 y673 y674 y675 y676 y677 y678 y679 y680 y681 y682 y683 y684 y685 y686 y687 y688 y689 y690 y691 y692 y693 y694 y695 y696 y697 y698 y699 y700 y701 y702 y703 y704 y705 y706 y707 y708 y709 y710 y711 y712 y713 y714 y715 y716 y717 y718 y719 y720 y721 y722 y723 y724 y725 y726 y727 y728 y729 y730 y731 y732 y733 y734 y735 y736 y737 y738 y739 y740 y741 y742 y743 y744 y745 y746 y747 y748 y749 y750 y751 y752 y753 y754 y755 y756 y757 y758 y759 y760 y761 y762 y763 y764 y765 y766 y767 y768 y769 y770 y771 y772 y773 y774 y775 y776 y777 y778 y779 y780 y781 y782 y783 y784 y785 y786 y787 y788 y789 y790 y791 y792 y793 y794 y795 y796 y797 y798 y799 y800 y801 y802 y803 y804 y805 y806 y807 y808 y809 y810 y811 y812 y813 y814 y815 y816 y817 y818 y819 y820 y821 y822 y823 y824 y825 y826 y827 y828 y829 y830 y831 y832 y833 y834 y835 y836 y837 y838 y839 y840 y841 y842 y843 y844 y845 y846 y847 y848 y849 y850 y851 y852 y853 y854 y855 y856 y857 y858 y859 y860 y861 y862 y863 y864 y865 y866 y867 y868 y869 y870 y871 y872 y873 y874 y875 y876 y877 y878 y879 y880 y881 y882 y883 y884 y885 y886 y887 y888 y889 y890 y891 y892 y893 y894 y895 y896 y897 y898 y899 y900 y901 y902 y903 y904 y905 y906 y907 y908 y909 y910 y911 y912 y913 y914 y915 y916 y917 y918 y919 y920 y921 y922 y923 y924 y925 y926 y927 y928 y929 y930 y931 y932 y933 y934 y935 y936 y937 y938 y939 y940 y941 y942 y943 y944 y945 y946 y947 y948 y949 y950 y951 y952 y953 y954 y955 y956 y957 y958 y959 y960 y961 y962 y963 y964 y965 y966 y967 y968 y969 y970 y971 y972 y973 y974 y975 y976 y977 y978 y979 y980 y981 y982 y983 y984 y985 y986 y987 y988 y989 y990 y991 y992 y993 y994 y995 y996 y997 y998 y999 y1000 y1001 y1002 y1003 y1004 y1005 y1006 y1007 y1008 y1009 y1010 y1011 y1012 y1013 y1014 y1015 y1016 y1017 y1018 y1019 y1020 y1021 y1022 y1023 y1024 y1025 y1026 y1027 y1028 y1029 y1030 y1031 y1032 y1033 y1034 y1035 y1036 y1037 y1038 y1039 y1040 y1041 y1042 y1043 y1044 y1045 y1046 y1047 y1048 y1049 y1050 y1051 y1052 y1053 y1054 y1055 y1056 y1057 y1058 y1059 y1060 y1061 y1062 y1063 y1064 y1065 y1066 y1067 y1068 y1069 y1070 y1071 y1072 y1073 y1074 y1075 y1076 y1077 y1078 y1079 y1080 y1081 y1082 y1083 y1084 y1085 y1086 y1087 y1088 y1089 y1090 y1091 y1092 y1093 y1094 y1095 y1096 y1097 y1098 y1099 y1100 y1101 y1102 y1103 y1104 y1105 y1106 y1107 y1108 y1109 y1110 y1111 y1112 y1113 y1114 y1115 y1116 y1117 y1118 y1119 y1120 y1121 y1122 y1123 y1124 y1125 y1126 y1127 y1128 y1129 y1130 y1131 y1132 y1133 y1134 y1135 y1136 y1137 y1138 y1139 y1140 y1141 y1142 y1143 y1144 y1145 y1146 y1147 y1148 y1149 y1150 y1151 y1152 y1153 y1154 y1155 y1156 y1157 y1158 y1159 y1160 y1161 y1162 y1163 y1164 y1165 y1166 y1167 y1168 y1169 y1170 y1171 y1172 y1173 y1174 y1175 y1176 y1177 y1178 y1179 y1180 y1181 y1182 y1183 y1184 y1185 y1186 y1187 y1188 y1189 y1190 y1191 y1192 y1193 y1194 y1195 y1196 y1197 y1198 y1199 y1200 y1201 y1202 y1203 y1204 y1205 y1206 y1207 y1208 y1209 y1210 y1211 y1212 y1213 y1214 y1215 y1216 y1217 y1218 y1219 y1220 y1221 y1222 y1223 y1224 y1225 y1226 y1227 y1228 y1229 y1230 y1231 y1232 y1233 y1234 y1235 y1236 y1237 y1238 y1239 y1240 y1241 y1242 y1243 y1244 y1245 y1246 y1247 y1248 y1249 y1250 y1251 y1252 y1253 y1254 y1255 y1256 y1257 y1258 y1259 y1260 y1261 y1262 y1263 y1264 y1265 y1266 y1267 y1268 y1269 y1270 y1271 y1272 y1273 y1274 y1275 y1276 y1277 y1278 y1279 y1280 y1281 y1282 y1283 y1284 y1285 y1286 y1287 y1288 y1289 y1290 y1291 y1292 y1293 y1294 y1295 y1296 y1297 y1298 y1299 y1300 y1301 y1302 y1303 y1304 y1305 y1306 y1307 y1308 y1309 y1310 y1311 y1312 y1313 y1314 y1315 y1316 y1317 y1318 y1319 y1320 y1321 y1322 y1323 y1324 y1325 y1326 y1327 y1328 y1329 y1330 y1331 y1332 y1333 y1334 y1335 y1336 y1337 y1338 y1339 y1340 y1341 y1342 y1343 y1344 y1345 y1346 y1347 y1348 y1349 y1350 y1351 y1352 y1353 y1354 y1355 y1356 y1357 y1358 y1359 y1360 y1361 y1362 y1363 y1364 y1365 y1366 y1367 y1368 y1369 y1370 y1371 y1372 y1373 y1374 y1375 y1376 y1377 y1378 y1379 y1380 y1381 y1382 y1383 y1384 y1385 y1386 y1387 y1388 y1389 y1390 y1391 y1392 y1393 y1394 y1395 y1396 y1397 y1398 y1399 y1400 y1401 y1402 y1403 y1404 y1405 y1406 y1407 y1408 y1409 y1410 y1411 y1412 y1413 y1414 y1415 y1416 y1417 y1418 y1419 y1420 y1421 y1422 y1423 y1424 y1425 y1426 y1427 y1428 y1429 y1430 y1431 y1432 y1433 y1434 y1435 y1436 y1437 y1438 y1439 y1440 y1441 y1442 y1443 y1444 y1445 y1446 y1447 y1448 y1449 y1450 y1451 y1452 y1453 y1454 y1455 y1456 y1457 y1458 y1459 y1460 y1461 y1462 y1463 y1464 y1465 y1466 y1467 y1468 y1469 y1470 y1471 y1472 y1473 y1474 y1475 y1476 y1477 y1478 y1479 y1480 y1481 y1482 y1483 y1484 y1485 y1486 y1487 y1488 y1489 y1490 y1491 y1492 y1493 y1494 y1495 y1496 y1497 y1498 y1499 y1500 y1501 y1502 y1503 y1504 y1505 y1506 y1507 y1508 y1509 y1510 y1511 y1512 y1513 y1514).
# parsing alternative r1cs...
# configuring precondition...
# unique: #<set:>.
# initial known-set #<set: 0 3 4 5 6 7 8 9 10 11 12 13 14>
# initial unknown-set #<set: 256 512 768 1024 1280 16 272 528 784 1040 1296 32 288 544 800 1056 1312 48 304 560 816 1072 1328 64 320 576 832 1088 1344 80 336 592 848 1104 1360 96 352 608 864 1120 1376 112 368 624 880 1136 1392 128 384 640 896 1152 1408 144 400 656 912 1168 1424 160 416 672 928 1184 1440 176 432 688 944 1200 1456 192 448 704 960 1216 1472 208 464 720 976 1232 1488 224 480 736 992 1248 1504 240 496 752 1008 1264 1 257 513 769 1025 1281 17 273 529 785 1041 1297 33 289 545 801 1057 1313 49 305 561 817 1073 1329 65 321 577 833 1089 1345 81 337 593 849 1105 1361 97 353 609 865 1121 1377 113 369 625 881 1137 1393 129 385 641 897 1153 1409 145 401 657 913 1169 1425 161 417 673 929 1185 1441 177 433 689 945 1201 1457 193 449 705 961 1217 1473 209 465 721 977 1233 1489 225 481 737 993 1249 1505 241 497 753 1009 1265 2 258 514 770 1026 1282 18 274 530 786 1042 1298 34 290 546 802 1058 1314 50 306 562 818 1074 1330 66 322 578 834 1090 1346 82 338 594 850 1106 1362 98 354 610 866 1122 1378 114 370 626 882 1138 1394 130 386 642 898 1154 1410 146 402 658 914 1170 1426 162 418 674 930 1186 1442 178 434 690 946 1202 1458 194 450 706 962 1218 1474 210 466 722 978 1234 1490 226 482 738 994 1250 1506 242 498 754 1010 1266 259 515 771 1027 1283 19 275 531 787 1043 1299 35 291 547 803 1059 1315 51 307 563 819 1075 1331 67 323 579 835 1091 1347 83 339 595 851 1107 1363 99 355 611 867 1123 1379 115 371 627 883 1139 1395 131 387 643 899 1155 1411 147 403 659 915 1171 1427 163 419 675 931 1187 1443 179 435 691 947 1203 1459 195 451 707 963 1219 1475 211 467 723 979 1235 1491 227 483 739 995 1251 1507 243 499 755 1011 1267 260 516 772 1028 1284 20 276 532 788 1044 1300 36 292 548 804 1060 1316 52 308 564 820 1076 1332 68 324 580 836 1092 1348 84 340 596 852 1108 1364 100 356 612 868 1124 1380 116 372 628 884 1140 1396 132 388 644 900 1156 1412 148 404 660 916 1172 1428 164 420 676 932 1188 1444 180 436 692 948 1204 1460 196 452 708 964 1220 1476 212 468 724 980 1236 1492 228 484 740 996 1252 1508 244 500 756 1012 1268 261 517 773 1029 1285 21 277 533 789 1045 1301 37 293 549 805 1061 1317 53 309 565 821 1077 1333 69 325 581 837 1093 1349 85 341 597 853 1109 1365 101 357 613 869 1125 1381 117 373 629 885 1141 1397 133 389 645 901 1157 1413 149 405 661 917 1173 1429 165 421 677 933 1189 1445 181 437 693 949 1205 1461 197 453 709 965 1221 1477 213 469 725 981 1237 1493 229 485 741 997 1253 1509 245 501 757 1013 1269 262 518 774 1030 1286 22 278 534 790 1046 1302 38 294 550 806 1062 1318 54 310 566 822 1078 1334 70 326 582 838 1094 1350 86 342 598 854 1110 1366 102 358 614 870 1126 1382 118 374 630 886 1142 1398 134 390 646 902 1158 1414 150 406 662 918 1174 1430 166 422 678 934 1190 1446 182 438 694 950 1206 1462 198 454 710 966 1222 1478 214 470 726 982 1238 1494 230 486 742 998 1254 1510 246 502 758 1014 1270 263 519 775 1031 1287 23 279 535 791 1047 1303 39 295 551 807 1063 1319 55 311 567 823 1079 1335 71 327 583 839 1095 1351 87 343 599 855 1111 1367 103 359 615 871 1127 1383 119 375 631 887 1143 1399 135 391 647 903 1159 1415 151 407 663 919 1175 1431 167 423 679 935 1191 1447 183 439 695 951 1207 1463 199 455 711 967 1223 1479 215 471 727 983 1239 1495 231 487 743 999 1255 1511 247 503 759 1015 1271 264 520 776 1032 1288 24 280 536 792 1048 1304 40 296 552 808 1064 1320 56 312 568 824 1080 1336 72 328 584 840 1096 1352 88 344 600 856 1112 1368 104 360 616 872 1128 1384 120 376 632 888 1144 1400 136 392 648 904 1160 1416 152 408 664 920 1176 1432 168 424 680 936 1192 1448 184 440 696 952 1208 1464 200 456 712 968 1224 1480 216 472 728 984 1240 1496 232 488 744 1000 1256 1512 248 504 760 1016 1272 265 521 777 1033 1289 25 281 537 793 1049 1305 41 297 553 809 1065 1321 57 313 569 825 1081 1337 73 329 585 841 1097 1353 89 345 601 857 1113 1369 105 361 617 873 1129 1385 121 377 633 889 1145 1401 137 393 649 905 1161 1417 153 409 665 921 1177 1433 169 425 681 937 1193 1449 185 441 697 953 1209 1465 201 457 713 969 1225 1481 217 473 729 985 1241 1497 233 489 745 1001 1257 1513 249 505 761 1017 1273 266 522 778 1034 1290 26 282 538 794 1050 1306 42 298 554 810 1066 1322 58 314 570 826 1082 1338 74 330 586 842 1098 1354 90 346 602 858 1114 1370 106 362 618 874 1130 1386 122 378 634 890 1146 1402 138 394 650 906 1162 1418 154 410 666 922 1178 1434 170 426 682 938 1194 1450 186 442 698 954 1210 1466 202 458 714 970 1226 1482 218 474 730 986 1242 1498 234 490 746 1002 1258 1514 250 506 762 1018 1274 267 523 779 1035 1291 27 283 539 795 1051 1307 43 299 555 811 1067 1323 59 315 571 827 1083 1339 75 331 587 843 1099 1355 91 347 603 859 1115 1371 107 363 619 875 1131 1387 123 379 635 891 1147 1403 139 395 651 907 1163 1419 155 411 667 923 1179 1435 171 427 683 939 1195 1451 187 443 699 955 1211 1467 203 459 715 971 1227 1483 219 475 731 987 1243 1499 235 491 747 1003 1259 251 507 763 1019 1275 268 524 780 1036 1292 28 284 540 796 1052 1308 44 300 556 812 1068 1324 60 316 572 828 1084 1340 76 332 588 844 1100 1356 92 348 604 860 1116 1372 108 364 620 876 1132 1388 124 380 636 892 1148 1404 140 396 652 908 1164 1420 156 412 668 924 1180 1436 172 428 684 940 1196 1452 188 444 700 956 1212 1468 204 460 716 972 1228 1484 220 476 732 988 1244 1500 236 492 748 1004 1260 252 508 764 1020 1276 269 525 781 1037 1293 29 285 541 797 1053 1309 45 301 557 813 1069 1325 61 317 573 829 1085 1341 77 333 589 845 1101 1357 93 349 605 861 1117 1373 109 365 621 877 1133 1389 125 381 637 893 1149 1405 141 397 653 909 1165 1421 157 413 669 925 1181 1437 173 429 685 941 1197 1453 189 445 701 957 1213 1469 205 461 717 973 1229 1485 221 477 733 989 1245 1501 237 493 749 1005 1261 253 509 765 1021 1277 270 526 782 1038 1294 30 286 542 798 1054 1310 46 302 558 814 1070 1326 62 318 574 830 1086 1342 78 334 590 846 1102 1358 94 350 606 862 1118 1374 110 366 622 878 1134 1390 126 382 638 894 1150 1406 142 398 654 910 1166 1422 158 414 670 926 1182 1438 174 430 686 942 1198 1454 190 446 702 958 1214 1470 206 462 718 974 1230 1486 222 478 734 990 1246 1502 238 494 750 1006 1262 254 510 766 1022 1278 15 271 527 783 1039 1295 31 287 543 799 1055 1311 47 303 559 815 1071 1327 63 319 575 831 1087 1343 79 335 591 847 1103 1359 95 351 607 863 1119 1375 111 367 623 879 1135 1391 127 383 639 895 1151 1407 143 399 655 911 1167 1423 159 415 671 927 1183 1439 175 431 687 943 1199 1455 191 447 703 959 1215 1471 207 463 719 975 1231 1487 223 479 735 991 1247 1503 239 495 751 1007 1263 255 511 767 1023 1279>
# refined known-set: #<set: 0 3 4 5 6 7 8 9 10 11 12 13 14>
# refined unknown-set: #<set: 256 512 768 1024 1280 16 272 528 784 1040 1296 32 288 544 800 1056 1312 48 304 560 816 1072 1328 64 320 576 832 1088 1344 80 336 592 848 1104 1360 96 352 608 864 1120 1376 112 368 624 880 1136 1392 128 384 640 896 1152 1408 144 400 656 912 1168 1424 160 416 672 928 1184 1440 176 432 688 944 1200 1456 192 448 704 960 1216 1472 208 464 720 976 1232 1488 224 480 736 992 1248 1504 240 496 752 1008 1264 1 257 513 769 1025 1281 17 273 529 785 1041 1297 33 289 545 801 1057 1313 49 305 561 817 1073 1329 65 321 577 833 1089 1345 81 337 593 849 1105 1361 97 353 609 865 1121 1377 113 369 625 881 1137 1393 129 385 641 897 1153 1409 145 401 657 913 1169 1425 161 417 673 929 1185 1441 177 433 689 945 1201 1457 193 449 705 961 1217 1473 209 465 721 977 1233 1489 225 481 737 993 1249 1505 241 497 753 1009 1265 2 258 514 770 1026 1282 18 274 530 786 1042 1298 34 290 546 802 1058 1314 50 306 562 818 1074 1330 66 322 578 834 1090 1346 82 338 594 850 1106 1362 98 354 610 866 1122 1378 114 370 626 882 1138 1394 130 386 642 898 1154 1410 146 402 658 914 1170 1426 162 418 674 930 1186 1442 178 434 690 946 1202 1458 194 450 706 962 1218 1474 210 466 722 978 1234 1490 226 482 738 994 1250 1506 242 498 754 1010 1266 259 515 771 1027 1283 19 275 531 787 1043 1299 35 291 547 803 1059 1315 51 307 563 819 1075 1331 67 323 579 835 1091 1347 83 339 595 851 1107 1363 99 355 611 867 1123 1379 115 371 627 883 1139 1395 131 387 643 899 1155 1411 147 403 659 915 1171 1427 163 419 675 931 1187 1443 179 435 691 947 1203 1459 195 451 707 963 1219 1475 211 467 723 979 1235 1491 227 483 739 995 1251 1507 243 499 755 1011 1267 260 516 772 1028 1284 20 276 532 788 1044 1300 36 292 548 804 1060 1316 52 308 564 820 1076 1332 68 324 580 836 1092 1348 84 340 596 852 1108 1364 100 356 612 868 1124 1380 116 372 628 884 1140 1396 132 388 644 900 1156 1412 148 404 660 916 1172 1428 164 420 676 932 1188 1444 180 436 692 948 1204 1460 196 452 708 964 1220 1476 212 468 724 980 1236 1492 228 484 740 996 1252 1508 244 500 756 1012 1268 261 517 773 1029 1285 21 277 533 789 1045 1301 37 293 549 805 1061 1317 53 309 565 821 1077 1333 69 325 581 837 1093 1349 85 341 597 853 1109 1365 101 357 613 869 1125 1381 117 373 629 885 1141 1397 133 389 645 901 1157 1413 149 405 661 917 1173 1429 165 421 677 933 1189 1445 181 437 693 949 1205 1461 197 453 709 965 1221 1477 213 469 725 981 1237 1493 229 485 741 997 1253 1509 245 501 757 1013 1269 262 518 774 1030 1286 22 278 534 790 1046 1302 38 294 550 806 1062 1318 54 310 566 822 1078 1334 70 326 582 838 1094 1350 86 342 598 854 1110 1366 102 358 614 870 1126 1382 118 374 630 886 1142 1398 134 390 646 902 1158 1414 150 406 662 918 1174 1430 166 422 678 934 1190 1446 182 438 694 950 1206 1462 198 454 710 966 1222 1478 214 470 726 982 1238 1494 230 486 742 998 1254 1510 246 502 758 1014 1270 263 519 775 1031 1287 23 279 535 791 1047 1303 39 295 551 807 1063 1319 55 311 567 823 1079 1335 71 327 583 839 1095 1351 87 343 599 855 1111 1367 103 359 615 871 1127 1383 119 375 631 887 1143 1399 135 391 647 903 1159 1415 151 407 663 919 1175 1431 167 423 679 935 1191 1447 183 439 695 951 1207 1463 199 455 711 967 1223 1479 215 471 727 983 1239 1495 231 487 743 999 1255 1511 247 503 759 1015 1271 264 520 776 1032 1288 24 280 536 792 1048 1304 40 296 552 808 1064 1320 56 312 568 824 1080 1336 72 328 584 840 1096 1352 88 344 600 856 1112 1368 104 360 616 872 1128 1384 120 376 632 888 1144 1400 136 392 648 904 1160 1416 152 408 664 920 1176 1432 168 424 680 936 1192 1448 184 440 696 952 1208 1464 200 456 712 968 1224 1480 216 472 728 984 1240 1496 232 488 744 1000 1256 1512 248 504 760 1016 1272 265 521 777 1033 1289 25 281 537 793 1049 1305 41 297 553 809 1065 1321 57 313 569 825 1081 1337 73 329 585 841 1097 1353 89 345 601 857 1113 1369 105 361 617 873 1129 1385 121 377 633 889 1145 1401 137 393 649 905 1161 1417 153 409 665 921 1177 1433 169 425 681 937 1193 1449 185 441 697 953 1209 1465 201 457 713 969 1225 1481 217 473 729 985 1241 1497 233 489 745 1001 1257 1513 249 505 761 1017 1273 266 522 778 1034 1290 26 282 538 794 1050 1306 42 298 554 810 1066 1322 58 314 570 826 1082 1338 74 330 586 842 1098 1354 90 346 602 858 1114 1370 106 362 618 874 1130 1386 122 378 634 890 1146 1402 138 394 650 906 1162 1418 154 410 666 922 1178 1434 170 426 682 938 1194 1450 186 442 698 954 1210 1466 202 458 714 970 1226 1482 218 474 730 986 1242 1498 234 490 746 1002 1258 1514 250 506 762 1018 1274 267 523 779 1035 1291 27 283 539 795 1051 1307 43 299 555 811 1067 1323 59 315 571 827 1083 1339 75 331 587 843 1099 1355 91 347 603 859 1115 1371 107 363 619 875 1131 1387 123 379 635 891 1147 1403 139 395 651 907 1163 1419 155 411 667 923 1179 1435 171 427 683 939 1195 1451 187 443 699 955 1211 1467 203 459 715 971 1227 1483 219 475 731 987 1243 1499 235 491 747 1003 1259 251 507 763 1019 1275 268 524 780 1036 1292 28 284 540 796 1052 1308 44 300 556 812 1068 1324 60 316 572 828 1084 1340 76 332 588 844 1100 1356 92 348 604 860 1116 1372 108 364 620 876 1132 1388 124 380 636 892 1148 1404 140 396 652 908 1164 1420 156 412 668 924 1180 1436 172 428 684 940 1196 1452 188 444 700 956 1212 1468 204 460 716 972 1228 1484 220 476 732 988 1244 1500 236 492 748 1004 1260 252 508 764 1020 1276 269 525 781 1037 1293 29 285 541 797 1053 1309 45 301 557 813 1069 1325 61 317 573 829 1085 1341 77 333 589 845 1101 1357 93 349 605 861 1117 1373 109 365 621 877 1133 1389 125 381 637 893 1149 1405 141 397 653 909 1165 1421 157 413 669 925 1181 1437 173 429 685 941 1197 1453 189 445 701 957 1213 1469 205 461 717 973 1229 1485 221 477 733 989 1245 1501 237 493 749 1005 1261 253 509 765 1021 1277 270 526 782 1038 1294 30 286 542 798 1054 1310 46 302 558 814 1070 1326 62 318 574 830 1086 1342 78 334 590 846 1102 1358 94 350 606 862 1118 1374 110 366 622 878 1134 1390 126 382 638 894 1150 1406 142 398 654 910 1166 1422 158 414 670 926 1182 1438 174 430 686 942 1198 1454 190 446 702 958 1214 1470 206 462 718 974 1230 1486 222 478 734 990 1246 1502 238 494 750 1006 1262 254 510 766 1022 1278 15 271 527 783 1039 1295 31 287 543 799 1055 1311 47 303 559 815 1071 1327 63 319 575 831 1087 1343 79 335 591 847 1103 1359 95 351 607 863 1119 1375 111 367 623 879 1135 1391 127 383 639 895 1151 1407 143 399 655 911 1167 1423 159 415 671 927 1183 1439 175 431 687 943 1199 1455 191 447 703 959 1215 1471 207 463 719 975 1231 1487 223 479 735 991 1247 1503 239 495 751 1007 1263 255 511 767 1023 1279>
  # propagation (linear lemma): #<set: 16 17 773 1511 1512 763 15 25 1513> added.
  # propagation (linear lemma): #<set: 774 764 765 26 1514> added.
  # propagation (linear lemma): #<set: 1509 1510 779 766 31> added.
  # propagation (linear lemma): #<set: 768 769 761 762> added.
  # propagation (linear lemma): #<set: 771 21 772 20> added.
  # propagation (linear lemma): #<set: 23 778 24 1144> added.
  # propagation (linear lemma): #<set: 30 780 396> added.
  # propagation (linear lemma): #<set: 32 871> added.
  # propagation (linear lemma): #<set: 962 123> added.
  # propagation (linear lemma): #<set: 214 1053> added.
  # propagation (linear lemma): #<set: 305 781> added.
  # propagation (linear lemma): #<set: 33 872> added.
  # propagation (linear lemma): #<set: 963 124> added.
  # propagation (linear lemma): #<set: 215 1054> added.
  # propagation (linear lemma): #<set: 306 782> added.
  # propagation (linear lemma): #<set: 34 873> added.
  # propagation (linear lemma): #<set: 964 125> added.
  # propagation (linear lemma): #<set: 216 1055> added.
  # propagation (linear lemma): #<set: 307 783> added.
  # propagation (linear lemma): #<set: 35 874> added.
  # propagation (linear lemma): #<set: 965 126> added.
  # propagation (linear lemma): #<set: 1056 217> added.
  # propagation (linear lemma): #<set: 784 308> added.
  # propagation (linear lemma): #<set: 36 875> added.
  # propagation (linear lemma): #<set: 966 127> added.
  # propagation (linear lemma): #<set: 1057 218> added.
  # propagation (linear lemma): #<set: 785 309> added.
  # propagation (linear lemma): #<set: 37 876> added.
  # propagation (linear lemma): #<set: 128 967> added.
  # propagation (linear lemma): #<set: 1058 219> added.
  # propagation (linear lemma): #<set: 786 310> added.
  # propagation (linear lemma): #<set: 38 877> added.
  # propagation (linear lemma): #<set: 129 968> added.
  # propagation (linear lemma): #<set: 1059 220> added.
  # propagation (linear lemma): #<set: 787 311> added.
  # propagation (linear lemma): #<set: 39 878> added.
  # propagation (linear lemma): #<set: 130 969> added.
  # propagation (linear lemma): #<set: 1060 221> added.
  # propagation (linear lemma): #<set: 788 312> added.
  # propagation (linear lemma): #<set: 40 879> added.
  # propagation (linear lemma): #<set: 131 970> added.
  # propagation (linear lemma): #<set: 1061 222> added.
  # propagation (linear lemma): #<set: 789 313> added.
  # propagation (linear lemma): #<set: 880 41> added.
  # propagation (linear lemma): #<set: 132 971> added.
  # propagation (linear lemma): #<set: 1062 223> added.
  # propagation (linear lemma): #<set: 790 314> added.
  # propagation (linear lemma): #<set: 881 42> added.
  # propagation (linear lemma): #<set: 133 972> added.
  # propagation (linear lemma): #<set: 224 1063> added.
  # propagation (linear lemma): #<set: 791 315> added.
  # propagation (linear lemma): #<set: 882 43> added.
  # propagation (linear lemma): #<set: 134 973> added.
  # propagation (linear lemma): #<set: 225 1064> added.
  # propagation (linear lemma): #<set: 792 316> added.
  # propagation (linear lemma): #<set: 883 44> added.
  # propagation (linear lemma): #<set: 135 974> added.
  # propagation (linear lemma): #<set: 226 1065> added.
  # propagation (linear lemma): #<set: 793 317> added.
  # propagation (linear lemma): #<set: 884 45> added.
  # propagation (linear lemma): #<set: 136 975> added.
  # propagation (linear lemma): #<set: 227 1066> added.
  # propagation (linear lemma): #<set: 794 318> added.
  # propagation (linear lemma): #<set: 885 46> added.
  # propagation (linear lemma): #<set: 976 137> added.
  # propagation (linear lemma): #<set: 228 1067> added.
  # propagation (linear lemma): #<set: 795 319> added.
  # propagation (linear lemma): #<set: 886 47> added.
  # propagation (linear lemma): #<set: 977 138> added.
  # propagation (linear lemma): #<set: 229 1068> added.
  # propagation (linear lemma): #<set: 320 796> added.
  # propagation (linear lemma): #<set: 48 887> added.
  # propagation (linear lemma): #<set: 978 139> added.
  # propagation (linear lemma): #<set: 230 1069> added.
  # propagation (linear lemma): #<set: 321 797> added.
  # propagation (linear lemma): #<set: 49 888> added.
  # propagation (linear lemma): #<set: 979 140> added.
  # propagation (linear lemma): #<set: 231 1070> added.
  # propagation (linear lemma): #<set: 322 798> added.
  # propagation (linear lemma): #<set: 50 889> added.
  # propagation (linear lemma): #<set: 980 141> added.
  # propagation (linear lemma): #<set: 232 1071> added.
  # propagation (linear lemma): #<set: 323 799> added.
  # propagation (linear lemma): #<set: 51 890> added.
  # propagation (linear lemma): #<set: 981 142> added.
  # propagation (linear lemma): #<set: 1072 233> added.
  # propagation (linear lemma): #<set: 800 324> added.
  # propagation (linear lemma): #<set: 52 891> added.
  # propagation (linear lemma): #<set: 982 143> added.
  # propagation (linear lemma): #<set: 1073 234> added.
  # propagation (linear lemma): #<set: 801 325> added.
  # propagation (linear lemma): #<set: 53 892> added.
  # propagation (linear lemma): #<set: 144 983> added.
  # propagation (linear lemma): #<set: 1074 235> added.
  # propagation (linear lemma): #<set: 802 326> added.
  # propagation (linear lemma): #<set: 54 893> added.
  # propagation (linear lemma): #<set: 145 984> added.
  # propagation (linear lemma): #<set: 1075 236> added.
  # propagation (linear lemma): #<set: 803 327> added.
  # propagation (linear lemma): #<set: 55 894> added.
  # propagation (linear lemma): #<set: 146 985> added.
  # propagation (linear lemma): #<set: 1076 237> added.
  # propagation (linear lemma): #<set: 804 328> added.
  # propagation (linear lemma): #<set: 56 895> added.
  # propagation (linear lemma): #<set: 147 986> added.
  # propagation (linear lemma): #<set: 1077 238> added.
  # propagation (linear lemma): #<set: 805 329> added.
  # propagation (linear lemma): #<set: 896 57> added.
  # propagation (linear lemma): #<set: 148 987> added.
  # propagation (linear lemma): #<set: 1078 239> added.
  # propagation (linear lemma): #<set: 806 330> added.
  # propagation (linear lemma): #<set: 897 58> added.
  # propagation (linear lemma): #<set: 149 988> added.
  # propagation (linear lemma): #<set: 240 1079> added.
  # propagation (linear lemma): #<set: 807 331> added.
  # propagation (linear lemma): #<set: 898 59> added.
  # propagation (linear lemma): #<set: 150 989> added.
  # propagation (linear lemma): #<set: 241 1080> added.
  # propagation (linear lemma): #<set: 808 332> added.
  # propagation (linear lemma): #<set: 899 60> added.
  # propagation (linear lemma): #<set: 151 990> added.
  # propagation (linear lemma): #<set: 242 1081> added.
  # propagation (linear lemma): #<set: 809 333> added.
  # propagation (linear lemma): #<set: 900 61> added.
  # propagation (linear lemma): #<set: 152 991> added.
  # propagation (linear lemma): #<set: 243 1082> added.
  # propagation (linear lemma): #<set: 810 334> added.
  # propagation (linear lemma): #<set: 901 62> added.
  # propagation (linear lemma): #<set: 992 153> added.
  # propagation (linear lemma): #<set: 244 1083> added.
  # propagation (linear lemma): #<set: 811 335> added.
  # propagation (linear lemma): #<set: 902 63> added.
  # propagation (linear lemma): #<set: 993 154> added.
  # propagation (linear lemma): #<set: 245 1084> added.
  # propagation (linear lemma): #<set: 336 812> added.
  # propagation (linear lemma): #<set: 64 903> added.
  # propagation (linear lemma): #<set: 994 155> added.
  # propagation (linear lemma): #<set: 246 1085> added.
  # propagation (linear lemma): #<set: 337 813> added.
  # propagation (linear lemma): #<set: 65 904> added.
  # propagation (linear lemma): #<set: 995 156> added.
  # propagation (linear lemma): #<set: 247 1086> added.
  # propagation (linear lemma): #<set: 338 814> added.
  # propagation (linear lemma): #<set: 66 905> added.
  # propagation (linear lemma): #<set: 996 157> added.
  # propagation (linear lemma): #<set: 248 1087> added.
  # propagation (linear lemma): #<set: 339 815> added.
  # propagation (linear lemma): #<set: 67 906> added.
  # propagation (linear lemma): #<set: 997 158> added.
  # propagation (linear lemma): #<set: 1088 249> added.
  # propagation (linear lemma): #<set: 816 340> added.
  # propagation (linear lemma): #<set: 68 907> added.
  # propagation (linear lemma): #<set: 998 159> added.
  # propagation (linear lemma): #<set: 1089 250> added.
  # propagation (linear lemma): #<set: 817 341> added.
  # propagation (linear lemma): #<set: 69 908> added.
  # propagation (linear lemma): #<set: 160 999> added.
  # propagation (linear lemma): #<set: 1090 251> added.
  # propagation (linear lemma): #<set: 818 342> added.
  # propagation (linear lemma): #<set: 70 909> added.
  # propagation (linear lemma): #<set: 161 1000> added.
  # propagation (linear lemma): #<set: 1091 252> added.
  # propagation (linear lemma): #<set: 819 343> added.
  # propagation (linear lemma): #<set: 71 910> added.
  # propagation (linear lemma): #<set: 162 1001> added.
  # propagation (linear lemma): #<set: 1092 253> added.
  # propagation (linear lemma): #<set: 820 344> added.
  # propagation (linear lemma): #<set: 72 911> added.
  # propagation (linear lemma): #<set: 163 1002> added.
  # propagation (linear lemma): #<set: 1093 254> added.
  # propagation (linear lemma): #<set: 821 345> added.
  # propagation (linear lemma): #<set: 912 73> added.
  # propagation (linear lemma): #<set: 164 1003> added.
  # propagation (linear lemma): #<set: 1094 255> added.
  # propagation (linear lemma): #<set: 822 346> added.
  # propagation (linear lemma): #<set: 913 74> added.
  # propagation (linear lemma): #<set: 165 1004> added.
  # propagation (linear lemma): #<set: 256 1095> added.
  # propagation (linear lemma): #<set: 823 347> added.
  # propagation (linear lemma): #<set: 914 75> added.
  # propagation (linear lemma): #<set: 166 1005> added.
  # propagation (linear lemma): #<set: 257 1096> added.
  # propagation (linear lemma): #<set: 824 348> added.
  # propagation (linear lemma): #<set: 915 76> added.
  # propagation (linear lemma): #<set: 167 1006> added.
  # propagation (linear lemma): #<set: 258 1097> added.
  # propagation (linear lemma): #<set: 825 349> added.
  # propagation (linear lemma): #<set: 916 77> added.
  # propagation (linear lemma): #<set: 168 1007> added.
  # propagation (linear lemma): #<set: 259 1098> added.
  # propagation (linear lemma): #<set: 826 350> added.
  # propagation (linear lemma): #<set: 917 78> added.
  # propagation (linear lemma): #<set: 1008 169> added.
  # propagation (linear lemma): #<set: 260 1099> added.
  # propagation (linear lemma): #<set: 827 351> added.
  # propagation (linear lemma): #<set: 918 79> added.
  # propagation (linear lemma): #<set: 1009 170> added.
  # propagation (linear lemma): #<set: 261 1100> added.
  # propagation (linear lemma): #<set: 352 828> added.
  # propagation (linear lemma): #<set: 80 919> added.
  # propagation (linear lemma): #<set: 1010 171> added.
  # propagation (linear lemma): #<set: 262 1101> added.
  # propagation (linear lemma): #<set: 353 829> added.
  # propagation (linear lemma): #<set: 81 920> added.
  # propagation (linear lemma): #<set: 1011 172> added.
  # propagation (linear lemma): #<set: 263 1102> added.
  # propagation (linear lemma): #<set: 354 830> added.
  # propagation (linear lemma): #<set: 82 921> added.
  # propagation (linear lemma): #<set: 1012 173> added.
  # propagation (linear lemma): #<set: 264 1103> added.
  # propagation (linear lemma): #<set: 355 831> added.
  # propagation (linear lemma): #<set: 83 922> added.
  # propagation (linear lemma): #<set: 1013 174> added.
  # propagation (linear lemma): #<set: 1104 265> added.
  # propagation (linear lemma): #<set: 832 356> added.
  # propagation (linear lemma): #<set: 84 923> added.
  # propagation (linear lemma): #<set: 1014 175> added.
  # propagation (linear lemma): #<set: 1105 266> added.
  # propagation (linear lemma): #<set: 833 357> added.
  # propagation (linear lemma): #<set: 85 924> added.
  # propagation (linear lemma): #<set: 176 1015> added.
  # propagation (linear lemma): #<set: 1106 267> added.
  # propagation (linear lemma): #<set: 834 358> added.
  # propagation (linear lemma): #<set: 86 925> added.
  # propagation (linear lemma): #<set: 177 1016> added.
  # propagation (linear lemma): #<set: 1107 268> added.
  # propagation (linear lemma): #<set: 835 359> added.
  # propagation (linear lemma): #<set: 87 926> added.
  # propagation (linear lemma): #<set: 178 1017> added.
  # propagation (linear lemma): #<set: 1108 269> added.
  # propagation (linear lemma): #<set: 836 360> added.
  # propagation (linear lemma): #<set: 88 927> added.
  # propagation (linear lemma): #<set: 179 1018> added.
  # propagation (linear lemma): #<set: 1109 270> added.
  # propagation (linear lemma): #<set: 837 361> added.
  # propagation (linear lemma): #<set: 928 89> added.
  # propagation (linear lemma): #<set: 180 1019> added.
  # propagation (linear lemma): #<set: 1110 271> added.
  # propagation (linear lemma): #<set: 838 362> added.
  # propagation (linear lemma): #<set: 929 90> added.
  # propagation (linear lemma): #<set: 181 1020> added.
  # propagation (linear lemma): #<set: 272 1111> added.
  # propagation (linear lemma): #<set: 839 363> added.
  # propagation (linear lemma): #<set: 930 91> added.
  # propagation (linear lemma): #<set: 182 1021> added.
  # propagation (linear lemma): #<set: 273 1112> added.
  # propagation (linear lemma): #<set: 840 364> added.
  # propagation (linear lemma): #<set: 931 92> added.
  # propagation (linear lemma): #<set: 183 1022> added.
  # propagation (linear lemma): #<set: 274 1113> added.
  # propagation (linear lemma): #<set: 841 365> added.
  # propagation (linear lemma): #<set: 932 93> added.
  # propagation (linear lemma): #<set: 184 1023> added.
  # propagation (linear lemma): #<set: 275 1114> added.
  # propagation (linear lemma): #<set: 842 366> added.
  # propagation (linear lemma): #<set: 933 94> added.
  # propagation (linear lemma): #<set: 1024 185> added.
  # propagation (linear lemma): #<set: 276 1115> added.
  # propagation (linear lemma): #<set: 843 367> added.
  # propagation (linear lemma): #<set: 934 95> added.
  # propagation (linear lemma): #<set: 1025 186> added.
  # propagation (linear lemma): #<set: 277 1116> added.
  # propagation (linear lemma): #<set: 368 844> added.
  # propagation (linear lemma): #<set: 96 935> added.
  # propagation (linear lemma): #<set: 1026 187> added.
  # propagation (linear lemma): #<set: 278 1117> added.
  # propagation (linear lemma): #<set: 369 845> added.
  # propagation (linear lemma): #<set: 97 936> added.
  # propagation (linear lemma): #<set: 1027 188> added.
  # propagation (linear lemma): #<set: 279 1118> added.
  # propagation (linear lemma): #<set: 370 846> added.
  # propagation (linear lemma): #<set: 98 937> added.
  # propagation (linear lemma): #<set: 1028 189> added.
  # propagation (linear lemma): #<set: 280 1119> added.
  # propagation (linear lemma): #<set: 371 847> added.
  # propagation (linear lemma): #<set: 99 938> added.
  # propagation (linear lemma): #<set: 1029 190> added.
  # propagation (linear lemma): #<set: 1120 281> added.
  # propagation (linear lemma): #<set: 848 372> added.
  # propagation (linear lemma): #<set: 100 939> added.
  # propagation (linear lemma): #<set: 1030 191> added.
  # propagation (linear lemma): #<set: 1121 282> added.
  # propagation (linear lemma): #<set: 849 373> added.
  # propagation (linear lemma): #<set: 101 940> added.
  # propagation (linear lemma): #<set: 192 1031> added.
  # propagation (linear lemma): #<set: 1122 283> added.
  # propagation (linear lemma): #<set: 850 374> added.
  # propagation (linear lemma): #<set: 102 941> added.
  # propagation (linear lemma): #<set: 193 1032> added.
  # propagation (linear lemma): #<set: 1123 284> added.
  # propagation (linear lemma): #<set: 851 375> added.
  # propagation (linear lemma): #<set: 103 942> added.
  # propagation (linear lemma): #<set: 194 1033> added.
  # propagation (linear lemma): #<set: 1124 285> added.
  # propagation (linear lemma): #<set: 852 376> added.
  # propagation (linear lemma): #<set: 104 943> added.
  # propagation (linear lemma): #<set: 195 1034> added.
  # propagation (linear lemma): #<set: 1125 286> added.
  # propagation (linear lemma): #<set: 853 377> added.
  # propagation (linear lemma): #<set: 944 105> added.
  # propagation (linear lemma): #<set: 196 1035> added.
  # propagation (linear lemma): #<set: 1126 287> added.
  # propagation (linear lemma): #<set: 854 378> added.
  # propagation (linear lemma): #<set: 945 106> added.
  # propagation (linear lemma): #<set: 197 1036> added.
  # propagation (linear lemma): #<set: 288 1127> added.
  # propagation (linear lemma): #<set: 855 379> added.
  # propagation (linear lemma): #<set: 946 107> added.
  # propagation (linear lemma): #<set: 198 1037> added.
  # propagation (linear lemma): #<set: 289 1128> added.
  # propagation (linear lemma): #<set: 856 380> added.
  # propagation (linear lemma): #<set: 947 108> added.
  # propagation (linear lemma): #<set: 199 1038> added.
  # propagation (linear lemma): #<set: 290 1129> added.
  # propagation (linear lemma): #<set: 857 381> added.
  # propagation (linear lemma): #<set: 948 109> added.
  # propagation (linear lemma): #<set: 200 1039> added.
  # propagation (linear lemma): #<set: 291 1130> added.
  # propagation (linear lemma): #<set: 858 382> added.
  # propagation (linear lemma): #<set: 949 110> added.
  # propagation (linear lemma): #<set: 1040 201> added.
  # propagation (linear lemma): #<set: 292 1131> added.
  # propagation (linear lemma): #<set: 859 383> added.
  # propagation (linear lemma): #<set: 950 111> added.
  # propagation (linear lemma): #<set: 1041 202> added.
  # propagation (linear lemma): #<set: 293 1132> added.
  # propagation (linear lemma): #<set: 384 860> added.
  # propagation (linear lemma): #<set: 112 951> added.
  # propagation (linear lemma): #<set: 1042 203> added.
  # propagation (linear lemma): #<set: 294 1133> added.
  # propagation (linear lemma): #<set: 385 861> added.
  # propagation (linear lemma): #<set: 113 952> added.
  # propagation (linear lemma): #<set: 1043 204> added.
  # propagation (linear lemma): #<set: 295 1134> added.
  # propagation (linear lemma): #<set: 386 862> added.
  # propagation (linear lemma): #<set: 114 953> added.
  # propagation (linear lemma): #<set: 1044 205> added.
  # propagation (linear lemma): #<set: 296 1135> added.
  # propagation (linear lemma): #<set: 387 863> added.
  # propagation (linear lemma): #<set: 115 954> added.
  # propagation (linear lemma): #<set: 1045 206> added.
  # propagation (linear lemma): #<set: 1136 297> added.
  # propagation (linear lemma): #<set: 864 388> added.
  # propagation (linear lemma): #<set: 116 955> added.
  # propagation (linear lemma): #<set: 1046 207> added.
  # propagation (linear lemma): #<set: 1137 298> added.
  # propagation (linear lemma): #<set: 865 389> added.
  # propagation (linear lemma): #<set: 117 956> added.
  # propagation (linear lemma): #<set: 208 1047> added.
  # propagation (linear lemma): #<set: 1138 299> added.
  # propagation (linear lemma): #<set: 866 390> added.
  # propagation (linear lemma): #<set: 118 957> added.
  # propagation (linear lemma): #<set: 209 1048> added.
  # propagation (linear lemma): #<set: 1139 300> added.
  # propagation (linear lemma): #<set: 867 391> added.
  # propagation (linear lemma): #<set: 119 958> added.
  # propagation (linear lemma): #<set: 210 1049> added.
  # propagation (linear lemma): #<set: 1140 301> added.
  # propagation (linear lemma): #<set: 868 392> added.
  # propagation (linear lemma): #<set: 120 959> added.
  # propagation (linear lemma): #<set: 211 1050> added.
  # propagation (linear lemma): #<set: 1141 302> added.
  # propagation (linear lemma): #<set: 869 393> added.
  # propagation (linear lemma): #<set: 960 121> added.
  # propagation (linear lemma): #<set: 212 1051> added.
  # propagation (linear lemma): #<set: 1142 303> added.
  # propagation (linear lemma): #<set: 870 394> added.
  # propagation (linear lemma): #<set: 961 122> added.
  # propagation (linear lemma): #<set: 213 1052> added.
  # propagation (linear lemma): #<set: 304 777> added.
  # propagation (linear lemma): #<set: 775 29> added.
  # propagation (linear lemma): #<set: 1145 27> added.
  # propagation (linear lemma): #<set: 1146 397> added.
  # propagation (linear lemma): #<set: 1237 398> added.
  # propagation (linear lemma): #<set: 1328 489> added.
  # propagation (linear lemma): #<set: 580 1419> added.
  # propagation (linear lemma): #<set: 1147 671> added.
  # propagation (linear lemma): #<set: 1238 399> added.
  # propagation (linear lemma): #<set: 1329 490> added.
  # propagation (linear lemma): #<set: 581 1420> added.
  # propagation (linear lemma): #<set: 672 1148> added.
  # propagation (linear lemma): #<set: 400 1239> added.
  # propagation (linear lemma): #<set: 1330 491> added.
  # propagation (linear lemma): #<set: 582 1421> added.
  # propagation (linear lemma): #<set: 673 1149> added.
  # propagation (linear lemma): #<set: 401 1240> added.
  # propagation (linear lemma): #<set: 1331 492> added.
  # propagation (linear lemma): #<set: 583 1422> added.
  # propagation (linear lemma): #<set: 674 1150> added.
  # propagation (linear lemma): #<set: 402 1241> added.
  # propagation (linear lemma): #<set: 1332 493> added.
  # propagation (linear lemma): #<set: 584 1423> added.
  # propagation (linear lemma): #<set: 675 1151> added.
  # propagation (linear lemma): #<set: 403 1242> added.
  # propagation (linear lemma): #<set: 1333 494> added.
  # propagation (linear lemma): #<set: 1424 585> added.
  # propagation (linear lemma): #<set: 1152 676> added.
  # propagation (linear lemma): #<set: 404 1243> added.
  # propagation (linear lemma): #<set: 1334 495> added.
  # propagation (linear lemma): #<set: 1425 586> added.
  # propagation (linear lemma): #<set: 1153 677> added.
  # propagation (linear lemma): #<set: 405 1244> added.
  # propagation (linear lemma): #<set: 496 1335> added.
  # propagation (linear lemma): #<set: 1426 587> added.
  # propagation (linear lemma): #<set: 1154 678> added.
  # propagation (linear lemma): #<set: 406 1245> added.
  # propagation (linear lemma): #<set: 497 1336> added.
  # propagation (linear lemma): #<set: 1427 588> added.
  # propagation (linear lemma): #<set: 1155 679> added.
  # propagation (linear lemma): #<set: 407 1246> added.
  # propagation (linear lemma): #<set: 498 1337> added.
  # propagation (linear lemma): #<set: 1428 589> added.
  # propagation (linear lemma): #<set: 1156 680> added.
  # propagation (linear lemma): #<set: 408 1247> added.
  # propagation (linear lemma): #<set: 499 1338> added.
  # propagation (linear lemma): #<set: 1429 590> added.
  # propagation (linear lemma): #<set: 1157 681> added.
  # propagation (linear lemma): #<set: 1248 409> added.
  # propagation (linear lemma): #<set: 500 1339> added.
  # propagation (linear lemma): #<set: 1430 591> added.
  # propagation (linear lemma): #<set: 1158 682> added.
  # propagation (linear lemma): #<set: 1249 410> added.
  # propagation (linear lemma): #<set: 501 1340> added.
  # propagation (linear lemma): #<set: 592 1431> added.
  # propagation (linear lemma): #<set: 1159 683> added.
  # propagation (linear lemma): #<set: 1250 411> added.
  # propagation (linear lemma): #<set: 502 1341> added.
  # propagation (linear lemma): #<set: 593 1432> added.
  # propagation (linear lemma): #<set: 1160 684> added.
  # propagation (linear lemma): #<set: 1251 412> added.
  # propagation (linear lemma): #<set: 503 1342> added.
  # propagation (linear lemma): #<set: 594 1433> added.
  # propagation (linear lemma): #<set: 1161 685> added.
  # propagation (linear lemma): #<set: 1252 413> added.
  # propagation (linear lemma): #<set: 504 1343> added.
  # propagation (linear lemma): #<set: 595 1434> added.
  # propagation (linear lemma): #<set: 1162 686> added.
  # propagation (linear lemma): #<set: 1253 414> added.
  # propagation (linear lemma): #<set: 1344 505> added.
  # propagation (linear lemma): #<set: 596 1435> added.
  # propagation (linear lemma): #<set: 1163 687> added.
  # propagation (linear lemma): #<set: 1254 415> added.
  # propagation (linear lemma): #<set: 1345 506> added.
  # propagation (linear lemma): #<set: 597 1436> added.
  # propagation (linear lemma): #<set: 688 1164> added.
  # propagation (linear lemma): #<set: 416 1255> added.
  # propagation (linear lemma): #<set: 1346 507> added.
  # propagation (linear lemma): #<set: 598 1437> added.
  # propagation (linear lemma): #<set: 689 1165> added.
  # propagation (linear lemma): #<set: 417 1256> added.
  # propagation (linear lemma): #<set: 1347 508> added.
  # propagation (linear lemma): #<set: 599 1438> added.
  # propagation (linear lemma): #<set: 690 1166> added.
  # propagation (linear lemma): #<set: 418 1257> added.
  # propagation (linear lemma): #<set: 1348 509> added.
  # propagation (linear lemma): #<set: 600 1439> added.
  # propagation (linear lemma): #<set: 691 1167> added.
  # propagation (linear lemma): #<set: 419 1258> added.
  # propagation (linear lemma): #<set: 1349 510> added.
  # propagation (linear lemma): #<set: 1440 601> added.
  # propagation (linear lemma): #<set: 1168 692> added.
  # propagation (linear lemma): #<set: 420 1259> added.
  # propagation (linear lemma): #<set: 1350 511> added.
  # propagation (linear lemma): #<set: 1441 602> added.
  # propagation (linear lemma): #<set: 1169 693> added.
  # propagation (linear lemma): #<set: 421 1260> added.
  # propagation (linear lemma): #<set: 512 1351> added.
  # propagation (linear lemma): #<set: 1442 603> added.
  # propagation (linear lemma): #<set: 1170 694> added.
  # propagation (linear lemma): #<set: 422 1261> added.
  # propagation (linear lemma): #<set: 513 1352> added.
  # propagation (linear lemma): #<set: 1443 604> added.
  # propagation (linear lemma): #<set: 1171 695> added.
  # propagation (linear lemma): #<set: 423 1262> added.
  # propagation (linear lemma): #<set: 514 1353> added.
  # propagation (linear lemma): #<set: 1444 605> added.
  # propagation (linear lemma): #<set: 1172 696> added.
  # propagation (linear lemma): #<set: 424 1263> added.
  # propagation (linear lemma): #<set: 515 1354> added.
  # propagation (linear lemma): #<set: 1445 606> added.
  # propagation (linear lemma): #<set: 1173 697> added.
  # propagation (linear lemma): #<set: 1264 425> added.
  # propagation (linear lemma): #<set: 516 1355> added.
  # propagation (linear lemma): #<set: 1446 607> added.
  # propagation (linear lemma): #<set: 1174 698> added.
  # propagation (linear lemma): #<set: 1265 426> added.
  # propagation (linear lemma): #<set: 517 1356> added.
  # propagation (linear lemma): #<set: 608 1447> added.
  # propagation (linear lemma): #<set: 1175 699> added.
  # propagation (linear lemma): #<set: 1266 427> added.
  # propagation (linear lemma): #<set: 518 1357> added.
  # propagation (linear lemma): #<set: 609 1448> added.
  # propagation (linear lemma): #<set: 1176 700> added.
  # propagation (linear lemma): #<set: 1267 428> added.
  # propagation (linear lemma): #<set: 519 1358> added.
  # propagation (linear lemma): #<set: 610 1449> added.
  # propagation (linear lemma): #<set: 1177 701> added.
  # propagation (linear lemma): #<set: 1268 429> added.
  # propagation (linear lemma): #<set: 520 1359> added.
  # propagation (linear lemma): #<set: 611 1450> added.
  # propagation (linear lemma): #<set: 1178 702> added.
  # propagation (linear lemma): #<set: 1269 430> added.
  # propagation (linear lemma): #<set: 1360 521> added.
  # propagation (linear lemma): #<set: 612 1451> added.
  # propagation (linear lemma): #<set: 1179 703> added.
  # propagation (linear lemma): #<set: 1270 431> added.
  # propagation (linear lemma): #<set: 1361 522> added.
  # propagation (linear lemma): #<set: 613 1452> added.
  # propagation (linear lemma): #<set: 704 1180> added.
  # propagation (linear lemma): #<set: 432 1271> added.
  # propagation (linear lemma): #<set: 1362 523> added.
  # propagation (linear lemma): #<set: 614 1453> added.
  # propagation (linear lemma): #<set: 705 1181> added.
  # propagation (linear lemma): #<set: 433 1272> added.
  # propagation (linear lemma): #<set: 1363 524> added.
  # propagation (linear lemma): #<set: 615 1454> added.
  # propagation (linear lemma): #<set: 706 1182> added.
  # propagation (linear lemma): #<set: 434 1273> added.
  # propagation (linear lemma): #<set: 1364 525> added.
  # propagation (linear lemma): #<set: 616 1455> added.
  # propagation (linear lemma): #<set: 707 1183> added.
  # propagation (linear lemma): #<set: 435 1274> added.
  # propagation (linear lemma): #<set: 1365 526> added.
  # propagation (linear lemma): #<set: 1456 617> added.
  # propagation (linear lemma): #<set: 1184 708> added.
  # propagation (linear lemma): #<set: 436 1275> added.
  # propagation (linear lemma): #<set: 1366 527> added.
  # propagation (linear lemma): #<set: 1457 618> added.
  # propagation (linear lemma): #<set: 1185 709> added.
  # propagation (linear lemma): #<set: 437 1276> added.
  # propagation (linear lemma): #<set: 528 1367> added.
  # propagation (linear lemma): #<set: 1458 619> added.
  # propagation (linear lemma): #<set: 1186 710> added.
  # propagation (linear lemma): #<set: 438 1277> added.
  # propagation (linear lemma): #<set: 529 1368> added.
  # propagation (linear lemma): #<set: 1459 620> added.
  # propagation (linear lemma): #<set: 1187 711> added.
  # propagation (linear lemma): #<set: 439 1278> added.
  # propagation (linear lemma): #<set: 530 1369> added.
  # propagation (linear lemma): #<set: 1460 621> added.
  # propagation (linear lemma): #<set: 1188 712> added.
  # propagation (linear lemma): #<set: 440 1279> added.
  # propagation (linear lemma): #<set: 531 1370> added.
  # propagation (linear lemma): #<set: 1461 622> added.
  # propagation (linear lemma): #<set: 1189 713> added.
  # propagation (linear lemma): #<set: 1280 441> added.
  # propagation (linear lemma): #<set: 532 1371> added.
  # propagation (linear lemma): #<set: 1462 623> added.
  # propagation (linear lemma): #<set: 1190 714> added.
  # propagation (linear lemma): #<set: 1281 442> added.
  # propagation (linear lemma): #<set: 533 1372> added.
  # propagation (linear lemma): #<set: 624 1463> added.
  # propagation (linear lemma): #<set: 1191 715> added.
  # propagation (linear lemma): #<set: 1282 443> added.
  # propagation (linear lemma): #<set: 534 1373> added.
  # propagation (linear lemma): #<set: 625 1464> added.
  # propagation (linear lemma): #<set: 1192 716> added.
  # propagation (linear lemma): #<set: 1283 444> added.
  # propagation (linear lemma): #<set: 535 1374> added.
  # propagation (linear lemma): #<set: 626 1465> added.
  # propagation (linear lemma): #<set: 1193 717> added.
  # propagation (linear lemma): #<set: 1284 445> added.
  # propagation (linear lemma): #<set: 536 1375> added.
  # propagation (linear lemma): #<set: 627 1466> added.
  # propagation (linear lemma): #<set: 1194 718> added.
  # propagation (linear lemma): #<set: 1285 446> added.
  # propagation (linear lemma): #<set: 1376 537> added.
  # propagation (linear lemma): #<set: 628 1467> added.
  # propagation (linear lemma): #<set: 1195 719> added.
  # propagation (linear lemma): #<set: 1286 447> added.
  # propagation (linear lemma): #<set: 1377 538> added.
  # propagation (linear lemma): #<set: 629 1468> added.
  # propagation (linear lemma): #<set: 720 1196> added.
  # propagation (linear lemma): #<set: 448 1287> added.
  # propagation (linear lemma): #<set: 1378 539> added.
  # propagation (linear lemma): #<set: 630 1469> added.
  # propagation (linear lemma): #<set: 721 1197> added.
  # propagation (linear lemma): #<set: 449 1288> added.
  # propagation (linear lemma): #<set: 1379 540> added.
  # propagation (linear lemma): #<set: 631 1470> added.
  # propagation (linear lemma): #<set: 722 1198> added.
  # propagation (linear lemma): #<set: 450 1289> added.
  # propagation (linear lemma): #<set: 1380 541> added.
  # propagation (linear lemma): #<set: 632 1471> added.
  # propagation (linear lemma): #<set: 723 1199> added.
  # propagation (linear lemma): #<set: 451 1290> added.
  # propagation (linear lemma): #<set: 1381 542> added.
  # propagation (linear lemma): #<set: 1472 633> added.
  # propagation (linear lemma): #<set: 1200 724> added.
  # propagation (linear lemma): #<set: 452 1291> added.
  # propagation (linear lemma): #<set: 1382 543> added.
  # propagation (linear lemma): #<set: 1473 634> added.
  # propagation (linear lemma): #<set: 1201 725> added.
  # propagation (linear lemma): #<set: 453 1292> added.
  # propagation (linear lemma): #<set: 544 1383> added.
  # propagation (linear lemma): #<set: 1474 635> added.
  # propagation (linear lemma): #<set: 1202 726> added.
  # propagation (linear lemma): #<set: 454 1293> added.
  # propagation (linear lemma): #<set: 545 1384> added.
  # propagation (linear lemma): #<set: 1475 636> added.
  # propagation (linear lemma): #<set: 1203 727> added.
  # propagation (linear lemma): #<set: 455 1294> added.
  # propagation (linear lemma): #<set: 546 1385> added.
  # propagation (linear lemma): #<set: 1476 637> added.
  # propagation (linear lemma): #<set: 1204 728> added.
  # propagation (linear lemma): #<set: 456 1295> added.
  # propagation (linear lemma): #<set: 547 1386> added.
  # propagation (linear lemma): #<set: 1477 638> added.
  # propagation (linear lemma): #<set: 1205 729> added.
  # propagation (linear lemma): #<set: 1296 457> added.
  # propagation (linear lemma): #<set: 548 1387> added.
  # propagation (linear lemma): #<set: 1478 639> added.
  # propagation (linear lemma): #<set: 1206 730> added.
  # propagation (linear lemma): #<set: 1297 458> added.
  # propagation (linear lemma): #<set: 549 1388> added.
  # propagation (linear lemma): #<set: 640 1479> added.
  # propagation (linear lemma): #<set: 1207 731> added.
  # propagation (linear lemma): #<set: 1298 459> added.
  # propagation (linear lemma): #<set: 550 1389> added.
  # propagation (linear lemma): #<set: 641 1480> added.
  # propagation (linear lemma): #<set: 1208 732> added.
  # propagation (linear lemma): #<set: 1299 460> added.
  # propagation (linear lemma): #<set: 551 1390> added.
  # propagation (linear lemma): #<set: 642 1481> added.
  # propagation (linear lemma): #<set: 1209 733> added.
  # propagation (linear lemma): #<set: 1300 461> added.
  # propagation (linear lemma): #<set: 552 1391> added.
  # propagation (linear lemma): #<set: 643 1482> added.
  # propagation (linear lemma): #<set: 1210 734> added.
  # propagation (linear lemma): #<set: 1301 462> added.
  # propagation (linear lemma): #<set: 1392 553> added.
  # propagation (linear lemma): #<set: 644 1483> added.
  # propagation (linear lemma): #<set: 1211 735> added.
  # propagation (linear lemma): #<set: 1302 463> added.
  # propagation (linear lemma): #<set: 1393 554> added.
  # propagation (linear lemma): #<set: 645 1484> added.
  # propagation (linear lemma): #<set: 736 1212> added.
  # propagation (linear lemma): #<set: 464 1303> added.
  # propagation (linear lemma): #<set: 1394 555> added.
  # propagation (linear lemma): #<set: 646 1485> added.
  # propagation (linear lemma): #<set: 737 1213> added.
  # propagation (linear lemma): #<set: 465 1304> added.
  # propagation (linear lemma): #<set: 1395 556> added.
  # propagation (linear lemma): #<set: 647 1486> added.
  # propagation (linear lemma): #<set: 738 1214> added.
  # propagation (linear lemma): #<set: 466 1305> added.
  # propagation (linear lemma): #<set: 1396 557> added.
  # propagation (linear lemma): #<set: 648 1487> added.
  # propagation (linear lemma): #<set: 739 1215> added.
  # propagation (linear lemma): #<set: 467 1306> added.
  # propagation (linear lemma): #<set: 1397 558> added.
  # propagation (linear lemma): #<set: 1488 649> added.
  # propagation (linear lemma): #<set: 1216 740> added.
  # propagation (linear lemma): #<set: 468 1307> added.
  # propagation (linear lemma): #<set: 1398 559> added.
  # propagation (linear lemma): #<set: 1489 650> added.
  # propagation (linear lemma): #<set: 1217 741> added.
  # propagation (linear lemma): #<set: 469 1308> added.
  # propagation (linear lemma): #<set: 560 1399> added.
  # propagation (linear lemma): #<set: 1490 651> added.
  # propagation (linear lemma): #<set: 1218 742> added.
  # propagation (linear lemma): #<set: 470 1309> added.
  # propagation (linear lemma): #<set: 561 1400> added.
  # propagation (linear lemma): #<set: 1491 652> added.
  # propagation (linear lemma): #<set: 1219 743> added.
  # propagation (linear lemma): #<set: 471 1310> added.
  # propagation (linear lemma): #<set: 562 1401> added.
  # propagation (linear lemma): #<set: 1492 653> added.
  # propagation (linear lemma): #<set: 1220 744> added.
  # propagation (linear lemma): #<set: 472 1311> added.
  # propagation (linear lemma): #<set: 563 1402> added.
  # propagation (linear lemma): #<set: 1493 654> added.
  # propagation (linear lemma): #<set: 1221 745> added.
  # propagation (linear lemma): #<set: 1312 473> added.
  # propagation (linear lemma): #<set: 564 1403> added.
  # propagation (linear lemma): #<set: 1494 655> added.
  # propagation (linear lemma): #<set: 1222 746> added.
  # propagation (linear lemma): #<set: 1313 474> added.
  # propagation (linear lemma): #<set: 565 1404> added.
  # propagation (linear lemma): #<set: 656 1495> added.
  # propagation (linear lemma): #<set: 1223 747> added.
  # propagation (linear lemma): #<set: 1314 475> added.
  # propagation (linear lemma): #<set: 566 1405> added.
  # propagation (linear lemma): #<set: 657 1496> added.
  # propagation (linear lemma): #<set: 1224 748> added.
  # propagation (linear lemma): #<set: 1315 476> added.
  # propagation (linear lemma): #<set: 567 1406> added.
  # propagation (linear lemma): #<set: 658 1497> added.
  # propagation (linear lemma): #<set: 1225 749> added.
  # propagation (linear lemma): #<set: 1316 477> added.
  # propagation (linear lemma): #<set: 568 1407> added.
  # propagation (linear lemma): #<set: 659 1498> added.
  # propagation (linear lemma): #<set: 1226 750> added.
  # propagation (linear lemma): #<set: 1317 478> added.
  # propagation (linear lemma): #<set: 1408 569> added.
  # propagation (linear lemma): #<set: 660 1499> added.
  # propagation (linear lemma): #<set: 1227 751> added.
  # propagation (linear lemma): #<set: 1318 479> added.
  # propagation (linear lemma): #<set: 1409 570> added.
  # propagation (linear lemma): #<set: 661 1500> added.
  # propagation (linear lemma): #<set: 752 1228> added.
  # propagation (linear lemma): #<set: 480 1319> added.
  # propagation (linear lemma): #<set: 1410 571> added.
  # propagation (linear lemma): #<set: 662 1501> added.
  # propagation (linear lemma): #<set: 753 1229> added.
  # propagation (linear lemma): #<set: 481 1320> added.
  # propagation (linear lemma): #<set: 1411 572> added.
  # propagation (linear lemma): #<set: 663 1502> added.
  # propagation (linear lemma): #<set: 754 1230> added.
  # propagation (linear lemma): #<set: 482 1321> added.
  # propagation (linear lemma): #<set: 1412 573> added.
  # propagation (linear lemma): #<set: 664 1503> added.
  # propagation (linear lemma): #<set: 755 1231> added.
  # propagation (linear lemma): #<set: 483 1322> added.
  # propagation (linear lemma): #<set: 1413 574> added.
  # propagation (linear lemma): #<set: 1504 665> added.
  # propagation (linear lemma): #<set: 1232 756> added.
  # propagation (linear lemma): #<set: 484 1323> added.
  # propagation (linear lemma): #<set: 1414 575> added.
  # propagation (linear lemma): #<set: 1505 666> added.
  # propagation (linear lemma): #<set: 1233 757> added.
  # propagation (linear lemma): #<set: 485 1324> added.
  # propagation (linear lemma): #<set: 576 1415> added.
  # propagation (linear lemma): #<set: 1506 667> added.
  # propagation (linear lemma): #<set: 1234 758> added.
  # propagation (linear lemma): #<set: 486 1325> added.
  # propagation (linear lemma): #<set: 577 1416> added.
  # propagation (linear lemma): #<set: 1507 668> added.
  # propagation (linear lemma): #<set: 1235 759> added.
  # propagation (linear lemma): #<set: 487 1326> added.
  # propagation (linear lemma): #<set: 578 1417> added.
  # propagation (linear lemma): #<set: 1508 669> added.
  # propagation (linear lemma): #<set: 1236 760> added.
  # propagation (linear lemma): #<set: 488 1327> added.
  # propagation (linear lemma): #<set: 579 1418> added.
  # propagation (linear lemma): #<set: 1143 670> added.
  # propagation (linear lemma): #<set: 776 395> added.
  # propagation (linear lemma): #<set: 770 28> added.
  # propagation (linear lemma): #<set: 22 767> added.
  # propagation (linear lemma): #<set: 1 19> added.
  # propagation (linear lemma): #<set: 18> added.
  # propagation (linear lemma): #<set: 2> added.
  # propagation (linear lemma): none.
  # propagation (binary01 lemma): none.
  # propagation (basis2 lemma): none.
  # propagation (aboz lemma): none.
  # propagation (aboz lemma): none.
  # propagation (linear lemma): none.
  # propagation (binary01 lemma): none.
  # propagation (basis2 lemma): none.
  # propagation (aboz lemma): none.
  # propagation (aboz lemma): none.
# final unknown set #<set:>.
# weak uniqueness: safe.
