# r1cs file: ./benchmarks/circomlib-cff5ab6/Switcher@switcher.r1cs
# timeout: 5000
# solver: cvc5
# selector: counter
# precondition: ()
# propagation on: #t
# solver on: #t
# smt: #f
# weak: #t
# map: #f
# number of wires: 7
# number of constraints: 3
# field size (how many bytes): 32
# inputs: (0 3 4 5).
# outputs: (1 2).
# targets: #<set: 1 2>.
# parsing original r1cs...
# xlist: (x0 x1 x2 x3 x4 x5 x6).
# alt-xlist (x0 y1 y2 x3 x4 x5 y6).
# parsing alternative r1cs...
# configuring precondition...
# unique: #<set:>.
# initial known-set #<set: 0 3 4 5>
# initial unknown-set #<set: 1 2 6>
# refined known-set: #<set: 0 3 4 5>
# refined unknown-set: #<set: 1 2 6>
  # propagation (linear lemma): #<set: 6> added.
  # propagation (linear lemma): #<set: 1 2> added.
  # propagation (linear lemma): none.
  # propagation (binary01 lemma): none.
  # propagation (basis2 lemma): none.
  # propagation (aboz lemma): none.
  # propagation (aboz lemma): none.
  # propagation (linear lemma): none.
  # propagation (binary01 lemma): none.
  # propagation (basis2 lemma): none.
  # propagation (aboz lemma): none.
  # propagation (aboz lemma): none.
# final unknown set #<set:>.
# weak uniqueness: safe.
