# r1cs file: ./benchmarks/circomlibex-cff5ab6/T1@t1@circomlib.r1cs
# timeout: 5000
# solver: cvc5
# selector: counter
# precondition: ()
# propagation on: #t
# solver on: #t
# smt: #f
# weak: #t
# map: #f
# number of wires: 964
# number of constraints: 772
# field size (how many bytes): 32
# inputs: (0 33 34 35 36 37 38 39 40 41 42 43 44 45 46 47 48 49 50 51 52 53 54 55 56 57 58 59 60 61 62 63 64 65 66 67 68 69 70 71 72 73 74 75 76 77 78 79 80 81 82 83 84 85 86 87 88 89 90 91 92 93 94 95 96 97 98 99 100 101 102 103 104 105 106 107 108 109 110 111 112 113 114 115 116 117 118 119 120 121 122 123 124 125 126 127 128 129 130 131 132 133 134 135 136 137 138 139 140 141 142 143 144 145 146 147 148 149 150 151 152 153 154 155 156 157 158 159 160 161 162 163 164 165 166 167 168 169 170 171 172 173 174 175 176 177 178 179 180 181 182 183 184 185 186 187 188 189 190 191 192 193 194 195 196 197 198 199 200 201 202 203 204 205 206 207 208 209 210 211 212 213 214 215 216 217 218 219 220 221 222 223 224).
# outputs: (1 2 3 4 5 6 7 8 9 10 11 12 13 14 15 16 17 18 19 20 21 22 23 24 25 26 27 28 29 30 31 32).
# targets: #<set: 16 32 1 17 2 18 3 19 4 20 5 21 6 22 7 23 8 24 9 25 10 26 11 27 12 28 13 29 14 30 15 31>.
# parsing original r1cs...
# xlist: (x0 x1 x2 x3 x4 x5 x6 x7 x8 x9 x10 x11 x12 x13 x14 x15 x16 x17 x18 x19 x20 x21 x22 x23 x24 x25 x26 x27 x28 x29 x30 x31 x32 x33 x34 x35 x36 x37 x38 x39 x40 x41 x42 x43 x44 x45 x46 x47 x48 x49 x50 x51 x52 x53 x54 x55 x56 x57 x58 x59 x60 x61 x62 x63 x64 x65 x66 x67 x68 x69 x70 x71 x72 x73 x74 x75 x76 x77 x78 x79 x80 x81 x82 x83 x84 x85 x86 x87 x88 x89 x90 x91 x92 x93 x94 x95 x96 x97 x98 x99 x100 x101 x102 x103 x104 x105 x106 x107 x108 x109 x110 x111 x112 x113 x114 x115 x116 x117 x118 x119 x120 x121 x122 x123 x124 x125 x126 x127 x128 x129 x130 x131 x132 x133 x134 x135 x136 x137 x138 x139 x140 x141 x142 x143 x144 x145 x146 x147 x148 x149 x150 x151 x152 x153 x154 x155 x156 x157 x158 x159 x160 x161 x162 x163 x164 x165 x166 x167 x168 x169 x170 x171 x172 x173 x174 x175 x176 x177 x178 x179 x180 x181 x182 x183 x184 x185 x186 x187 x188 x189 x190 x191 x192 x193 x194 x195 x196 x197 x198 x199 x200 x201 x202 x203 x204 x205 x206 x207 x208 x209 x210 x211 x212 x213 x214 x215 x216 x217 x218 x219 x220 x221 x222 x223 x224 x225 x226 x227 x228 x229 x230 x231 x232 x233 x234 x235 x236 x237 x238 x239 x240 x241 x242 x243 x244 x245 x246 x247 x248 x249 x250 x251 x252 x253 x254 x255 x256 x257 x258 x259 x260 x261 x262 x263 x264 x265 x266 x267 x268 x269 x270 x271 x272 x273 x274 x275 x276 x277 x278 x279 x280 x281 x282 x283 x284 x285 x286 x287 x288 x289 x290 x291 x292 x293 x294 x295 x296 x297 x298 x299 x300 x301 x302 x303 x304 x305 x306 x307 x308 x309 x310 x311 x312 x313 x314 x315 x316 x317 x318 x319 x320 x321 x322 x323 x324 x325 x326 x327 x328 x329 x330 x331 x332 x333 x334 x335 x336 x337 x338 x339 x340 x341 x342 x343 x344 x345 x346 x347 x348 x349 x350 x351 x352 x353 x354 x355 x356 x357 x358 x359 x360 x361 x362 x363 x364 x365 x366 x367 x368 x369 x370 x371 x372 x373 x374 x375 x376 x377 x378 x379 x380 x381 x382 x383 x384 x385 x386 x387 x388 x389 x390 x391 x392 x393 x394 x395 x396 x397 x398 x399 x400 x401 x402 x403 x404 x405 x406 x407 x408 x409 x410 x411 x412 x413 x414 x415 x416 x417 x418 x419 x420 x421 x422 x423 x424 x425 x426 x427 x428 x429 x430 x431 x432 x433 x434 x435 x436 x437 x438 x439 x440 x441 x442 x443 x444 x445 x446 x447 x448 x449 x450 x451 x452 x453 x454 x455 x456 x457 x458 x459 x460 x461 x462 x463 x464 x465 x466 x467 x468 x469 x470 x471 x472 x473 x474 x475 x476 x477 x478 x479 x480 x481 x482 x483 x484 x485 x486 x487 x488 x489 x490 x491 x492 x493 x494 x495 x496 x497 x498 x499 x500 x501 x502 x503 x504 x505 x506 x507 x508 x509 x510 x511 x512 x513 x514 x515 x516 x517 x518 x519 x520 x521 x522 x523 x524 x525 x526 x527 x528 x529 x530 x531 x532 x533 x534 x535 x536 x537 x538 x539 x540 x541 x542 x543 x544 x545 x546 x547 x548 x549 x550 x551 x552 x553 x554 x555 x556 x557 x558 x559 x560 x561 x562 x563 x564 x565 x566 x567 x568 x569 x570 x571 x572 x573 x574 x575 x576 x577 x578 x579 x580 x581 x582 x583 x584 x585 x586 x587 x588 x589 x590 x591 x592 x593 x594 x595 x596 x597 x598 x599 x600 x601 x602 x603 x604 x605 x606 x607 x608 x609 x610 x611 x612 x613 x614 x615 x616 x617 x618 x619 x620 x621 x622 x623 x624 x625 x626 x627 x628 x629 x630 x631 x632 x633 x634 x635 x636 x637 x638 x639 x640 x641 x642 x643 x644 x645 x646 x647 x648 x649 x650 x651 x652 x653 x654 x655 x656 x657 x658 x659 x660 x661 x662 x663 x664 x665 x666 x667 x668 x669 x670 x671 x672 x673 x674 x675 x676 x677 x678 x679 x680 x681 x682 x683 x684 x685 x686 x687 x688 x689 x690 x691 x692 x693 x694 x695 x696 x697 x698 x699 x700 x701 x702 x703 x704 x705 x706 x707 x708 x709 x710 x711 x712 x713 x714 x715 x716 x717 x718 x719 x720 x721 x722 x723 x724 x725 x726 x727 x728 x729 x730 x731 x732 x733 x734 x735 x736 x737 x738 x739 x740 x741 x742 x743 x744 x745 x746 x747 x748 x749 x750 x751 x752 x753 x754 x755 x756 x757 x758 x759 x760 x761 x762 x763 x764 x765 x766 x767 x768 x769 x770 x771 x772 x773 x774 x775 x776 x777 x778 x779 x780 x781 x782 x783 x784 x785 x786 x787 x788 x789 x790 x791 x792 x793 x794 x795 x796 x797 x798 x799 x800 x801 x802 x803 x804 x805 x806 x807 x808 x809 x810 x811 x812 x813 x814 x815 x816 x817 x818 x819 x820 x821 x822 x823 x824 x825 x826 x827 x828 x829 x830 x831 x832 x833 x834 x835 x836 x837 x838 x839 x840 x841 x842 x843 x844 x845 x846 x847 x848 x849 x850 x851 x852 x853 x854 x855 x856 x857 x858 x859 x860 x861 x862 x863 x864 x865 x866 x867 x868 x869 x870 x871 x872 x873 x874 x875 x876 x877 x878 x879 x880 x881 x882 x883 x884 x885 x886 x887 x888 x889 x890 x891 x892 x893 x894 x895 x896 x897 x898 x899 x900 x901 x902 x903 x904 x905 x906 x907 x908 x909 x910 x911 x912 x913 x914 x915 x916 x917 x918 x919 x920 x921 x922 x923 x924 x925 x926 x927 x928 x929 x930 x931 x932 x933 x934 x935 x936 x937 x938 x939 x940 x941 x942 x943 x944 x945 x946 x947 x948 x949 x950 x951 x952 x953 x954 x955 x956 x957 x958 x959 x960 x961 x962 x963).
# alt-xlist (x0 y1 y2 y3 y4 y5 y6 y7 y8 y9 y10 y11 y12 y13 y14 y15 y16 y17 y18 y19 y20 y21 y22 y23 y24 y25 y26 y27 y28 y29 y30 y31 y32 x33 x34 x35 x36 x37 x38 x39 x40 x41 x42 x43 x44 x45 x46 x47 x48 x49 x50 x51 x52 x53 x54 x55 x56 x57 x58 x59 x60 x61 x62 x63 x64 x65 x66 x67 x68 x69 x70 x71 x72 x73 x74 x75 x76 x77 x78 x79 x80 x81 x82 x83 x84 x85 x86 x87 x88 x89 x90 x91 x92 x93 x94 x95 x96 x97 x98 x99 x100 x101 x102 x103 x104 x105 x106 x107 x108 x109 x110 x111 x112 x113 x114 x115 x116 x117 x118 x119 x120 x121 x122 x123 x124 x125 x126 x127 x128 x129 x130 x131 x132 x133 x134 x135 x136 x137 x138 x139 x140 x141 x142 x143 x144 x145 x146 x147 x148 x149 x150 x151 x152 x153 x154 x155 x156 x157 x158 x159 x160 x161 x162 x163 x164 x165 x166 x167 x168 x169 x170 x171 x172 x173 x174 x175 x176 x177 x178 x179 x180 x181 x182 x183 x184 x185 x186 x187 x188 x189 x190 x191 x192 x193 x194 x195 x196 x197 x198 x199 x200 x201 x202 x203 x204 x205 x206 x207 x208 x209 x210 x211 x212 x213 x214 x215 x216 x217 x218 x219 x220 x221 x222 x223 x224 y225 y226 y227 y228 y229 y230 y231 y232 y233 y234 y235 y236 y237 y238 y239 y240 y241 y242 y243 y244 y245 y246 y247 y248 y249 y250 y251 y252 y253 y254 y255 y256 y257 y258 y259 y260 y261 y262 y263 y264 y265 y266 y267 y268 y269 y270 y271 y272 y273 y274 y275 y276 y277 y278 y279 y280 y281 y282 y283 y284 y285 y286 y287 y288 y289 y290 y291 y292 y293 y294 y295 y296 y297 y298 y299 y300 y301 y302 y303 y304 y305 y306 y307 y308 y309 y310 y311 y312 y313 y314 y315 y316 y317 y318 y319 y320 y321 y322 y323 y324 y325 y326 y327 y328 y329 y330 y331 y332 y333 y334 y335 y336 y337 y338 y339 y340 y341 y342 y343 y344 y345 y346 y347 y348 y349 y350 y351 y352 y353 y354 y355 y356 y357 y358 y359 y360 y361 y362 y363 y364 y365 y366 y367 y368 y369 y370 y371 y372 y373 y374 y375 y376 y377 y378 y379 y380 y381 y382 y383 y384 y385 y386 y387 y388 y389 y390 y391 y392 y393 y394 y395 y396 y397 y398 y399 y400 y401 y402 y403 y404 y405 y406 y407 y408 y409 y410 y411 y412 y413 y414 y415 y416 y417 y418 y419 y420 y421 y422 y423 y424 y425 y426 y427 y428 y429 y430 y431 y432 y433 y434 y435 y436 y437 y438 y439 y440 y441 y442 y443 y444 y445 y446 y447 y448 y449 y450 y451 y452 y453 y454 y455 y456 y457 y458 y459 y460 y461 y462 y463 y464 y465 y466 y467 y468 y469 y470 y471 y472 y473 y474 y475 y476 y477 y478 y479 y480 y481 y482 y483 y484 y485 y486 y487 y488 y489 y490 y491 y492 y493 y494 y495 y496 y497 y498 y499 y500 y501 y502 y503 y504 y505 y506 y507 y508 y509 y510 y511 y512 y513 y514 y515 y516 y517 y518 y519 y520 y521 y522 y523 y524 y525 y526 y527 y528 y529 y530 y531 y532 y533 y534 y535 y536 y537 y538 y539 y540 y541 y542 y543 y544 y545 y546 y547 y548 y549 y550 y551 y552 y553 y554 y555 y556 y557 y558 y559 y560 y561 y562 y563 y564 y565 y566 y567 y568 y569 y570 y571 y572 y573 y574 y575 y576 y577 y578 y579 y580 y581 y582 y583 y584 y585 y586 y587 y588 y589 y590 y591 y592 y593 y594 y595 y596 y597 y598 y599 y600 y601 y602 y603 y604 y605 y606 y607 y608 y609 y610 y611 y612 y613 y614 y615 y616 y617 y618 y619 y620 y621 y622 y623 y624 y625 y626 y627 y628 y629 y630 y631 y632 y633 y634 y635 y636 y637 y638 y639 y640 y641 y642 y643 y644 y645 y646 y647 y648 y649 y650 y651 y652 y653 y654 y655 y656 y657 y658 y659 y660 y661 y662 y663 y664 y665 y666 y667 y668 y669 y670 y671 y672 y673 y674 y675 y676 y677 y678 y679 y680 y681 y682 y683 y684 y685 y686 y687 y688 y689 y690 y691 y692 y693 y694 y695 y696 y697 y698 y699 y700 y701 y702 y703 y704 y705 y706 y707 y708 y709 y710 y711 y712 y713 y714 y715 y716 y717 y718 y719 y720 y721 y722 y723 y724 y725 y726 y727 y728 y729 y730 y731 y732 y733 y734 y735 y736 y737 y738 y739 y740 y741 y742 y743 y744 y745 y746 y747 y748 y749 y750 y751 y752 y753 y754 y755 y756 y757 y758 y759 y760 y761 y762 y763 y764 y765 y766 y767 y768 y769 y770 y771 y772 y773 y774 y775 y776 y777 y778 y779 y780 y781 y782 y783 y784 y785 y786 y787 y788 y789 y790 y791 y792 y793 y794 y795 y796 y797 y798 y799 y800 y801 y802 y803 y804 y805 y806 y807 y808 y809 y810 y811 y812 y813 y814 y815 y816 y817 y818 y819 y820 y821 y822 y823 y824 y825 y826 y827 y828 y829 y830 y831 y832 y833 y834 y835 y836 y837 y838 y839 y840 y841 y842 y843 y844 y845 y846 y847 y848 y849 y850 y851 y852 y853 y854 y855 y856 y857 y858 y859 y860 y861 y862 y863 y864 y865 y866 y867 y868 y869 y870 y871 y872 y873 y874 y875 y876 y877 y878 y879 y880 y881 y882 y883 y884 y885 y886 y887 y888 y889 y890 y891 y892 y893 y894 y895 y896 y897 y898 y899 y900 y901 y902 y903 y904 y905 y906 y907 y908 y909 y910 y911 y912 y913 y914 y915 y916 y917 y918 y919 y920 y921 y922 y923 y924 y925 y926 y927 y928 y929 y930 y931 y932 y933 y934 y935 y936 y937 y938 y939 y940 y941 y942 y943 y944 y945 y946 y947 y948 y949 y950 y951 y952 y953 y954 y955 y956 y957 y958 y959 y960 y961 y962 y963).
# parsing alternative r1cs...
# configuring precondition...
# unique: #<set:>.
# initial known-set #<set: 0 48 64 80 96 112 128 144 160 176 192 208 224 33 49 65 81 97 113 129 145 161 177 193 209 34 50 66 82 98 114 130 146 162 178 194 210 35 51 67 83 99 115 131 147 163 179 195 211 36 52 68 84 100 116 132 148 164 180 196 212 37 53 69 85 101 117 133 149 165 181 197 213 38 54 70 86 102 118 134 150 166 182 198 214 39 55 71 87 103 119 135 151 167 183 199 215 40 56 72 88 104 120 136 152 168 184 200 216 41 57 73 89 105 121 137 153 169 185 201 217 42 58 74 90 106 122 138 154 170 186 202 218 43 59 75 91 107 123 139 155 171 187 203 219 44 60 76 92 108 124 140 156 172 188 204 220 45 61 77 93 109 125 141 157 173 189 205 221 46 62 78 94 110 126 142 158 174 190 206 222 47 63 79 95 111 127 143 159 175 191 207 223>
# initial unknown-set #<set: 256 512 768 16 272 528 784 32 288 544 800 304 560 816 320 576 832 336 592 848 352 608 864 368 624 880 384 640 896 400 656 912 416 672 928 432 688 944 448 704 960 464 720 480 736 240 496 752 1 257 513 769 17 273 529 785 289 545 801 305 561 817 321 577 833 337 593 849 353 609 865 369 625 881 385 641 897 401 657 913 417 673 929 433 689 945 449 705 961 465 721 225 481 737 241 497 753 2 258 514 770 18 274 530 786 290 546 802 306 562 818 322 578 834 338 594 850 354 610 866 370 626 882 386 642 898 402 658 914 418 674 930 434 690 946 450 706 962 466 722 226 482 738 242 498 754 3 259 515 771 19 275 531 787 291 547 803 307 563 819 323 579 835 339 595 851 355 611 867 371 627 883 387 643 899 403 659 915 419 675 931 435 691 947 451 707 963 467 723 227 483 739 243 499 755 4 260 516 772 20 276 532 788 292 548 804 308 564 820 324 580 836 340 596 852 356 612 868 372 628 884 388 644 900 404 660 916 420 676 932 436 692 948 452 708 468 724 228 484 740 244 500 756 5 261 517 773 21 277 533 789 293 549 805 309 565 821 325 581 837 341 597 853 357 613 869 373 629 885 389 645 901 405 661 917 421 677 933 437 693 949 453 709 469 725 229 485 741 245 501 757 6 262 518 774 22 278 534 790 294 550 806 310 566 822 326 582 838 342 598 854 358 614 870 374 630 886 390 646 902 406 662 918 422 678 934 438 694 950 454 710 470 726 230 486 742 246 502 758 7 263 519 775 23 279 535 791 295 551 807 311 567 823 327 583 839 343 599 855 359 615 871 375 631 887 391 647 903 407 663 919 423 679 935 439 695 951 455 711 471 727 231 487 743 247 503 759 8 264 520 776 24 280 536 792 296 552 808 312 568 824 328 584 840 344 600 856 360 616 872 376 632 888 392 648 904 408 664 920 424 680 936 440 696 952 456 712 472 728 232 488 744 248 504 760 9 265 521 777 25 281 537 793 297 553 809 313 569 825 329 585 841 345 601 857 361 617 873 377 633 889 393 649 905 409 665 921 425 681 937 441 697 953 457 713 473 729 233 489 745 249 505 761 10 266 522 778 26 282 538 794 298 554 810 314 570 826 330 586 842 346 602 858 362 618 874 378 634 890 394 650 906 410 666 922 426 682 938 442 698 954 458 714 474 730 234 490 746 250 506 762 11 267 523 779 27 283 539 795 299 555 811 315 571 827 331 587 843 347 603 859 363 619 875 379 635 891 395 651 907 411 667 923 427 683 939 443 699 955 459 715 475 731 235 491 747 251 507 763 12 268 524 780 28 284 540 796 300 556 812 316 572 828 332 588 844 348 604 860 364 620 876 380 636 892 396 652 908 412 668 924 428 684 940 444 700 956 460 716 476 732 236 492 748 252 508 764 13 269 525 781 29 285 541 797 301 557 813 317 573 829 333 589 845 349 605 861 365 621 877 381 637 893 397 653 909 413 669 925 429 685 941 445 701 957 461 717 477 733 237 493 749 253 509 765 14 270 526 782 30 286 542 798 302 558 814 318 574 830 334 590 846 350 606 862 366 622 878 382 638 894 398 654 910 414 670 926 430 686 942 446 702 958 462 718 478 734 238 494 750 254 510 766 15 271 527 783 31 287 543 799 303 559 815 319 575 831 335 591 847 351 607 863 367 623 879 383 639 895 399 655 911 415 671 927 431 687 943 447 703 959 463 719 479 735 239 495 751 255 511 767>
# refined known-set: #<set: 0 48 64 80 96 112 128 144 160 176 192 208 224 33 49 65 81 97 113 129 145 161 177 193 209 34 50 66 82 98 114 130 146 162 178 194 210 35 51 67 83 99 115 131 147 163 179 195 211 36 52 68 84 100 116 132 148 164 180 196 212 37 53 69 85 101 117 133 149 165 181 197 213 38 54 70 86 102 118 134 150 166 182 198 214 39 55 71 87 103 119 135 151 167 183 199 215 40 56 72 88 104 120 136 152 168 184 200 216 41 57 73 89 105 121 137 153 169 185 201 217 42 58 74 90 106 122 138 154 170 186 202 218 43 59 75 91 107 123 139 155 171 187 203 219 44 60 76 92 108 124 140 156 172 188 204 220 45 61 77 93 109 125 141 157 173 189 205 221 46 62 78 94 110 126 142 158 174 190 206 222 47 63 79 95 111 127 143 159 175 191 207 223>
# refined unknown-set: #<set: 256 512 768 16 272 528 784 32 288 544 800 304 560 816 320 576 832 336 592 848 352 608 864 368 624 880 384 640 896 400 656 912 416 672 928 432 688 944 448 704 960 464 720 480 736 240 496 752 1 257 513 769 17 273 529 785 289 545 801 305 561 817 321 577 833 337 593 849 353 609 865 369 625 881 385 641 897 401 657 913 417 673 929 433 689 945 449 705 961 465 721 225 481 737 241 497 753 2 258 514 770 18 274 530 786 290 546 802 306 562 818 322 578 834 338 594 850 354 610 866 370 626 882 386 642 898 402 658 914 418 674 930 434 690 946 450 706 962 466 722 226 482 738 242 498 754 3 259 515 771 19 275 531 787 291 547 803 307 563 819 323 579 835 339 595 851 355 611 867 371 627 883 387 643 899 403 659 915 419 675 931 435 691 947 451 707 963 467 723 227 483 739 243 499 755 4 260 516 772 20 276 532 788 292 548 804 308 564 820 324 580 836 340 596 852 356 612 868 372 628 884 388 644 900 404 660 916 420 676 932 436 692 948 452 708 468 724 228 484 740 244 500 756 5 261 517 773 21 277 533 789 293 549 805 309 565 821 325 581 837 341 597 853 357 613 869 373 629 885 389 645 901 405 661 917 421 677 933 437 693 949 453 709 469 725 229 485 741 245 501 757 6 262 518 774 22 278 534 790 294 550 806 310 566 822 326 582 838 342 598 854 358 614 870 374 630 886 390 646 902 406 662 918 422 678 934 438 694 950 454 710 470 726 230 486 742 246 502 758 7 263 519 775 23 279 535 791 295 551 807 311 567 823 327 583 839 343 599 855 359 615 871 375 631 887 391 647 903 407 663 919 423 679 935 439 695 951 455 711 471 727 231 487 743 247 503 759 8 264 520 776 24 280 536 792 296 552 808 312 568 824 328 584 840 344 600 856 360 616 872 376 632 888 392 648 904 408 664 920 424 680 936 440 696 952 456 712 472 728 232 488 744 248 504 760 9 265 521 777 25 281 537 793 297 553 809 313 569 825 329 585 841 345 601 857 361 617 873 377 633 889 393 649 905 409 665 921 425 681 937 441 697 953 457 713 473 729 233 489 745 249 505 761 10 266 522 778 26 282 538 794 298 554 810 314 570 826 330 586 842 346 602 858 362 618 874 378 634 890 394 650 906 410 666 922 426 682 938 442 698 954 458 714 474 730 234 490 746 250 506 762 11 267 523 779 27 283 539 795 299 555 811 315 571 827 331 587 843 347 603 859 363 619 875 379 635 891 395 651 907 411 667 923 427 683 939 443 699 955 459 715 475 731 235 491 747 251 507 763 12 268 524 780 28 284 540 796 300 556 812 316 572 828 332 588 844 348 604 860 364 620 876 380 636 892 396 652 908 412 668 924 428 684 940 444 700 956 460 716 476 732 236 492 748 252 508 764 13 269 525 781 29 285 541 797 301 557 813 317 573 829 333 589 845 349 605 861 365 621 877 381 637 893 397 653 909 413 669 925 429 685 941 445 701 957 461 717 477 733 237 493 749 253 509 765 14 270 526 782 30 286 542 798 302 558 814 318 574 830 334 590 846 350 606 862 366 622 878 382 638 894 398 654 910 414 670 926 430 686 942 446 702 958 462 718 478 734 238 494 750 254 510 766 15 271 527 783 31 287 543 799 303 559 815 319 575 831 335 591 847 351 607 863 367 623 879 383 639 895 399 655 911 415 671 927 431 687 943 447 703 959 463 719 479 735 239 495 751 255 511 767>
  # propagation (linear lemma): #<set: 768 272 288 816 832 912 928 720 736 752 688 944 704 960 257 273 817 833 913 721 737 753 673 929 689 945 705 961 258 274 818 834 914 722 738 754 674 930 690 946 706 962 259 275 819 835 915 723 739 755 675 931 691 947 707 963 260 276 804 820 900 916 708 724 740 756 676 932 692 948 261 277 805 821 901 917 709 725 741 757 677 933 693 949 262 278 806 822 902 918 710 726 742 758 678 934 694 950 263 279 807 823 903 919 711 727 743 759 679 935 695 951 264 280 808 824 904 920 712 728 744 760 680 936 696 952 265 281 809 825 905 921 713 729 745 761 681 937 697 953 266 282 810 826 906 922 714 730 746 762 682 938 698 954 267 283 811 827 907 923 715 731 747 763 683 939 699 955 268 284 812 828 908 924 716 732 748 764 684 940 700 956 269 285 813 829 909 925 717 733 749 765 685 941 701 957 270 286 814 830 910 926 718 734 750 766 686 942 702 958 271 287 815 831 911 927 719 735 751 767 687 943 703 959> added.
  # propagation (linear lemma): #<set: 336 352 464 480 400 656 416 672 321 337 449 465 385 641 401 657 322 338 450 466 386 642 402 658 323 339 451 467 387 643 403 659 324 340 452 468 388 644 404 660 325 341 453 469 389 645 405 661 326 342 454 470 390 646 406 662 327 343 455 471 391 647 407 663 328 344 456 472 392 648 408 664 329 345 457 473 393 649 409 665 330 346 458 474 394 650 410 666 331 347 459 475 395 651 411 667 332 348 460 476 396 652 412 668 333 349 461 477 397 653 413 669 334 350 462 478 398 654 414 670 335 351 463 479 399 655 415 671> added.
  # propagation (linear lemma): #<set: 304 320 432 448 368 880 384 896 289 305 353 897 417 433 369 881 290 306 354 898 418 434 370 882 291 307 355 899 419 435 371 883 292 308 420 436 356 868 372 884 293 309 421 437 357 869 373 885 294 310 422 438 358 870 374 886 295 311 423 439 359 871 375 887 296 312 424 440 360 872 376 888 297 313 425 441 361 873 377 889 298 314 426 442 362 874 378 890 299 315 427 443 363 875 379 891 300 316 428 444 364 876 380 892 301 317 429 445 365 877 381 893 302 318 430 446 366 878 382 894 303 319 431 447 367 879 383 895> added.
  # propagation (linear lemma): #<set: 528 544 560 576 592 608 513 529 545 561 577 593 514 530 546 562 578 594 515 531 547 563 579 595 516 532 548 564 580 596 517 533 549 565 581 597 518 534 550 566 582 598 519 535 551 567 583 599 520 536 552 568 584 600 521 537 553 569 585 601 522 538 554 570 586 602 523 539 555 571 587 603 524 540 556 572 588 604 525 541 557 573 589 605 526 542 558 574 590 606 527 543 559 575 591 607> added.
  # propagation (linear lemma): #<set: 624 640 609 625 610 626 611 627 612 628 613 629 614 630 615 631 616 632 617 633 618 634 619 635 620 636 621 637 622 638 623 639> added.
  # propagation (linear lemma): #<set: 512 496 481 497 482 498 483 499 484 500 485 501 486 502 487 503 488 504 489 505 490 506 491 507 492 508 493 509 494 510 495 511> added.
  # propagation (linear lemma): #<set: 256 240 225 241 226 242 227 243 228 244 229 245 230 246 231 247 232 248 233 249 234 250 235 251 236 252 237 253 238 254 239 255> added.
  # propagation (linear lemma): #<set: 848 864 849 865 850 866 851 867 836 852 837 853 838 854 839 855 840 856 841 857 842 858 843 859 844 860 845 861 846 862 847 863> added.
  # propagation (linear lemma): none.
  # propagation (binary01 lemma): none.
  # propagation (basis2 lemma): none.
  # propagation (aboz lemma): none.
  # propagation (aboz lemma): none.
  # propagation (linear lemma): none.
  # propagation (binary01 lemma): none.
  # propagation (basis2 lemma): none.
  # propagation (aboz lemma): none.
  # propagation (aboz lemma): none.
  # checking: (x771 y771), skip.
  # checking: (x770 y770), skip.
  # checking: (x769 y769), skip.
  # checking: (x775 y775), skip.
  # checking: (x774 y774), skip.
  # checking: (x773 y773), skip.
  # checking: (x772 y772), skip.
  # checking: (x779 y779), skip.
  # checking: (x778 y778), skip.
  # checking: (x777 y777), skip.
  # checking: (x776 y776), skip.
  # checking: (x783 y783), skip.
  # checking: (x782 y782), skip.
  # checking: (x781 y781), skip.
  # checking: (x780 y780), skip.
  # checking: (x787 y787), skip.
  # checking: (x786 y786), skip.
  # checking: (x785 y785), skip.
  # checking: (x784 y784), skip.
  # checking: (x791 y791), skip.
  # checking: (x790 y790), skip.
  # checking: (x789 y789), skip.
  # checking: (x788 y788), skip.
  # checking: (x795 y795), skip.
  # checking: (x794 y794), skip.
  # checking: (x793 y793), skip.
  # checking: (x792 y792), skip.
  # checking: (x799 y799), skip.
  # checking: (x798 y798), skip.
  # checking: (x797 y797), skip.
  # checking: (x796 y796), skip.
  # checking: (x800 y800), skip.
  # checking: (x803 y803), skip.
  # checking: (x802 y802), skip.
  # checking: (x801 y801), skip.
  # checking: (x32 y32), skip.
  # checking: (x1 y1), skip.
  # checking: (x2 y2), skip.
  # checking: (x3 y3), skip.
  # checking: (x4 y4), skip.
  # checking: (x5 y5), skip.
  # checking: (x6 y6), skip.
  # checking: (x7 y7), skip.
  # checking: (x8 y8), skip.
  # checking: (x9 y9), skip.
  # checking: (x10 y10), skip.
  # checking: (x11 y11), skip.
  # checking: (x12 y12), skip.
  # checking: (x13 y13), skip.
  # checking: (x14 y14), skip.
  # checking: (x15 y15), skip.
  # checking: (x16 y16), skip.
  # checking: (x17 y17), skip.
  # checking: (x18 y18), skip.
  # checking: (x19 y19), skip.
  # checking: (x20 y20), skip.
  # checking: (x21 y21), skip.
  # checking: (x22 y22), skip.
  # checking: (x23 y23), skip.
  # checking: (x24 y24), skip.
  # checking: (x25 y25), skip.
  # checking: (x26 y26), skip.
  # checking: (x27 y27), skip.
  # checking: (x28 y28), skip.
  # checking: (x29 y29), skip.
  # checking: (x30 y30), skip.
  # checking: (x31 y31), skip.
# final unknown set #<set: 16 784 32 800 801 1 769 17 785 802 2 770 18 786 803 3 771 19 787 4 772 20 788 5 773 21 789 6 774 22 790 7 775 23 791 8 776 24 792 9 777 25 793 10 778 26 794 11 779 27 795 12 780 28 796 13 781 29 797 14 782 30 798 15 783 31 799>.
# weak uniqueness: unknown.
