# r1cs file: ./benchmarks/circomlibex-cff5ab6/T2@t2@circomlib.r1cs
# timeout: 5000
# solver: cvc5
# selector: counter
# precondition: ()
# propagation on: #t
# solver on: #t
# smt: #f
# weak: #t
# map: #f
# number of wires: 802
# number of constraints: 706
# field size (how many bytes): 32
# inputs: (0 33 34 35 36 37 38 39 40 41 42 43 44 45 46 47 48 49 50 51 52 53 54 55 56 57 58 59 60 61 62 63 64 65 66 67 68 69 70 71 72 73 74 75 76 77 78 79 80 81 82 83 84 85 86 87 88 89 90 91 92 93 94 95 96 97 98 99 100 101 102 103 104 105 106 107 108 109 110 111 112 113 114 115 116 117 118 119 120 121 122 123 124 125 126 127 128).
# outputs: (1 2 3 4 5 6 7 8 9 10 11 12 13 14 15 16 17 18 19 20 21 22 23 24 25 26 27 28 29 30 31 32).
# targets: #<set: 16 32 1 17 2 18 3 19 4 20 5 21 6 22 7 23 8 24 9 25 10 26 11 27 12 28 13 29 14 30 15 31>.
# parsing original r1cs...
# xlist: (x0 x1 x2 x3 x4 x5 x6 x7 x8 x9 x10 x11 x12 x13 x14 x15 x16 x17 x18 x19 x20 x21 x22 x23 x24 x25 x26 x27 x28 x29 x30 x31 x32 x33 x34 x35 x36 x37 x38 x39 x40 x41 x42 x43 x44 x45 x46 x47 x48 x49 x50 x51 x52 x53 x54 x55 x56 x57 x58 x59 x60 x61 x62 x63 x64 x65 x66 x67 x68 x69 x70 x71 x72 x73 x74 x75 x76 x77 x78 x79 x80 x81 x82 x83 x84 x85 x86 x87 x88 x89 x90 x91 x92 x93 x94 x95 x96 x97 x98 x99 x100 x101 x102 x103 x104 x105 x106 x107 x108 x109 x110 x111 x112 x113 x114 x115 x116 x117 x118 x119 x120 x121 x122 x123 x124 x125 x126 x127 x128 x129 x130 x131 x132 x133 x134 x135 x136 x137 x138 x139 x140 x141 x142 x143 x144 x145 x146 x147 x148 x149 x150 x151 x152 x153 x154 x155 x156 x157 x158 x159 x160 x161 x162 x163 x164 x165 x166 x167 x168 x169 x170 x171 x172 x173 x174 x175 x176 x177 x178 x179 x180 x181 x182 x183 x184 x185 x186 x187 x188 x189 x190 x191 x192 x193 x194 x195 x196 x197 x198 x199 x200 x201 x202 x203 x204 x205 x206 x207 x208 x209 x210 x211 x212 x213 x214 x215 x216 x217 x218 x219 x220 x221 x222 x223 x224 x225 x226 x227 x228 x229 x230 x231 x232 x233 x234 x235 x236 x237 x238 x239 x240 x241 x242 x243 x244 x245 x246 x247 x248 x249 x250 x251 x252 x253 x254 x255 x256 x257 x258 x259 x260 x261 x262 x263 x264 x265 x266 x267 x268 x269 x270 x271 x272 x273 x274 x275 x276 x277 x278 x279 x280 x281 x282 x283 x284 x285 x286 x287 x288 x289 x290 x291 x292 x293 x294 x295 x296 x297 x298 x299 x300 x301 x302 x303 x304 x305 x306 x307 x308 x309 x310 x311 x312 x313 x314 x315 x316 x317 x318 x319 x320 x321 x322 x323 x324 x325 x326 x327 x328 x329 x330 x331 x332 x333 x334 x335 x336 x337 x338 x339 x340 x341 x342 x343 x344 x345 x346 x347 x348 x349 x350 x351 x352 x353 x354 x355 x356 x357 x358 x359 x360 x361 x362 x363 x364 x365 x366 x367 x368 x369 x370 x371 x372 x373 x374 x375 x376 x377 x378 x379 x380 x381 x382 x383 x384 x385 x386 x387 x388 x389 x390 x391 x392 x393 x394 x395 x396 x397 x398 x399 x400 x401 x402 x403 x404 x405 x406 x407 x408 x409 x410 x411 x412 x413 x414 x415 x416 x417 x418 x419 x420 x421 x422 x423 x424 x425 x426 x427 x428 x429 x430 x431 x432 x433 x434 x435 x436 x437 x438 x439 x440 x441 x442 x443 x444 x445 x446 x447 x448 x449 x450 x451 x452 x453 x454 x455 x456 x457 x458 x459 x460 x461 x462 x463 x464 x465 x466 x467 x468 x469 x470 x471 x472 x473 x474 x475 x476 x477 x478 x479 x480 x481 x482 x483 x484 x485 x486 x487 x488 x489 x490 x491 x492 x493 x494 x495 x496 x497 x498 x499 x500 x501 x502 x503 x504 x505 x506 x507 x508 x509 x510 x511 x512 x513 x514 x515 x516 x517 x518 x519 x520 x521 x522 x523 x524 x525 x526 x527 x528 x529 x530 x531 x532 x533 x534 x535 x536 x537 x538 x539 x540 x541 x542 x543 x544 x545 x546 x547 x548 x549 x550 x551 x552 x553 x554 x555 x556 x557 x558 x559 x560 x561 x562 x563 x564 x565 x566 x567 x568 x569 x570 x571 x572 x573 x574 x575 x576 x577 x578 x579 x580 x581 x582 x583 x584 x585 x586 x587 x588 x589 x590 x591 x592 x593 x594 x595 x596 x597 x598 x599 x600 x601 x602 x603 x604 x605 x606 x607 x608 x609 x610 x611 x612 x613 x614 x615 x616 x617 x618 x619 x620 x621 x622 x623 x624 x625 x626 x627 x628 x629 x630 x631 x632 x633 x634 x635 x636 x637 x638 x639 x640 x641 x642 x643 x644 x645 x646 x647 x648 x649 x650 x651 x652 x653 x654 x655 x656 x657 x658 x659 x660 x661 x662 x663 x664 x665 x666 x667 x668 x669 x670 x671 x672 x673 x674 x675 x676 x677 x678 x679 x680 x681 x682 x683 x684 x685 x686 x687 x688 x689 x690 x691 x692 x693 x694 x695 x696 x697 x698 x699 x700 x701 x702 x703 x704 x705 x706 x707 x708 x709 x710 x711 x712 x713 x714 x715 x716 x717 x718 x719 x720 x721 x722 x723 x724 x725 x726 x727 x728 x729 x730 x731 x732 x733 x734 x735 x736 x737 x738 x739 x740 x741 x742 x743 x744 x745 x746 x747 x748 x749 x750 x751 x752 x753 x754 x755 x756 x757 x758 x759 x760 x761 x762 x763 x764 x765 x766 x767 x768 x769 x770 x771 x772 x773 x774 x775 x776 x777 x778 x779 x780 x781 x782 x783 x784 x785 x786 x787 x788 x789 x790 x791 x792 x793 x794 x795 x796 x797 x798 x799 x800 x801).
# alt-xlist (x0 y1 y2 y3 y4 y5 y6 y7 y8 y9 y10 y11 y12 y13 y14 y15 y16 y17 y18 y19 y20 y21 y22 y23 y24 y25 y26 y27 y28 y29 y30 y31 y32 x33 x34 x35 x36 x37 x38 x39 x40 x41 x42 x43 x44 x45 x46 x47 x48 x49 x50 x51 x52 x53 x54 x55 x56 x57 x58 x59 x60 x61 x62 x63 x64 x65 x66 x67 x68 x69 x70 x71 x72 x73 x74 x75 x76 x77 x78 x79 x80 x81 x82 x83 x84 x85 x86 x87 x88 x89 x90 x91 x92 x93 x94 x95 x96 x97 x98 x99 x100 x101 x102 x103 x104 x105 x106 x107 x108 x109 x110 x111 x112 x113 x114 x115 x116 x117 x118 x119 x120 x121 x122 x123 x124 x125 x126 x127 x128 y129 y130 y131 y132 y133 y134 y135 y136 y137 y138 y139 y140 y141 y142 y143 y144 y145 y146 y147 y148 y149 y150 y151 y152 y153 y154 y155 y156 y157 y158 y159 y160 y161 y162 y163 y164 y165 y166 y167 y168 y169 y170 y171 y172 y173 y174 y175 y176 y177 y178 y179 y180 y181 y182 y183 y184 y185 y186 y187 y188 y189 y190 y191 y192 y193 y194 y195 y196 y197 y198 y199 y200 y201 y202 y203 y204 y205 y206 y207 y208 y209 y210 y211 y212 y213 y214 y215 y216 y217 y218 y219 y220 y221 y222 y223 y224 y225 y226 y227 y228 y229 y230 y231 y232 y233 y234 y235 y236 y237 y238 y239 y240 y241 y242 y243 y244 y245 y246 y247 y248 y249 y250 y251 y252 y253 y254 y255 y256 y257 y258 y259 y260 y261 y262 y263 y264 y265 y266 y267 y268 y269 y270 y271 y272 y273 y274 y275 y276 y277 y278 y279 y280 y281 y282 y283 y284 y285 y286 y287 y288 y289 y290 y291 y292 y293 y294 y295 y296 y297 y298 y299 y300 y301 y302 y303 y304 y305 y306 y307 y308 y309 y310 y311 y312 y313 y314 y315 y316 y317 y318 y319 y320 y321 y322 y323 y324 y325 y326 y327 y328 y329 y330 y331 y332 y333 y334 y335 y336 y337 y338 y339 y340 y341 y342 y343 y344 y345 y346 y347 y348 y349 y350 y351 y352 y353 y354 y355 y356 y357 y358 y359 y360 y361 y362 y363 y364 y365 y366 y367 y368 y369 y370 y371 y372 y373 y374 y375 y376 y377 y378 y379 y380 y381 y382 y383 y384 y385 y386 y387 y388 y389 y390 y391 y392 y393 y394 y395 y396 y397 y398 y399 y400 y401 y402 y403 y404 y405 y406 y407 y408 y409 y410 y411 y412 y413 y414 y415 y416 y417 y418 y419 y420 y421 y422 y423 y424 y425 y426 y427 y428 y429 y430 y431 y432 y433 y434 y435 y436 y437 y438 y439 y440 y441 y442 y443 y444 y445 y446 y447 y448 y449 y450 y451 y452 y453 y454 y455 y456 y457 y458 y459 y460 y461 y462 y463 y464 y465 y466 y467 y468 y469 y470 y471 y472 y473 y474 y475 y476 y477 y478 y479 y480 y481 y482 y483 y484 y485 y486 y487 y488 y489 y490 y491 y492 y493 y494 y495 y496 y497 y498 y499 y500 y501 y502 y503 y504 y505 y506 y507 y508 y509 y510 y511 y512 y513 y514 y515 y516 y517 y518 y519 y520 y521 y522 y523 y524 y525 y526 y527 y528 y529 y530 y531 y532 y533 y534 y535 y536 y537 y538 y539 y540 y541 y542 y543 y544 y545 y546 y547 y548 y549 y550 y551 y552 y553 y554 y555 y556 y557 y558 y559 y560 y561 y562 y563 y564 y565 y566 y567 y568 y569 y570 y571 y572 y573 y574 y575 y576 y577 y578 y579 y580 y581 y582 y583 y584 y585 y586 y587 y588 y589 y590 y591 y592 y593 y594 y595 y596 y597 y598 y599 y600 y601 y602 y603 y604 y605 y606 y607 y608 y609 y610 y611 y612 y613 y614 y615 y616 y617 y618 y619 y620 y621 y622 y623 y624 y625 y626 y627 y628 y629 y630 y631 y632 y633 y634 y635 y636 y637 y638 y639 y640 y641 y642 y643 y644 y645 y646 y647 y648 y649 y650 y651 y652 y653 y654 y655 y656 y657 y658 y659 y660 y661 y662 y663 y664 y665 y666 y667 y668 y669 y670 y671 y672 y673 y674 y675 y676 y677 y678 y679 y680 y681 y682 y683 y684 y685 y686 y687 y688 y689 y690 y691 y692 y693 y694 y695 y696 y697 y698 y699 y700 y701 y702 y703 y704 y705 y706 y707 y708 y709 y710 y711 y712 y713 y714 y715 y716 y717 y718 y719 y720 y721 y722 y723 y724 y725 y726 y727 y728 y729 y730 y731 y732 y733 y734 y735 y736 y737 y738 y739 y740 y741 y742 y743 y744 y745 y746 y747 y748 y749 y750 y751 y752 y753 y754 y755 y756 y757 y758 y759 y760 y761 y762 y763 y764 y765 y766 y767 y768 y769 y770 y771 y772 y773 y774 y775 y776 y777 y778 y779 y780 y781 y782 y783 y784 y785 y786 y787 y788 y789 y790 y791 y792 y793 y794 y795 y796 y797 y798 y799 y800 y801).
# parsing alternative r1cs...
# configuring precondition...
# unique: #<set:>.
# initial known-set #<set: 0 48 64 80 96 112 128 33 49 65 81 97 113 34 50 66 82 98 114 35 51 67 83 99 115 36 52 68 84 100 116 37 53 69 85 101 117 38 54 70 86 102 118 39 55 71 87 103 119 40 56 72 88 104 120 41 57 73 89 105 121 42 58 74 90 106 122 43 59 75 91 107 123 44 60 76 92 108 124 45 61 77 93 109 125 46 62 78 94 110 126 47 63 79 95 111 127>
# initial unknown-set #<set: 256 512 768 16 272 528 784 32 288 544 800 304 560 320 576 336 592 352 608 368 624 384 640 144 400 656 160 416 672 176 432 688 192 448 704 208 464 720 224 480 736 240 496 752 1 257 513 769 17 273 529 785 289 545 801 305 561 321 577 337 593 353 609 369 625 129 385 641 145 401 657 161 417 673 177 433 689 193 449 705 209 465 721 225 481 737 241 497 753 2 258 514 770 18 274 530 786 290 546 306 562 322 578 338 594 354 610 370 626 130 386 642 146 402 658 162 418 674 178 434 690 194 450 706 210 466 722 226 482 738 242 498 754 3 259 515 771 19 275 531 787 291 547 307 563 323 579 339 595 355 611 371 627 131 387 643 147 403 659 163 419 675 179 435 691 195 451 707 211 467 723 227 483 739 243 499 755 4 260 516 772 20 276 532 788 292 548 308 564 324 580 340 596 356 612 372 628 132 388 644 148 404 660 164 420 676 180 436 692 196 452 708 212 468 724 228 484 740 244 500 756 5 261 517 773 21 277 533 789 293 549 309 565 325 581 341 597 357 613 373 629 133 389 645 149 405 661 165 421 677 181 437 693 197 453 709 213 469 725 229 485 741 245 501 757 6 262 518 774 22 278 534 790 294 550 310 566 326 582 342 598 358 614 374 630 134 390 646 150 406 662 166 422 678 182 438 694 198 454 710 214 470 726 230 486 742 246 502 758 7 263 519 775 23 279 535 791 295 551 311 567 327 583 343 599 359 615 375 631 135 391 647 151 407 663 167 423 679 183 439 695 199 455 711 215 471 727 231 487 743 247 503 759 8 264 520 776 24 280 536 792 296 552 312 568 328 584 344 600 360 616 376 632 136 392 648 152 408 664 168 424 680 184 440 696 200 456 712 216 472 728 232 488 744 248 504 760 9 265 521 777 25 281 537 793 297 553 313 569 329 585 345 601 361 617 377 633 137 393 649 153 409 665 169 425 681 185 441 697 201 457 713 217 473 729 233 489 745 249 505 761 10 266 522 778 26 282 538 794 298 554 314 570 330 586 346 602 362 618 378 634 138 394 650 154 410 666 170 426 682 186 442 698 202 458 714 218 474 730 234 490 746 250 506 762 11 267 523 779 27 283 539 795 299 555 315 571 331 587 347 603 363 619 379 635 139 395 651 155 411 667 171 427 683 187 443 699 203 459 715 219 475 731 235 491 747 251 507 763 12 268 524 780 28 284 540 796 300 556 316 572 332 588 348 604 364 620 380 636 140 396 652 156 412 668 172 428 684 188 444 700 204 460 716 220 476 732 236 492 748 252 508 764 13 269 525 781 29 285 541 797 301 557 317 573 333 589 349 605 365 621 381 637 141 397 653 157 413 669 173 429 685 189 445 701 205 461 717 221 477 733 237 493 749 253 509 765 14 270 526 782 30 286 542 798 302 558 318 574 334 590 350 606 366 622 382 638 142 398 654 158 414 670 174 430 686 190 446 702 206 462 718 222 478 734 238 494 750 254 510 766 15 271 527 783 31 287 543 799 303 559 319 575 335 591 351 607 367 623 383 639 143 399 655 159 415 671 175 431 687 191 447 703 207 463 719 223 479 735 239 495 751 255 511 767>
# refined known-set: #<set: 0 48 64 80 96 112 128 33 49 65 81 97 113 34 50 66 82 98 114 35 51 67 83 99 115 36 52 68 84 100 116 37 53 69 85 101 117 38 54 70 86 102 118 39 55 71 87 103 119 40 56 72 88 104 120 41 57 73 89 105 121 42 58 74 90 106 122 43 59 75 91 107 123 44 60 76 92 108 124 45 61 77 93 109 125 46 62 78 94 110 126 47 63 79 95 111 127>
# refined unknown-set: #<set: 256 512 768 16 272 528 784 32 288 544 800 304 560 320 576 336 592 352 608 368 624 384 640 144 400 656 160 416 672 176 432 688 192 448 704 208 464 720 224 480 736 240 496 752 1 257 513 769 17 273 529 785 289 545 801 305 561 321 577 337 593 353 609 369 625 129 385 641 145 401 657 161 417 673 177 433 689 193 449 705 209 465 721 225 481 737 241 497 753 2 258 514 770 18 274 530 786 290 546 306 562 322 578 338 594 354 610 370 626 130 386 642 146 402 658 162 418 674 178 434 690 194 450 706 210 466 722 226 482 738 242 498 754 3 259 515 771 19 275 531 787 291 547 307 563 323 579 339 595 355 611 371 627 131 387 643 147 403 659 163 419 675 179 435 691 195 451 707 211 467 723 227 483 739 243 499 755 4 260 516 772 20 276 532 788 292 548 308 564 324 580 340 596 356 612 372 628 132 388 644 148 404 660 164 420 676 180 436 692 196 452 708 212 468 724 228 484 740 244 500 756 5 261 517 773 21 277 533 789 293 549 309 565 325 581 341 597 357 613 373 629 133 389 645 149 405 661 165 421 677 181 437 693 197 453 709 213 469 725 229 485 741 245 501 757 6 262 518 774 22 278 534 790 294 550 310 566 326 582 342 598 358 614 374 630 134 390 646 150 406 662 166 422 678 182 438 694 198 454 710 214 470 726 230 486 742 246 502 758 7 263 519 775 23 279 535 791 295 551 311 567 327 583 343 599 359 615 375 631 135 391 647 151 407 663 167 423 679 183 439 695 199 455 711 215 471 727 231 487 743 247 503 759 8 264 520 776 24 280 536 792 296 552 312 568 328 584 344 600 360 616 376 632 136 392 648 152 408 664 168 424 680 184 440 696 200 456 712 216 472 728 232 488 744 248 504 760 9 265 521 777 25 281 537 793 297 553 313 569 329 585 345 601 361 617 377 633 137 393 649 153 409 665 169 425 681 185 441 697 201 457 713 217 473 729 233 489 745 249 505 761 10 266 522 778 26 282 538 794 298 554 314 570 330 586 346 602 362 618 378 634 138 394 650 154 410 666 170 426 682 186 442 698 202 458 714 218 474 730 234 490 746 250 506 762 11 267 523 779 27 283 539 795 299 555 315 571 331 587 347 603 363 619 379 635 139 395 651 155 411 667 171 427 683 187 443 699 203 459 715 219 475 731 235 491 747 251 507 763 12 268 524 780 28 284 540 796 300 556 316 572 332 588 348 604 364 620 380 636 140 396 652 156 412 668 172 428 684 188 444 700 204 460 716 220 476 732 236 492 748 252 508 764 13 269 525 781 29 285 541 797 301 557 317 573 333 589 349 605 365 621 381 637 141 397 653 157 413 669 173 429 685 189 445 701 205 461 717 221 477 733 237 493 749 253 509 765 14 270 526 782 30 286 542 798 302 558 318 574 334 590 350 606 366 622 382 638 142 398 654 158 414 670 174 430 686 190 446 702 206 462 718 222 478 734 238 494 750 254 510 766 15 271 527 783 31 287 543 799 303 559 319 575 335 591 351 607 367 623 383 639 143 399 655 159 415 671 175 431 687 191 447 703 207 463 719 223 479 735 239 495 751 255 511 767>
  # propagation (linear lemma): #<set: 592 608 624 640 656 672 176 192 577 593 609 625 641 657 161 177 578 594 610 626 642 658 162 178 579 595 611 627 643 659 163 179 580 596 612 628 644 660 164 180 581 597 613 629 645 661 165 181 582 598 614 630 646 662 166 182 583 599 615 631 647 663 167 183 584 600 616 632 648 664 168 184 585 601 617 633 649 665 169 185 586 602 618 634 650 666 170 186 587 603 619 635 651 667 171 187 588 604 620 636 652 668 172 188 589 605 621 637 653 669 173 189 590 606 622 638 654 670 174 190 591 607 623 639 655 671 175 191> added.
  # propagation (linear lemma): #<set: 256 304 320 368 384 688 704 240 289 305 353 369 673 689 225 241 290 306 354 370 674 690 226 242 291 307 355 371 675 691 227 243 292 308 356 372 676 692 228 244 293 309 357 373 677 693 229 245 294 310 358 374 678 694 230 246 295 311 359 375 679 695 231 247 296 312 360 376 680 696 232 248 297 313 361 377 681 697 233 249 298 314 362 378 682 698 234 250 299 315 363 379 683 699 235 251 300 316 364 380 684 700 236 252 301 317 365 381 685 701 237 253 302 318 366 382 686 702 238 254 303 319 367 383 687 703 239 255> added.
  # propagation (linear lemma): #<set: 272 288 560 576 336 352 208 224 257 273 545 561 321 337 193 209 258 274 546 562 322 338 194 210 259 275 547 563 323 339 195 211 260 276 548 564 324 340 196 212 261 277 549 565 325 341 197 213 262 278 550 566 326 342 198 214 263 279 551 567 327 343 199 215 264 280 552 568 328 344 200 216 265 281 553 569 329 345 201 217 266 282 554 570 330 346 202 218 267 283 555 571 331 347 203 219 268 284 556 572 332 348 204 220 269 285 557 573 333 349 205 221 270 286 558 574 334 350 206 222 271 287 559 575 335 351 207 223> added.
  # propagation (linear lemma): #<set: 512 784 800 432 448 464 480 496 785 801 417 433 449 465 481 497 770 786 418 434 450 466 482 498 771 787 419 435 451 467 483 499 772 788 420 436 452 468 484 500 773 789 421 437 453 469 485 501 774 790 422 438 454 470 486 502 775 791 423 439 455 471 487 503 776 792 424 440 456 472 488 504 777 793 425 441 457 473 489 505 778 794 426 442 458 474 490 506 779 795 427 443 459 475 491 507 780 796 428 444 460 476 492 508 781 797 429 445 461 477 493 509 782 798 430 446 462 478 494 510 783 799 431 447 463 479 495 511> added.
  # propagation (linear lemma): #<set: 528 544 513 529 514 530 515 531 516 532 517 533 518 534 519 535 520 536 521 537 522 538 523 539 524 540 525 541 526 542 527 543> added.
  # propagation (linear lemma): #<set: 400 416 385 401 386 402 387 403 388 404 389 405 390 406 391 407 392 408 393 409 394 410 395 411 396 412 397 413 398 414 399 415> added.
  # propagation (linear lemma): #<set: 144 160 129 145 130 146 131 147 132 148 133 149 134 150 135 151 136 152 137 153 138 154 139 155 140 156 141 157 142 158 143 159> added.
  # propagation (linear lemma): #<set: 768 752 769 753 738 754 739 755 740 756 741 757 742 758 743 759 744 760 745 761 746 762 747 763 748 764 749 765 750 766 751 767> added.
  # propagation (linear lemma): none.
  # propagation (binary01 lemma): none.
  # propagation (basis2 lemma): none.
  # propagation (aboz lemma): none.
  # propagation (aboz lemma): none.
  # propagation (linear lemma): none.
  # propagation (binary01 lemma): none.
  # propagation (basis2 lemma): none.
  # propagation (aboz lemma): none.
  # propagation (aboz lemma): none.
  # checking: (x706 y706), skip.
  # checking: (x707 y707), skip.
  # checking: (x705 y705), skip.
  # checking: (x710 y710), skip.
  # checking: (x711 y711), skip.
  # checking: (x708 y708), skip.
  # checking: (x709 y709), skip.
  # checking: (x714 y714), skip.
  # checking: (x715 y715), skip.
  # checking: (x712 y712), skip.
  # checking: (x713 y713), skip.
  # checking: (x718 y718), skip.
  # checking: (x719 y719), skip.
  # checking: (x716 y716), skip.
  # checking: (x717 y717), skip.
  # checking: (x722 y722), skip.
  # checking: (x723 y723), skip.
  # checking: (x720 y720), skip.
  # checking: (x721 y721), skip.
  # checking: (x726 y726), skip.
  # checking: (x727 y727), skip.
  # checking: (x724 y724), skip.
  # checking: (x725 y725), skip.
  # checking: (x730 y730), skip.
  # checking: (x731 y731), skip.
  # checking: (x728 y728), skip.
  # checking: (x729 y729), skip.
  # checking: (x734 y734), skip.
  # checking: (x735 y735), skip.
  # checking: (x732 y732), skip.
  # checking: (x733 y733), skip.
  # checking: (x736 y736), skip.
  # checking: (x737 y737), skip.
  # checking: (x32 y32), skip.
  # checking: (x1 y1), skip.
  # checking: (x2 y2), skip.
  # checking: (x3 y3), skip.
  # checking: (x4 y4), skip.
  # checking: (x5 y5), skip.
  # checking: (x6 y6), skip.
  # checking: (x7 y7), skip.
  # checking: (x8 y8), skip.
  # checking: (x9 y9), skip.
  # checking: (x10 y10), skip.
  # checking: (x11 y11), skip.
  # checking: (x12 y12), skip.
  # checking: (x13 y13), skip.
  # checking: (x14 y14), skip.
  # checking: (x15 y15), skip.
  # checking: (x16 y16), skip.
  # checking: (x17 y17), skip.
  # checking: (x18 y18), skip.
  # checking: (x19 y19), skip.
  # checking: (x20 y20), skip.
  # checking: (x21 y21), skip.
  # checking: (x22 y22), skip.
  # checking: (x23 y23), skip.
  # checking: (x24 y24), skip.
  # checking: (x25 y25), skip.
  # checking: (x26 y26), skip.
  # checking: (x27 y27), skip.
  # checking: (x28 y28), skip.
  # checking: (x29 y29), skip.
  # checking: (x30 y30), skip.
  # checking: (x31 y31), skip.
# final unknown set #<set: 16 32 720 736 1 17 705 721 737 2 18 706 722 3 19 707 723 4 20 708 724 5 21 709 725 6 22 710 726 7 23 711 727 8 24 712 728 9 25 713 729 10 26 714 730 11 27 715 731 12 28 716 732 13 29 717 733 14 30 718 734 15 31 719 735>.
# weak uniqueness: unknown.
