# r1cs file: ./benchmarks/circomlib-cff5ab6/BabyAdd@babyjub.r1cs
# timeout: 5000
# solver: cvc5
# selector: counter
# precondition: ()
# propagation on: #t
# solver on: #t
# smt: #f
# weak: #t
# map: #f
# number of wires: 11
# number of constraints: 6
# field size (how many bytes): 32
# inputs: (0 3 4 5 6).
# outputs: (1 2).
# targets: #<set: 1 2>.
# parsing original r1cs...
# xlist: (x0 x1 x2 x3 x4 x5 x6 x7 x8 x9 x10).
# alt-xlist (x0 y1 y2 x3 x4 x5 x6 y7 y8 y9 y10).
# parsing alternative r1cs...
# configuring precondition...
# unique: #<set:>.
# initial known-set #<set: 0 3 4 5 6>
# initial unknown-set #<set: 1 2 7 8 9 10>
# refined known-set: #<set: 0 3 4 5 6>
# refined unknown-set: #<set: 1 2 7 8 9 10>
  # propagation (linear lemma): #<set: 7 8 9> added.
  # propagation (linear lemma): #<set: 10> added.
  # propagation (linear lemma): none.
  # propagation (binary01 lemma): none.
  # propagation (basis2 lemma): none.
  # propagation (aboz lemma): none.
  # propagation (aboz lemma): none.
  # propagation (linear lemma): none.
  # propagation (binary01 lemma): none.
  # propagation (basis2 lemma): none.
  # propagation (aboz lemma): none.
  # propagation (aboz lemma): none.
  # checking: (x2 y2), skip.
  # checking: (x1 y1), skip.
# final unknown set #<set: 1 2>.
# weak uniqueness: unknown.
