# r1cs file: ./benchmarks/circomlib-cff5ab6/CompConstant@compconstant.r1cs
# timeout: 5000
# solver: cvc5
# selector: counter
# precondition: ()
# propagation on: #t
# solver on: #t
# smt: #f
# weak: #t
# map: #f
# number of wires: 520
# number of constraints: 266
# field size (how many bytes): 32
# inputs: (0 2 3 4 5 6 7 8 9 10 11 12 13 14 15 16 17 18 19 20 21 22 23 24 25 26 27 28 29 30 31 32 33 34 35 36 37 38 39 40 41 42 43 44 45 46 47 48 49 50 51 52 53 54 55 56 57 58 59 60 61 62 63 64 65 66 67 68 69 70 71 72 73 74 75 76 77 78 79 80 81 82 83 84 85 86 87 88 89 90 91 92 93 94 95 96 97 98 99 100 101 102 103 104 105 106 107 108 109 110 111 112 113 114 115 116 117 118 119 120 121 122 123 124 125 126 127 128 129 130 131 132 133 134 135 136 137 138 139 140 141 142 143 144 145 146 147 148 149 150 151 152 153 154 155 156 157 158 159 160 161 162 163 164 165 166 167 168 169 170 171 172 173 174 175 176 177 178 179 180 181 182 183 184 185 186 187 188 189 190 191 192 193 194 195 196 197 198 199 200 201 202 203 204 205 206 207 208 209 210 211 212 213 214 215 216 217 218 219 220 221 222 223 224 225 226 227 228 229 230 231 232 233 234 235 236 237 238 239 240 241 242 243 244 245 246 247 248 249 250 251 252 253 254 255).
# outputs: (1).
# targets: #<set: 1>.
# parsing original r1cs...
# xlist: (x0 x1 x2 x3 x4 x5 x6 x7 x8 x9 x10 x11 x12 x13 x14 x15 x16 x17 x18 x19 x20 x21 x22 x23 x24 x25 x26 x27 x28 x29 x30 x31 x32 x33 x34 x35 x36 x37 x38 x39 x40 x41 x42 x43 x44 x45 x46 x47 x48 x49 x50 x51 x52 x53 x54 x55 x56 x57 x58 x59 x60 x61 x62 x63 x64 x65 x66 x67 x68 x69 x70 x71 x72 x73 x74 x75 x76 x77 x78 x79 x80 x81 x82 x83 x84 x85 x86 x87 x88 x89 x90 x91 x92 x93 x94 x95 x96 x97 x98 x99 x100 x101 x102 x103 x104 x105 x106 x107 x108 x109 x110 x111 x112 x113 x114 x115 x116 x117 x118 x119 x120 x121 x122 x123 x124 x125 x126 x127 x128 x129 x130 x131 x132 x133 x134 x135 x136 x137 x138 x139 x140 x141 x142 x143 x144 x145 x146 x147 x148 x149 x150 x151 x152 x153 x154 x155 x156 x157 x158 x159 x160 x161 x162 x163 x164 x165 x166 x167 x168 x169 x170 x171 x172 x173 x174 x175 x176 x177 x178 x179 x180 x181 x182 x183 x184 x185 x186 x187 x188 x189 x190 x191 x192 x193 x194 x195 x196 x197 x198 x199 x200 x201 x202 x203 x204 x205 x206 x207 x208 x209 x210 x211 x212 x213 x214 x215 x216 x217 x218 x219 x220 x221 x222 x223 x224 x225 x226 x227 x228 x229 x230 x231 x232 x233 x234 x235 x236 x237 x238 x239 x240 x241 x242 x243 x244 x245 x246 x247 x248 x249 x250 x251 x252 x253 x254 x255 x256 x257 x258 x259 x260 x261 x262 x263 x264 x265 x266 x267 x268 x269 x270 x271 x272 x273 x274 x275 x276 x277 x278 x279 x280 x281 x282 x283 x284 x285 x286 x287 x288 x289 x290 x291 x292 x293 x294 x295 x296 x297 x298 x299 x300 x301 x302 x303 x304 x305 x306 x307 x308 x309 x310 x311 x312 x313 x314 x315 x316 x317 x318 x319 x320 x321 x322 x323 x324 x325 x326 x327 x328 x329 x330 x331 x332 x333 x334 x335 x336 x337 x338 x339 x340 x341 x342 x343 x344 x345 x346 x347 x348 x349 x350 x351 x352 x353 x354 x355 x356 x357 x358 x359 x360 x361 x362 x363 x364 x365 x366 x367 x368 x369 x370 x371 x372 x373 x374 x375 x376 x377 x378 x379 x380 x381 x382 x383 x384 x385 x386 x387 x388 x389 x390 x391 x392 x393 x394 x395 x396 x397 x398 x399 x400 x401 x402 x403 x404 x405 x406 x407 x408 x409 x410 x411 x412 x413 x414 x415 x416 x417 x418 x419 x420 x421 x422 x423 x424 x425 x426 x427 x428 x429 x430 x431 x432 x433 x434 x435 x436 x437 x438 x439 x440 x441 x442 x443 x444 x445 x446 x447 x448 x449 x450 x451 x452 x453 x454 x455 x456 x457 x458 x459 x460 x461 x462 x463 x464 x465 x466 x467 x468 x469 x470 x471 x472 x473 x474 x475 x476 x477 x478 x479 x480 x481 x482 x483 x484 x485 x486 x487 x488 x489 x490 x491 x492 x493 x494 x495 x496 x497 x498 x499 x500 x501 x502 x503 x504 x505 x506 x507 x508 x509 x510 x511 x512 x513 x514 x515 x516 x517 x518 x519).
# alt-xlist (x0 y1 x2 x3 x4 x5 x6 x7 x8 x9 x10 x11 x12 x13 x14 x15 x16 x17 x18 x19 x20 x21 x22 x23 x24 x25 x26 x27 x28 x29 x30 x31 x32 x33 x34 x35 x36 x37 x38 x39 x40 x41 x42 x43 x44 x45 x46 x47 x48 x49 x50 x51 x52 x53 x54 x55 x56 x57 x58 x59 x60 x61 x62 x63 x64 x65 x66 x67 x68 x69 x70 x71 x72 x73 x74 x75 x76 x77 x78 x79 x80 x81 x82 x83 x84 x85 x86 x87 x88 x89 x90 x91 x92 x93 x94 x95 x96 x97 x98 x99 x100 x101 x102 x103 x104 x105 x106 x107 x108 x109 x110 x111 x112 x113 x114 x115 x116 x117 x118 x119 x120 x121 x122 x123 x124 x125 x126 x127 x128 x129 x130 x131 x132 x133 x134 x135 x136 x137 x138 x139 x140 x141 x142 x143 x144 x145 x146 x147 x148 x149 x150 x151 x152 x153 x154 x155 x156 x157 x158 x159 x160 x161 x162 x163 x164 x165 x166 x167 x168 x169 x170 x171 x172 x173 x174 x175 x176 x177 x178 x179 x180 x181 x182 x183 x184 x185 x186 x187 x188 x189 x190 x191 x192 x193 x194 x195 x196 x197 x198 x199 x200 x201 x202 x203 x204 x205 x206 x207 x208 x209 x210 x211 x212 x213 x214 x215 x216 x217 x218 x219 x220 x221 x222 x223 x224 x225 x226 x227 x228 x229 x230 x231 x232 x233 x234 x235 x236 x237 x238 x239 x240 x241 x242 x243 x244 x245 x246 x247 x248 x249 x250 x251 x252 x253 x254 x255 y256 y257 y258 y259 y260 y261 y262 y263 y264 y265 y266 y267 y268 y269 y270 y271 y272 y273 y274 y275 y276 y277 y278 y279 y280 y281 y282 y283 y284 y285 y286 y287 y288 y289 y290 y291 y292 y293 y294 y295 y296 y297 y298 y299 y300 y301 y302 y303 y304 y305 y306 y307 y308 y309 y310 y311 y312 y313 y314 y315 y316 y317 y318 y319 y320 y321 y322 y323 y324 y325 y326 y327 y328 y329 y330 y331 y332 y333 y334 y335 y336 y337 y338 y339 y340 y341 y342 y343 y344 y345 y346 y347 y348 y349 y350 y351 y352 y353 y354 y355 y356 y357 y358 y359 y360 y361 y362 y363 y364 y365 y366 y367 y368 y369 y370 y371 y372 y373 y374 y375 y376 y377 y378 y379 y380 y381 y382 y383 y384 y385 y386 y387 y388 y389 y390 y391 y392 y393 y394 y395 y396 y397 y398 y399 y400 y401 y402 y403 y404 y405 y406 y407 y408 y409 y410 y411 y412 y413 y414 y415 y416 y417 y418 y419 y420 y421 y422 y423 y424 y425 y426 y427 y428 y429 y430 y431 y432 y433 y434 y435 y436 y437 y438 y439 y440 y441 y442 y443 y444 y445 y446 y447 y448 y449 y450 y451 y452 y453 y454 y455 y456 y457 y458 y459 y460 y461 y462 y463 y464 y465 y466 y467 y468 y469 y470 y471 y472 y473 y474 y475 y476 y477 y478 y479 y480 y481 y482 y483 y484 y485 y486 y487 y488 y489 y490 y491 y492 y493 y494 y495 y496 y497 y498 y499 y500 y501 y502 y503 y504 y505 y506 y507 y508 y509 y510 y511 y512 y513 y514 y515 y516 y517 y518 y519).
# parsing alternative r1cs...
# configuring precondition...
# unique: #<set:>.
# initial known-set #<set: 0 16 32 48 64 80 96 112 128 144 160 176 192 208 224 240 17 33 49 65 81 97 113 129 145 161 177 193 209 225 241 2 18 34 50 66 82 98 114 130 146 162 178 194 210 226 242 3 19 35 51 67 83 99 115 131 147 163 179 195 211 227 243 4 20 36 52 68 84 100 116 132 148 164 180 196 212 228 244 5 21 37 53 69 85 101 117 133 149 165 181 197 213 229 245 6 22 38 54 70 86 102 118 134 150 166 182 198 214 230 246 7 23 39 55 71 87 103 119 135 151 167 183 199 215 231 247 8 24 40 56 72 88 104 120 136 152 168 184 200 216 232 248 9 25 41 57 73 89 105 121 137 153 169 185 201 217 233 249 10 26 42 58 74 90 106 122 138 154 170 186 202 218 234 250 11 27 43 59 75 91 107 123 139 155 171 187 203 219 235 251 12 28 44 60 76 92 108 124 140 156 172 188 204 220 236 252 13 29 45 61 77 93 109 125 141 157 173 189 205 221 237 253 14 30 46 62 78 94 110 126 142 158 174 190 206 222 238 254 15 31 47 63 79 95 111 127 143 159 175 191 207 223 239 255>
# initial unknown-set #<set: 272 288 304 320 336 352 368 384 400 416 432 448 464 480 496 256 512 273 289 305 321 337 353 369 385 401 417 433 449 465 481 497 1 257 513 274 290 306 322 338 354 370 386 402 418 434 450 466 482 498 258 514 275 291 307 323 339 355 371 387 403 419 435 451 467 483 499 259 515 276 292 308 324 340 356 372 388 404 420 436 452 468 484 500 260 516 277 293 309 325 341 357 373 389 405 421 437 453 469 485 501 261 517 278 294 310 326 342 358 374 390 406 422 438 454 470 486 502 262 518 279 295 311 327 343 359 375 391 407 423 439 455 471 487 503 263 519 264 280 296 312 328 344 360 376 392 408 424 440 456 472 488 504 265 281 297 313 329 345 361 377 393 409 425 441 457 473 489 505 266 282 298 314 330 346 362 378 394 410 426 442 458 474 490 506 267 283 299 315 331 347 363 379 395 411 427 443 459 475 491 507 268 284 300 316 332 348 364 380 396 412 428 444 460 476 492 508 269 285 301 317 333 349 365 381 397 413 429 445 461 477 493 509 270 286 302 318 334 350 366 382 398 414 430 446 462 478 494 510 271 287 303 319 335 351 367 383 399 415 431 447 463 479 495 511>
# refined known-set: #<set: 0 16 32 48 64 80 96 112 128 144 160 176 192 208 224 240 17 33 49 65 81 97 113 129 145 161 177 193 209 225 241 2 18 34 50 66 82 98 114 130 146 162 178 194 210 226 242 3 19 35 51 67 83 99 115 131 147 163 179 195 211 227 243 4 20 36 52 68 84 100 116 132 148 164 180 196 212 228 244 5 21 37 53 69 85 101 117 133 149 165 181 197 213 229 245 6 22 38 54 70 86 102 118 134 150 166 182 198 214 230 246 7 23 39 55 71 87 103 119 135 151 167 183 199 215 231 247 8 24 40 56 72 88 104 120 136 152 168 184 200 216 232 248 9 25 41 57 73 89 105 121 137 153 169 185 201 217 233 249 10 26 42 58 74 90 106 122 138 154 170 186 202 218 234 250 11 27 43 59 75 91 107 123 139 155 171 187 203 219 235 251 12 28 44 60 76 92 108 124 140 156 172 188 204 220 236 252 13 29 45 61 77 93 109 125 141 157 173 189 205 221 237 253 14 30 46 62 78 94 110 126 142 158 174 190 206 222 238 254 15 31 47 63 79 95 111 127 143 159 175 191 207 223 239 255>
# refined unknown-set: #<set: 272 288 304 320 336 352 368 384 400 416 432 448 464 480 496 256 512 273 289 305 321 337 353 369 385 401 417 433 449 465 481 497 1 257 513 274 290 306 322 338 354 370 386 402 418 434 450 466 482 498 258 514 275 291 307 323 339 355 371 387 403 419 435 451 467 483 499 259 515 276 292 308 324 340 356 372 388 404 420 436 452 468 484 500 260 516 277 293 309 325 341 357 373 389 405 421 437 453 469 485 501 261 517 278 294 310 326 342 358 374 390 406 422 438 454 470 486 502 262 518 279 295 311 327 343 359 375 391 407 423 439 455 471 487 503 263 519 264 280 296 312 328 344 360 376 392 408 424 440 456 472 488 504 265 281 297 313 329 345 361 377 393 409 425 441 457 473 489 505 266 282 298 314 330 346 362 378 394 410 426 442 458 474 490 506 267 283 299 315 331 347 363 379 395 411 427 443 459 475 491 507 268 284 300 316 332 348 364 380 396 412 428 444 460 476 492 508 269 285 301 317 333 349 365 381 397 413 429 445 461 477 493 509 270 286 302 318 334 350 366 382 398 414 430 446 462 478 494 510 271 287 303 319 335 351 367 383 399 415 431 447 463 479 495 511>
  # propagation (linear lemma): #<set: 256 272 288 304 320 336 352 368 257 273 289 305 321 337 353 369 258 274 290 306 322 338 354 370 259 275 291 307 323 339 355 371 260 276 292 308 324 340 356 372 261 277 293 309 325 341 357 373 262 278 294 310 326 342 358 374 263 279 295 311 327 343 359 375 264 280 296 312 328 344 360 376 265 281 297 313 329 345 361 377 266 282 298 314 330 346 362 378 267 283 299 315 331 347 363 379 268 284 300 316 332 348 364 380 269 285 301 317 333 349 365 381 270 286 302 318 334 350 366 382 271 287 303 319 335 351 367> added.
  # propagation (linear lemma): #<set: 383> added.
  # propagation (linear lemma): #<set: 519> added.
  # propagation (linear lemma): none.
  # propagation (binary01 lemma): none.
  # propagation (basis2 lemma): #<set: 512 384 400 416 432 448 464 480 496 513 385 401 417 433 449 465 481 497 514 386 402 418 434 450 466 482 498 515 387 403 419 435 451 467 483 499 516 388 404 420 436 452 468 484 500 517 389 405 421 437 453 469 485 501 518 390 406 422 438 454 470 486 502 391 407 423 439 455 471 487 503 392 408 424 440 456 472 488 504 393 409 425 441 457 473 489 505 394 410 426 442 458 474 490 506 395 411 427 443 459 475 491 507 396 412 428 444 460 476 492 508 397 413 429 445 461 477 493 509 398 414 430 446 462 478 494 510 399 415 431 447 463 479 495 511> added.
  # propagation (aboz lemma): none.
  # propagation (aboz lemma): none.
  # propagation (linear lemma): #<set: 1> added.
  # propagation (linear lemma): none.
  # propagation (binary01 lemma): none.
  # propagation (basis2 lemma): none.
  # propagation (aboz lemma): none.
  # propagation (aboz lemma): none.
  # propagation (linear lemma): none.
  # propagation (binary01 lemma): none.
  # propagation (basis2 lemma): none.
  # propagation (aboz lemma): none.
  # propagation (aboz lemma): none.
# final unknown set #<set:>.
# weak uniqueness: safe.
