# r1cs file: ./benchmarks/circomlib-cff5ab6/Decoder@multiplexer.r1cs
# timeout: 5000
# solver: cvc5
# selector: counter
# precondition: ()
# propagation on: #t
# solver on: #t
# smt: #f
# weak: #t
# map: #f
# number of wires: 5
# number of constraints: 4
# field size (how many bytes): 32
# inputs: (0 4).
# outputs: (1 2 3).
# targets: #<set: 1 2 3>.
# parsing original r1cs...
# xlist: (x0 x1 x2 x3 x4).
# alt-xlist (x0 y1 y2 y3 x4).
# parsing alternative r1cs...
# configuring precondition...
# unique: #<set:>.
# initial known-set #<set: 0 4>
# initial unknown-set #<set: 1 2 3>
# refined known-set: #<set: 0 4>
# refined unknown-set: #<set: 1 2 3>
  # propagation (linear lemma): none.
  # propagation (binary01 lemma): none.
  # propagation (basis2 lemma): none.
  # propagation (aboz lemma): none.
  # propagation (aboz lemma): none.
  # checking: (x1 y1), sat.
# final unknown set #<set: 1 2 3>.
# weak uniqueness: unsafe.
# counter-example:
  #hash((one . 1) (p . 0) (ps1 . 21888242871839275222246405745257275088548364400416034343698204186575808495616) (ps2 . 21888242871839275222246405745257275088548364400416034343698204186575808495615) (ps3 . 21888242871839275222246405745257275088548364400416034343698204186575808495614) (ps4 . 21888242871839275222246405745257275088548364400416034343698204186575808495613) (ps5 . 21888242871839275222246405745257275088548364400416034343698204186575808495612) (x0 . 0) (x1 . 1) (x2 . 0) (x3 . 1) (x4 . 0) (y1 . 0) (y2 . 0) (y3 . 0) (zero . 0)).
