# r1cs file: ./benchmarks/circomlib-cff5ab6/MontgomeryAdd@montgomery.r1cs
# timeout: 5000
# solver: cvc5
# selector: counter
# precondition: ()
# propagation on: #t
# solver on: #t
# smt: #f
# weak: #t
# map: #f
# number of wires: 8
# number of constraints: 3
# field size (how many bytes): 32
# inputs: (0 3 4 5 6).
# outputs: (1 2).
# targets: #<set: 1 2>.
# parsing original r1cs...
# xlist: (x0 x1 x2 x3 x4 x5 x6 x7).
# alt-xlist (x0 y1 y2 x3 x4 x5 x6 y7).
# parsing alternative r1cs...
# configuring precondition...
# unique: #<set:>.
# initial known-set #<set: 0 3 4 5 6>
# initial unknown-set #<set: 1 2 7>
# refined known-set: #<set: 0 3 4 5 6>
# refined unknown-set: #<set: 1 2 7>
  # propagation (linear lemma): none.
  # propagation (binary01 lemma): none.
  # propagation (basis2 lemma): none.
  # propagation (aboz lemma): none.
  # propagation (aboz lemma): none.
  # checking: (x7 y7), sat but not a target.
  # checking: (x1 y1), sat.
# final unknown set #<set: 1 2 7>.
# weak uniqueness: unsafe.
# counter-example:
  #hash((one . 1) (p . 0) (ps1 . 21888242871839275222246405745257275088548364400416034343698204186575808495616) (ps2 . 21888242871839275222246405745257275088548364400416034343698204186575808495615) (ps3 . 21888242871839275222246405745257275088548364400416034343698204186575808495614) (ps4 . 21888242871839275222246405745257275088548364400416034343698204186575808495613) (ps5 . 21888242871839275222246405745257275088548364400416034343698204186575808495612) (x0 . 0) (x1 . 21888242871839275222246405745257275088548364400416034343698204186575808326919) (x2 . 0) (x3 . 0) (x4 . 0) (x5 . 0) (x6 . 0) (x7 . 0) (y1 . 21888242871839275222246405745257275088548364400416034343698204186575808326920) (y2 . 168697) (y7 . 1) (zero . 0)).
