# r1cs file: ./benchmarks/circomlib-cff5ab6/Multiplexer@multiplexer.r1cs
# timeout: 5000
# solver: cvc5
# selector: counter
# precondition: ()
# propagation on: #t
# solver on: #t
# smt: #f
# weak: #t
# map: #f
# number of wires: 26
# number of constraints: 22
# field size (how many bytes): 32
# inputs: (0 3 4 5 6 7).
# outputs: (1 2).
# targets: #<set: 1 2>.
# parsing original r1cs...
# xlist: (x0 x1 x2 x3 x4 x5 x6 x7 x8 x9 x10 x11 x12 x13 x14 x15 x16 x17 x18 x19 x20 x21 x22 x23 x24 x25).
# alt-xlist (x0 y1 y2 x3 x4 x5 x6 x7 y8 y9 y10 y11 y12 y13 y14 y15 y16 y17 y18 y19 y20 y21 y22 y23 y24 y25).
# parsing alternative r1cs...
# configuring precondition...
# unique: #<set:>.
# initial known-set #<set: 0 3 4 5 6 7>
# initial unknown-set #<set: 16 19 20 21 22 23 10 11 12 13 14 15 1 17 2 18 8 24 9 25>
# refined known-set: #<set: 0 3 4 5 6 7>
# refined unknown-set: #<set: 16 19 20 21 22 23 10 11 12 13 14 15 1 17 2 18 8 24 9 25>
  # propagation (linear lemma): #<set: 20 21 10 11 13 14> added.
  # propagation (linear lemma): none.
  # propagation (binary01 lemma): none.
  # propagation (basis2 lemma): none.
  # propagation (aboz lemma): #<set: 8 9> added.
  # propagation (aboz lemma): none.
  # propagation (linear lemma): #<set: 16 22 23 15> added.
  # propagation (linear lemma): #<set: 17 18 24 25> added.
  # propagation (linear lemma): #<set: 19 12> added.
  # propagation (linear lemma): #<set: 1 2> added.
  # propagation (linear lemma): none.
  # propagation (binary01 lemma): none.
  # propagation (basis2 lemma): none.
  # propagation (aboz lemma): none.
  # propagation (aboz lemma): none.
  # propagation (linear lemma): none.
  # propagation (binary01 lemma): none.
  # propagation (basis2 lemma): none.
  # propagation (aboz lemma): none.
  # propagation (aboz lemma): none.
# final unknown set #<set:>.
# weak uniqueness: safe.
