# r1cs file: ./benchmarks/circomlib-cff5ab6/MultiMiMC7@mimc.r1cs
# timeout: 5000
# solver: cvc5
# selector: counter
# precondition: ()
# propagation on: #t
# solver on: #t
# smt: #f
# weak: #t
# map: #f
# number of wires: 28
# number of constraints: 24
# field size (how many bytes): 32
# inputs: (0 2 3 4).
# outputs: (1).
# targets: #<set: 1>.
# parsing original r1cs...
# xlist: (x0 x1 x2 x3 x4 x5 x6 x7 x8 x9 x10 x11 x12 x13 x14 x15 x16 x17 x18 x19 x20 x21 x22 x23 x24 x25 x26 x27).
# alt-xlist (x0 y1 x2 x3 x4 y5 y6 y7 y8 y9 y10 y11 y12 y13 y14 y15 y16 y17 y18 y19 y20 y21 y22 y23 y24 y25 y26 y27).
# parsing alternative r1cs...
# configuring precondition...
# unique: #<set:>.
# initial known-set #<set: 0 2 3 4>
# initial unknown-set #<set: 16 18 19 20 12 13 14 15 1 17 5 21 6 22 7 23 8 24 9 25 10 26 11 27>
# refined known-set: #<set: 0 2 3 4>
# refined unknown-set: #<set: 16 18 19 20 12 13 14 15 1 17 5 21 6 22 7 23 8 24 9 25 10 26 11 27>
  # propagation (linear lemma): #<set: 19 5 9> added.
  # propagation (linear lemma): #<set: 10> added.
  # propagation (linear lemma): #<set: 11> added.
  # propagation (linear lemma): #<set: 13> added.
  # propagation (linear lemma): #<set: 15> added.
  # propagation (linear lemma): #<set: 17> added.
  # propagation (linear lemma): #<set: 12> added.
  # propagation (linear lemma): #<set: 14> added.
  # propagation (linear lemma): #<set: 16> added.
  # propagation (linear lemma): #<set: 8> added.
  # propagation (linear lemma): #<set: 6> added.
  # propagation (linear lemma): #<set: 20> added.
  # propagation (linear lemma): #<set: 21> added.
  # propagation (linear lemma): #<set: 23> added.
  # propagation (linear lemma): #<set: 25> added.
  # propagation (linear lemma): #<set: 27> added.
  # propagation (linear lemma): #<set: 22> added.
  # propagation (linear lemma): #<set: 24> added.
  # propagation (linear lemma): #<set: 26> added.
  # propagation (linear lemma): #<set: 18> added.
  # propagation (linear lemma): #<set: 7> added.
  # propagation (linear lemma): #<set: 1> added.
  # propagation (linear lemma): none.
  # propagation (binary01 lemma): none.
  # propagation (basis2 lemma): none.
  # propagation (aboz lemma): none.
  # propagation (aboz lemma): none.
  # propagation (linear lemma): none.
  # propagation (binary01 lemma): none.
  # propagation (basis2 lemma): none.
  # propagation (aboz lemma): none.
  # propagation (aboz lemma): none.
# final unknown set #<set:>.
# weak uniqueness: safe.
