# r1cs file: ./benchmarks/circomlib-cff5ab6/MultiMux2@mux2.r1cs
# timeout: 5000
# solver: cvc5
# selector: counter
# precondition: ()
# propagation on: #t
# solver on: #t
# smt: #f
# weak: #t
# map: #f
# number of wires: 22
# number of constraints: 11
# field size (how many bytes): 32
# inputs: (0 3 4 5 6 7 8 9 10 11 12).
# outputs: (1 2).
# targets: #<set: 1 2>.
# parsing original r1cs...
# xlist: (x0 x1 x2 x3 x4 x5 x6 x7 x8 x9 x10 x11 x12 x13 x14 x15 x16 x17 x18 x19 x20 x21).
# alt-xlist (x0 y1 y2 x3 x4 x5 x6 x7 x8 x9 x10 x11 x12 y13 y14 y15 y16 y17 y18 y19 y20 y21).
# parsing alternative r1cs...
# configuring precondition...
# unique: #<set:>.
# initial known-set #<set: 0 3 4 5 6 7 8 9 10 11 12>
# initial unknown-set #<set: 16 19 20 21 13 14 15 1 17 2 18>
# refined known-set: #<set: 0 3 4 5 6 7 8 9 10 11 12>
# refined unknown-set: #<set: 16 19 20 21 13 14 15 1 17 2 18>
  # propagation (linear lemma): #<set: 16 17 18 19 20 21 15> added.
  # propagation (linear lemma): #<set: 13 14> added.
  # propagation (linear lemma): #<set: 1 2> added.
  # propagation (linear lemma): none.
  # propagation (binary01 lemma): none.
  # propagation (basis2 lemma): none.
  # propagation (aboz lemma): none.
  # propagation (aboz lemma): none.
  # propagation (linear lemma): none.
  # propagation (binary01 lemma): none.
  # propagation (basis2 lemma): none.
  # propagation (aboz lemma): none.
  # propagation (aboz lemma): none.
# final unknown set #<set:>.
# weak uniqueness: safe.
