# r1cs file: ./benchmarks/circomlib-cff5ab6/MultiMux4@mux4.r1cs
# timeout: 5000
# solver: cvc5
# selector: counter
# precondition: ()
# propagation on: #t
# solver on: #t
# smt: #f
# weak: #t
# map: #f
# number of wires: 75
# number of constraints: 38
# field size (how many bytes): 32
# inputs: (0 3 4 5 6 7 8 9 10 11 12 13 14 15 16 17 18 19 20 21 22 23 24 25 26 27 28 29 30 31 32 33 34 35 36 37 38).
# outputs: (1 2).
# targets: #<set: 1 2>.
# parsing original r1cs...
# xlist: (x0 x1 x2 x3 x4 x5 x6 x7 x8 x9 x10 x11 x12 x13 x14 x15 x16 x17 x18 x19 x20 x21 x22 x23 x24 x25 x26 x27 x28 x29 x30 x31 x32 x33 x34 x35 x36 x37 x38 x39 x40 x41 x42 x43 x44 x45 x46 x47 x48 x49 x50 x51 x52 x53 x54 x55 x56 x57 x58 x59 x60 x61 x62 x63 x64 x65 x66 x67 x68 x69 x70 x71 x72 x73 x74).
# alt-xlist (x0 y1 y2 x3 x4 x5 x6 x7 x8 x9 x10 x11 x12 x13 x14 x15 x16 x17 x18 x19 x20 x21 x22 x23 x24 x25 x26 x27 x28 x29 x30 x31 x32 x33 x34 x35 x36 x37 x38 y39 y40 y41 y42 y43 y44 y45 y46 y47 y48 y49 y50 y51 y52 y53 y54 y55 y56 y57 y58 y59 y60 y61 y62 y63 y64 y65 y66 y67 y68 y69 y70 y71 y72 y73 y74).
# parsing alternative r1cs...
# configuring precondition...
# unique: #<set:>.
# initial known-set #<set: 0 16 32 17 33 18 34 3 19 35 4 20 36 5 21 37 6 22 38 7 23 8 24 9 25 10 26 11 27 12 28 13 29 14 30 15 31>
# initial unknown-set #<set: 48 64 1 49 65 2 50 66 51 67 52 68 53 69 54 70 39 55 71 40 56 72 41 57 73 42 58 74 43 59 44 60 45 61 46 62 47 63>
# refined known-set: #<set: 0 16 32 17 33 18 34 3 19 35 4 20 36 5 21 37 6 22 38 7 23 8 24 9 25 10 26 11 27 12 28 13 29 14 30 15 31>
# refined unknown-set: #<set: 48 64 1 49 65 2 50 66 51 67 52 68 53 69 54 70 39 55 71 40 56 72 41 57 73 42 58 74 43 59 44 60 45 61 46 62 47 63>
  # propagation (linear lemma): #<set: 71 72 73 48 64 49 65 50 66 51 67 52 68 53 69 54 70 47 63> added.
  # propagation (linear lemma): #<set: 41 57 42 58 74 43 59 44 60 45 61 46 62> added.
  # propagation (linear lemma): #<set: 39 55 40 56> added.
  # propagation (linear lemma): #<set: 1 2> added.
  # propagation (linear lemma): none.
  # propagation (binary01 lemma): none.
  # propagation (basis2 lemma): none.
  # propagation (aboz lemma): none.
  # propagation (aboz lemma): none.
  # propagation (linear lemma): none.
  # propagation (binary01 lemma): none.
  # propagation (basis2 lemma): none.
  # propagation (aboz lemma): none.
  # propagation (aboz lemma): none.
# final unknown set #<set:>.
# weak uniqueness: safe.
