# r1cs file: ./benchmarks/circomlib-cff5ab6/Pedersen@pedersen.r1cs
# timeout: 5000
# solver: cvc5
# selector: counter
# precondition: ()
# propagation on: #t
# solver on: #t
# smt: #f
# weak: #t
# map: #f
# number of wires: 117
# number of constraints: 114
# field size (how many bytes): 32
# inputs: (0 3 4).
# outputs: (1 2).
# targets: #<set: 1 2>.
# parsing original r1cs...
# xlist: (x0 x1 x2 x3 x4 x5 x6 x7 x8 x9 x10 x11 x12 x13 x14 x15 x16 x17 x18 x19 x20 x21 x22 x23 x24 x25 x26 x27 x28 x29 x30 x31 x32 x33 x34 x35 x36 x37 x38 x39 x40 x41 x42 x43 x44 x45 x46 x47 x48 x49 x50 x51 x52 x53 x54 x55 x56 x57 x58 x59 x60 x61 x62 x63 x64 x65 x66 x67 x68 x69 x70 x71 x72 x73 x74 x75 x76 x77 x78 x79 x80 x81 x82 x83 x84 x85 x86 x87 x88 x89 x90 x91 x92 x93 x94 x95 x96 x97 x98 x99 x100 x101 x102 x103 x104 x105 x106 x107 x108 x109 x110 x111 x112 x113 x114 x115 x116).
# alt-xlist (x0 y1 y2 x3 x4 y5 y6 y7 y8 y9 y10 y11 y12 y13 y14 y15 y16 y17 y18 y19 y20 y21 y22 y23 y24 y25 y26 y27 y28 y29 y30 y31 y32 y33 y34 y35 y36 y37 y38 y39 y40 y41 y42 y43 y44 y45 y46 y47 y48 y49 y50 y51 y52 y53 y54 y55 y56 y57 y58 y59 y60 y61 y62 y63 y64 y65 y66 y67 y68 y69 y70 y71 y72 y73 y74 y75 y76 y77 y78 y79 y80 y81 y82 y83 y84 y85 y86 y87 y88 y89 y90 y91 y92 y93 y94 y95 y96 y97 y98 y99 y100 y101 y102 y103 y104 y105 y106 y107 y108 y109 y110 y111 y112 y113 y114 y115 y116).
# parsing alternative r1cs...
# configuring precondition...
# unique: #<set:>.
# initial known-set #<set: 0 3 4>
# initial unknown-set #<set: 16 32 48 64 80 96 112 1 17 33 49 65 81 97 113 2 18 34 50 66 82 98 114 19 35 51 67 83 99 115 20 36 52 68 84 100 116 5 21 37 53 69 85 101 6 22 38 54 70 86 102 7 23 39 55 71 87 103 8 24 40 56 72 88 104 9 25 41 57 73 89 105 10 26 42 58 74 90 106 11 27 43 59 75 91 107 12 28 44 60 76 92 108 13 29 45 61 77 93 109 14 30 46 62 78 94 110 15 31 47 63 79 95 111>
# refined known-set: #<set: 0 3 4>
# refined unknown-set: #<set: 16 32 48 64 80 96 112 1 17 33 49 65 81 97 113 2 18 34 50 66 82 98 114 19 35 51 67 83 99 115 20 36 52 68 84 100 116 5 21 37 53 69 85 101 6 22 38 54 70 86 102 7 23 39 55 71 87 103 8 24 40 56 72 88 104 9 25 41 57 73 89 105 10 26 42 58 74 90 106 11 27 43 59 75 91 107 12 28 44 60 76 92 108 13 29 45 61 77 93 109 14 30 46 62 78 94 110 15 31 47 63 79 95 111>
  # propagation (linear lemma): #<set: 7 8 9 10 11 12> added.
  # propagation (linear lemma): #<set: 16 25 26 27 28 15> added.
  # propagation (linear lemma): #<set: 97 98 99> added.
  # propagation (linear lemma): #<set: 116> added.
  # propagation (linear lemma): none.
  # propagation (binary01 lemma): none.
  # propagation (basis2 lemma): none.
  # propagation (aboz lemma): none.
  # propagation (aboz lemma): none.
  # propagation (linear lemma): none.
  # propagation (binary01 lemma): none.
  # propagation (basis2 lemma): none.
  # propagation (aboz lemma): none.
  # propagation (aboz lemma): none.
  # checking: (x81 y81), verified.
  # propagation (linear lemma): #<set: 114 29> added.
  # propagation (linear lemma): #<set: 33 68 54 40 75 47 13 61> added.
  # propagation (linear lemma): #<set: 78> added.
  # propagation (linear lemma): none.
  # propagation (binary01 lemma): none.
  # propagation (basis2 lemma): none.
  # propagation (aboz lemma): none.
  # propagation (aboz lemma): none.
  # propagation (linear lemma): none.
  # propagation (binary01 lemma): none.
  # propagation (basis2 lemma): none.
  # propagation (aboz lemma): none.
  # propagation (aboz lemma): none.
  # checking: (x89 y89), verified.
  # propagation (linear lemma): #<set: 115 30> added.
  # propagation (linear lemma): #<set: 48 34 69 55 41 76 14 62> added.
  # propagation (linear lemma): none.
  # propagation (binary01 lemma): none.
  # propagation (basis2 lemma): none.
  # propagation (aboz lemma): none.
  # propagation (aboz lemma): none.
  # propagation (linear lemma): none.
  # propagation (binary01 lemma): none.
  # propagation (basis2 lemma): none.
  # propagation (aboz lemma): none.
  # propagation (aboz lemma): none.
  # checking: (x37 y37), verified.
  # propagation (linear lemma): none.
  # propagation (binary01 lemma): none.
  # propagation (basis2 lemma): none.
  # propagation (aboz lemma): none.
  # propagation (aboz lemma): none.
  # checking: (x44 y44), verified.
  # propagation (linear lemma): none.
  # propagation (binary01 lemma): none.
  # propagation (basis2 lemma): none.
  # propagation (aboz lemma): none.
  # propagation (aboz lemma): none.
  # checking: (x51 y51), verified.
  # propagation (linear lemma): none.
  # propagation (binary01 lemma): none.
  # propagation (basis2 lemma): none.
  # propagation (aboz lemma): none.
  # propagation (aboz lemma): none.
  # checking: (x58 y58), verified.
  # propagation (linear lemma): none.
  # propagation (binary01 lemma): none.
  # propagation (basis2 lemma): none.
  # propagation (aboz lemma): none.
  # propagation (aboz lemma): none.
  # checking: (x65 y65), verified.
  # propagation (linear lemma): none.
  # propagation (binary01 lemma): none.
  # propagation (basis2 lemma): none.
  # propagation (aboz lemma): none.
  # propagation (aboz lemma): none.
  # checking: (x72 y72), verified.
  # propagation (linear lemma): none.
  # propagation (binary01 lemma): none.
  # propagation (basis2 lemma): none.
  # propagation (aboz lemma): none.
  # propagation (aboz lemma): none.
  # checking: (x106 y106), verified.
  # propagation (linear lemma): #<set: 85> added.
  # propagation (linear lemma): #<set: 45> added.
  # propagation (linear lemma): #<set: 49 56 46> added.
  # propagation (linear lemma): #<set: 50 52 38 57 93> added.
  # propagation (linear lemma): #<set: 84 53 86 39 42 107 63> added.
  # propagation (linear lemma): #<set: 64 92 94 31 43 59> added.
  # propagation (linear lemma): #<set: 32 70 87 60 35 83> added.
  # propagation (linear lemma): #<set: 66 36 102 71 73 91 110 95> added.
  # propagation (linear lemma): #<set: 82 67 88 74 111 23 103> added.
  # propagation (linear lemma): #<set: 100 90 108 96 112 24 104> added.
  # propagation (linear lemma): #<set: 113 101 105 109 79> added.
  # propagation (linear lemma): #<set: 80 21> added.
  # propagation (linear lemma): #<set: 19 22> added.
  # propagation (linear lemma): #<set: 20> added.
  # propagation (linear lemma): none.
  # propagation (binary01 lemma): none.
  # propagation (basis2 lemma): none.
  # propagation (aboz lemma): none.
  # propagation (aboz lemma): none.
  # propagation (linear lemma): none.
  # propagation (binary01 lemma): none.
  # propagation (basis2 lemma): none.
  # propagation (aboz lemma): none.
  # propagation (aboz lemma): none.
  # checking: (x77 y77), verified.
  # propagation (linear lemma): none.
  # propagation (binary01 lemma): none.
  # propagation (basis2 lemma): none.
  # propagation (aboz lemma): none.
  # propagation (aboz lemma): none.
  # checking: (x17 y17), skip.
  # checking: (x1 y1), skip.
  # checking: (x18 y18), verified.
  # propagation (linear lemma): #<set: 6> added.
  # propagation (linear lemma): #<set: 2> added.
  # propagation (linear lemma): none.
  # propagation (binary01 lemma): none.
  # propagation (basis2 lemma): none.
  # propagation (aboz lemma): none.
  # propagation (aboz lemma): none.
  # propagation (linear lemma): none.
  # propagation (binary01 lemma): none.
  # propagation (basis2 lemma): none.
  # propagation (aboz lemma): none.
  # propagation (aboz lemma): none.
  # checking: (x17 y17), skip.
  # checking: (x5 y5), skip.
  # checking: (x1 y1), skip.
# final unknown set #<set: 5 1 17>.
# weak uniqueness: unknown.
