# r1cs file: ./benchmarks/circomlib-cff5ab6/Poseidon@poseidon.r1cs
# timeout: 5000
# solver: cvc5
# selector: counter
# precondition: ()
# propagation on: #t
# solver on: #t
# smt: #f
# weak: #t
# map: #f
# number of wires: 764
# number of constraints: 761
# field size (how many bytes): 32
# inputs: (0 2 3).
# outputs: (1).
# targets: #<set: 1>.
# parsing original r1cs...
# xlist: (x0 x1 x2 x3 x4 x5 x6 x7 x8 x9 x10 x11 x12 x13 x14 x15 x16 x17 x18 x19 x20 x21 x22 x23 x24 x25 x26 x27 x28 x29 x30 x31 x32 x33 x34 x35 x36 x37 x38 x39 x40 x41 x42 x43 x44 x45 x46 x47 x48 x49 x50 x51 x52 x53 x54 x55 x56 x57 x58 x59 x60 x61 x62 x63 x64 x65 x66 x67 x68 x69 x70 x71 x72 x73 x74 x75 x76 x77 x78 x79 x80 x81 x82 x83 x84 x85 x86 x87 x88 x89 x90 x91 x92 x93 x94 x95 x96 x97 x98 x99 x100 x101 x102 x103 x104 x105 x106 x107 x108 x109 x110 x111 x112 x113 x114 x115 x116 x117 x118 x119 x120 x121 x122 x123 x124 x125 x126 x127 x128 x129 x130 x131 x132 x133 x134 x135 x136 x137 x138 x139 x140 x141 x142 x143 x144 x145 x146 x147 x148 x149 x150 x151 x152 x153 x154 x155 x156 x157 x158 x159 x160 x161 x162 x163 x164 x165 x166 x167 x168 x169 x170 x171 x172 x173 x174 x175 x176 x177 x178 x179 x180 x181 x182 x183 x184 x185 x186 x187 x188 x189 x190 x191 x192 x193 x194 x195 x196 x197 x198 x199 x200 x201 x202 x203 x204 x205 x206 x207 x208 x209 x210 x211 x212 x213 x214 x215 x216 x217 x218 x219 x220 x221 x222 x223 x224 x225 x226 x227 x228 x229 x230 x231 x232 x233 x234 x235 x236 x237 x238 x239 x240 x241 x242 x243 x244 x245 x246 x247 x248 x249 x250 x251 x252 x253 x254 x255 x256 x257 x258 x259 x260 x261 x262 x263 x264 x265 x266 x267 x268 x269 x270 x271 x272 x273 x274 x275 x276 x277 x278 x279 x280 x281 x282 x283 x284 x285 x286 x287 x288 x289 x290 x291 x292 x293 x294 x295 x296 x297 x298 x299 x300 x301 x302 x303 x304 x305 x306 x307 x308 x309 x310 x311 x312 x313 x314 x315 x316 x317 x318 x319 x320 x321 x322 x323 x324 x325 x326 x327 x328 x329 x330 x331 x332 x333 x334 x335 x336 x337 x338 x339 x340 x341 x342 x343 x344 x345 x346 x347 x348 x349 x350 x351 x352 x353 x354 x355 x356 x357 x358 x359 x360 x361 x362 x363 x364 x365 x366 x367 x368 x369 x370 x371 x372 x373 x374 x375 x376 x377 x378 x379 x380 x381 x382 x383 x384 x385 x386 x387 x388 x389 x390 x391 x392 x393 x394 x395 x396 x397 x398 x399 x400 x401 x402 x403 x404 x405 x406 x407 x408 x409 x410 x411 x412 x413 x414 x415 x416 x417 x418 x419 x420 x421 x422 x423 x424 x425 x426 x427 x428 x429 x430 x431 x432 x433 x434 x435 x436 x437 x438 x439 x440 x441 x442 x443 x444 x445 x446 x447 x448 x449 x450 x451 x452 x453 x454 x455 x456 x457 x458 x459 x460 x461 x462 x463 x464 x465 x466 x467 x468 x469 x470 x471 x472 x473 x474 x475 x476 x477 x478 x479 x480 x481 x482 x483 x484 x485 x486 x487 x488 x489 x490 x491 x492 x493 x494 x495 x496 x497 x498 x499 x500 x501 x502 x503 x504 x505 x506 x507 x508 x509 x510 x511 x512 x513 x514 x515 x516 x517 x518 x519 x520 x521 x522 x523 x524 x525 x526 x527 x528 x529 x530 x531 x532 x533 x534 x535 x536 x537 x538 x539 x540 x541 x542 x543 x544 x545 x546 x547 x548 x549 x550 x551 x552 x553 x554 x555 x556 x557 x558 x559 x560 x561 x562 x563 x564 x565 x566 x567 x568 x569 x570 x571 x572 x573 x574 x575 x576 x577 x578 x579 x580 x581 x582 x583 x584 x585 x586 x587 x588 x589 x590 x591 x592 x593 x594 x595 x596 x597 x598 x599 x600 x601 x602 x603 x604 x605 x606 x607 x608 x609 x610 x611 x612 x613 x614 x615 x616 x617 x618 x619 x620 x621 x622 x623 x624 x625 x626 x627 x628 x629 x630 x631 x632 x633 x634 x635 x636 x637 x638 x639 x640 x641 x642 x643 x644 x645 x646 x647 x648 x649 x650 x651 x652 x653 x654 x655 x656 x657 x658 x659 x660 x661 x662 x663 x664 x665 x666 x667 x668 x669 x670 x671 x672 x673 x674 x675 x676 x677 x678 x679 x680 x681 x682 x683 x684 x685 x686 x687 x688 x689 x690 x691 x692 x693 x694 x695 x696 x697 x698 x699 x700 x701 x702 x703 x704 x705 x706 x707 x708 x709 x710 x711 x712 x713 x714 x715 x716 x717 x718 x719 x720 x721 x722 x723 x724 x725 x726 x727 x728 x729 x730 x731 x732 x733 x734 x735 x736 x737 x738 x739 x740 x741 x742 x743 x744 x745 x746 x747 x748 x749 x750 x751 x752 x753 x754 x755 x756 x757 x758 x759 x760 x761 x762 x763).
# alt-xlist (x0 y1 x2 x3 y4 y5 y6 y7 y8 y9 y10 y11 y12 y13 y14 y15 y16 y17 y18 y19 y20 y21 y22 y23 y24 y25 y26 y27 y28 y29 y30 y31 y32 y33 y34 y35 y36 y37 y38 y39 y40 y41 y42 y43 y44 y45 y46 y47 y48 y49 y50 y51 y52 y53 y54 y55 y56 y57 y58 y59 y60 y61 y62 y63 y64 y65 y66 y67 y68 y69 y70 y71 y72 y73 y74 y75 y76 y77 y78 y79 y80 y81 y82 y83 y84 y85 y86 y87 y88 y89 y90 y91 y92 y93 y94 y95 y96 y97 y98 y99 y100 y101 y102 y103 y104 y105 y106 y107 y108 y109 y110 y111 y112 y113 y114 y115 y116 y117 y118 y119 y120 y121 y122 y123 y124 y125 y126 y127 y128 y129 y130 y131 y132 y133 y134 y135 y136 y137 y138 y139 y140 y141 y142 y143 y144 y145 y146 y147 y148 y149 y150 y151 y152 y153 y154 y155 y156 y157 y158 y159 y160 y161 y162 y163 y164 y165 y166 y167 y168 y169 y170 y171 y172 y173 y174 y175 y176 y177 y178 y179 y180 y181 y182 y183 y184 y185 y186 y187 y188 y189 y190 y191 y192 y193 y194 y195 y196 y197 y198 y199 y200 y201 y202 y203 y204 y205 y206 y207 y208 y209 y210 y211 y212 y213 y214 y215 y216 y217 y218 y219 y220 y221 y222 y223 y224 y225 y226 y227 y228 y229 y230 y231 y232 y233 y234 y235 y236 y237 y238 y239 y240 y241 y242 y243 y244 y245 y246 y247 y248 y249 y250 y251 y252 y253 y254 y255 y256 y257 y258 y259 y260 y261 y262 y263 y264 y265 y266 y267 y268 y269 y270 y271 y272 y273 y274 y275 y276 y277 y278 y279 y280 y281 y282 y283 y284 y285 y286 y287 y288 y289 y290 y291 y292 y293 y294 y295 y296 y297 y298 y299 y300 y301 y302 y303 y304 y305 y306 y307 y308 y309 y310 y311 y312 y313 y314 y315 y316 y317 y318 y319 y320 y321 y322 y323 y324 y325 y326 y327 y328 y329 y330 y331 y332 y333 y334 y335 y336 y337 y338 y339 y340 y341 y342 y343 y344 y345 y346 y347 y348 y349 y350 y351 y352 y353 y354 y355 y356 y357 y358 y359 y360 y361 y362 y363 y364 y365 y366 y367 y368 y369 y370 y371 y372 y373 y374 y375 y376 y377 y378 y379 y380 y381 y382 y383 y384 y385 y386 y387 y388 y389 y390 y391 y392 y393 y394 y395 y396 y397 y398 y399 y400 y401 y402 y403 y404 y405 y406 y407 y408 y409 y410 y411 y412 y413 y414 y415 y416 y417 y418 y419 y420 y421 y422 y423 y424 y425 y426 y427 y428 y429 y430 y431 y432 y433 y434 y435 y436 y437 y438 y439 y440 y441 y442 y443 y444 y445 y446 y447 y448 y449 y450 y451 y452 y453 y454 y455 y456 y457 y458 y459 y460 y461 y462 y463 y464 y465 y466 y467 y468 y469 y470 y471 y472 y473 y474 y475 y476 y477 y478 y479 y480 y481 y482 y483 y484 y485 y486 y487 y488 y489 y490 y491 y492 y493 y494 y495 y496 y497 y498 y499 y500 y501 y502 y503 y504 y505 y506 y507 y508 y509 y510 y511 y512 y513 y514 y515 y516 y517 y518 y519 y520 y521 y522 y523 y524 y525 y526 y527 y528 y529 y530 y531 y532 y533 y534 y535 y536 y537 y538 y539 y540 y541 y542 y543 y544 y545 y546 y547 y548 y549 y550 y551 y552 y553 y554 y555 y556 y557 y558 y559 y560 y561 y562 y563 y564 y565 y566 y567 y568 y569 y570 y571 y572 y573 y574 y575 y576 y577 y578 y579 y580 y581 y582 y583 y584 y585 y586 y587 y588 y589 y590 y591 y592 y593 y594 y595 y596 y597 y598 y599 y600 y601 y602 y603 y604 y605 y606 y607 y608 y609 y610 y611 y612 y613 y614 y615 y616 y617 y618 y619 y620 y621 y622 y623 y624 y625 y626 y627 y628 y629 y630 y631 y632 y633 y634 y635 y636 y637 y638 y639 y640 y641 y642 y643 y644 y645 y646 y647 y648 y649 y650 y651 y652 y653 y654 y655 y656 y657 y658 y659 y660 y661 y662 y663 y664 y665 y666 y667 y668 y669 y670 y671 y672 y673 y674 y675 y676 y677 y678 y679 y680 y681 y682 y683 y684 y685 y686 y687 y688 y689 y690 y691 y692 y693 y694 y695 y696 y697 y698 y699 y700 y701 y702 y703 y704 y705 y706 y707 y708 y709 y710 y711 y712 y713 y714 y715 y716 y717 y718 y719 y720 y721 y722 y723 y724 y725 y726 y727 y728 y729 y730 y731 y732 y733 y734 y735 y736 y737 y738 y739 y740 y741 y742 y743 y744 y745 y746 y747 y748 y749 y750 y751 y752 y753 y754 y755 y756 y757 y758 y759 y760 y761 y762 y763).
# parsing alternative r1cs...
# configuring precondition...
# unique: #<set:>.
# initial known-set #<set: 0 2 3>
# initial unknown-set #<set: 256 512 16 272 528 32 288 544 48 304 560 64 320 576 80 336 592 96 352 608 112 368 624 128 384 640 144 400 656 160 416 672 176 432 688 192 448 704 208 464 720 224 480 736 240 496 752 1 257 513 17 273 529 33 289 545 49 305 561 65 321 577 81 337 593 97 353 609 113 369 625 129 385 641 145 401 657 161 417 673 177 433 689 193 449 705 209 465 721 225 481 737 241 497 753 258 514 18 274 530 34 290 546 50 306 562 66 322 578 82 338 594 98 354 610 114 370 626 130 386 642 146 402 658 162 418 674 178 434 690 194 450 706 210 466 722 226 482 738 242 498 754 259 515 19 275 531 35 291 547 51 307 563 67 323 579 83 339 595 99 355 611 115 371 627 131 387 643 147 403 659 163 419 675 179 435 691 195 451 707 211 467 723 227 483 739 243 499 755 4 260 516 20 276 532 36 292 548 52 308 564 68 324 580 84 340 596 100 356 612 116 372 628 132 388 644 148 404 660 164 420 676 180 436 692 196 452 708 212 468 724 228 484 740 244 500 756 5 261 517 21 277 533 37 293 549 53 309 565 69 325 581 85 341 597 101 357 613 117 373 629 133 389 645 149 405 661 165 421 677 181 437 693 197 453 709 213 469 725 229 485 741 245 501 757 6 262 518 22 278 534 38 294 550 54 310 566 70 326 582 86 342 598 102 358 614 118 374 630 134 390 646 150 406 662 166 422 678 182 438 694 198 454 710 214 470 726 230 486 742 246 502 758 7 263 519 23 279 535 39 295 551 55 311 567 71 327 583 87 343 599 103 359 615 119 375 631 135 391 647 151 407 663 167 423 679 183 439 695 199 455 711 215 471 727 231 487 743 247 503 759 8 264 520 24 280 536 40 296 552 56 312 568 72 328 584 88 344 600 104 360 616 120 376 632 136 392 648 152 408 664 168 424 680 184 440 696 200 456 712 216 472 728 232 488 744 248 504 760 9 265 521 25 281 537 41 297 553 57 313 569 73 329 585 89 345 601 105 361 617 121 377 633 137 393 649 153 409 665 169 425 681 185 441 697 201 457 713 217 473 729 233 489 745 249 505 761 10 266 522 26 282 538 42 298 554 58 314 570 74 330 586 90 346 602 106 362 618 122 378 634 138 394 650 154 410 666 170 426 682 186 442 698 202 458 714 218 474 730 234 490 746 250 506 762 11 267 523 27 283 539 43 299 555 59 315 571 75 331 587 91 347 603 107 363 619 123 379 635 139 395 651 155 411 667 171 427 683 187 443 699 203 459 715 219 475 731 235 491 747 251 507 763 12 268 524 28 284 540 44 300 556 60 316 572 76 332 588 92 348 604 108 364 620 124 380 636 140 396 652 156 412 668 172 428 684 188 444 700 204 460 716 220 476 732 236 492 748 252 508 13 269 525 29 285 541 45 301 557 61 317 573 77 333 589 93 349 605 109 365 621 125 381 637 141 397 653 157 413 669 173 429 685 189 445 701 205 461 717 221 477 733 237 493 749 253 509 14 270 526 30 286 542 46 302 558 62 318 574 78 334 590 94 350 606 110 366 622 126 382 638 142 398 654 158 414 670 174 430 686 190 446 702 206 462 718 222 478 734 238 494 750 254 510 15 271 527 31 287 543 47 303 559 63 319 575 79 335 591 95 351 607 111 367 623 127 383 639 143 399 655 159 415 671 175 431 687 191 447 703 207 463 719 223 479 735 239 495 751 255 511>
# refined known-set: #<set: 0 2 3>
# refined unknown-set: #<set: 256 512 16 272 528 32 288 544 48 304 560 64 320 576 80 336 592 96 352 608 112 368 624 128 384 640 144 400 656 160 416 672 176 432 688 192 448 704 208 464 720 224 480 736 240 496 752 1 257 513 17 273 529 33 289 545 49 305 561 65 321 577 81 337 593 97 353 609 113 369 625 129 385 641 145 401 657 161 417 673 177 433 689 193 449 705 209 465 721 225 481 737 241 497 753 258 514 18 274 530 34 290 546 50 306 562 66 322 578 82 338 594 98 354 610 114 370 626 130 386 642 146 402 658 162 418 674 178 434 690 194 450 706 210 466 722 226 482 738 242 498 754 259 515 19 275 531 35 291 547 51 307 563 67 323 579 83 339 595 99 355 611 115 371 627 131 387 643 147 403 659 163 419 675 179 435 691 195 451 707 211 467 723 227 483 739 243 499 755 4 260 516 20 276 532 36 292 548 52 308 564 68 324 580 84 340 596 100 356 612 116 372 628 132 388 644 148 404 660 164 420 676 180 436 692 196 452 708 212 468 724 228 484 740 244 500 756 5 261 517 21 277 533 37 293 549 53 309 565 69 325 581 85 341 597 101 357 613 117 373 629 133 389 645 149 405 661 165 421 677 181 437 693 197 453 709 213 469 725 229 485 741 245 501 757 6 262 518 22 278 534 38 294 550 54 310 566 70 326 582 86 342 598 102 358 614 118 374 630 134 390 646 150 406 662 166 422 678 182 438 694 198 454 710 214 470 726 230 486 742 246 502 758 7 263 519 23 279 535 39 295 551 55 311 567 71 327 583 87 343 599 103 359 615 119 375 631 135 391 647 151 407 663 167 423 679 183 439 695 199 455 711 215 471 727 231 487 743 247 503 759 8 264 520 24 280 536 40 296 552 56 312 568 72 328 584 88 344 600 104 360 616 120 376 632 136 392 648 152 408 664 168 424 680 184 440 696 200 456 712 216 472 728 232 488 744 248 504 760 9 265 521 25 281 537 41 297 553 57 313 569 73 329 585 89 345 601 105 361 617 121 377 633 137 393 649 153 409 665 169 425 681 185 441 697 201 457 713 217 473 729 233 489 745 249 505 761 10 266 522 26 282 538 42 298 554 58 314 570 74 330 586 90 346 602 106 362 618 122 378 634 138 394 650 154 410 666 170 426 682 186 442 698 202 458 714 218 474 730 234 490 746 250 506 762 11 267 523 27 283 539 43 299 555 59 315 571 75 331 587 91 347 603 107 363 619 123 379 635 139 395 651 155 411 667 171 427 683 187 443 699 203 459 715 219 475 731 235 491 747 251 507 763 12 268 524 28 284 540 44 300 556 60 316 572 76 332 588 92 348 604 108 364 620 124 380 636 140 396 652 156 412 668 172 428 684 188 444 700 204 460 716 220 476 732 236 492 748 252 508 13 269 525 29 285 541 45 301 557 61 317 573 77 333 589 93 349 605 109 365 621 125 381 637 141 397 653 157 413 669 173 429 685 189 445 701 205 461 717 221 477 733 237 493 749 253 509 14 270 526 30 286 542 46 302 558 62 318 574 78 334 590 94 350 606 110 366 622 126 382 638 142 398 654 158 414 670 174 430 686 190 446 702 206 462 718 222 478 734 238 494 750 254 510 15 271 527 31 287 543 47 303 559 63 319 575 79 335 591 95 351 607 111 367 623 127 383 639 143 399 655 159 415 671 175 431 687 191 447 703 207 463 719 223 479 735 239 495 751 255 511>
  # propagation (linear lemma): #<set: 7 8 9> added.
  # propagation (linear lemma): #<set: 4 5 6> added.
  # propagation (linear lemma): #<set: 449 441 445> added.
  # propagation (linear lemma): #<set: 450 442 446> added.
  # propagation (linear lemma): #<set: 451 443 447> added.
  # propagation (linear lemma): #<set: 448 440 444> added.
  # propagation (linear lemma): #<set: 13 14 15> added.
  # propagation (linear lemma): #<set: 10 11 12> added.
  # propagation (linear lemma): #<set: 55 56 57> added.
  # propagation (linear lemma): #<set: 52 53 54> added.
  # propagation (linear lemma): #<set: 453 457 461> added.
  # propagation (linear lemma): #<set: 454 458 462> added.
  # propagation (linear lemma): #<set: 455 459 463> added.
  # propagation (linear lemma): #<set: 452 456 460> added.
  # propagation (linear lemma): #<set: 19 20 21> added.
  # propagation (linear lemma): #<set: 16 17 18> added.
  # propagation (linear lemma): #<set: 61 62 63> added.
  # propagation (linear lemma): #<set: 58 59 60> added.
  # propagation (linear lemma): #<set: 465 469 473> added.
  # propagation (linear lemma): #<set: 466 470 474> added.
  # propagation (linear lemma): #<set: 467 471 475> added.
  # propagation (linear lemma): #<set: 464 468 472> added.
  # propagation (linear lemma): #<set: 25 26 27> added.
  # propagation (linear lemma): #<set: 22 23 24> added.
  # propagation (linear lemma): #<set: 67 68 69> added.
  # propagation (linear lemma): #<set: 64 65 66> added.
  # propagation (linear lemma): #<set: 481 485 477> added.
  # propagation (linear lemma): #<set: 482 486 478> added.
  # propagation (linear lemma): #<set: 483 487 479> added.
  # propagation (linear lemma): #<set: 480 484 476> added.
  # propagation (linear lemma): #<set: 32 33 31> added.
  # propagation (linear lemma): #<set: 28 29 30> added.
  # propagation (linear lemma): #<set: 73 74 75> added.
  # propagation (linear lemma): #<set: 70 71 72> added.
  # propagation (linear lemma): #<set: 102 103 537> added.
  # propagation (linear lemma): #<set: 538> added.
  # propagation (linear lemma): #<set: 539> added.
  # propagation (linear lemma): #<set: 536> added.
  # propagation (linear lemma): #<set: 101> added.
  # propagation (linear lemma): #<set: 98 99 100> added.
  # propagation (linear lemma): #<set: 108 541 109> added.
  # propagation (linear lemma): #<set: 542> added.
  # propagation (linear lemma): #<set: 543> added.
  # propagation (linear lemma): #<set: 540> added.
  # propagation (linear lemma): #<set: 107> added.
  # propagation (linear lemma): #<set: 104 105 106> added.
  # propagation (linear lemma): #<set: 545 114 115> added.
  # propagation (linear lemma): #<set: 546> added.
  # propagation (linear lemma): #<set: 547> added.
  # propagation (linear lemma): #<set: 544> added.
  # propagation (linear lemma): #<set: 113> added.
  # propagation (linear lemma): #<set: 112 110 111> added.
  # propagation (linear lemma): #<set: 549 120 121> added.
  # propagation (linear lemma): #<set: 550> added.
  # propagation (linear lemma): #<set: 551> added.
  # propagation (linear lemma): #<set: 548> added.
  # propagation (linear lemma): #<set: 119> added.
  # propagation (linear lemma): #<set: 116 117 118> added.
  # propagation (linear lemma): #<set: 553 126 127> added.
  # propagation (linear lemma): #<set: 554> added.
  # propagation (linear lemma): #<set: 555> added.
  # propagation (linear lemma): #<set: 552> added.
  # propagation (linear lemma): #<set: 125> added.
  # propagation (linear lemma): #<set: 122 123 124> added.
  # propagation (linear lemma): #<set: 132 133 557> added.
  # propagation (linear lemma): #<set: 558> added.
  # propagation (linear lemma): #<set: 559> added.
  # propagation (linear lemma): #<set: 556> added.
  # propagation (linear lemma): #<set: 131> added.
  # propagation (linear lemma): #<set: 128 129 130> added.
  # propagation (linear lemma): #<set: 561 138 139> added.
  # propagation (linear lemma): #<set: 562> added.
  # propagation (linear lemma): #<set: 563> added.
  # propagation (linear lemma): #<set: 560> added.
  # propagation (linear lemma): #<set: 137> added.
  # propagation (linear lemma): #<set: 134 135 136> added.
  # propagation (linear lemma): #<set: 144 145 565> added.
  # propagation (linear lemma): #<set: 566> added.
  # propagation (linear lemma): #<set: 567> added.
  # propagation (linear lemma): #<set: 564> added.
  # propagation (linear lemma): #<set: 143> added.
  # propagation (linear lemma): #<set: 140 141 142> added.
  # propagation (linear lemma): #<set: 150 151 569> added.
  # propagation (linear lemma): #<set: 570> added.
  # propagation (linear lemma): #<set: 571> added.
  # propagation (linear lemma): #<set: 568> added.
  # propagation (linear lemma): #<set: 149> added.
  # propagation (linear lemma): #<set: 146 147 148> added.
  # propagation (linear lemma): #<set: 156 573 157> added.
  # propagation (linear lemma): #<set: 574> added.
  # propagation (linear lemma): #<set: 575> added.
  # propagation (linear lemma): #<set: 572> added.
  # propagation (linear lemma): #<set: 155> added.
  # propagation (linear lemma): #<set: 152 153 154> added.
  # propagation (linear lemma): #<set: 577 162 163> added.
  # propagation (linear lemma): #<set: 578> added.
  # propagation (linear lemma): #<set: 579> added.
  # propagation (linear lemma): #<set: 576> added.
  # propagation (linear lemma): #<set: 161> added.
  # propagation (linear lemma): #<set: 160 158 159> added.
  # propagation (linear lemma): #<set: 581 168 169> added.
  # propagation (linear lemma): #<set: 582> added.
  # propagation (linear lemma): #<set: 583> added.
  # propagation (linear lemma): #<set: 580> added.
  # propagation (linear lemma): #<set: 167> added.
  # propagation (linear lemma): #<set: 164 165 166> added.
  # propagation (linear lemma): #<set: 585 174 175> added.
  # propagation (linear lemma): #<set: 586> added.
  # propagation (linear lemma): #<set: 587> added.
  # propagation (linear lemma): #<set: 584> added.
  # propagation (linear lemma): #<set: 173> added.
  # propagation (linear lemma): #<set: 170 171 172> added.
  # propagation (linear lemma): #<set: 180 181 589> added.
  # propagation (linear lemma): #<set: 590> added.
  # propagation (linear lemma): #<set: 591> added.
  # propagation (linear lemma): #<set: 588> added.
  # propagation (linear lemma): #<set: 179> added.
  # propagation (linear lemma): #<set: 176 177 178> added.
  # propagation (linear lemma): #<set: 593 186 187> added.
  # propagation (linear lemma): #<set: 594> added.
  # propagation (linear lemma): #<set: 595> added.
  # propagation (linear lemma): #<set: 592> added.
  # propagation (linear lemma): #<set: 185> added.
  # propagation (linear lemma): #<set: 182 183 184> added.
  # propagation (linear lemma): #<set: 192 193 597> added.
  # propagation (linear lemma): #<set: 598> added.
  # propagation (linear lemma): #<set: 599> added.
  # propagation (linear lemma): #<set: 596> added.
  # propagation (linear lemma): #<set: 191> added.
  # propagation (linear lemma): #<set: 188 189 190> added.
  # propagation (linear lemma): #<set: 198 199 601> added.
  # propagation (linear lemma): #<set: 602> added.
  # propagation (linear lemma): #<set: 603> added.
  # propagation (linear lemma): #<set: 600> added.
  # propagation (linear lemma): #<set: 197> added.
  # propagation (linear lemma): #<set: 194 195 196> added.
  # propagation (linear lemma): #<set: 204 605 205> added.
  # propagation (linear lemma): #<set: 606> added.
  # propagation (linear lemma): #<set: 607> added.
  # propagation (linear lemma): #<set: 604> added.
  # propagation (linear lemma): #<set: 203> added.
  # propagation (linear lemma): #<set: 200 201 202> added.
  # propagation (linear lemma): #<set: 609 210 211> added.
  # propagation (linear lemma): #<set: 610> added.
  # propagation (linear lemma): #<set: 611> added.
  # propagation (linear lemma): #<set: 608> added.
  # propagation (linear lemma): #<set: 209> added.
  # propagation (linear lemma): #<set: 208 206 207> added.
  # propagation (linear lemma): #<set: 613 216 217> added.
  # propagation (linear lemma): #<set: 614> added.
  # propagation (linear lemma): #<set: 615> added.
  # propagation (linear lemma): #<set: 612> added.
  # propagation (linear lemma): #<set: 215> added.
  # propagation (linear lemma): #<set: 212 213 214> added.
  # propagation (linear lemma): #<set: 617 222 223> added.
  # propagation (linear lemma): #<set: 618> added.
  # propagation (linear lemma): #<set: 619> added.
  # propagation (linear lemma): #<set: 616> added.
  # propagation (linear lemma): #<set: 221> added.
  # propagation (linear lemma): #<set: 218 219 220> added.
  # propagation (linear lemma): #<set: 228 229 621> added.
  # propagation (linear lemma): #<set: 622> added.
  # propagation (linear lemma): #<set: 623> added.
  # propagation (linear lemma): #<set: 620> added.
  # propagation (linear lemma): #<set: 227> added.
  # propagation (linear lemma): #<set: 224 225 226> added.
  # propagation (linear lemma): #<set: 625 234 235> added.
  # propagation (linear lemma): #<set: 626> added.
  # propagation (linear lemma): #<set: 627> added.
  # propagation (linear lemma): #<set: 624> added.
  # propagation (linear lemma): #<set: 233> added.
  # propagation (linear lemma): #<set: 230 231 232> added.
  # propagation (linear lemma): #<set: 240 241 629> added.
  # propagation (linear lemma): #<set: 630> added.
  # propagation (linear lemma): #<set: 631> added.
  # propagation (linear lemma): #<set: 628> added.
  # propagation (linear lemma): #<set: 239> added.
  # propagation (linear lemma): #<set: 236 237 238> added.
  # propagation (linear lemma): #<set: 246 247 633> added.
  # propagation (linear lemma): #<set: 634> added.
  # propagation (linear lemma): #<set: 635> added.
  # propagation (linear lemma): #<set: 632> added.
  # propagation (linear lemma): #<set: 245> added.
  # propagation (linear lemma): #<set: 242 243 244> added.
  # propagation (linear lemma): #<set: 252 637 253> added.
  # propagation (linear lemma): #<set: 638> added.
  # propagation (linear lemma): #<set: 639> added.
  # propagation (linear lemma): #<set: 636> added.
  # propagation (linear lemma): #<set: 251> added.
  # propagation (linear lemma): #<set: 248 249 250> added.
  # propagation (linear lemma): #<set: 641 258 259> added.
  # propagation (linear lemma): #<set: 642> added.
  # propagation (linear lemma): #<set: 643> added.
  # propagation (linear lemma): #<set: 640> added.
  # propagation (linear lemma): #<set: 257> added.
  # propagation (linear lemma): #<set: 256 254 255> added.
  # propagation (linear lemma): #<set: 645 264 265> added.
  # propagation (linear lemma): #<set: 646> added.
  # propagation (linear lemma): #<set: 647> added.
  # propagation (linear lemma): #<set: 644> added.
  # propagation (linear lemma): #<set: 263> added.
  # propagation (linear lemma): #<set: 260 261 262> added.
  # propagation (linear lemma): #<set: 649 270 271> added.
  # propagation (linear lemma): #<set: 650> added.
  # propagation (linear lemma): #<set: 651> added.
  # propagation (linear lemma): #<set: 648> added.
  # propagation (linear lemma): #<set: 269> added.
  # propagation (linear lemma): #<set: 266 267 268> added.
  # propagation (linear lemma): #<set: 276 277 653> added.
  # propagation (linear lemma): #<set: 654> added.
  # propagation (linear lemma): #<set: 655> added.
  # propagation (linear lemma): #<set: 652> added.
  # propagation (linear lemma): #<set: 275> added.
  # propagation (linear lemma): #<set: 272 273 274> added.
  # propagation (linear lemma): #<set: 657 282 283> added.
  # propagation (linear lemma): #<set: 658> added.
  # propagation (linear lemma): #<set: 659> added.
  # propagation (linear lemma): #<set: 656> added.
  # propagation (linear lemma): #<set: 281> added.
  # propagation (linear lemma): #<set: 278 279 280> added.
  # propagation (linear lemma): #<set: 288 289 661> added.
  # propagation (linear lemma): #<set: 662> added.
  # propagation (linear lemma): #<set: 663> added.
  # propagation (linear lemma): #<set: 660> added.
  # propagation (linear lemma): #<set: 287> added.
  # propagation (linear lemma): #<set: 284 285 286> added.
  # propagation (linear lemma): #<set: 294 295 665> added.
  # propagation (linear lemma): #<set: 666> added.
  # propagation (linear lemma): #<set: 667> added.
  # propagation (linear lemma): #<set: 664> added.
  # propagation (linear lemma): #<set: 293> added.
  # propagation (linear lemma): #<set: 290 291 292> added.
  # propagation (linear lemma): #<set: 300 301 669> added.
  # propagation (linear lemma): #<set: 670> added.
  # propagation (linear lemma): #<set: 671> added.
  # propagation (linear lemma): #<set: 668> added.
  # propagation (linear lemma): #<set: 299> added.
  # propagation (linear lemma): #<set: 296 297 298> added.
  # propagation (linear lemma): #<set: 673 306 307> added.
  # propagation (linear lemma): #<set: 674> added.
  # propagation (linear lemma): #<set: 675> added.
  # propagation (linear lemma): #<set: 672> added.
  # propagation (linear lemma): #<set: 305> added.
  # propagation (linear lemma): #<set: 304 302 303> added.
  # propagation (linear lemma): #<set: 677 312 313> added.
  # propagation (linear lemma): #<set: 678> added.
  # propagation (linear lemma): #<set: 679> added.
  # propagation (linear lemma): #<set: 676> added.
  # propagation (linear lemma): #<set: 311> added.
  # propagation (linear lemma): #<set: 308 309 310> added.
  # propagation (linear lemma): #<set: 681 318 319> added.
  # propagation (linear lemma): #<set: 682> added.
  # propagation (linear lemma): #<set: 683> added.
  # propagation (linear lemma): #<set: 680> added.
  # propagation (linear lemma): #<set: 317> added.
  # propagation (linear lemma): #<set: 314 315 316> added.
  # propagation (linear lemma): #<set: 324 325 685> added.
  # propagation (linear lemma): #<set: 686> added.
  # propagation (linear lemma): #<set: 687> added.
  # propagation (linear lemma): #<set: 684> added.
  # propagation (linear lemma): #<set: 323> added.
  # propagation (linear lemma): #<set: 320 321 322> added.
  # propagation (linear lemma): #<set: 689 330 331> added.
  # propagation (linear lemma): #<set: 690> added.
  # propagation (linear lemma): #<set: 691> added.
  # propagation (linear lemma): #<set: 688> added.
  # propagation (linear lemma): #<set: 329> added.
  # propagation (linear lemma): #<set: 326 327 328> added.
  # propagation (linear lemma): #<set: 336 337 693> added.
  # propagation (linear lemma): #<set: 694> added.
  # propagation (linear lemma): #<set: 695> added.
  # propagation (linear lemma): #<set: 692> added.
  # propagation (linear lemma): #<set: 335> added.
  # propagation (linear lemma): #<set: 332 333 334> added.
  # propagation (linear lemma): #<set: 342 343 697> added.
  # propagation (linear lemma): #<set: 698> added.
  # propagation (linear lemma): #<set: 699> added.
  # propagation (linear lemma): #<set: 696> added.
  # propagation (linear lemma): #<set: 341> added.
  # propagation (linear lemma): #<set: 338 339 340> added.
  # propagation (linear lemma): #<set: 348 349 701> added.
  # propagation (linear lemma): #<set: 702> added.
  # propagation (linear lemma): #<set: 703> added.
  # propagation (linear lemma): #<set: 700> added.
  # propagation (linear lemma): #<set: 347> added.
  # propagation (linear lemma): #<set: 344 345 346> added.
  # propagation (linear lemma): #<set: 705 354 355> added.
  # propagation (linear lemma): #<set: 706> added.
  # propagation (linear lemma): #<set: 707> added.
  # propagation (linear lemma): #<set: 704> added.
  # propagation (linear lemma): #<set: 353> added.
  # propagation (linear lemma): #<set: 352 350 351> added.
  # propagation (linear lemma): #<set: 709 360 361> added.
  # propagation (linear lemma): #<set: 710> added.
  # propagation (linear lemma): #<set: 711> added.
  # propagation (linear lemma): #<set: 708> added.
  # propagation (linear lemma): #<set: 359> added.
  # propagation (linear lemma): #<set: 356 357 358> added.
  # propagation (linear lemma): #<set: 713 366 367> added.
  # propagation (linear lemma): #<set: 714> added.
  # propagation (linear lemma): #<set: 715> added.
  # propagation (linear lemma): #<set: 712> added.
  # propagation (linear lemma): #<set: 365> added.
  # propagation (linear lemma): #<set: 362 363 364> added.
  # propagation (linear lemma): #<set: 372 373 717> added.
  # propagation (linear lemma): #<set: 718> added.
  # propagation (linear lemma): #<set: 719> added.
  # propagation (linear lemma): #<set: 716> added.
  # propagation (linear lemma): #<set: 371> added.
  # propagation (linear lemma): #<set: 368 369 370> added.
  # propagation (linear lemma): #<set: 721 378 379> added.
  # propagation (linear lemma): #<set: 722> added.
  # propagation (linear lemma): #<set: 723> added.
  # propagation (linear lemma): #<set: 720> added.
  # propagation (linear lemma): #<set: 377> added.
  # propagation (linear lemma): #<set: 374 375 376> added.
  # propagation (linear lemma): #<set: 384 385 725> added.
  # propagation (linear lemma): #<set: 726> added.
  # propagation (linear lemma): #<set: 727> added.
  # propagation (linear lemma): #<set: 724> added.
  # propagation (linear lemma): #<set: 383> added.
  # propagation (linear lemma): #<set: 380 381 382> added.
  # propagation (linear lemma): #<set: 390 391 729> added.
  # propagation (linear lemma): #<set: 730> added.
  # propagation (linear lemma): #<set: 731> added.
  # propagation (linear lemma): #<set: 728> added.
  # propagation (linear lemma): #<set: 389> added.
  # propagation (linear lemma): #<set: 386 387 388> added.
  # propagation (linear lemma): #<set: 396 397 733> added.
  # propagation (linear lemma): #<set: 734> added.
  # propagation (linear lemma): #<set: 735> added.
  # propagation (linear lemma): #<set: 732> added.
  # propagation (linear lemma): #<set: 395> added.
  # propagation (linear lemma): #<set: 392 393 394> added.
  # propagation (linear lemma): #<set: 737 402 403> added.
  # propagation (linear lemma): #<set: 738> added.
  # propagation (linear lemma): #<set: 739> added.
  # propagation (linear lemma): #<set: 736> added.
  # propagation (linear lemma): #<set: 401> added.
  # propagation (linear lemma): #<set: 400 398 399> added.
  # propagation (linear lemma): #<set: 741 408 409> added.
  # propagation (linear lemma): #<set: 742> added.
  # propagation (linear lemma): #<set: 743> added.
  # propagation (linear lemma): #<set: 740> added.
  # propagation (linear lemma): #<set: 407> added.
  # propagation (linear lemma): #<set: 404 405 406> added.
  # propagation (linear lemma): #<set: 745 414 415> added.
  # propagation (linear lemma): #<set: 746> added.
  # propagation (linear lemma): #<set: 747> added.
  # propagation (linear lemma): #<set: 744> added.
  # propagation (linear lemma): #<set: 413> added.
  # propagation (linear lemma): #<set: 410 411 412> added.
  # propagation (linear lemma): #<set: 420 421 749> added.
  # propagation (linear lemma): #<set: 750> added.
  # propagation (linear lemma): #<set: 751> added.
  # propagation (linear lemma): #<set: 748> added.
  # propagation (linear lemma): #<set: 419> added.
  # propagation (linear lemma): #<set: 416 417 418> added.
  # propagation (linear lemma): #<set: 753 426 427> added.
  # propagation (linear lemma): #<set: 754> added.
  # propagation (linear lemma): #<set: 755> added.
  # propagation (linear lemma): #<set: 752> added.
  # propagation (linear lemma): #<set: 425> added.
  # propagation (linear lemma): #<set: 422 423 424> added.
  # propagation (linear lemma): #<set: 432 433 757> added.
  # propagation (linear lemma): #<set: 758> added.
  # propagation (linear lemma): #<set: 759> added.
  # propagation (linear lemma): #<set: 756> added.
  # propagation (linear lemma): #<set: 431> added.
  # propagation (linear lemma): #<set: 428 429 430> added.
  # propagation (linear lemma): #<set: 438 439 761> added.
  # propagation (linear lemma): #<set: 762> added.
  # propagation (linear lemma): #<set: 763> added.
  # propagation (linear lemma): #<set: 760> added.
  # propagation (linear lemma): #<set: 437> added.
  # propagation (linear lemma): #<set: 434 435 436> added.
  # propagation (linear lemma): #<set: 497 489 493> added.
  # propagation (linear lemma): #<set: 498 490 494> added.
  # propagation (linear lemma): #<set: 499 491 495> added.
  # propagation (linear lemma): #<set: 496 488 492> added.
  # propagation (linear lemma): #<set: 37 38 39> added.
  # propagation (linear lemma): #<set: 34 35 36> added.
  # propagation (linear lemma): #<set: 80 81 79> added.
  # propagation (linear lemma): #<set: 76 77 78> added.
  # propagation (linear lemma): #<set: 501 505 509> added.
  # propagation (linear lemma): #<set: 502 506 510> added.
  # propagation (linear lemma): #<set: 503 507 511> added.
  # propagation (linear lemma): #<set: 500 504 508> added.
  # propagation (linear lemma): #<set: 43 44 45> added.
  # propagation (linear lemma): #<set: 40 41 42> added.
  # propagation (linear lemma): #<set: 85 86 87> added.
  # propagation (linear lemma): #<set: 82 83 84> added.
  # propagation (linear lemma): #<set: 513 517 521> added.
  # propagation (linear lemma): #<set: 514 518 522> added.
  # propagation (linear lemma): #<set: 515 519 523> added.
  # propagation (linear lemma): #<set: 512 516 520> added.
  # propagation (linear lemma): #<set: 49 50 51> added.
  # propagation (linear lemma): #<set: 48 46 47> added.
  # propagation (linear lemma): #<set: 91 92 93> added.
  # propagation (linear lemma): #<set: 88 89 90> added.
  # propagation (linear lemma): #<set: 529 533 525> added.
  # propagation (linear lemma): #<set: 530 534 526> added.
  # propagation (linear lemma): #<set: 531 535 527> added.
  # propagation (linear lemma): #<set: 528 532 524> added.
  # propagation (linear lemma): #<set: 96 97 95> added.
  # propagation (linear lemma): #<set: 94> added.
  # propagation (linear lemma): #<set: 1> added.
  # propagation (linear lemma): none.
  # propagation (binary01 lemma): none.
  # propagation (basis2 lemma): none.
  # propagation (aboz lemma): none.
  # propagation (aboz lemma): none.
  # propagation (linear lemma): none.
  # propagation (binary01 lemma): none.
  # propagation (basis2 lemma): none.
  # propagation (aboz lemma): none.
  # propagation (aboz lemma): none.
# final unknown set #<set:>.
# weak uniqueness: safe.
