=================== AliasCheck@aliascheck.circom: AliasCheck@aliascheck ===================
    compiling...
template instances: 3
non-linear constraints: 262
linear constraints: 259
public inputs: 0
public outputs: 0
private inputs: 254
private outputs: 0
wires: 774
labels: 774
Written successfully: ./benchmarks/circomlib-cff5ab6/AliasCheck@aliascheck.r1cs
Written successfully: ./benchmarks/circomlib-cff5ab6/AliasCheck@aliascheck.sym
Everything went okay, circom safe
=================== AND@gates.circom: AND@gates ===================
    compiling...
template instances: 1
non-linear constraints: 1
linear constraints: 0
public inputs: 0
public outputs: 1
private inputs: 2
private outputs: 0
wires: 4
labels: 4
Written successfully: ./benchmarks/circomlib-cff5ab6/AND@gates.r1cs
Written successfully: ./benchmarks/circomlib-cff5ab6/AND@gates.sym
Everything went okay, circom safe
=================== BabyAdd@babyjub.circom: BabyAdd@babyjub ===================
    compiling...
template instances: 1
non-linear constraints: 6
linear constraints: 0
public inputs: 0
public outputs: 2
private inputs: 4
private outputs: 0
wires: 11
labels: 11
Written successfully: ./benchmarks/circomlib-cff5ab6/BabyAdd@babyjub.r1cs
Written successfully: ./benchmarks/circomlib-cff5ab6/BabyAdd@babyjub.sym
Everything went okay, circom safe
=================== BabyCheck@babyjub.circom: BabyCheck@babyjub ===================
    compiling...
template instances: 1
non-linear constraints: 3
linear constraints: 0
public inputs: 0
public outputs: 0
private inputs: 2
private outputs: 0
wires: 5
labels: 5
Written successfully: ./benchmarks/circomlib-cff5ab6/BabyCheck@babyjub.r1cs
Written successfully: ./benchmarks/circomlib-cff5ab6/BabyCheck@babyjub.sym
Everything went okay, circom safe
=================== BabyDbl@babyjub.circom: BabyDbl@babyjub ===================
    compiling...
template instances: 2
non-linear constraints: 6
linear constraints: 6
public inputs: 0
public outputs: 2
private inputs: 2
private outputs: 0
wires: 15
labels: 15
Written successfully: ./benchmarks/circomlib-cff5ab6/BabyDbl@babyjub.r1cs
Written successfully: ./benchmarks/circomlib-cff5ab6/BabyDbl@babyjub.sym
Everything went okay, circom safe
=================== BabyPbk@babyjub.circom: BabyPbk@babyjub ===================
    compiling...
template instances: 12
non-linear constraints: 3948
linear constraints: 6166
public inputs: 0
public outputs: 2
private inputs: 1
private outputs: 0
wires: 10115
labels: 10115
Written successfully: ./benchmarks/circomlib-cff5ab6/BabyPbk@babyjub.r1cs
Written successfully: ./benchmarks/circomlib-cff5ab6/BabyPbk@babyjub.sym
Everything went okay, circom safe
=================== BinSub@binsub.circom: BinSub@binsub ===================
    compiling...
template instances: 1
non-linear constraints: 3
linear constraints: 1
public inputs: 0
public outputs: 2
private inputs: 4
private outputs: 0
wires: 8
labels: 8
Written successfully: ./benchmarks/circomlib-cff5ab6/BinSub@binsub.r1cs
Written successfully: ./benchmarks/circomlib-cff5ab6/BinSub@binsub.sym
Everything went okay, circom safe
=================== BinSum@binsum.circom: BinSum@binsum ===================
    compiling...
template instances: 1
non-linear constraints: 3
linear constraints: 1
public inputs: 0
public outputs: 3
private inputs: 4
private outputs: 0
wires: 8
labels: 8
Written successfully: ./benchmarks/circomlib-cff5ab6/BinSum@binsum.r1cs
Written successfully: ./benchmarks/circomlib-cff5ab6/BinSum@binsum.sym
Everything went okay, circom safe
=================== BitElementMulAny@escalarmulany.circom: BitElementMulAny@escalarmulany ===================
    compiling...
template instances: 4
non-linear constraints: 9
linear constraints: 15
public inputs: 0
public outputs: 4
private inputs: 5
private outputs: 0
wires: 30
labels: 30
Written successfully: ./benchmarks/circomlib-cff5ab6/BitElementMulAny@escalarmulany.r1cs
Written successfully: ./benchmarks/circomlib-cff5ab6/BitElementMulAny@escalarmulany.sym
Everything went okay, circom safe
=================== Bits2Num_strict@bitify.circom: Bits2Num_strict@bitify ===================
    compiling...
template instances: 5
non-linear constraints: 262
linear constraints: 769
public inputs: 0
public outputs: 1
private inputs: 254
private outputs: 0
wires: 1284
labels: 1284
Written successfully: ./benchmarks/circomlib-cff5ab6/Bits2Num_strict@bitify.r1cs
Written successfully: ./benchmarks/circomlib-cff5ab6/Bits2Num_strict@bitify.sym
Everything went okay, circom safe
=================== Bits2Num@bitify.circom: Bits2Num@bitify ===================
    compiling...
template instances: 1
non-linear constraints: 0
linear constraints: 1
public inputs: 0
public outputs: 1
private inputs: 2
private outputs: 0
wires: 4
labels: 4
Written successfully: ./benchmarks/circomlib-cff5ab6/Bits2Num@bitify.r1cs
Written successfully: ./benchmarks/circomlib-cff5ab6/Bits2Num@bitify.sym
Everything went okay, circom safe
=================== Bits2Point_Strict@pointbits.circom: Bits2Point_Strict@pointbits ===================
    compiling...
template instances: 8
non-linear constraints: 1043
linear constraints: 1546
public inputs: 0
public outputs: 2
private inputs: 256
private outputs: 0
wires: 2838
labels: 2838
Written successfully: ./benchmarks/circomlib-cff5ab6/Bits2Point_Strict@pointbits.r1cs
Written successfully: ./benchmarks/circomlib-cff5ab6/Bits2Point_Strict@pointbits.sym
Everything went okay, circom safe
=================== CompConstant@compconstant.circom: CompConstant@compconstant ===================
    compiling...
template instances: 2
non-linear constraints: 262
linear constraints: 4
public inputs: 0
public outputs: 1
private inputs: 254
private outputs: 0
wires: 520
labels: 520
Written successfully: ./benchmarks/circomlib-cff5ab6/CompConstant@compconstant.r1cs
Written successfully: ./benchmarks/circomlib-cff5ab6/CompConstant@compconstant.sym
Everything went okay, circom safe
=================== Decoder@multiplexer.circom: Decoder@multiplexer ===================
    compiling...
template instances: 1
non-linear constraints: 3
linear constraints: 1
public inputs: 0
public outputs: 3
private inputs: 1
private outputs: 0
wires: 5
labels: 5
Written successfully: ./benchmarks/circomlib-cff5ab6/Decoder@multiplexer.r1cs
Written successfully: ./benchmarks/circomlib-cff5ab6/Decoder@multiplexer.sym
Everything went okay, circom safe
=================== EdDSAMiMCSpongeVerifier@eddsamimcsponge.circom: EdDSAMiMCSpongeVerifier@eddsamimcsponge ===================
    compiling...
template instances: 28
non-linear constraints: 10368
linear constraints: 13948
public inputs: 0
public outputs: 0
private inputs: 7
private outputs: 0
wires: 24315
labels: 24315
Written successfully: ./benchmarks/circomlib-cff5ab6/EdDSAMiMCSpongeVerifier@eddsamimcsponge.r1cs
Written successfully: ./benchmarks/circomlib-cff5ab6/EdDSAMiMCSpongeVerifier@eddsamimcsponge.sym
Everything went okay, circom safe
=================== EdDSAMiMCVerifier@eddsamimc.circom: EdDSAMiMCVerifier@eddsamimc ===================
    compiling...
template instances: 28
non-linear constraints: 8888
linear constraints: 12849
public inputs: 0
public outputs: 0
private inputs: 7
private outputs: 0
wires: 21736
labels: 21736
Written successfully: ./benchmarks/circomlib-cff5ab6/EdDSAMiMCVerifier@eddsamimc.r1cs
Written successfully: ./benchmarks/circomlib-cff5ab6/EdDSAMiMCVerifier@eddsamimc.sym
Everything went okay, circom safe
=================== EdDSAPoseidonVerifier@eddsaposeidon.circom: EdDSAPoseidonVerifier@eddsaposeidon ===================
    compiling...
template instances: 99
non-linear constraints: 7394
linear constraints: 13845
public inputs: 0
public outputs: 0
private inputs: 7
private outputs: 0
wires: 21238
labels: 21238
Written successfully: ./benchmarks/circomlib-cff5ab6/EdDSAPoseidonVerifier@eddsaposeidon.r1cs
Written successfully: ./benchmarks/circomlib-cff5ab6/EdDSAPoseidonVerifier@eddsaposeidon.sym
Everything went okay, circom safe
=================== EdDSAVerifier@eddsa.circom: EdDSAVerifier@eddsa ===================
    compiling...
template instances: 32
non-linear constraints: 16046
linear constraints: 26874
public inputs: 0
public outputs: 0
private inputs: 770
private outputs: 0
wires: 43661
labels: 43661
Written successfully: ./benchmarks/circomlib-cff5ab6/EdDSAVerifier@eddsa.r1cs
Written successfully: ./benchmarks/circomlib-cff5ab6/EdDSAVerifier@eddsa.sym
Everything went okay, circom safe
=================== Edwards2Montgomery@montgomery.circom: Edwards2Montgomery@montgomery ===================
    compiling...
template instances: 1
non-linear constraints: 2
linear constraints: 0
public inputs: 0
public outputs: 2
private inputs: 2
private outputs: 0
wires: 5
labels: 5
Written successfully: ./benchmarks/circomlib-cff5ab6/Edwards2Montgomery@montgomery.r1cs
Written successfully: ./benchmarks/circomlib-cff5ab6/Edwards2Montgomery@montgomery.sym
Everything went okay, circom safe
=================== EscalarMulAny@escalarmulany.circom: EscalarMulAny@escalarmulany ===================
    compiling...
template instances: 10
non-linear constraints: 27
linear constraints: 40
public inputs: 0
public outputs: 2
private inputs: 4
private outputs: 0
wires: 72
labels: 72
Written successfully: ./benchmarks/circomlib-cff5ab6/EscalarMulAny@escalarmulany.r1cs
Written successfully: ./benchmarks/circomlib-cff5ab6/EscalarMulAny@escalarmulany.sym
Everything went okay, circom safe
=================== EscalarProduct@multiplexer.circom: EscalarProduct@multiplexer ===================
    compiling...
template instances: 1
non-linear constraints: 2
linear constraints: 1
public inputs: 0
public outputs: 1
private inputs: 4
private outputs: 0
wires: 8
labels: 8
Written successfully: ./benchmarks/circomlib-cff5ab6/EscalarProduct@multiplexer.r1cs
Written successfully: ./benchmarks/circomlib-cff5ab6/EscalarProduct@multiplexer.sym
Everything went okay, circom safe
=================== ForceEqualIfEnabled@comparators.circom: ForceEqualIfEnabled@comparators ===================
    compiling...
template instances: 2
non-linear constraints: 3
linear constraints: 1
public inputs: 0
public outputs: 0
private inputs: 3
private outputs: 0
wires: 7
labels: 7
Written successfully: ./benchmarks/circomlib-cff5ab6/ForceEqualIfEnabled@comparators.r1cs
Written successfully: ./benchmarks/circomlib-cff5ab6/ForceEqualIfEnabled@comparators.sym
Everything went okay, circom safe
=================== GreaterEqThan@comparators.circom: GreaterEqThan@comparators ===================
    compiling...
template instances: 3
non-linear constraints: 3
linear constraints: 6
public inputs: 0
public outputs: 1
private inputs: 2
private outputs: 0
wires: 11
labels: 11
Written successfully: ./benchmarks/circomlib-cff5ab6/GreaterEqThan@comparators.r1cs
Written successfully: ./benchmarks/circomlib-cff5ab6/GreaterEqThan@comparators.sym
Everything went okay, circom safe
=================== GreaterThan@comparators.circom: GreaterThan@comparators ===================
    compiling...
template instances: 3
non-linear constraints: 3
linear constraints: 6
public inputs: 0
public outputs: 1
private inputs: 2
private outputs: 0
wires: 11
labels: 11
Written successfully: ./benchmarks/circomlib-cff5ab6/GreaterThan@comparators.r1cs
Written successfully: ./benchmarks/circomlib-cff5ab6/GreaterThan@comparators.sym
Everything went okay, circom safe
=================== IsEqual@comparators.circom: IsEqual@comparators ===================
    compiling...
template instances: 2
non-linear constraints: 2
linear constraints: 2
public inputs: 0
public outputs: 1
private inputs: 2
private outputs: 0
wires: 7
labels: 7
Written successfully: ./benchmarks/circomlib-cff5ab6/IsEqual@comparators.r1cs
Written successfully: ./benchmarks/circomlib-cff5ab6/IsEqual@comparators.sym
Everything went okay, circom safe
=================== IsZero@comparators.circom: IsZero@comparators ===================
    compiling...
template instances: 1
non-linear constraints: 2
linear constraints: 0
public inputs: 0
public outputs: 1
private inputs: 1
private outputs: 0
wires: 4
labels: 4
Written successfully: ./benchmarks/circomlib-cff5ab6/IsZero@comparators.r1cs
Written successfully: ./benchmarks/circomlib-cff5ab6/IsZero@comparators.sym
Everything went okay, circom safe
=================== LessEqThan@comparators.circom: LessEqThan@comparators ===================
    compiling...
template instances: 3
non-linear constraints: 3
linear constraints: 6
public inputs: 0
public outputs: 1
private inputs: 2
private outputs: 0
wires: 11
labels: 11
Written successfully: ./benchmarks/circomlib-cff5ab6/LessEqThan@comparators.r1cs
Written successfully: ./benchmarks/circomlib-cff5ab6/LessEqThan@comparators.sym
Everything went okay, circom safe
=================== LessThan@comparators.circom: LessThan@comparators ===================
    compiling...
template instances: 2
non-linear constraints: 3
linear constraints: 3
public inputs: 0
public outputs: 1
private inputs: 2
private outputs: 0
wires: 8
labels: 8
Written successfully: ./benchmarks/circomlib-cff5ab6/LessThan@comparators.r1cs
Written successfully: ./benchmarks/circomlib-cff5ab6/LessThan@comparators.sym
Everything went okay, circom safe
=================== MiMC7@mimc.circom: MiMC7@mimc ===================
    compiling...
template instances: 1
non-linear constraints: 8
linear constraints: 0
public inputs: 0
public outputs: 1
private inputs: 2
private outputs: 0
wires: 11
labels: 11
Written successfully: ./benchmarks/circomlib-cff5ab6/MiMC7@mimc.r1cs
Written successfully: ./benchmarks/circomlib-cff5ab6/MiMC7@mimc.sym
Everything went okay, circom safe
=================== MiMCFeistel@mimcsponge.circom: MiMCFeistel@mimcsponge ===================
    compiling...
template instances: 1
non-linear constraints: 6
linear constraints: 2
public inputs: 0
public outputs: 2
private inputs: 3
private outputs: 0
wires: 12
labels: 12
Written successfully: ./benchmarks/circomlib-cff5ab6/MiMCFeistel@mimcsponge.r1cs
Written successfully: ./benchmarks/circomlib-cff5ab6/MiMCFeistel@mimcsponge.sym
Everything went okay, circom safe
=================== MiMCSponge@mimcsponge.circom: MiMCSponge@mimcsponge ===================
    compiling...
template instances: 2
non-linear constraints: 18
linear constraints: 17
public inputs: 0
public outputs: 2
private inputs: 3
private outputs: 0
wires: 39
labels: 39
Written successfully: ./benchmarks/circomlib-cff5ab6/MiMCSponge@mimcsponge.r1cs
Written successfully: ./benchmarks/circomlib-cff5ab6/MiMCSponge@mimcsponge.sym
Everything went okay, circom safe
=================== Montgomery2Edwards@montgomery.circom: Montgomery2Edwards@montgomery ===================
    compiling...
template instances: 1
non-linear constraints: 2
linear constraints: 0
public inputs: 0
public outputs: 2
private inputs: 2
private outputs: 0
wires: 5
labels: 5
Written successfully: ./benchmarks/circomlib-cff5ab6/Montgomery2Edwards@montgomery.r1cs
Written successfully: ./benchmarks/circomlib-cff5ab6/Montgomery2Edwards@montgomery.sym
Everything went okay, circom safe
=================== MontgomeryAdd@montgomery.circom: MontgomeryAdd@montgomery ===================
    compiling...
template instances: 1
non-linear constraints: 3
linear constraints: 0
public inputs: 0
public outputs: 2
private inputs: 4
private outputs: 0
wires: 8
labels: 8
Written successfully: ./benchmarks/circomlib-cff5ab6/MontgomeryAdd@montgomery.r1cs
Written successfully: ./benchmarks/circomlib-cff5ab6/MontgomeryAdd@montgomery.sym
Everything went okay, circom safe
=================== MontgomeryDouble@montgomery.circom: MontgomeryDouble@montgomery ===================
    compiling...
template instances: 1
non-linear constraints: 4
linear constraints: 0
public inputs: 0
public outputs: 2
private inputs: 2
private outputs: 0
wires: 7
labels: 7
Written successfully: ./benchmarks/circomlib-cff5ab6/MontgomeryDouble@montgomery.r1cs
Written successfully: ./benchmarks/circomlib-cff5ab6/MontgomeryDouble@montgomery.sym
Everything went okay, circom safe
=================== MultiAND@gates.circom: MultiAND@gates ===================
    compiling...
template instances: 2
non-linear constraints: 1
linear constraints: 3
public inputs: 0
public outputs: 1
private inputs: 2
private outputs: 0
wires: 7
labels: 7
Written successfully: ./benchmarks/circomlib-cff5ab6/MultiAND@gates.r1cs
Written successfully: ./benchmarks/circomlib-cff5ab6/MultiAND@gates.sym
Everything went okay, circom safe
=================== MultiMiMC7@mimc.circom: MultiMiMC7@mimc ===================
    compiling...
template instances: 2
non-linear constraints: 16
linear constraints: 8
public inputs: 0
public outputs: 1
private inputs: 3
private outputs: 0
wires: 28
labels: 28
Written successfully: ./benchmarks/circomlib-cff5ab6/MultiMiMC7@mimc.r1cs
Written successfully: ./benchmarks/circomlib-cff5ab6/MultiMiMC7@mimc.sym
Everything went okay, circom safe
=================== MultiMux1@mux1.circom: MultiMux1@mux1 ===================
    compiling...
template instances: 1
non-linear constraints: 2
linear constraints: 0
public inputs: 0
public outputs: 2
private inputs: 5
private outputs: 0
wires: 8
labels: 8
Written successfully: ./benchmarks/circomlib-cff5ab6/MultiMux1@mux1.r1cs
Written successfully: ./benchmarks/circomlib-cff5ab6/MultiMux1@mux1.sym
Everything went okay, circom safe
=================== MultiMux2@mux2.circom: MultiMux2@mux2 ===================
    compiling...
template instances: 1
non-linear constraints: 7
linear constraints: 4
public inputs: 0
public outputs: 2
private inputs: 10
private outputs: 0
wires: 22
labels: 22
Written successfully: ./benchmarks/circomlib-cff5ab6/MultiMux2@mux2.r1cs
Written successfully: ./benchmarks/circomlib-cff5ab6/MultiMux2@mux2.sym
Everything went okay, circom safe
=================== MultiMux3@mux3.circom: MultiMux3@mux3 ===================
    compiling...
template instances: 1
non-linear constraints: 15
linear constraints: 4
public inputs: 0
public outputs: 2
private inputs: 19
private outputs: 0
wires: 39
labels: 39
Written successfully: ./benchmarks/circomlib-cff5ab6/MultiMux3@mux3.r1cs
Written successfully: ./benchmarks/circomlib-cff5ab6/MultiMux3@mux3.sym
Everything went okay, circom safe
=================== MultiMux4@mux4.circom: MultiMux4@mux4 ===================
    compiling...
template instances: 1
non-linear constraints: 34
linear constraints: 4
public inputs: 0
public outputs: 2
private inputs: 36
private outputs: 0
wires: 75
labels: 75
Written successfully: ./benchmarks/circomlib-cff5ab6/MultiMux4@mux4.r1cs
Written successfully: ./benchmarks/circomlib-cff5ab6/MultiMux4@mux4.sym
Everything went okay, circom safe
=================== Multiplexer@multiplexer.circom: Multiplexer@multiplexer ===================
    compiling...
template instances: 3
non-linear constraints: 7
linear constraints: 15
public inputs: 0
public outputs: 2
private inputs: 5
private outputs: 0
wires: 26
labels: 26
Written successfully: ./benchmarks/circomlib-cff5ab6/Multiplexer@multiplexer.r1cs
Written successfully: ./benchmarks/circomlib-cff5ab6/Multiplexer@multiplexer.sym
Everything went okay, circom safe
=================== Multiplexor2@escalarmulany.circom: Multiplexor2@escalarmulany ===================
    compiling...
template instances: 1
non-linear constraints: 2
linear constraints: 0
public inputs: 0
public outputs: 2
private inputs: 5
private outputs: 0
wires: 8
labels: 8
Written successfully: ./benchmarks/circomlib-cff5ab6/Multiplexor2@escalarmulany.r1cs
Written successfully: ./benchmarks/circomlib-cff5ab6/Multiplexor2@escalarmulany.sym
Everything went okay, circom safe
=================== Mux1@mux1.circom: Mux1@mux1 ===================
    compiling...
template instances: 2
non-linear constraints: 1
linear constraints: 4
public inputs: 0
public outputs: 1
private inputs: 3
private outputs: 0
wires: 9
labels: 9
Written successfully: ./benchmarks/circomlib-cff5ab6/Mux1@mux1.r1cs
Written successfully: ./benchmarks/circomlib-cff5ab6/Mux1@mux1.sym
Everything went okay, circom safe
=================== Mux2@mux2.circom: Mux2@mux2 ===================
    compiling...
template instances: 2
non-linear constraints: 4
linear constraints: 9
public inputs: 0
public outputs: 1
private inputs: 6
private outputs: 0
wires: 20
labels: 20
Written successfully: ./benchmarks/circomlib-cff5ab6/Mux2@mux2.r1cs
Written successfully: ./benchmarks/circomlib-cff5ab6/Mux2@mux2.sym
Everything went okay, circom safe
=================== Mux3@mux3.circom: Mux3@mux3 ===================
    compiling...
template instances: 2
non-linear constraints: 8
linear constraints: 14
public inputs: 0
public outputs: 1
private inputs: 11
private outputs: 0
wires: 34
labels: 34
Written successfully: ./benchmarks/circomlib-cff5ab6/Mux3@mux3.r1cs
Written successfully: ./benchmarks/circomlib-cff5ab6/Mux3@mux3.sym
Everything went okay, circom safe
=================== Mux4@mux4.circom: Mux4@mux4 ===================
    compiling...
template instances: 2
non-linear constraints: 19
linear constraints: 23
public inputs: 0
public outputs: 1
private inputs: 20
private outputs: 0
wires: 63
labels: 63
Written successfully: ./benchmarks/circomlib-cff5ab6/Mux4@mux4.r1cs
Written successfully: ./benchmarks/circomlib-cff5ab6/Mux4@mux4.sym
Everything went okay, circom safe
=================== NAND@gates.circom: NAND@gates ===================
    compiling...
template instances: 1
non-linear constraints: 1
linear constraints: 0
public inputs: 0
public outputs: 1
private inputs: 2
private outputs: 0
wires: 4
labels: 4
Written successfully: ./benchmarks/circomlib-cff5ab6/NAND@gates.r1cs
Written successfully: ./benchmarks/circomlib-cff5ab6/NAND@gates.sym
Everything went okay, circom safe
=================== NOR@gates.circom: NOR@gates ===================
    compiling...
template instances: 1
non-linear constraints: 1
linear constraints: 0
public inputs: 0
public outputs: 1
private inputs: 2
private outputs: 0
wires: 4
labels: 4
Written successfully: ./benchmarks/circomlib-cff5ab6/NOR@gates.r1cs
Written successfully: ./benchmarks/circomlib-cff5ab6/NOR@gates.sym
Everything went okay, circom safe
=================== NOT@gates.circom: NOT@gates ===================
    compiling...
template instances: 1
non-linear constraints: 0
linear constraints: 1
public inputs: 0
public outputs: 1
private inputs: 1
private outputs: 0
wires: 3
labels: 3
Written successfully: ./benchmarks/circomlib-cff5ab6/NOT@gates.r1cs
Written successfully: ./benchmarks/circomlib-cff5ab6/NOT@gates.sym
Everything went okay, circom safe
=================== Num2Bits_strict@bitify.circom: Num2Bits_strict@bitify ===================
    compiling...
template instances: 5
non-linear constraints: 516
linear constraints: 769
public inputs: 0
public outputs: 254
private inputs: 1
private outputs: 0
wires: 1284
labels: 1284
Written successfully: ./benchmarks/circomlib-cff5ab6/Num2Bits_strict@bitify.r1cs
Written successfully: ./benchmarks/circomlib-cff5ab6/Num2Bits_strict@bitify.sym
Everything went okay, circom safe
=================== Num2Bits@bitify.circom: Num2Bits@bitify ===================
    compiling...
template instances: 1
non-linear constraints: 2
linear constraints: 1
public inputs: 0
public outputs: 2
private inputs: 1
private outputs: 0
wires: 4
labels: 4
Written successfully: ./benchmarks/circomlib-cff5ab6/Num2Bits@bitify.r1cs
Written successfully: ./benchmarks/circomlib-cff5ab6/Num2Bits@bitify.sym
Everything went okay, circom safe
=================== Num2BitsNeg@bitify.circom: Num2BitsNeg@bitify ===================
    compiling...
template instances: 2
non-linear constraints: 4
linear constraints: 2
public inputs: 0
public outputs: 2
private inputs: 1
private outputs: 0
wires: 7
labels: 7
Written successfully: ./benchmarks/circomlib-cff5ab6/Num2BitsNeg@bitify.r1cs
Written successfully: ./benchmarks/circomlib-cff5ab6/Num2BitsNeg@bitify.sym
Everything went okay, circom safe
=================== OR@gates.circom: OR@gates ===================
    compiling...
template instances: 1
non-linear constraints: 1
linear constraints: 0
public inputs: 0
public outputs: 1
private inputs: 2
private outputs: 0
wires: 4
labels: 4
Written successfully: ./benchmarks/circomlib-cff5ab6/OR@gates.r1cs
Written successfully: ./benchmarks/circomlib-cff5ab6/OR@gates.sym
Everything went okay, circom safe
=================== Pedersen@pedersen_old.circom: Pedersen@pedersen_old ===================
    compiling...
template instances: 5
non-linear constraints: 40
linear constraints: 60
public inputs: 0
public outputs: 2
private inputs: 2
private outputs: 0
wires: 103
labels: 103
Written successfully: ./benchmarks/circomlib-cff5ab6/Pedersen@pedersen_old.r1cs
Written successfully: ./benchmarks/circomlib-cff5ab6/Pedersen@pedersen_old.sym
Everything went okay, circom safe
=================== Pedersen@pedersen.circom: Pedersen@pedersen ===================
    compiling...
template instances: 8
non-linear constraints: 42
linear constraints: 72
public inputs: 0
public outputs: 2
private inputs: 2
private outputs: 0
wires: 117
labels: 117
Written successfully: ./benchmarks/circomlib-cff5ab6/Pedersen@pedersen.r1cs
Written successfully: ./benchmarks/circomlib-cff5ab6/Pedersen@pedersen.sym
Everything went okay, circom safe
=================== Point2Bits_Strict@pointbits.circom: Point2Bits_Strict@pointbits ===================
    compiling...
template instances: 6
non-linear constraints: 1294
linear constraints: 1544
public inputs: 0
public outputs: 256
private inputs: 2
private outputs: 0
wires: 2834
labels: 2834
Written successfully: ./benchmarks/circomlib-cff5ab6/Point2Bits_Strict@pointbits.r1cs
Written successfully: ./benchmarks/circomlib-cff5ab6/Point2Bits_Strict@pointbits.sym
Everything went okay, circom safe
=================== Poseidon@poseidon.circom: Poseidon@poseidon ===================
    compiling...
template instances: 70
non-linear constraints: 243
linear constraints: 518
public inputs: 0
public outputs: 1
private inputs: 2
private outputs: 0
wires: 764
labels: 764
Written successfully: ./benchmarks/circomlib-cff5ab6/Poseidon@poseidon.r1cs
Written successfully: ./benchmarks/circomlib-cff5ab6/Poseidon@poseidon.sym
Everything went okay, circom safe
=================== Segment@pedersen.circom: Segment@pedersen ===================
    compiling...
template instances: 7
non-linear constraints: 91
linear constraints: 130
public inputs: 0
public outputs: 2
private inputs: 10
private outputs: 0
wires: 232
labels: 232
Written successfully: ./benchmarks/circomlib-cff5ab6/Segment@pedersen.r1cs
Written successfully: ./benchmarks/circomlib-cff5ab6/Segment@pedersen.sym
Everything went okay, circom safe
=================== SegmentMulAny@escalarmulany.circom: SegmentMulAny@escalarmulany ===================
    compiling...
template instances: 8
non-linear constraints: 21
linear constraints: 37
public inputs: 0
public outputs: 4
private inputs: 4
private outputs: 0
wires: 63
labels: 63
Written successfully: ./benchmarks/circomlib-cff5ab6/SegmentMulAny@escalarmulany.r1cs
Written successfully: ./benchmarks/circomlib-cff5ab6/SegmentMulAny@escalarmulany.sym
Everything went okay, circom safe
=================== SegmentMulFix@escalarmulfix.circom: SegmentMulFix@escalarmulfix ===================
    compiling...
template instances: 8
non-linear constraints: 102
linear constraints: 148
public inputs: 0
public outputs: 4
private inputs: 8
private outputs: 0
wires: 259
labels: 259
Written successfully: ./benchmarks/circomlib-cff5ab6/SegmentMulFix@escalarmulfix.r1cs
Written successfully: ./benchmarks/circomlib-cff5ab6/SegmentMulFix@escalarmulfix.sym
Everything went okay, circom safe
=================== Sigma@poseidon.circom: Sigma@poseidon ===================
    compiling...
template instances: 1
non-linear constraints: 3
linear constraints: 0
public inputs: 0
public outputs: 1
private inputs: 1
private outputs: 0
wires: 5
labels: 5
Written successfully: ./benchmarks/circomlib-cff5ab6/Sigma@poseidon.r1cs
Written successfully: ./benchmarks/circomlib-cff5ab6/Sigma@poseidon.sym
Everything went okay, circom safe
=================== Sign@sign.circom: Sign@sign ===================
    compiling...
template instances: 3
non-linear constraints: 262
linear constraints: 259
public inputs: 0
public outputs: 1
private inputs: 254
private outputs: 0
wires: 775
labels: 775
Written successfully: ./benchmarks/circomlib-cff5ab6/Sign@sign.r1cs
Written successfully: ./benchmarks/circomlib-cff5ab6/Sign@sign.sym
Everything went okay, circom safe
=================== Switcher@switcher.circom: Switcher@switcher ===================
    compiling...
template instances: 1
non-linear constraints: 1
linear constraints: 2
public inputs: 0
public outputs: 2
private inputs: 3
private outputs: 0
wires: 7
labels: 7
Written successfully: ./benchmarks/circomlib-cff5ab6/Switcher@switcher.r1cs
Written successfully: ./benchmarks/circomlib-cff5ab6/Switcher@switcher.sym
Everything went okay, circom safe
=================== Window4@pedersen.circom: Window4@pedersen ===================
    compiling...
template instances: 4
non-linear constraints: 38
linear constraints: 52
public inputs: 0
public outputs: 4
private inputs: 6
private outputs: 0
wires: 97
labels: 97
Written successfully: ./benchmarks/circomlib-cff5ab6/Window4@pedersen.r1cs
Written successfully: ./benchmarks/circomlib-cff5ab6/Window4@pedersen.sym
Everything went okay, circom safe
=================== WindowMulFix@escalarmulfix.circom: WindowMulFix@escalarmulfix ===================
    compiling...
template instances: 4
non-linear constraints: 37
linear constraints: 53
public inputs: 0
public outputs: 4
private inputs: 5
private outputs: 0
wires: 96
labels: 96
Written successfully: ./benchmarks/circomlib-cff5ab6/WindowMulFix@escalarmulfix.r1cs
Written successfully: ./benchmarks/circomlib-cff5ab6/WindowMulFix@escalarmulfix.sym
Everything went okay, circom safe
=================== XOR@gates.circom: XOR@gates ===================
    compiling...
template instances: 1
non-linear constraints: 1
linear constraints: 0
public inputs: 0
public outputs: 1
private inputs: 2
private outputs: 0
wires: 4
labels: 4
Written successfully: ./benchmarks/circomlib-cff5ab6/XOR@gates.r1cs
Written successfully: ./benchmarks/circomlib-cff5ab6/XOR@gates.sym
Everything went okay, circom safe
