
=================== checking: Bits2Num_strict@bitify@circomlib.r1cs ===================
====   start: 2024-06-06 09:05:12.105046
====     end: 2024-06-06 09:05:17.334293
==== elapsed: 5.229236 seconds
=================== checking: Sign@sign@circomlib.r1cs ===================
====   start: 2024-06-06 09:05:17.334399
====     end: 2024-06-06 09:05:22.212284
==== elapsed: 4.877881 seconds
=================== checking: Num2Bits@bitify@circomlib_16.r1cs ===================
====   start: 2024-06-06 09:05:22.212394
====     end: 2024-06-06 09:05:26.839800
==== elapsed: 4.627403 seconds
=================== checking: Multiplexor2@escalarmulany@circomlib.r1cs ===================
====   start: 2024-06-06 09:05:26.839911
====     end: 2024-06-06 09:05:31.617320
==== elapsed: 4.777405 seconds
=================== checking: LessEqThan@comparators@circomlib_32.r1cs ===================
====   start: 2024-06-06 09:05:31.617424
====     end: 2024-06-06 09:05:36.343754
==== elapsed: 4.726327 seconds
=================== checking: Bits2Point_Strict@pointbits@circomlib.r1cs ===================
====   start: 2024-06-06 09:05:36.343857
Timeout expired after 600 seconds
====     end: 2024-06-06 09:15:36.345138
==== elapsed: 600.001277 seconds
=================== checking: Num2BitsNeg@bitify@circomlib_8.r1cs ===================
====   start: 2024-06-06 09:15:36.345236
====     end: 2024-06-06 09:16:43.542320
==== elapsed: 67.197082 seconds
=================== checking: LessEqThan@comparators@circomlib_8.r1cs ===================
====   start: 2024-06-06 09:16:43.542435
====     end: 2024-06-06 09:16:47.969212
==== elapsed: 4.426773 seconds
=================== checking: BinSum@binsum@circomlib_32_2.r1cs ===================
====   start: 2024-06-06 09:16:47.969293
====     end: 2024-06-06 09:19:39.213176
==== elapsed: 171.243882 seconds
=================== checking: Mux2@mux2@circomlib.r1cs ===================
====   start: 2024-06-06 09:19:39.213281
====     end: 2024-06-06 09:19:44.341528
==== elapsed: 5.128244 seconds
=================== checking: GreaterThan@comparators@circomlib_8.r1cs ===================
====   start: 2024-06-06 09:19:44.341632
====     end: 2024-06-06 09:19:48.868469
==== elapsed: 4.526831 seconds
=================== checking: WindowMulFix@escalarmulfix@circomlib.r1cs ===================
====   start: 2024-06-06 09:19:48.868572
====     end: 2024-06-06 09:25:30.442515
==== elapsed: 341.57394 seconds
=================== checking: BabyCheck@babyjub@circomlib.r1cs ===================
====   start: 2024-06-06 09:25:30.442612
====     end: 2024-06-06 09:25:35.471104
==== elapsed: 5.028489 seconds
=================== checking: Sigma@poseidon@circomlib.r1cs ===================
====   start: 2024-06-06 09:25:35.471213
====     end: 2024-06-06 09:25:40.198260
==== elapsed: 4.727045 seconds
=================== checking: Mux4@mux4@circomlib.r1cs ===================
====   start: 2024-06-06 09:25:40.198365
====     end: 2024-06-06 09:25:44.975300
==== elapsed: 4.776932 seconds
=================== checking: Num2Bits_strict@bitify@circomlib.r1cs ===================
====   start: 2024-06-06 09:25:44.975408
====     end: 2024-06-06 09:25:50.755826
==== elapsed: 5.780415 seconds
=================== checking: EdDSAMiMCSpongeVerifier@eddsamimcsponge@circomlib.r1cs ===================
====   start: 2024-06-06 09:25:50.755932
Timeout expired after 600 seconds
====     end: 2024-06-06 09:35:50.757030
==== elapsed: 600.001095 seconds
=================== checking: Num2Bits@bitify@circomlib_253.r1cs ===================
====   start: 2024-06-06 09:35:50.757165
====     end: 2024-06-06 09:35:55.528510
==== elapsed: 4.77134 seconds
=================== checking: MontgomeryDouble@montgomery@circomlib.r1cs ===================
====   start: 2024-06-06 09:35:55.528634
====     end: 2024-06-06 09:36:00.550243
==== elapsed: 5.021605 seconds
=================== checking: Num2Bits@bitify@circomlib_8.r1cs ===================
====   start: 2024-06-06 09:36:00.550347
====     end: 2024-06-06 09:36:05.271610
==== elapsed: 4.721259 seconds
=================== checking: ForceEqualIfEnabled@comparators@circomlib.r1cs ===================
====   start: 2024-06-06 09:36:05.271714
====     end: 2024-06-06 09:36:10.098619
==== elapsed: 4.826903 seconds
=================== checking: Mux1@mux1@circomlib.r1cs ===================
====   start: 2024-06-06 09:36:10.098726
====     end: 2024-06-06 09:36:14.876469
==== elapsed: 4.777739 seconds
=================== checking: NAND@gates@circomlib.r1cs ===================
====   start: 2024-06-06 09:36:14.876575
====     end: 2024-06-06 09:36:19.454191
==== elapsed: 4.577612 seconds
=================== checking: SMTProcessorLevel@smtprocessorlevel@circomlib.r1cs ===================
====   start: 2024-06-06 09:36:19.454296
====     end: 2024-06-06 09:36:49.949881
==== elapsed: 30.49558 seconds
=================== checking: Pedersen@pedersen@circomlib_254.r1cs ===================
====   start: 2024-06-06 09:36:49.949947
Timeout expired after 600 seconds
====     end: 2024-06-06 09:46:49.950668
==== elapsed: 600.000721 seconds
=================== checking: Num2Bits@bitify@circomlib_64.r1cs ===================
====   start: 2024-06-06 09:46:49.950767
====     end: 2024-06-06 09:46:54.778899
==== elapsed: 4.828126 seconds
=================== checking: GreaterEqThan@comparators@circomlib_16.r1cs ===================
====   start: 2024-06-06 09:46:54.778958
====     end: 2024-06-06 09:46:59.606474
==== elapsed: 4.827518 seconds
=================== checking: MontgomeryAdd@montgomery@circomlib.r1cs ===================
====   start: 2024-06-06 09:46:59.606582
====     end: 2024-06-06 09:47:04.884349
==== elapsed: 5.277763 seconds
=================== checking: Num2BitsNeg@bitify@circomlib_16.r1cs ===================
====   start: 2024-06-06 09:47:04.884457
====     end: 2024-06-06 09:48:39.950706
==== elapsed: 95.066247 seconds
=================== checking: Num2Bits@bitify@circomlib_32.r1cs ===================
====   start: 2024-06-06 09:48:39.950815
====     end: 2024-06-06 09:48:44.627626
==== elapsed: 4.676808 seconds
=================== checking: Bits2Num@bitify@circomlib_128.r1cs ===================
====   start: 2024-06-06 09:48:44.627733
====     end: 2024-06-06 09:48:49.553683
==== elapsed: 4.925946 seconds
=================== checking: Edwards2Montgomery@montgomery@circomlib.r1cs ===================
====   start: 2024-06-06 09:48:49.553789
====     end: 2024-06-06 09:48:54.581876
==== elapsed: 5.028086 seconds
=================== checking: Pedersen@pedersen@circomlib_128.r1cs ===================
====   start: 2024-06-06 09:48:54.581983
Timeout expired after 600 seconds
====     end: 2024-06-06 09:58:54.582949
==== elapsed: 600.000963 seconds
=================== checking: Pedersen@pedersen@circomlib_32.r1cs ===================
====   start: 2024-06-06 09:58:54.583048
Timeout expired after 600 seconds
====     end: 2024-06-06 10:08:54.584304
==== elapsed: 600.001252 seconds
=================== checking: BinSub@binsub@circomlib_16.r1cs ===================
====   start: 2024-06-06 10:08:54.584402
====     end: 2024-06-06 10:10:25.118773
==== elapsed: 90.534369 seconds
=================== checking: Pedersen@pedersen_old@circomlib_64.r1cs ===================
====   start: 2024-06-06 10:10:25.118883
Timeout expired after 600 seconds
====     end: 2024-06-06 10:20:25.119874
==== elapsed: 600.000988 seconds
=================== checking: Pedersen@pedersen_old@circomlib_8.r1cs ===================
====   start: 2024-06-06 10:20:25.119972
====     end: 2024-06-06 10:21:28.159983
==== elapsed: 63.040008 seconds
=================== checking: BitElementMulAny@escalarmulany@circomlib.r1cs ===================
====   start: 2024-06-06 10:21:28.160104
====     end: 2024-06-06 10:22:53.755033
==== elapsed: 85.594925 seconds
=================== checking: BabyDbl@babyjub@circomlib.r1cs ===================
====   start: 2024-06-06 10:22:53.755118
====     end: 2024-06-06 10:22:58.879790
==== elapsed: 5.124671 seconds
=================== checking: GreaterEqThan@comparators@circomlib_32.r1cs ===================
====   start: 2024-06-06 10:22:58.879997
====     end: 2024-06-06 10:23:04.154503
==== elapsed: 5.274497 seconds
=================== checking: Pedersen@pedersen_old@circomlib_256.r1cs ===================
====   start: 2024-06-06 10:23:04.154562
Timeout expired after 600 seconds
====     end: 2024-06-06 10:33:04.155522
==== elapsed: 600.000962 seconds
=================== checking: Pedersen@pedersen@circomlib_16.r1cs ===================
====   start: 2024-06-06 10:33:04.155621
Timeout expired after 600 seconds
====     end: 2024-06-06 10:43:04.156820
==== elapsed: 600.001198 seconds
=================== checking: AND@gates@circomlib.r1cs ===================
====   start: 2024-06-06 10:43:04.156919
====     end: 2024-06-06 10:43:09.386521
==== elapsed: 5.229598 seconds
=================== checking: Bits2Num@bitify@circomlib_254.r1cs ===================
====   start: 2024-06-06 10:43:09.386630
====     end: 2024-06-06 10:43:14.917136
==== elapsed: 5.530501 seconds
=================== checking: XOR@gates@circomlib.r1cs ===================
====   start: 2024-06-06 10:43:14.917240
====     end: 2024-06-06 10:43:20.095316
==== elapsed: 5.178073 seconds
=================== checking: Bits2Num@bitify@circomlib_64.r1cs ===================
====   start: 2024-06-06 10:43:20.095425
====     end: 2024-06-06 10:43:25.171436
==== elapsed: 5.076009 seconds
=================== checking: Bits2Num@bitify@circomlib_256.r1cs ===================
====   start: 2024-06-06 10:43:25.171544
====     end: 2024-06-06 10:43:30.093456
==== elapsed: 4.921906 seconds
=================== checking: IsZero@comparators@circomlib.r1cs ===================
====   start: 2024-06-06 10:43:30.093563
====     end: 2024-06-06 10:43:35.216242
==== elapsed: 5.122675 seconds
=================== checking: Num2Bits@bitify@circomlib_1.r1cs ===================
====   start: 2024-06-06 10:43:35.216353
====     end: 2024-06-06 10:43:40.538789
==== elapsed: 5.322433 seconds
=================== checking: SMTHash1@smthash_poseidon@circomlib.r1cs ===================
====   start: 2024-06-06 10:43:40.538898
====     end: 2024-06-06 10:43:57.748101
==== elapsed: 17.209201 seconds
=================== checking: EdDSAMiMCVerifier@eddsamimc@circomlib.r1cs ===================
====   start: 2024-06-06 10:43:57.748250
Timeout expired after 600 seconds
====     end: 2024-06-06 10:53:57.749699
==== elapsed: 600.001439 seconds
=================== checking: Num2BitsNeg@bitify@circomlib_253.r1cs ===================
====   start: 2024-06-06 10:53:57.749797
Timeout expired after 600 seconds
====     end: 2024-06-06 11:03:57.750887
==== elapsed: 600.001087 seconds
=================== checking: NOR@gates@circomlib.r1cs ===================
====   start: 2024-06-06 11:03:57.750986
====     end: 2024-06-06 11:04:03.280546
==== elapsed: 5.529555 seconds
=================== checking: BabyPbk@babyjub@circomlib.r1cs ===================
====   start: 2024-06-06 11:04:03.280611
Timeout expired after 600 seconds
====     end: 2024-06-06 11:14:03.281240
==== elapsed: 600.000631 seconds
=================== checking: Main@main@circomlib.r1cs ===================
====   start: 2024-06-06 11:14:03.281338
Timeout expired after 600 seconds
====     end: 2024-06-06 11:24:03.282548
==== elapsed: 600.001206 seconds
=================== checking: GreaterEqThan@comparators@circomlib_8.r1cs ===================
====   start: 2024-06-06 11:24:03.282649
====     end: 2024-06-06 11:24:08.411769
==== elapsed: 5.129117 seconds
=================== checking: Mux3@mux3@circomlib.r1cs ===================
====   start: 2024-06-06 11:24:08.411881
====     end: 2024-06-06 11:24:13.540061
==== elapsed: 5.128176 seconds
=================== checking: Pedersen@pedersen_old@circomlib_32.r1cs ===================
====   start: 2024-06-06 11:24:13.540170
====     end: 2024-06-06 11:32:06.560196
==== elapsed: 473.020022 seconds
=================== checking: SigmaPlus@sigmaplus@circomlib.r1cs ===================
====   start: 2024-06-06 11:32:06.560306
====     end: 2024-06-06 11:37:48.863694
==== elapsed: 342.303384 seconds
=================== checking: Pedersen@pedersen@circomlib_256.r1cs ===================
====   start: 2024-06-06 11:37:48.863799
Timeout expired after 600 seconds
====     end: 2024-06-06 11:47:48.864982
==== elapsed: 600.001179 seconds
=================== checking: Pedersen@pedersen_old@circomlib_16.r1cs ===================
====   start: 2024-06-06 11:47:48.865081
====     end: 2024-06-06 11:51:36.415822
==== elapsed: 227.550738 seconds
=================== checking: Pedersen@pedersen@circomlib_1.r1cs ===================
====   start: 2024-06-06 11:51:36.415934
====     end: 2024-06-06 11:51:50.768345
==== elapsed: 14.352406 seconds
=================== checking: Bits2Num@bitify@circomlib_16.r1cs ===================
====   start: 2024-06-06 11:51:50.768415
====     end: 2024-06-06 11:51:55.791740
==== elapsed: 5.023323 seconds
=================== checking: Switcher@switcher@circomlib.r1cs ===================
====   start: 2024-06-06 11:51:55.791805
====     end: 2024-06-06 11:52:00.915426
==== elapsed: 5.123621 seconds
=================== checking: SMTHash2@smthash_mimc@circomlib.r1cs ===================
====   start: 2024-06-06 11:52:00.915501
====     end: 2024-06-06 11:52:11.710417
==== elapsed: 10.794919 seconds
=================== checking: SMTHash1@smthash_mimc@circomlib.r1cs ===================
====   start: 2024-06-06 11:52:11.710531
====     end: 2024-06-06 11:52:23.155098
==== elapsed: 11.444562 seconds
=================== checking: Bits2Num@bitify@circomlib_32.r1cs ===================
====   start: 2024-06-06 11:52:23.155158
====     end: 2024-06-06 11:52:27.982543
==== elapsed: 4.827386 seconds
=================== checking: SMTHash2@smthash_poseidon@circomlib.r1cs ===================
====   start: 2024-06-06 11:52:27.982650
====     end: 2024-06-06 11:52:39.878196
==== elapsed: 11.895543 seconds
=================== checking: AliasCheck@aliascheck@circomlib.r1cs ===================
====   start: 2024-06-06 11:52:39.878301
====     end: 2024-06-06 11:52:44.805607
==== elapsed: 4.927303 seconds
=================== checking: T1@t1@circomlib.r1cs ===================
====   start: 2024-06-06 11:52:44.805715
====     end: 2024-06-06 11:58:32.687073
==== elapsed: 347.881353 seconds
=================== checking: GreaterThan@comparators@circomlib_32.r1cs ===================
====   start: 2024-06-06 11:58:32.687134
====     end: 2024-06-06 11:58:38.066256
==== elapsed: 5.379124 seconds
=================== checking: Pedersen@pedersen_old@circomlib_128.r1cs ===================
====   start: 2024-06-06 11:58:38.066348
Timeout expired after 600 seconds
====     end: 2024-06-06 12:08:38.067527
==== elapsed: 600.001178 seconds
=================== checking: LessEqThan@comparators@circomlib_16.r1cs ===================
====   start: 2024-06-06 12:08:38.067624
====     end: 2024-06-06 12:08:43.747314
==== elapsed: 5.679688 seconds
=================== checking: Num2Bits@bitify@circomlib_256.r1cs ===================
====   start: 2024-06-06 12:08:43.747425
Timeout expired after 600 seconds
====     end: 2024-06-06 12:18:43.748930
==== elapsed: 600.001502 seconds
=================== checking: Bits2Num@bitify@circomlib_253.r1cs ===================
====   start: 2024-06-06 12:18:43.749028
====     end: 2024-06-06 12:18:48.926252
==== elapsed: 5.177221 seconds
=================== checking: SMTVerifierLevel@smtverifierlevel@circomlib.r1cs ===================
====   start: 2024-06-06 12:18:48.926370
====     end: 2024-06-06 12:19:00.469220
==== elapsed: 11.542847 seconds
=================== checking: Num2BitsNeg@bitify@circomlib_64.r1cs ===================
====   start: 2024-06-06 12:19:00.469337
====     end: 2024-06-06 12:24:39.355973
==== elapsed: 338.886631 seconds
=================== checking: Point2Bits_Strict@pointbits@circomlib.r1cs ===================
====   start: 2024-06-06 12:24:39.356079
====     end: 2024-06-06 12:24:50.135800
==== elapsed: 10.779718 seconds
=================== checking: Pedersen@pedersen@circomlib_253.r1cs ===================
====   start: 2024-06-06 12:24:50.136008
Timeout expired after 600 seconds
====     end: 2024-06-06 12:34:50.137213
==== elapsed: 600.001198 seconds
=================== checking: Num2BitsNeg@bitify@circomlib_32.r1cs ===================
====   start: 2024-06-06 12:34:50.137314
====     end: 2024-06-06 12:37:46.174570
==== elapsed: 176.037252 seconds
=================== checking: Num2Bits@bitify@circomlib_128.r1cs ===================
====   start: 2024-06-06 12:37:46.174682
====     end: 2024-06-06 12:37:50.901028
==== elapsed: 4.726343 seconds
=================== checking: Point2Bits@pointbits@circomlib.r1cs ===================
====   start: 2024-06-06 12:37:50.901141
====     end: 2024-06-06 12:37:55.779172
==== elapsed: 4.878027 seconds
=================== checking: Window4@pedersen@circomlib.r1cs ===================
====   start: 2024-06-06 12:37:55.779283
====     end: 2024-06-06 12:43:38.216467
==== elapsed: 342.43718 seconds
=================== checking: Pedersen@pedersen@circomlib_8.r1cs ===================
====   start: 2024-06-06 12:43:38.216577
Timeout expired after 600 seconds
====     end: 2024-06-06 12:53:38.217864
==== elapsed: 600.001283 seconds
=================== checking: NOT@gates@circomlib.r1cs ===================
====   start: 2024-06-06 12:53:38.217966
====     end: 2024-06-06 12:53:43.397246
==== elapsed: 5.179274 seconds
=================== checking: Pedersen@pedersen_old@circomlib_253.r1cs ===================
====   start: 2024-06-06 12:53:43.397307
Timeout expired after 600 seconds
====     end: 2024-06-06 13:03:43.398243
==== elapsed: 600.000939 seconds
=================== checking: Pedersen@pedersen@circomlib_64.r1cs ===================
====   start: 2024-06-06 13:03:43.398343
Timeout expired after 600 seconds
====     end: 2024-06-06 13:13:43.399693
==== elapsed: 600.001346 seconds
=================== checking: SMTVerifierSM@smtverifiersm@circomlib.r1cs ===================
====   start: 2024-06-06 13:13:43.399797
====     end: 2024-06-06 13:13:48.328098
==== elapsed: 4.928296 seconds
=================== checking: Num2BitsNeg@bitify@circomlib_128.r1cs ===================
====   start: 2024-06-06 13:13:48.328160
Timeout expired after 600 seconds
====     end: 2024-06-06 13:23:48.329030
==== elapsed: 600.000873 seconds
=================== checking: Bits2Point@pointbits@circomlib.r1cs ===================
====   start: 2024-06-06 13:23:48.329145
====     end: 2024-06-06 13:23:53.604538
==== elapsed: 5.275386 seconds
=================== checking: Pedersen@pedersen_old@circomlib_1.r1cs ===================
====   start: 2024-06-06 13:23:53.604667
====     end: 2024-06-06 13:23:59.585944
==== elapsed: 5.981272 seconds
=================== checking: OR@gates@circomlib.r1cs ===================
====   start: 2024-06-06 13:23:59.586051
====     end: 2024-06-06 13:24:04.614637
==== elapsed: 5.028582 seconds
=================== checking: GreaterThan@comparators@circomlib_16.r1cs ===================
====   start: 2024-06-06 13:24:04.614746
====     end: 2024-06-06 13:24:09.542919
==== elapsed: 4.928171 seconds
=================== checking: Num2BitsNeg@bitify@circomlib_256.r1cs ===================
====   start: 2024-06-06 13:24:09.543027
Timeout expired after 600 seconds
====     end: 2024-06-06 13:34:09.544032
==== elapsed: 600.001002 seconds
=================== checking: BabyAdd@babyjub@circomlib.r1cs ===================
====   start: 2024-06-06 13:34:09.544130
====     end: 2024-06-06 13:34:24.500653
==== elapsed: 14.95652 seconds
=================== checking: BinSum@binsum@circomlib_32_5.r1cs ===================
====   start: 2024-06-06 13:34:24.500765
====     end: 2024-06-06 13:37:27.665032
==== elapsed: 183.164265 seconds
=================== checking: IsEqual@comparators@circomlib.r1cs ===================
====   start: 2024-06-06 13:37:27.665137
====     end: 2024-06-06 13:37:33.444804
==== elapsed: 5.779664 seconds
=================== checking: Num2BitsNeg@bitify@circomlib_254.r1cs ===================
====   start: 2024-06-06 13:37:33.444914
Timeout expired after 600 seconds
====     end: 2024-06-06 13:47:33.446162
==== elapsed: 600.001244 seconds
=================== checking: Montgomery2Edwards@montgomery@circomlib.r1cs ===================
====   start: 2024-06-06 13:47:33.446218
====     end: 2024-06-06 13:47:38.672942
==== elapsed: 5.226724 seconds
=================== checking: Sha256compression@sha256compression@circomlib.r1cs ===================
====   start: 2024-06-06 13:47:38.673002
Timeout expired after 600 seconds
====     end: 2024-06-06 13:57:38.673752
==== elapsed: 600.000753 seconds
=================== checking: Pedersen@pedersen_old@circomlib_254.r1cs ===================
====   start: 2024-06-06 13:57:38.673854
Timeout expired after 600 seconds
====     end: 2024-06-06 14:07:38.675013
==== elapsed: 600.001156 seconds
=================== checking: Sigma@poseidon_old@circomlib.r1cs ===================
====   start: 2024-06-06 14:07:38.675112
====     end: 2024-06-06 14:07:44.054470
==== elapsed: 5.379355 seconds
=================== checking: Num2Bits@bitify@circomlib_254.r1cs ===================
====   start: 2024-06-06 14:07:44.054581
====     end: 2024-06-06 14:07:49.583307
==== elapsed: 5.528723 seconds
=================== checking: Sha256_2@sha256_2@circomlib.r1cs ===================
====   start: 2024-06-06 14:07:49.583424
Timeout expired after 600 seconds
====     end: 2024-06-06 14:17:49.584756
==== elapsed: 600.001329 seconds
=================== checking: Bits2Num@bitify@circomlib_1.r1cs ===================
====   start: 2024-06-06 14:17:49.584862
====     end: 2024-06-06 14:17:54.662159
==== elapsed: 5.077294 seconds
=================== checking: T2@t2@circomlib.r1cs ===================
====   start: 2024-06-06 14:17:54.662275
====     end: 2024-06-06 14:23:29.793245
==== elapsed: 335.130966 seconds
=================== checking: Num2BitsNeg@bitify@circomlib_1.r1cs ===================
====   start: 2024-06-06 14:23:29.793357
====     end: 2024-06-06 14:23:35.723952
==== elapsed: 5.930591 seconds
=================== checking: Bits2Num@bitify@circomlib_8.r1cs ===================
====   start: 2024-06-06 14:23:35.724065
====     end: 2024-06-06 14:23:40.703391
==== elapsed: 4.979321 seconds
=================== checking: SMTProcessorSM@smtprocessorsm@circomlib.r1cs ===================
====   start: 2024-06-06 14:23:40.703500
====     end: 2024-06-06 14:23:45.730084
==== elapsed: 5.026581 seconds
=================== checking: EdDSAPoseidonVerifier@eddsaposeidon@circomlib.r1cs ===================
====   start: 2024-06-06 14:23:45.730203
Timeout expired after 600 seconds
====     end: 2024-06-06 14:33:45.731538
==== elapsed: 600.001332 seconds
=================== checking: Num2Bits_strict@bitify.r1cs ===================
====   start: 2024-06-06 14:33:45.732298
====     end: 2024-06-06 14:33:52.061784
==== elapsed: 6.329476 seconds
=================== checking: Montgomery2Edwards@montgomery.r1cs ===================
====   start: 2024-06-06 14:33:52.061896
====     end: 2024-06-06 14:33:57.490444
==== elapsed: 5.428544 seconds
=================== checking: Mux2@mux2.r1cs ===================
====   start: 2024-06-06 14:33:57.490561
====     end: 2024-06-06 14:34:02.768409
==== elapsed: 5.277846 seconds
=================== checking: MultiMux1@mux1.r1cs ===================
====   start: 2024-06-06 14:34:02.768521
====     end: 2024-06-06 14:34:08.499784
==== elapsed: 5.73126 seconds
=================== checking: Sigma@poseidon.r1cs ===================
====   start: 2024-06-06 14:34:08.499899
====     end: 2024-06-06 14:34:13.579333
==== elapsed: 5.079431 seconds
=================== checking: IsEqual@comparators.r1cs ===================
====   start: 2024-06-06 14:34:13.579399
====     end: 2024-06-06 14:34:18.807541
==== elapsed: 5.228144 seconds
=================== checking: Bits2Num_strict@bitify.r1cs ===================
====   start: 2024-06-06 14:34:18.807645
====     end: 2024-06-06 14:34:24.936146
==== elapsed: 6.128501 seconds
=================== checking: ForceEqualIfEnabled@comparators.r1cs ===================
====   start: 2024-06-06 14:34:24.936261
====     end: 2024-06-06 14:34:30.063375
==== elapsed: 5.127009 seconds
=================== checking: MontgomeryDouble@montgomery.r1cs ===================
====   start: 2024-06-06 14:34:30.063492
====     end: 2024-06-06 14:34:35.690706
==== elapsed: 5.627208 seconds
=================== checking: Num2Bits@bitify.r1cs ===================
====   start: 2024-06-06 14:34:35.690784
====     end: 2024-06-06 14:34:40.964909
==== elapsed: 5.274123 seconds
=================== checking: Poseidon@poseidon.r1cs ===================
====   start: 2024-06-06 14:34:40.964978
====     end: 2024-06-06 14:34:53.859170
==== elapsed: 12.894193 seconds
=================== checking: EscalarProduct@multiplexer.r1cs ===================
====   start: 2024-06-06 14:34:53.859287
====     end: 2024-06-06 14:34:59.338718
==== elapsed: 5.479426 seconds
=================== checking: Mux3@mux3.r1cs ===================
====   start: 2024-06-06 14:34:59.338833
====     end: 2024-06-06 14:35:04.617328
==== elapsed: 5.27849 seconds
=================== checking: EdDSAPoseidonVerifier@eddsaposeidon.r1cs ===================
====   start: 2024-06-06 14:35:04.617436
Timeout expired after 600 seconds
====     end: 2024-06-06 14:45:04.618700
==== elapsed: 600.001261 seconds
=================== checking: BabyPbk@babyjub.r1cs ===================
====   start: 2024-06-06 14:45:04.618802
Timeout expired after 600 seconds
====     end: 2024-06-06 14:55:04.620091
==== elapsed: 600.001287 seconds
=================== checking: Pedersen@pedersen.r1cs ===================
====   start: 2024-06-06 14:55:04.620205
====     end: 2024-06-06 14:55:55.028041
==== elapsed: 50.407829 seconds
=================== checking: LessThan@comparators.r1cs ===================
====   start: 2024-06-06 14:55:55.028094
====     end: 2024-06-06 14:56:00.307162
==== elapsed: 5.279071 seconds
=================== checking: GreaterThan@comparators.r1cs ===================
====   start: 2024-06-06 14:56:00.307278
====     end: 2024-06-06 14:56:05.585332
==== elapsed: 5.278051 seconds
=================== checking: BinSum@binsum.r1cs ===================
====   start: 2024-06-06 14:56:05.585442
====     end: 2024-06-06 14:56:11.264561
==== elapsed: 5.67911 seconds
=================== checking: OR@gates.r1cs ===================
====   start: 2024-06-06 14:56:11.264640
====     end: 2024-06-06 14:56:16.489258
==== elapsed: 5.224617 seconds
=================== checking: Mux1@mux1.r1cs ===================
====   start: 2024-06-06 14:56:16.489324
====     end: 2024-06-06 14:56:21.718902
==== elapsed: 5.229577 seconds
=================== checking: Decoder@multiplexer.r1cs ===================
====   start: 2024-06-06 14:56:21.718970
====     end: 2024-06-06 14:56:27.347743
==== elapsed: 5.628777 seconds
=================== checking: SegmentMulAny@escalarmulany.r1cs ===================
====   start: 2024-06-06 14:56:27.347860
====     end: 2024-06-06 15:00:34.573012
==== elapsed: 247.225149 seconds
=================== checking: MiMCSponge@mimcsponge.r1cs ===================
====   start: 2024-06-06 15:00:34.573123
====     end: 2024-06-06 15:00:39.753267
==== elapsed: 5.180141 seconds
=================== checking: MontgomeryAdd@montgomery.r1cs ===================
====   start: 2024-06-06 15:00:39.753382
====     end: 2024-06-06 15:00:45.533977
==== elapsed: 5.780593 seconds
=================== checking: NOT@gates.r1cs ===================
====   start: 2024-06-06 15:00:45.534088
====     end: 2024-06-06 15:00:50.814112
==== elapsed: 5.280019 seconds
=================== checking: WindowMulFix@escalarmulfix.r1cs ===================
====   start: 2024-06-06 15:00:50.814199
====     end: 2024-06-06 15:06:33.028348
==== elapsed: 342.214149 seconds
=================== checking: MultiMiMC7@mimc.r1cs ===================
====   start: 2024-06-06 15:06:33.028454
====     end: 2024-06-06 15:06:38.658066
==== elapsed: 5.629607 seconds
=================== checking: Multiplexor2@escalarmulany.r1cs ===================
====   start: 2024-06-06 15:06:38.658129
====     end: 2024-06-06 15:06:44.287448
==== elapsed: 5.62932 seconds
=================== checking: BabyDbl@babyjub.r1cs ===================
====   start: 2024-06-06 15:06:44.287553
====     end: 2024-06-06 15:06:49.764282
==== elapsed: 5.476727 seconds
=================== checking: NAND@gates.r1cs ===================
====   start: 2024-06-06 15:06:49.764392
====     end: 2024-06-06 15:06:54.838478
==== elapsed: 5.074083 seconds
=================== checking: AliasCheck@aliascheck.r1cs ===================
====   start: 2024-06-06 15:06:54.838570
====     end: 2024-06-06 15:07:00.314938
==== elapsed: 5.476367 seconds
=================== checking: Sign@sign.r1cs ===================
====   start: 2024-06-06 15:07:00.315049
====     end: 2024-06-06 15:07:05.844504
==== elapsed: 5.529452 seconds
=================== checking: BinSub@binsub.r1cs ===================
====   start: 2024-06-06 15:07:05.844629
====     end: 2024-06-06 15:07:11.624742
==== elapsed: 5.780108 seconds
=================== checking: XOR@gates.r1cs ===================
====   start: 2024-06-06 15:07:11.624811
====     end: 2024-06-06 15:07:16.800542
==== elapsed: 5.175732 seconds
=================== checking: Segment@pedersen.r1cs ===================
====   start: 2024-06-06 15:07:16.800672
Timeout expired after 600 seconds
====     end: 2024-06-06 15:17:16.801802
==== elapsed: 600.001127 seconds
=================== checking: BabyCheck@babyjub.r1cs ===================
====   start: 2024-06-06 15:17:16.801920
====     end: 2024-06-06 15:17:21.981700
==== elapsed: 5.179773 seconds
=================== checking: Edwards2Montgomery@montgomery.r1cs ===================
====   start: 2024-06-06 15:17:21.981810
====     end: 2024-06-06 15:17:27.411135
==== elapsed: 5.429322 seconds
=================== checking: MultiMux4@mux4.r1cs ===================
====   start: 2024-06-06 15:17:27.411276
====     end: 2024-06-06 15:17:32.790228
==== elapsed: 5.378943 seconds
=================== checking: MultiMux3@mux3.r1cs ===================
====   start: 2024-06-06 15:17:32.790339
====     end: 2024-06-06 15:17:38.019377
==== elapsed: 5.229034 seconds
=================== checking: IsZero@comparators.r1cs ===================
====   start: 2024-06-06 15:17:38.019488
====     end: 2024-06-06 15:17:43.600679
==== elapsed: 5.581189 seconds
=================== checking: BabyAdd@babyjub.r1cs ===================
====   start: 2024-06-06 15:17:43.600786
====     end: 2024-06-06 15:17:59.308101
==== elapsed: 15.70731 seconds
=================== checking: EdDSAMiMCVerifier@eddsamimc.r1cs ===================
====   start: 2024-06-06 15:17:59.308159
Timeout expired after 600 seconds
====     end: 2024-06-06 15:27:59.308901
==== elapsed: 600.000747 seconds
=================== checking: Bits2Point_Strict@pointbits.r1cs ===================
====   start: 2024-06-06 15:27:59.309014
Timeout expired after 600 seconds
====     end: 2024-06-06 15:37:59.310138
==== elapsed: 600.001118 seconds
=================== checking: AND@gates.r1cs ===================
====   start: 2024-06-06 15:37:59.310195
====     end: 2024-06-06 15:38:04.536738
==== elapsed: 5.226545 seconds
=================== checking: MiMCFeistel@mimcsponge.r1cs ===================
====   start: 2024-06-06 15:38:04.536851
====     end: 2024-06-06 15:38:09.916501
==== elapsed: 5.379646 seconds
=================== checking: EdDSAVerifier@eddsa.r1cs ===================
====   start: 2024-06-06 15:38:09.916584
Timeout expired after 600 seconds
====     end: 2024-06-06 15:48:09.917757
==== elapsed: 600.001174 seconds
=================== checking: LessEqThan@comparators.r1cs ===================
====   start: 2024-06-06 15:48:09.917874
====     end: 2024-06-06 15:48:15.346773
==== elapsed: 5.428893 seconds
=================== checking: BitElementMulAny@escalarmulany.r1cs ===================
====   start: 2024-06-06 15:48:15.346834
====     end: 2024-06-06 15:49:40.724976
==== elapsed: 85.378141 seconds
=================== checking: Multiplexer@multiplexer.r1cs ===================
====   start: 2024-06-06 15:49:40.725037
====     end: 2024-06-06 15:49:45.652211
==== elapsed: 4.927173 seconds
=================== checking: Point2Bits_Strict@pointbits.r1cs ===================
====   start: 2024-06-06 15:49:45.652326
====     end: 2024-06-06 15:49:56.146028
==== elapsed: 10.493704 seconds
=================== checking: SegmentMulFix@escalarmulfix.r1cs ===================
====   start: 2024-06-06 15:49:56.146138
Timeout expired after 600 seconds
====     end: 2024-06-06 15:59:56.147377
==== elapsed: 600.001237 seconds
=================== checking: NOR@gates.r1cs ===================
====   start: 2024-06-06 15:59:56.147480
====     end: 2024-06-06 16:00:01.175188
==== elapsed: 5.027705 seconds
=================== checking: Bits2Num@bitify.r1cs ===================
====   start: 2024-06-06 16:00:01.175301
====     end: 2024-06-06 16:00:06.204237
==== elapsed: 5.028932 seconds
=================== checking: Window4@pedersen.r1cs ===================
====   start: 2024-06-06 16:00:06.204338
====     end: 2024-06-06 16:05:48.802582
==== elapsed: 342.598241 seconds
=================== checking: CompConstant@compconstant.r1cs ===================
====   start: 2024-06-06 16:05:48.802695
====     end: 2024-06-06 16:05:54.531416
==== elapsed: 5.728715 seconds
=================== checking: EscalarMulAny@escalarmulany.r1cs ===================
====   start: 2024-06-06 16:05:54.531479
====     end: 2024-06-06 16:09:12.128718
==== elapsed: 197.597241 seconds
=================== checking: Pedersen@pedersen_old.r1cs ===================
====   start: 2024-06-06 16:09:12.128824
====     end: 2024-06-06 16:09:17.908620
==== elapsed: 5.779791 seconds
=================== checking: MultiMux2@mux2.r1cs ===================
====   start: 2024-06-06 16:09:17.908688
====     end: 2024-06-06 16:09:23.436367
==== elapsed: 5.527682 seconds
=================== checking: Mux4@mux4.r1cs ===================
====   start: 2024-06-06 16:09:23.436477
====     end: 2024-06-06 16:09:28.615068
==== elapsed: 5.178586 seconds
=================== checking: Num2BitsNeg@bitify.r1cs ===================
====   start: 2024-06-06 16:09:28.615131
====     end: 2024-06-06 16:09:33.844436
==== elapsed: 5.229307 seconds
=================== checking: MultiAND@gates.r1cs ===================
====   start: 2024-06-06 16:09:33.844546
====     end: 2024-06-06 16:09:38.870625
==== elapsed: 5.026075 seconds
=================== checking: EdDSAMiMCSpongeVerifier@eddsamimcsponge.r1cs ===================
====   start: 2024-06-06 16:09:38.870735
Timeout expired after 600 seconds
====     end: 2024-06-06 16:19:38.872036
==== elapsed: 600.001299 seconds
=================== checking: Switcher@switcher.r1cs ===================
====   start: 2024-06-06 16:19:38.872139
====     end: 2024-06-06 16:19:44.250500
==== elapsed: 5.378358 seconds
=================== checking: MiMC7@mimc.r1cs ===================
====   start: 2024-06-06 16:19:44.250612
====     end: 2024-06-06 16:19:49.427018
==== elapsed: 5.176402 seconds
=================== checking: GreaterEqThan@comparators.r1cs ===================
====   start: 2024-06-06 16:19:49.427090
====     end: 2024-06-06 16:19:54.655030
==== elapsed: 5.227938 seconds
=================== checking: matElemPow_test.r1cs ===================
====   start: 2024-06-06 16:19:54.655291
====     end: 2024-06-06 16:20:00.083691
==== elapsed: 5.428398 seconds
=================== checking: matAdd_test.r1cs ===================
====   start: 2024-06-06 16:20:00.083800
====     end: 2024-06-06 16:20:05.212324
==== elapsed: 5.128517 seconds
=================== checking: matElemMul_test.r1cs ===================
====   start: 2024-06-06 16:20:05.212383
====     end: 2024-06-06 16:20:10.591273
==== elapsed: 5.378892 seconds
=================== checking: matScalarMul_test.r1cs ===================
====   start: 2024-06-06 16:20:10.591383
====     end: 2024-06-06 16:20:15.821080
==== elapsed: 5.229693 seconds
=================== checking: matSub_test.r1cs ===================
====   start: 2024-06-06 16:20:15.821194
====     end: 2024-06-06 16:20:20.900304
==== elapsed: 5.079107 seconds
=================== checking: matScalarSub_test.r1cs ===================
====   start: 2024-06-06 16:20:20.900415
====     end: 2024-06-06 16:20:25.829348
==== elapsed: 4.92893 seconds
=================== checking: matMul_test.r1cs ===================
====   start: 2024-06-06 16:20:25.829455
====     end: 2024-06-06 16:20:30.907911
==== elapsed: 5.078452 seconds
=================== checking: outer_test.r1cs ===================
====   start: 2024-06-06 16:20:30.908022
====     end: 2024-06-06 16:20:36.387112
==== elapsed: 5.479083 seconds
=================== checking: trace_test.r1cs ===================
====   start: 2024-06-06 16:20:36.387218
====     end: 2024-06-06 16:20:41.515497
==== elapsed: 5.128273 seconds
=================== checking: matScalarAdd_test.r1cs ===================
====   start: 2024-06-06 16:20:41.515556
====     end: 2024-06-06 16:20:47.144218
==== elapsed: 5.628665 seconds
=================== checking: matPow_test.r1cs ===================
====   start: 2024-06-06 16:20:47.144333
====     end: 2024-06-06 16:20:52.473347
==== elapsed: 5.32901 seconds
=================== checking: tranpose_test.r1cs ===================
====   start: 2024-06-06 16:20:52.473410
====     end: 2024-06-06 16:20:57.902420
==== elapsed: 5.429012 seconds
=================== checking: test_bigadd_15.r1cs ===================
====   start: 2024-06-06 16:20:57.902872
====     end: 2024-06-06 16:21:03.632730
==== elapsed: 5.729848 seconds
=================== checking: test_bigmod_32.r1cs ===================
====   start: 2024-06-06 16:21:03.632836
Timeout expired after 600 seconds
====     end: 2024-06-06 16:31:03.634145
==== elapsed: 600.001306 seconds
=================== checking: test_bigsub_15.r1cs ===================
====   start: 2024-06-06 16:31:03.634245
====     end: 2024-06-06 16:31:09.009434
==== elapsed: 5.375186 seconds
=================== checking: test_biglessthan_23.r1cs ===================
====   start: 2024-06-06 16:31:09.009543
====     end: 2024-06-06 16:31:15.492662
==== elapsed: 6.483116 seconds
=================== checking: test_bigmod_22.r1cs ===================
====   start: 2024-06-06 16:31:15.492772
Timeout expired after 600 seconds
====     end: 2024-06-06 16:41:15.493948
==== elapsed: 600.001173 seconds
=================== checking: test_bigmult_23.r1cs ===================
====   start: 2024-06-06 16:41:15.494048
====     end: 2024-06-06 16:47:27.901480
==== elapsed: 372.407429 seconds
=================== checking: test_bigsubmodp_32.r1cs ===================
====   start: 2024-06-06 16:47:27.901589
====     end: 2024-06-06 16:47:32.779492
==== elapsed: 4.8779 seconds
=================== checking: test_bigmult_21.r1cs ===================
====   start: 2024-06-06 16:47:32.779600
====     end: 2024-06-06 16:47:39.361759
==== elapsed: 6.582155 seconds
=================== checking: test_bigmult_22.r1cs ===================
====   start: 2024-06-06 16:47:39.361868
====     end: 2024-06-06 16:53:09.141219
==== elapsed: 329.779345 seconds
=================== checking: test_bigsub_23.r1cs ===================
====   start: 2024-06-06 16:53:09.141276
====     end: 2024-06-06 16:53:14.320569
==== elapsed: 5.179294 seconds
=================== checking: test_bigadd_23.r1cs ===================
====   start: 2024-06-06 16:53:14.320693
====     end: 2024-06-06 16:53:19.600000
==== elapsed: 5.279302 seconds
=================== checking: ModSub_0.r1cs ===================
====   start: 2024-06-06 16:53:19.600236
====     end: 2024-06-06 16:53:24.528546
==== elapsed: 4.928309 seconds
=================== checking: ModProd_126.r1cs ===================
====   start: 2024-06-06 16:53:24.528669
====     end: 2024-06-06 16:53:30.057528
==== elapsed: 5.528855 seconds
=================== checking: ModSubThree_251.r1cs ===================
====   start: 2024-06-06 16:53:30.057635
====     end: 2024-06-06 16:53:35.636346
==== elapsed: 5.578708 seconds
=================== checking: BigMultShortLong_126_16_0.r1cs ===================
====   start: 2024-06-06 16:53:35.636452
====     end: 2024-06-06 16:56:34.903977
==== elapsed: 179.26752 seconds
=================== checking: FpMultiply_1_1_2.r1cs ===================
====   start: 2024-06-06 16:56:34.904185
Timeout expired after 600 seconds
====     end: 2024-06-06 17:06:34.905393
==== elapsed: 600.001202 seconds
=================== checking: ModSumFour_251.r1cs ===================
====   start: 2024-06-06 17:06:34.905496
====     end: 2024-06-06 17:06:39.983520
==== elapsed: 5.078018 seconds
=================== checking: ModProd_16.r1cs ===================
====   start: 2024-06-06 17:06:39.983582
====     end: 2024-06-06 17:06:45.010562
==== elapsed: 5.026983 seconds
=================== checking: BigIsZero_16.r1cs ===================
====   start: 2024-06-06 17:06:45.010673
====     end: 2024-06-06 17:07:09.789522
==== elapsed: 24.778844 seconds
=================== checking: ModSum_252.r1cs ===================
====   start: 2024-06-06 17:07:09.789635
====     end: 2024-06-06 17:07:14.968048
==== elapsed: 5.178411 seconds
=================== checking: ModSumThree_251.r1cs ===================
====   start: 2024-06-06 17:07:14.968155
====     end: 2024-06-06 17:07:20.345676
==== elapsed: 5.377518 seconds
=================== checking: ModSubThree_0.r1cs ===================
====   start: 2024-06-06 17:07:20.345785
====     end: 2024-06-06 17:07:25.373420
==== elapsed: 5.027631 seconds
=================== checking: BigIsEqual_16.r1cs ===================
====   start: 2024-06-06 17:07:25.373531
====     end: 2024-06-06 17:07:55.415870
==== elapsed: 30.042337 seconds
=================== checking: ModSum_0.r1cs ===================
====   start: 2024-06-06 17:07:55.416020
====     end: 2024-06-06 17:08:00.745393
==== elapsed: 5.32936 seconds
=================== checking: BigMultShortLong_1_1_0.r1cs ===================
====   start: 2024-06-06 17:08:00.745454
====     end: 2024-06-06 17:08:06.022606
==== elapsed: 5.277153 seconds
=================== checking: ModSumThree_0.r1cs ===================
====   start: 2024-06-06 17:08:06.022711
====     end: 2024-06-06 17:08:11.396942
==== elapsed: 5.374228 seconds
=================== checking: ModProd_0.r1cs ===================
====   start: 2024-06-06 17:08:11.397050
====     end: 2024-06-06 17:08:16.771071
==== elapsed: 5.374015 seconds
=================== checking: ModSumFour_0.r1cs ===================
====   start: 2024-06-06 17:08:16.771176
====     end: 2024-06-06 17:08:22.194332
==== elapsed: 5.423154 seconds
=================== checking: BigAdd_251_2.r1cs ===================
====   start: 2024-06-06 17:08:22.194444
====     end: 2024-06-06 17:08:27.470228
==== elapsed: 5.275777 seconds
=================== checking: ModSub_252.r1cs ===================
====   start: 2024-06-06 17:08:27.470290
====     end: 2024-06-06 17:08:32.547770
==== elapsed: 5.077483 seconds
=================== checking: BigAdd_1_2.r1cs ===================
====   start: 2024-06-06 17:08:32.547880
====     end: 2024-06-06 17:08:37.573293
==== elapsed: 5.025408 seconds
=================== checking: test-Split.r1cs ===================
====   start: 2024-06-06 17:08:37.573364
====     end: 2024-06-06 17:08:42.748249
==== elapsed: 5.174885 seconds
=================== checking: select.r1cs ===================
====   start: 2024-06-06 17:08:42.748453
====     end: 2024-06-06 17:13:52.665431
==== elapsed: 309.916977 seconds
=================== checking: insert.r1cs ===================
====   start: 2024-06-06 17:13:52.665497
====     end: 2024-06-06 17:14:56.850600
==== elapsed: 64.185104 seconds
=================== checking: update.r1cs ===================
====   start: 2024-06-06 17:14:56.850712
Timeout expired after 600 seconds
====     end: 2024-06-06 17:24:56.851729
==== elapsed: 600.001014 seconds
=================== checking: delete.r1cs ===================
====   start: 2024-06-06 17:24:56.851843
Timeout expired after 600 seconds
====     end: 2024-06-06 17:34:56.852709
==== elapsed: 600.00086 seconds
