# r1cs file: ./benchmarks/circomlibex-cff5ab6/ForceEqualIfEnabled@comparators@circomlib.r1cs
# timeout: 5000
# solver: cvc5
# selector: counter
# precondition: ()
# propagation on: #t
# solver on: #t
# smt: #f
# weak: #t
# map: #f
# number of wires: 7
# number of constraints: 4
# field size (how many bytes): 32
# inputs: (0 1 2 3).
# outputs: ().
# targets: #<set:>.
# parsing original r1cs...
# xlist: (x0 x1 x2 x3 x4 x5 x6).
# alt-xlist (x0 x1 x2 x3 y4 y5 y6).
# parsing alternative r1cs...
# configuring precondition...
# unique: #<set:>.
# initial known-set #<set: 0 1 2 3>
# initial unknown-set #<set: 4 5 6>
# refined known-set: #<set: 0 1 2 3>
# refined unknown-set: #<set: 4 5 6>
  # propagation (linear lemma): #<set: 5> added.
  # propagation (linear lemma): none.
  # propagation (binary01 lemma): none.
  # propagation (basis2 lemma): none.
  # propagation (aboz lemma): none.
  # propagation (aboz lemma): none.
  # propagation (linear lemma): none.
  # propagation (binary01 lemma): none.
  # propagation (basis2 lemma): none.
  # propagation (aboz lemma): none.
  # propagation (aboz lemma): none.
# final unknown set #<set: 4 6>.
# weak uniqueness: safe.
