# r1cs file: ./benchmarks/circomlibex-cff5ab6/Num2BitsNeg@bitify@circomlib_64.r1cs
# timeout: 5000
# solver: cvc5
# selector: counter
# precondition: ()
# propagation on: #t
# solver on: #t
# smt: #f
# weak: #t
# map: #f
# number of wires: 69
# number of constraints: 68
# field size (how many bytes): 32
# inputs: (0 65).
# outputs: (1 2 3 4 5 6 7 8 9 10 11 12 13 14 15 16 17 18 19 20 21 22 23 24 25 26 27 28 29 30 31 32 33 34 35 36 37 38 39 40 41 42 43 44 45 46 47 48 49 50 51 52 53 54 55 56 57 58 59 60 61 62 63 64).
# targets: #<set: 16 32 48 64 1 17 33 49 2 18 34 50 3 19 35 51 4 20 36 52 5 21 37 53 6 22 38 54 7 23 39 55 8 24 40 56 9 25 41 57 10 26 42 58 11 27 43 59 12 28 44 60 13 29 45 61 14 30 46 62 15 31 47 63>.
# parsing original r1cs...
# xlist: (x0 x1 x2 x3 x4 x5 x6 x7 x8 x9 x10 x11 x12 x13 x14 x15 x16 x17 x18 x19 x20 x21 x22 x23 x24 x25 x26 x27 x28 x29 x30 x31 x32 x33 x34 x35 x36 x37 x38 x39 x40 x41 x42 x43 x44 x45 x46 x47 x48 x49 x50 x51 x52 x53 x54 x55 x56 x57 x58 x59 x60 x61 x62 x63 x64 x65 x66 x67 x68).
# alt-xlist (x0 y1 y2 y3 y4 y5 y6 y7 y8 y9 y10 y11 y12 y13 y14 y15 y16 y17 y18 y19 y20 y21 y22 y23 y24 y25 y26 y27 y28 y29 y30 y31 y32 y33 y34 y35 y36 y37 y38 y39 y40 y41 y42 y43 y44 y45 y46 y47 y48 y49 y50 y51 y52 y53 y54 y55 y56 y57 y58 y59 y60 y61 y62 y63 y64 x65 y66 y67 y68).
# parsing alternative r1cs...
# configuring precondition...
# unique: #<set:>.
# initial known-set #<set: 0 65>
# initial unknown-set #<set: 16 32 48 64 1 17 33 49 2 18 34 50 66 3 19 35 51 67 4 20 36 52 68 5 21 37 53 6 22 38 54 7 23 39 55 8 24 40 56 9 25 41 57 10 26 42 58 11 27 43 59 12 28 44 60 13 29 45 61 14 30 46 62 15 31 47 63>
# refined known-set: #<set: 0 65>
# refined unknown-set: #<set: 16 32 48 64 1 17 33 49 2 18 34 50 66 3 19 35 51 67 4 20 36 52 68 5 21 37 53 6 22 38 54 7 23 39 55 8 24 40 56 9 25 41 57 10 26 42 58 11 27 43 59 12 28 44 60 13 29 45 61 14 30 46 62 15 31 47 63>
  # propagation (linear lemma): #<set: 67> added.
  # propagation (linear lemma): none.
  # propagation (binary01 lemma): none.
  # propagation (basis2 lemma): none.
  # propagation (aboz lemma): none.
  # propagation (aboz lemma): none.
  # propagation (linear lemma): none.
  # propagation (binary01 lemma): none.
  # propagation (basis2 lemma): none.
  # propagation (aboz lemma): none.
  # propagation (aboz lemma): none.
  # checking: (x1 y1), skip.
  # checking: (x2 y2), skip.
  # checking: (x64 y64), skip.
  # checking: (x66 y66), skip.
  # checking: (x3 y3), skip.
  # checking: (x4 y4), skip.
  # checking: (x5 y5), skip.
  # checking: (x6 y6), skip.
  # checking: (x7 y7), skip.
  # checking: (x8 y8), skip.
  # checking: (x9 y9), skip.
  # checking: (x10 y10), skip.
  # checking: (x11 y11), skip.
  # checking: (x12 y12), skip.
  # checking: (x13 y13), skip.
  # checking: (x14 y14), skip.
  # checking: (x15 y15), skip.
  # checking: (x16 y16), skip.
  # checking: (x17 y17), skip.
  # checking: (x18 y18), skip.
  # checking: (x19 y19), skip.
  # checking: (x20 y20), skip.
  # checking: (x21 y21), skip.
  # checking: (x22 y22), skip.
  # checking: (x23 y23), skip.
  # checking: (x24 y24), skip.
  # checking: (x25 y25), skip.
  # checking: (x26 y26), skip.
  # checking: (x27 y27), skip.
  # checking: (x28 y28), skip.
  # checking: (x29 y29), skip.
  # checking: (x30 y30), skip.
  # checking: (x31 y31), skip.
  # checking: (x32 y32), skip.
  # checking: (x33 y33), skip.
  # checking: (x34 y34), skip.
  # checking: (x35 y35), skip.
  # checking: (x36 y36), skip.
  # checking: (x37 y37), skip.
  # checking: (x38 y38), skip.
  # checking: (x39 y39), skip.
  # checking: (x40 y40), skip.
  # checking: (x41 y41), skip.
  # checking: (x42 y42), skip.
  # checking: (x43 y43), skip.
  # checking: (x44 y44), skip.
  # checking: (x45 y45), skip.
  # checking: (x46 y46), skip.
  # checking: (x47 y47), skip.
  # checking: (x48 y48), skip.
  # checking: (x49 y49), skip.
  # checking: (x50 y50), skip.
  # checking: (x51 y51), skip.
  # checking: (x52 y52), skip.
  # checking: (x53 y53), skip.
  # checking: (x54 y54), skip.
  # checking: (x55 y55), skip.
  # checking: (x56 y56), skip.
  # checking: (x57 y57), skip.
  # checking: (x58 y58), skip.
  # checking: (x59 y59), skip.
  # checking: (x60 y60), skip.
  # checking: (x61 y61), skip.
  # checking: (x62 y62), skip.
  # checking: (x63 y63), skip.
  # checking: (x68 y68), skip.
# final unknown set #<set: 16 32 48 64 1 17 33 49 2 18 34 50 66 3 19 35 51 4 20 36 52 68 5 21 37 53 6 22 38 54 7 23 39 55 8 24 40 56 9 25 41 57 10 26 42 58 11 27 43 59 12 28 44 60 13 29 45 61 14 30 46 62 15 31 47 63>.
# weak uniqueness: unknown.
