# r1cs file: ./benchmarks/circomlibex-cff5ab6/Num2Bits@bitify@circomlib_128.r1cs
# timeout: 5000
# solver: cvc5
# selector: counter
# precondition: ()
# propagation on: #t
# solver on: #t
# smt: #f
# weak: #t
# map: #f
# number of wires: 130
# number of constraints: 129
# field size (how many bytes): 32
# inputs: (0 129).
# outputs: (1 2 3 4 5 6 7 8 9 10 11 12 13 14 15 16 17 18 19 20 21 22 23 24 25 26 27 28 29 30 31 32 33 34 35 36 37 38 39 40 41 42 43 44 45 46 47 48 49 50 51 52 53 54 55 56 57 58 59 60 61 62 63 64 65 66 67 68 69 70 71 72 73 74 75 76 77 78 79 80 81 82 83 84 85 86 87 88 89 90 91 92 93 94 95 96 97 98 99 100 101 102 103 104 105 106 107 108 109 110 111 112 113 114 115 116 117 118 119 120 121 122 123 124 125 126 127 128).
# targets: #<set: 16 32 48 64 80 96 112 128 1 17 33 49 65 81 97 113 2 18 34 50 66 82 98 114 3 19 35 51 67 83 99 115 4 20 36 52 68 84 100 116 5 21 37 53 69 85 101 117 6 22 38 54 70 86 102 118 7 23 39 55 71 87 103 119 8 24 40 56 72 88 104 120 9 25 41 57 73 89 105 121 10 26 42 58 74 90 106 122 11 27 43 59 75 91 107 123 12 28 44 60 76 92 108 124 13 29 45 61 77 93 109 125 14 30 46 62 78 94 110 126 15 31 47 63 79 95 111 127>.
# parsing original r1cs...
# xlist: (x0 x1 x2 x3 x4 x5 x6 x7 x8 x9 x10 x11 x12 x13 x14 x15 x16 x17 x18 x19 x20 x21 x22 x23 x24 x25 x26 x27 x28 x29 x30 x31 x32 x33 x34 x35 x36 x37 x38 x39 x40 x41 x42 x43 x44 x45 x46 x47 x48 x49 x50 x51 x52 x53 x54 x55 x56 x57 x58 x59 x60 x61 x62 x63 x64 x65 x66 x67 x68 x69 x70 x71 x72 x73 x74 x75 x76 x77 x78 x79 x80 x81 x82 x83 x84 x85 x86 x87 x88 x89 x90 x91 x92 x93 x94 x95 x96 x97 x98 x99 x100 x101 x102 x103 x104 x105 x106 x107 x108 x109 x110 x111 x112 x113 x114 x115 x116 x117 x118 x119 x120 x121 x122 x123 x124 x125 x126 x127 x128 x129).
# alt-xlist (x0 y1 y2 y3 y4 y5 y6 y7 y8 y9 y10 y11 y12 y13 y14 y15 y16 y17 y18 y19 y20 y21 y22 y23 y24 y25 y26 y27 y28 y29 y30 y31 y32 y33 y34 y35 y36 y37 y38 y39 y40 y41 y42 y43 y44 y45 y46 y47 y48 y49 y50 y51 y52 y53 y54 y55 y56 y57 y58 y59 y60 y61 y62 y63 y64 y65 y66 y67 y68 y69 y70 y71 y72 y73 y74 y75 y76 y77 y78 y79 y80 y81 y82 y83 y84 y85 y86 y87 y88 y89 y90 y91 y92 y93 y94 y95 y96 y97 y98 y99 y100 y101 y102 y103 y104 y105 y106 y107 y108 y109 y110 y111 y112 y113 y114 y115 y116 y117 y118 y119 y120 y121 y122 y123 y124 y125 y126 y127 y128 x129).
# parsing alternative r1cs...
# configuring precondition...
# unique: #<set:>.
# initial known-set #<set: 0 129>
# initial unknown-set #<set: 16 32 48 64 80 96 112 128 1 17 33 49 65 81 97 113 2 18 34 50 66 82 98 114 3 19 35 51 67 83 99 115 4 20 36 52 68 84 100 116 5 21 37 53 69 85 101 117 6 22 38 54 70 86 102 118 7 23 39 55 71 87 103 119 8 24 40 56 72 88 104 120 9 25 41 57 73 89 105 121 10 26 42 58 74 90 106 122 11 27 43 59 75 91 107 123 12 28 44 60 76 92 108 124 13 29 45 61 77 93 109 125 14 30 46 62 78 94 110 126 15 31 47 63 79 95 111 127>
# refined known-set: #<set: 0 129>
# refined unknown-set: #<set: 16 32 48 64 80 96 112 128 1 17 33 49 65 81 97 113 2 18 34 50 66 82 98 114 3 19 35 51 67 83 99 115 4 20 36 52 68 84 100 116 5 21 37 53 69 85 101 117 6 22 38 54 70 86 102 118 7 23 39 55 71 87 103 119 8 24 40 56 72 88 104 120 9 25 41 57 73 89 105 121 10 26 42 58 74 90 106 122 11 27 43 59 75 91 107 123 12 28 44 60 76 92 108 124 13 29 45 61 77 93 109 125 14 30 46 62 78 94 110 126 15 31 47 63 79 95 111 127>
  # propagation (linear lemma): none.
  # propagation (binary01 lemma): none.
  # propagation (basis2 lemma): #<set: 16 32 48 64 80 96 112 128 1 17 33 49 65 81 97 113 2 18 34 50 66 82 98 114 3 19 35 51 67 83 99 115 4 20 36 52 68 84 100 116 5 21 37 53 69 85 101 117 6 22 38 54 70 86 102 118 7 23 39 55 71 87 103 119 8 24 40 56 72 88 104 120 9 25 41 57 73 89 105 121 10 26 42 58 74 90 106 122 11 27 43 59 75 91 107 123 12 28 44 60 76 92 108 124 13 29 45 61 77 93 109 125 14 30 46 62 78 94 110 126 15 31 47 63 79 95 111 127> added.
  # propagation (aboz lemma): none.
  # propagation (aboz lemma): none.
  # propagation (linear lemma): none.
  # propagation (binary01 lemma): none.
  # propagation (basis2 lemma): none.
  # propagation (aboz lemma): none.
  # propagation (aboz lemma): none.
# final unknown set #<set:>.
# weak uniqueness: safe.
