# r1cs file: ./benchmarks/circomlibex-cff5ab6/Num2Bits@bitify@circomlib_16.r1cs
# timeout: 5000
# solver: cvc5
# selector: counter
# precondition: ()
# propagation on: #t
# solver on: #t
# smt: #f
# weak: #t
# map: #f
# number of wires: 18
# number of constraints: 17
# field size (how many bytes): 32
# inputs: (0 17).
# outputs: (1 2 3 4 5 6 7 8 9 10 11 12 13 14 15 16).
# targets: #<set: 16 1 2 3 4 5 6 7 8 9 10 11 12 13 14 15>.
# parsing original r1cs...
# xlist: (x0 x1 x2 x3 x4 x5 x6 x7 x8 x9 x10 x11 x12 x13 x14 x15 x16 x17).
# alt-xlist (x0 y1 y2 y3 y4 y5 y6 y7 y8 y9 y10 y11 y12 y13 y14 y15 y16 x17).
# parsing alternative r1cs...
# configuring precondition...
# unique: #<set:>.
# initial known-set #<set: 0 17>
# initial unknown-set #<set: 16 1 2 3 4 5 6 7 8 9 10 11 12 13 14 15>
# refined known-set: #<set: 0 17>
# refined unknown-set: #<set: 16 1 2 3 4 5 6 7 8 9 10 11 12 13 14 15>
  # propagation (linear lemma): none.
  # propagation (binary01 lemma): none.
  # propagation (basis2 lemma): #<set: 16 1 2 3 4 5 6 7 8 9 10 11 12 13 14 15> added.
  # propagation (aboz lemma): none.
  # propagation (aboz lemma): none.
  # propagation (linear lemma): none.
  # propagation (binary01 lemma): none.
  # propagation (basis2 lemma): none.
  # propagation (aboz lemma): none.
  # propagation (aboz lemma): none.
# final unknown set #<set:>.
# weak uniqueness: safe.
